#
# A fatal error has been detected by the Java Runtime Environment:
#
#  SIGSEGV (0xb) at pc=0x00007fe9b89e167f, pid=2291, tid=2293
#
# JRE version: OpenJDK Runtime Environment (11.0.3+7) (build 11.0.3+7-Ubuntu-1ubuntu218.04.1)
# Java VM: OpenJDK 64-Bit Server VM (11.0.3+7-Ubuntu-1ubuntu218.04.1, mixed mode, sharing, tiered, compressed oops, g1 gc, linux-amd64)
# Problematic frame:
# C  [libenet.so+0x1667f]  enet_range_coder_compress+0x1dd
#
# No core dump will be written. Core dumps have been disabled. To enable core dumping, try "ulimit -c unlimited" before starting Java again
#
# If you would like to submit a bug report, please visit:
#   http://bugreport.java.com/bugreport/crash.jsp
# The crash happened outside the Java Virtual Machine in native code.
# See problematic frame for where to report the bug.
#

---------------  S U M M A R Y ------------

Command Line: Build/server.jar

Host: Intel(R) Core(TM) i7-3520M CPU @ 2.90GHz, 4 cores, 7G, Ubuntu 18.04.1 LTS
Time: Tue Jun 25 20:15:20 2019 CST elapsed time: 4 seconds (0d 0h 0m 4s)

---------------  T H R E A D  ---------------

Current thread (0x00007fe9e0011800):  JavaThread "main" [_thread_in_native, id=2293, stack(0x00007fe9e99b7000,0x00007fe9e9ab8000)]

Stack: [0x00007fe9e99b7000,0x00007fe9e9ab8000],  sp=0x00007fe9e9ab6630,  free space=1021k
Native frames: (J=compiled Java code, A=aot compiled Java code, j=interpreted, Vv=VM code, C=native code)
C  [libenet.so+0x1667f]  enet_range_coder_compress+0x1dd
C  [libenet.so+0x1fa06]  enet_protocol_send_outgoing_commands+0x501
C  [libenet.so+0x1fde1]  enet_host_service+0x10e
C  [libenet.so+0x2d24e]  Java_ru_ColdChip_GrowtopiaServer_ENetJava_enetJNI_enet_1host_1service+0x6a
j  ru.ColdChip.GrowtopiaServer.ENetJava.enetJNI.enet_host_service(JLru/ColdChip/GrowtopiaServer/ENetJava/ENetHost;JLru/ColdChip/GrowtopiaServer/ENetJava/ENetEvent;J)I+0
j  ru.ColdChip.GrowtopiaServer.ENetJava.enet.Service(Lru/ColdChip/GrowtopiaServer/ENetJava/ENetHost;Lru/ColdChip/GrowtopiaServer/ENetJava/ENetEvent;J)I+11
j  ru.ColdChip.GrowtopiaServer.Server.main([Ljava/lang/String;)V+154
v  ~StubRoutines::call_stub
V  [libjvm.so+0x8410f9]
V  [libjvm.so+0x8b913d]
V  [libjvm.so+0x8bb22e]
C  [libjli.so+0x5606]
C  [libjli.so+0x900d]

Java frames: (J=compiled Java code, j=interpreted, Vv=VM code)
j  ru.ColdChip.GrowtopiaServer.ENetJava.enetJNI.enet_host_service(JLru/ColdChip/GrowtopiaServer/ENetJava/ENetHost;JLru/ColdChip/GrowtopiaServer/ENetJava/ENetEvent;J)I+0
j  ru.ColdChip.GrowtopiaServer.ENetJava.enet.Service(Lru/ColdChip/GrowtopiaServer/ENetJava/ENetHost;Lru/ColdChip/GrowtopiaServer/ENetJava/ENetEvent;J)I+11
j  ru.ColdChip.GrowtopiaServer.Server.main([Ljava/lang/String;)V+154
v  ~StubRoutines::call_stub

siginfo: si_signo: 11 (SIGSEGV), si_code: 1 (SEGV_MAPERR), si_addr: 0x0000000000000000

Register to memory mapping:

RAX=0x0 is NULL
RBX={method} {0x00007fe9c85b2af8} 'enet_host_service' '(JLru/ColdChip/GrowtopiaServer/ENetJava/ENetHost;JLru/ColdChip/GrowtopiaServer/ENetJava/ENetEvent;J)I' in 'ru/ColdChip/GrowtopiaServer/ENetJava/enetJNI'
RCX=0x0000000000000083 is an unknown value
RDX=0x0000000000000001 is an unknown value
RSP=0x00007fe9e9ab6630 is pointing into the stack for thread: 0x00007fe9e0011800
RBP=0x00007fe9e9ab66f0 is pointing into the stack for thread: 0x00007fe9e0011800
RSI=0x0000000000000010 is an unknown value
RDI=0x0000000000000009 is an unknown value
R8 =0x00007fe9e021cd58 points into unknown readable memory: 07 f9 07 83 f7 94 ba f4
R9 =0x0000000000000086 is an unknown value
R10=0x0000000000000004 is an unknown value
R11=0x00007fe9e9ab6750 is pointing into the stack for thread: 0x00007fe9e0011800
R12=0x0 is NULL
R13={method} {0x00007fe9c85b2af8} 'enet_host_service' '(JLru/ColdChip/GrowtopiaServer/ENetJava/ENetHost;JLru/ColdChip/GrowtopiaServer/ENetJava/ENetEvent;J)I' in 'ru/ColdChip/GrowtopiaServer/ENetJava/enetJNI'
R14=0x00007fe9e9ab6900 is pointing into the stack for thread: 0x00007fe9e0011800
R15=0x00007fe9e0011800 is a thread


Registers:
RAX=0x0000000000000000, RBX=0x00007fe9c85b2af8, RCX=0x0000000000000083, RDX=0x0000000000000001
RSP=0x00007fe9e9ab6630, RBP=0x00007fe9e9ab66f0, RSI=0x0000000000000010, RDI=0x0000000000000009
R8 =0x00007fe9e021cd58, R9 =0x0000000000000086, R10=0x0000000000000004, R11=0x00007fe9e9ab6750
R12=0x0000000000000000, R13=0x00007fe9c85b2af8, R14=0x00007fe9e9ab6900, R15=0x00007fe9e0011800
RIP=0x00007fe9b89e167f, EFLAGS=0x0000000000010202, CSGSFS=0x002b000000000033, ERR=0x0000000000000004
  TRAPNO=0x000000000000000e

Top of Stack: (sp=0x00007fe9e9ab6630)
0x00007fe9e9ab6630:   0000000000000086 00007fe9e021cd5c
0x00007fe9e9ab6640:   0000000000000086 0000000000000002
0x00007fe9e9ab6650:   00007fe9e021b948 00007fe9e022e580
0x00007fe9e9ab6660:   00007fe9e9ab6690 0000000000000000 

Instructions: (pc=0x00007fe9b89e167f)
0x00007fe9b89e165f:   48 89 45 98 48 83 85 60 ff ff ff 10 48 83 ad 58
0x00007fe9b89e166f:   ff ff ff 01 48 8b 45 90 48 8d 50 01 48 89 55 90
0x00007fe9b89e167f:   0f b6 00 88 85 7f ff ff ff 0f b7 45 80 0f b7 c0
0x00007fe9b89e168f:   48 98 48 c1 e0 04 48 89 c2 48 8b 45 e0 48 01 d0 

Stack slot to memory mapping:
stack at sp + 0 slots: 0x0000000000000086 is an unknown value
stack at sp + 1 slots: 0x00007fe9e021cd5c points into unknown readable memory: f7 94 ba f4
stack at sp + 2 slots: 0x0000000000000086 is an unknown value
stack at sp + 3 slots: 0x0000000000000002 is an unknown value
stack at sp + 4 slots: 0x00007fe9e021b948 points into unknown readable memory: 3a b3 21 e0 e9 7f 00 00
stack at sp + 5 slots: 0x00007fe9e022e580 points into unknown readable memory: 00 00 00 00 00 00 00 00
stack at sp + 6 slots: 0x00007fe9e9ab6690 is pointing into the stack for thread: 0x00007fe9e0011800
stack at sp + 7 slots: 0x0 is NULL


---------------  P R O C E S S  ---------------

Threads class SMR info:
_java_thread_list=0x00007fe9e01bb1d0, length=9, elements={
0x00007fe9e0011800, 0x00007fe9e016f000, 0x00007fe9e0179000, 0x00007fe9e017f800,
0x00007fe9e0181800, 0x00007fe9e0183800, 0x00007fe9e0185800, 0x00007fe9e01b5000,
0x00007fe9e01b9800
}

Java Threads: ( => current thread )
=>0x00007fe9e0011800 JavaThread "main" [_thread_in_native, id=2293, stack(0x00007fe9e99b7000,0x00007fe9e9ab8000)]
  0x00007fe9e016f000 JavaThread "Reference Handler" daemon [_thread_blocked, id=2309, stack(0x00007fe9c807d000,0x00007fe9c817e000)]
  0x00007fe9e0179000 JavaThread "Finalizer" daemon [_thread_blocked, id=2313, stack(0x00007fe9c01af000,0x00007fe9c02b0000)]
  0x00007fe9e017f800 JavaThread "Signal Dispatcher" daemon [_thread_blocked, id=2317, stack(0x00007fe9c00ae000,0x00007fe9c01af000)]
  0x00007fe9e0181800 JavaThread "C2 CompilerThread0" daemon [_thread_blocked, id=2318, stack(0x00007fe9b9530000,0x00007fe9b9631000)]
  0x00007fe9e0183800 JavaThread "C1 CompilerThread0" daemon [_thread_blocked, id=2319, stack(0x00007fe9b942f000,0x00007fe9b9530000)]
  0x00007fe9e0185800 JavaThread "Sweeper thread" daemon [_thread_blocked, id=2320, stack(0x00007fe9b932e000,0x00007fe9b942f000)]
  0x00007fe9e01b5000 JavaThread "Service Thread" daemon [_thread_blocked, id=2322, stack(0x00007fe9b922d000,0x00007fe9b932e000)]
  0x00007fe9e01b9800 JavaThread "Common-Cleaner" daemon [_thread_blocked, id=2324, stack(0x00007fe9b902a000,0x00007fe9b912b000)]

Other Threads:
  0x00007fe9e016c000 VMThread "VM Thread" [stack: 0x00007fe9e40ac000,0x00007fe9e41ac000] [id=2308]
  0x00007fe9e01b7800 WatcherThread [stack: 0x00007fe9b912d000,0x00007fe9b922d000] [id=2323]
  0x00007fe9e0028000 GCTaskThread "GC Thread#0" [stack: 0x00007fe9e59be000,0x00007fe9e5abe000] [id=2294]
  0x00007fe9e0059000 ConcurrentGCThread "G1 Main Marker" [stack: 0x00007fe9e4939000,0x00007fe9e4a39000] [id=2298]
  0x00007fe9e005a800 ConcurrentGCThread "G1 Conc#0" [stack: 0x00007fe9e4837000,0x00007fe9e4937000] [id=2299]
  0x00007fe9e00d3000 ConcurrentGCThread "G1 Refine#0" [stack: 0x00007fe9e4331000,0x00007fe9e4431000] [id=2306]
  0x00007fe9e00d4800 ConcurrentGCThread "G1 Young RemSet Sampling" [stack: 0x00007fe9e422f000,0x00007fe9e432f000] [id=2307]

Threads with active compile tasks:

VM state:not at safepoint (normal execution)

VM Mutex/Monitor currently owned by a thread: None

Heap address: 0x0000000085600000, size: 1962 MB, Compressed Oops mode: 32-bit
Narrow klass base: 0x0000000800000000, Narrow klass shift: 3
Compressed class space size: 1073741824 Address: 0x0000000840000000

Heap:
 garbage-first heap   total 129024K, used 5756K [0x0000000085600000, 0x0000000100000000)
  region size 1024K, 2 young (2048K), 0 survivors (0K)
 Metaspace       used 963K, capacity 4841K, committed 5120K, reserved 1056768K
  class space    used 74K, capacity 442K, committed 512K, reserved 1048576K
Heap Regions: E=young(eden), S=young(survivor), O=old, HS=humongous(starts), HC=humongous(continues), CS=collection set, F=free, A=archive, TAMS=top-at-mark-start (previous, next)
|   0|0x0000000085600000, 0x0000000085700000, 0x0000000085700000|100%|HS|  |TAMS 0x0000000085600000, 0x0000000085600000| Complete 
|   1|0x0000000085700000, 0x0000000085800000, 0x0000000085800000|100%|HC|  |TAMS 0x0000000085700000, 0x0000000085700000| Complete 
|   2|0x0000000085800000, 0x0000000085900000, 0x0000000085900000|100%|HS|  |TAMS 0x0000000085800000, 0x0000000085800000| Complete 
|   3|0x0000000085900000, 0x0000000085a00000, 0x0000000085a00000|100%|HC|  |TAMS 0x0000000085900000, 0x0000000085900000| Complete 
|   4|0x0000000085a00000, 0x0000000085a00000, 0x0000000085b00000|  0%| F|  |TAMS 0x0000000085a00000, 0x0000000085a00000| Untracked 
|   5|0x0000000085b00000, 0x0000000085b00000, 0x0000000085c00000|  0%| F|  |TAMS 0x0000000085b00000, 0x0000000085b00000| Untracked 
|   6|0x0000000085c00000, 0x0000000085c00000, 0x0000000085d00000|  0%| F|  |TAMS 0x0000000085c00000, 0x0000000085c00000| Untracked 
|   7|0x0000000085d00000, 0x0000000085d00000, 0x0000000085e00000|  0%| F|  |TAMS 0x0000000085d00000, 0x0000000085d00000| Untracked 
|   8|0x0000000085e00000, 0x0000000085e00000, 0x0000000085f00000|  0%| F|  |TAMS 0x0000000085e00000, 0x0000000085e00000| Untracked 
|   9|0x0000000085f00000, 0x0000000085f00000, 0x0000000086000000|  0%| F|  |TAMS 0x0000000085f00000, 0x0000000085f00000| Untracked 
|  10|0x0000000086000000, 0x0000000086000000, 0x0000000086100000|  0%| F|  |TAMS 0x0000000086000000, 0x0000000086000000| Untracked 
|  11|0x0000000086100000, 0x0000000086100000, 0x0000000086200000|  0%| F|  |TAMS 0x0000000086100000, 0x0000000086100000| Untracked 
|  12|0x0000000086200000, 0x0000000086200000, 0x0000000086300000|  0%| F|  |TAMS 0x0000000086200000, 0x0000000086200000| Untracked 
|  13|0x0000000086300000, 0x0000000086300000, 0x0000000086400000|  0%| F|  |TAMS 0x0000000086300000, 0x0000000086300000| Untracked 
|  14|0x0000000086400000, 0x0000000086400000, 0x0000000086500000|  0%| F|  |TAMS 0x0000000086400000, 0x0000000086400000| Untracked 
|  15|0x0000000086500000, 0x0000000086500000, 0x0000000086600000|  0%| F|  |TAMS 0x0000000086500000, 0x0000000086500000| Untracked 
|  16|0x0000000086600000, 0x0000000086600000, 0x0000000086700000|  0%| F|  |TAMS 0x0000000086600000, 0x0000000086600000| Untracked 
|  17|0x0000000086700000, 0x0000000086700000, 0x0000000086800000|  0%| F|  |TAMS 0x0000000086700000, 0x0000000086700000| Untracked 
|  18|0x0000000086800000, 0x0000000086800000, 0x0000000086900000|  0%| F|  |TAMS 0x0000000086800000, 0x0000000086800000| Untracked 
|  19|0x0000000086900000, 0x0000000086900000, 0x0000000086a00000|  0%| F|  |TAMS 0x0000000086900000, 0x0000000086900000| Untracked 
|  20|0x0000000086a00000, 0x0000000086a00000, 0x0000000086b00000|  0%| F|  |TAMS 0x0000000086a00000, 0x0000000086a00000| Untracked 
|  21|0x0000000086b00000, 0x0000000086b00000, 0x0000000086c00000|  0%| F|  |TAMS 0x0000000086b00000, 0x0000000086b00000| Untracked 
|  22|0x0000000086c00000, 0x0000000086c00000, 0x0000000086d00000|  0%| F|  |TAMS 0x0000000086c00000, 0x0000000086c00000| Untracked 
|  23|0x0000000086d00000, 0x0000000086d00000, 0x0000000086e00000|  0%| F|  |TAMS 0x0000000086d00000, 0x0000000086d00000| Untracked 
|  24|0x0000000086e00000, 0x0000000086e00000, 0x0000000086f00000|  0%| F|  |TAMS 0x0000000086e00000, 0x0000000086e00000| Untracked 
|  25|0x0000000086f00000, 0x0000000086f00000, 0x0000000087000000|  0%| F|  |TAMS 0x0000000086f00000, 0x0000000086f00000| Untracked 
|  26|0x0000000087000000, 0x0000000087000000, 0x0000000087100000|  0%| F|  |TAMS 0x0000000087000000, 0x0000000087000000| Untracked 
|  27|0x0000000087100000, 0x0000000087100000, 0x0000000087200000|  0%| F|  |TAMS 0x0000000087100000, 0x0000000087100000| Untracked 
|  28|0x0000000087200000, 0x0000000087200000, 0x0000000087300000|  0%| F|  |TAMS 0x0000000087200000, 0x0000000087200000| Untracked 
|  29|0x0000000087300000, 0x0000000087300000, 0x0000000087400000|  0%| F|  |TAMS 0x0000000087300000, 0x0000000087300000| Untracked 
|  30|0x0000000087400000, 0x0000000087400000, 0x0000000087500000|  0%| F|  |TAMS 0x0000000087400000, 0x0000000087400000| Untracked 
|  31|0x0000000087500000, 0x0000000087500000, 0x0000000087600000|  0%| F|  |TAMS 0x0000000087500000, 0x0000000087500000| Untracked 
|  32|0x0000000087600000, 0x0000000087600000, 0x0000000087700000|  0%| F|  |TAMS 0x0000000087600000, 0x0000000087600000| Untracked 
|  33|0x0000000087700000, 0x0000000087700000, 0x0000000087800000|  0%| F|  |TAMS 0x0000000087700000, 0x0000000087700000| Untracked 
|  34|0x0000000087800000, 0x0000000087800000, 0x0000000087900000|  0%| F|  |TAMS 0x0000000087800000, 0x0000000087800000| Untracked 
|  35|0x0000000087900000, 0x0000000087900000, 0x0000000087a00000|  0%| F|  |TAMS 0x0000000087900000, 0x0000000087900000| Untracked 
|  36|0x0000000087a00000, 0x0000000087a00000, 0x0000000087b00000|  0%| F|  |TAMS 0x0000000087a00000, 0x0000000087a00000| Untracked 
|  37|0x0000000087b00000, 0x0000000087b00000, 0x0000000087c00000|  0%| F|  |TAMS 0x0000000087b00000, 0x0000000087b00000| Untracked 
|  38|0x0000000087c00000, 0x0000000087c00000, 0x0000000087d00000|  0%| F|  |TAMS 0x0000000087c00000, 0x0000000087c00000| Untracked 
|  39|0x0000000087d00000, 0x0000000087d00000, 0x0000000087e00000|  0%| F|  |TAMS 0x0000000087d00000, 0x0000000087d00000| Untracked 
|  40|0x0000000087e00000, 0x0000000087e00000, 0x0000000087f00000|  0%| F|  |TAMS 0x0000000087e00000, 0x0000000087e00000| Untracked 
|  41|0x0000000087f00000, 0x0000000087f00000, 0x0000000088000000|  0%| F|  |TAMS 0x0000000087f00000, 0x0000000087f00000| Untracked 
|  42|0x0000000088000000, 0x0000000088000000, 0x0000000088100000|  0%| F|  |TAMS 0x0000000088000000, 0x0000000088000000| Untracked 
|  43|0x0000000088100000, 0x0000000088100000, 0x0000000088200000|  0%| F|  |TAMS 0x0000000088100000, 0x0000000088100000| Untracked 
|  44|0x0000000088200000, 0x0000000088200000, 0x0000000088300000|  0%| F|  |TAMS 0x0000000088200000, 0x0000000088200000| Untracked 
|  45|0x0000000088300000, 0x0000000088300000, 0x0000000088400000|  0%| F|  |TAMS 0x0000000088300000, 0x0000000088300000| Untracked 
|  46|0x0000000088400000, 0x0000000088400000, 0x0000000088500000|  0%| F|  |TAMS 0x0000000088400000, 0x0000000088400000| Untracked 
|  47|0x0000000088500000, 0x0000000088500000, 0x0000000088600000|  0%| F|  |TAMS 0x0000000088500000, 0x0000000088500000| Untracked 
|  48|0x0000000088600000, 0x0000000088600000, 0x0000000088700000|  0%| F|  |TAMS 0x0000000088600000, 0x0000000088600000| Untracked 
|  49|0x0000000088700000, 0x0000000088700000, 0x0000000088800000|  0%| F|  |TAMS 0x0000000088700000, 0x0000000088700000| Untracked 
|  50|0x0000000088800000, 0x0000000088800000, 0x0000000088900000|  0%| F|  |TAMS 0x0000000088800000, 0x0000000088800000| Untracked 
|  51|0x0000000088900000, 0x0000000088900000, 0x0000000088a00000|  0%| F|  |TAMS 0x0000000088900000, 0x0000000088900000| Untracked 
|  52|0x0000000088a00000, 0x0000000088a00000, 0x0000000088b00000|  0%| F|  |TAMS 0x0000000088a00000, 0x0000000088a00000| Untracked 
|  53|0x0000000088b00000, 0x0000000088b00000, 0x0000000088c00000|  0%| F|  |TAMS 0x0000000088b00000, 0x0000000088b00000| Untracked 
|  54|0x0000000088c00000, 0x0000000088c00000, 0x0000000088d00000|  0%| F|  |TAMS 0x0000000088c00000, 0x0000000088c00000| Untracked 
|  55|0x0000000088d00000, 0x0000000088d00000, 0x0000000088e00000|  0%| F|  |TAMS 0x0000000088d00000, 0x0000000088d00000| Untracked 
|  56|0x0000000088e00000, 0x0000000088e00000, 0x0000000088f00000|  0%| F|  |TAMS 0x0000000088e00000, 0x0000000088e00000| Untracked 
|  57|0x0000000088f00000, 0x0000000088f00000, 0x0000000089000000|  0%| F|  |TAMS 0x0000000088f00000, 0x0000000088f00000| Untracked 
|  58|0x0000000089000000, 0x0000000089000000, 0x0000000089100000|  0%| F|  |TAMS 0x0000000089000000, 0x0000000089000000| Untracked 
|  59|0x0000000089100000, 0x0000000089100000, 0x0000000089200000|  0%| F|  |TAMS 0x0000000089100000, 0x0000000089100000| Untracked 
|  60|0x0000000089200000, 0x0000000089200000, 0x0000000089300000|  0%| F|  |TAMS 0x0000000089200000, 0x0000000089200000| Untracked 
|  61|0x0000000089300000, 0x0000000089300000, 0x0000000089400000|  0%| F|  |TAMS 0x0000000089300000, 0x0000000089300000| Untracked 
|  62|0x0000000089400000, 0x0000000089400000, 0x0000000089500000|  0%| F|  |TAMS 0x0000000089400000, 0x0000000089400000| Untracked 
|  63|0x0000000089500000, 0x0000000089500000, 0x0000000089600000|  0%| F|  |TAMS 0x0000000089500000, 0x0000000089500000| Untracked 
|  64|0x0000000089600000, 0x0000000089600000, 0x0000000089700000|  0%| F|  |TAMS 0x0000000089600000, 0x0000000089600000| Untracked 
|  65|0x0000000089700000, 0x0000000089700000, 0x0000000089800000|  0%| F|  |TAMS 0x0000000089700000, 0x0000000089700000| Untracked 
|  66|0x0000000089800000, 0x0000000089800000, 0x0000000089900000|  0%| F|  |TAMS 0x0000000089800000, 0x0000000089800000| Untracked 
|  67|0x0000000089900000, 0x0000000089900000, 0x0000000089a00000|  0%| F|  |TAMS 0x0000000089900000, 0x0000000089900000| Untracked 
|  68|0x0000000089a00000, 0x0000000089a00000, 0x0000000089b00000|  0%| F|  |TAMS 0x0000000089a00000, 0x0000000089a00000| Untracked 
|  69|0x0000000089b00000, 0x0000000089b00000, 0x0000000089c00000|  0%| F|  |TAMS 0x0000000089b00000, 0x0000000089b00000| Untracked 
|  70|0x0000000089c00000, 0x0000000089c00000, 0x0000000089d00000|  0%| F|  |TAMS 0x0000000089c00000, 0x0000000089c00000| Untracked 
|  71|0x0000000089d00000, 0x0000000089d00000, 0x0000000089e00000|  0%| F|  |TAMS 0x0000000089d00000, 0x0000000089d00000| Untracked 
|  72|0x0000000089e00000, 0x0000000089e00000, 0x0000000089f00000|  0%| F|  |TAMS 0x0000000089e00000, 0x0000000089e00000| Untracked 
|  73|0x0000000089f00000, 0x0000000089f00000, 0x000000008a000000|  0%| F|  |TAMS 0x0000000089f00000, 0x0000000089f00000| Untracked 
|  74|0x000000008a000000, 0x000000008a000000, 0x000000008a100000|  0%| F|  |TAMS 0x000000008a000000, 0x000000008a000000| Untracked 
|  75|0x000000008a100000, 0x000000008a100000, 0x000000008a200000|  0%| F|  |TAMS 0x000000008a100000, 0x000000008a100000| Untracked 
|  76|0x000000008a200000, 0x000000008a200000, 0x000000008a300000|  0%| F|  |TAMS 0x000000008a200000, 0x000000008a200000| Untracked 
|  77|0x000000008a300000, 0x000000008a300000, 0x000000008a400000|  0%| F|  |TAMS 0x000000008a300000, 0x000000008a300000| Untracked 
|  78|0x000000008a400000, 0x000000008a400000, 0x000000008a500000|  0%| F|  |TAMS 0x000000008a400000, 0x000000008a400000| Untracked 
|  79|0x000000008a500000, 0x000000008a500000, 0x000000008a600000|  0%| F|  |TAMS 0x000000008a500000, 0x000000008a500000| Untracked 
|  80|0x000000008a600000, 0x000000008a600000, 0x000000008a700000|  0%| F|  |TAMS 0x000000008a600000, 0x000000008a600000| Untracked 
|  81|0x000000008a700000, 0x000000008a700000, 0x000000008a800000|  0%| F|  |TAMS 0x000000008a700000, 0x000000008a700000| Untracked 
|  82|0x000000008a800000, 0x000000008a800000, 0x000000008a900000|  0%| F|  |TAMS 0x000000008a800000, 0x000000008a800000| Untracked 
|  83|0x000000008a900000, 0x000000008a900000, 0x000000008aa00000|  0%| F|  |TAMS 0x000000008a900000, 0x000000008a900000| Untracked 
|  84|0x000000008aa00000, 0x000000008aa00000, 0x000000008ab00000|  0%| F|  |TAMS 0x000000008aa00000, 0x000000008aa00000| Untracked 
|  85|0x000000008ab00000, 0x000000008ab00000, 0x000000008ac00000|  0%| F|  |TAMS 0x000000008ab00000, 0x000000008ab00000| Untracked 
|  86|0x000000008ac00000, 0x000000008ac00000, 0x000000008ad00000|  0%| F|  |TAMS 0x000000008ac00000, 0x000000008ac00000| Untracked 
|  87|0x000000008ad00000, 0x000000008ad00000, 0x000000008ae00000|  0%| F|  |TAMS 0x000000008ad00000, 0x000000008ad00000| Untracked 
|  88|0x000000008ae00000, 0x000000008ae00000, 0x000000008af00000|  0%| F|  |TAMS 0x000000008ae00000, 0x000000008ae00000| Untracked 
|  89|0x000000008af00000, 0x000000008af00000, 0x000000008b000000|  0%| F|  |TAMS 0x000000008af00000, 0x000000008af00000| Untracked 
|  90|0x000000008b000000, 0x000000008b000000, 0x000000008b100000|  0%| F|  |TAMS 0x000000008b000000, 0x000000008b000000| Untracked 
|  91|0x000000008b100000, 0x000000008b100000, 0x000000008b200000|  0%| F|  |TAMS 0x000000008b100000, 0x000000008b100000| Untracked 
|  92|0x000000008b200000, 0x000000008b200000, 0x000000008b300000|  0%| F|  |TAMS 0x000000008b200000, 0x000000008b200000| Untracked 
|  93|0x000000008b300000, 0x000000008b300000, 0x000000008b400000|  0%| F|  |TAMS 0x000000008b300000, 0x000000008b300000| Untracked 
|  94|0x000000008b400000, 0x000000008b400000, 0x000000008b500000|  0%| F|  |TAMS 0x000000008b400000, 0x000000008b400000| Untracked 
|  95|0x000000008b500000, 0x000000008b500000, 0x000000008b600000|  0%| F|  |TAMS 0x000000008b500000, 0x000000008b500000| Untracked 
|  96|0x000000008b600000, 0x000000008b600000, 0x000000008b700000|  0%| F|  |TAMS 0x000000008b600000, 0x000000008b600000| Untracked 
|  97|0x000000008b700000, 0x000000008b700000, 0x000000008b800000|  0%| F|  |TAMS 0x000000008b700000, 0x000000008b700000| Untracked 
|  98|0x000000008b800000, 0x000000008b800000, 0x000000008b900000|  0%| F|  |TAMS 0x000000008b800000, 0x000000008b800000| Untracked 
|  99|0x000000008b900000, 0x000000008b900000, 0x000000008ba00000|  0%| F|  |TAMS 0x000000008b900000, 0x000000008b900000| Untracked 
| 100|0x000000008ba00000, 0x000000008ba00000, 0x000000008bb00000|  0%| F|  |TAMS 0x000000008ba00000, 0x000000008ba00000| Untracked 
| 101|0x000000008bb00000, 0x000000008bb00000, 0x000000008bc00000|  0%| F|  |TAMS 0x000000008bb00000, 0x000000008bb00000| Untracked 
| 102|0x000000008bc00000, 0x000000008bc00000, 0x000000008bd00000|  0%| F|  |TAMS 0x000000008bc00000, 0x000000008bc00000| Untracked 
| 103|0x000000008bd00000, 0x000000008bd00000, 0x000000008be00000|  0%| F|  |TAMS 0x000000008bd00000, 0x000000008bd00000| Untracked 
| 104|0x000000008be00000, 0x000000008be00000, 0x000000008bf00000|  0%| F|  |TAMS 0x000000008be00000, 0x000000008be00000| Untracked 
| 105|0x000000008bf00000, 0x000000008bf00000, 0x000000008c000000|  0%| F|  |TAMS 0x000000008bf00000, 0x000000008bf00000| Untracked 
| 106|0x000000008c000000, 0x000000008c000000, 0x000000008c100000|  0%| F|  |TAMS 0x000000008c000000, 0x000000008c000000| Untracked 
| 107|0x000000008c100000, 0x000000008c100000, 0x000000008c200000|  0%| F|  |TAMS 0x000000008c100000, 0x000000008c100000| Untracked 
| 108|0x000000008c200000, 0x000000008c200000, 0x000000008c300000|  0%| F|  |TAMS 0x000000008c200000, 0x000000008c200000| Untracked 
| 109|0x000000008c300000, 0x000000008c300000, 0x000000008c400000|  0%| F|  |TAMS 0x000000008c300000, 0x000000008c300000| Untracked 
| 110|0x000000008c400000, 0x000000008c400000, 0x000000008c500000|  0%| F|  |TAMS 0x000000008c400000, 0x000000008c400000| Untracked 
| 111|0x000000008c500000, 0x000000008c500000, 0x000000008c600000|  0%| F|  |TAMS 0x000000008c500000, 0x000000008c500000| Untracked 
| 112|0x000000008c600000, 0x000000008c600000, 0x000000008c700000|  0%| F|  |TAMS 0x000000008c600000, 0x000000008c600000| Untracked 
| 113|0x000000008c700000, 0x000000008c700000, 0x000000008c800000|  0%| F|  |TAMS 0x000000008c700000, 0x000000008c700000| Untracked 
| 114|0x000000008c800000, 0x000000008c800000, 0x000000008c900000|  0%| F|  |TAMS 0x000000008c800000, 0x000000008c800000| Untracked 
| 115|0x000000008c900000, 0x000000008c900000, 0x000000008ca00000|  0%| F|  |TAMS 0x000000008c900000, 0x000000008c900000| Untracked 
| 116|0x000000008ca00000, 0x000000008ca00000, 0x000000008cb00000|  0%| F|  |TAMS 0x000000008ca00000, 0x000000008ca00000| Untracked 
| 117|0x000000008cb00000, 0x000000008cb00000, 0x000000008cc00000|  0%| F|  |TAMS 0x000000008cb00000, 0x000000008cb00000| Untracked 
| 118|0x000000008cc00000, 0x000000008cc00000, 0x000000008cd00000|  0%| F|  |TAMS 0x000000008cc00000, 0x000000008cc00000| Untracked 
| 119|0x000000008cd00000, 0x000000008cd00000, 0x000000008ce00000|  0%| F|  |TAMS 0x000000008cd00000, 0x000000008cd00000| Untracked 
| 120|0x000000008ce00000, 0x000000008ce00000, 0x000000008cf00000|  0%| F|  |TAMS 0x000000008ce00000, 0x000000008ce00000| Untracked 
| 121|0x000000008cf00000, 0x000000008cf00000, 0x000000008d000000|  0%| F|  |TAMS 0x000000008cf00000, 0x000000008cf00000| Untracked 
| 122|0x000000008d000000, 0x000000008d100000, 0x000000008d100000|100%| E|  |TAMS 0x000000008d000000, 0x000000008d000000| Complete 
| 123|0x000000008d100000, 0x000000008d200000, 0x000000008d200000|100%| E|CS|TAMS 0x000000008d100000, 0x000000008d100000| Complete 
|1960|0x00000000ffe00000, 0x00000000ffe35000, 0x00000000fff00000| 20%|OA|  |TAMS 0x00000000ffe00000, 0x00000000ffe00000| Untracked 
|1961|0x00000000fff00000, 0x00000000fff6a000, 0x0000000100000000| 41%|CA|  |TAMS 0x00000000fff00000, 0x00000000fff00000| Untracked 

Card table byte_map: [0x00007fe9e4e0e000,0x00007fe9e51e3000] _byte_map_base: 0x00007fe9e49e3000

Marking Bits (Prev, Next): (CMBitMap*) 0x00007fe9e00505d8, (CMBitMap*) 0x00007fe9e0050610
 Prev Bits: [0x00007fe9c2158000, 0x00007fe9c4000000)
 Next Bits: [0x00007fe9c02b0000, 0x00007fe9c2158000)

Polling page: 0x00007fe9e9ade000

Metaspace:

Usage:
  Non-class:      4.30 MB capacity,   888.09 KB ( 20%) used,     3.43 MB ( 80%) free+waste,     2.31 KB ( <1%) overhead. 
      Class:    442.00 KB capacity,    74.95 KB ( 17%) used,   365.61 KB ( 83%) free+waste,     1.44 KB ( <1%) overhead. 
       Both:      4.73 MB capacity,   963.04 KB ( 20%) used,     3.78 MB ( 80%) free+waste,     3.75 KB ( <1%) overhead. 

Virtual space:
  Non-class space:        8.00 MB reserved,       4.50 MB ( 56%) committed 
      Class space:        1.00 GB reserved,     512.00 KB ( <1%) committed 
             Both:        1.01 GB reserved,       5.00 MB ( <1%) committed 

Chunk freelists:
   Non-Class:  25.00 KB
       Class:  6.00 KB
        Both:  31.00 KB

CodeHeap 'non-profiled nmethods': size=120032Kb used=51Kb max_used=51Kb free=119980Kb
 bounds [0x00007fe9d0446000, 0x00007fe9d06b6000, 0x00007fe9d797e000]
CodeHeap 'profiled nmethods': size=120032Kb used=251Kb max_used=251Kb free=119780Kb
 bounds [0x00007fe9c8f0e000, 0x00007fe9c917e000, 0x00007fe9d0446000]
CodeHeap 'non-nmethods': size=5696Kb used=1076Kb max_used=1081Kb free=4619Kb
 bounds [0x00007fe9c897e000, 0x00007fe9c8bee000, 0x00007fe9c8f0e000]
 total_blobs=633 nmethods=196 adapters=293
 compilation: enabled
              stopped_count=0, restarted_count=0
 full_count=0

Compilation events (10 events):
Event: 4.163 Thread 0x00007fe9e0183800 nmethod 188 0x00007fe9c8f49c10 code [0x00007fe9c8f49dc0, 0x00007fe9c8f49f70]
Event: 4.163 Thread 0x00007fe9e0183800  189       3       java.lang.String::lastIndexOf (12 bytes)
Event: 4.164 Thread 0x00007fe9e0183800 nmethod 189 0x00007fe9c8f4a090 code [0x00007fe9c8f4a280, 0x00007fe9c8f4a6d8]
Event: 4.197 Thread 0x00007fe9e0183800  191       3       java.lang.Character::codePointAt (51 bytes)
Event: 4.198 Thread 0x00007fe9e0183800 nmethod 191 0x00007fe9c8f4a890 code [0x00007fe9c8f4aaa0, 0x00007fe9c8f4b168]
Event: 4.198 Thread 0x00007fe9e0183800  192       3       java.util.regex.Pattern$$Lambda$12/0x0000000840064440::is (5 bytes)
Event: 4.198 Thread 0x00007fe9e0183800 nmethod 192 0x00007fe9c8f4b310 code [0x00007fe9c8f4b4e0, 0x00007fe9c8f4b7d0]
Event: 4.198 Thread 0x00007fe9e0183800  193       3       java.util.regex.Pattern::lambda$DOT$5 (34 bytes)
Event: 4.199 Thread 0x00007fe9e0183800 nmethod 193 0x00007fe9c8f4b890 code [0x00007fe9c8f4ba40, 0x00007fe9c8f4bc90]
Event: 4.207 Thread 0x00007fe9e0183800  194       3       java.lang.Character::digit (6 bytes)

GC Heap History (0 events):
No events

Deoptimization events (2 events):
Event: 0.050 Thread 0x00007fe9e0011800 Uncommon trap: reason=unstable_if action=reinterpret pc=0x00007fe9d0449bc8 method=java.lang.String.hashCode()I @ 14 c2
Event: 4.155 Thread 0x00007fe9e0011800 Uncommon trap: reason=unstable_if action=reinterpret pc=0x00007fe9d044fc9c method=java.lang.String.isLatin1()Z @ 10 c2

Classes redefined (0 events):
No events

Internal exceptions (2 events):
Event: 4.142 Thread 0x00007fe9e0011800 Exception <a 'java/lang/NoSuchMethodError'{0x000000008d0a88d8}: java.lang.invoke.DirectMethodHandle$Holder.invokeSpecialIFC(Ljava/lang/Object;Ljava/lang/Object;I)I> (0x000000008d0a88d8) thrown at [/build/openjdk-lts-TkRlmw/openjdk-lts-11.0.3+7/src/hotspot
Event: 4.206 Thread 0x00007fe9e0011800 Exception <a 'java/lang/ArrayIndexOutOfBoundsException'{0x000000008d0fb2f8}: arraycopy: last destination index 1761855 out of bounds for byte[1761791]> (0x000000008d0fb2f8) thrown at [/build/openjdk-lts-TkRlmw/openjdk-lts-11.0.3+7/src/hotspot/share/oops/t

Events (10 events):
Event: 4.205 loading class sun/nio/ch/Util$1
Event: 4.205 loading class sun/nio/ch/Util$1 done
Event: 4.205 loading class sun/nio/ch/Util$BufferCache
Event: 4.205 loading class sun/nio/ch/Util$BufferCache done
Event: 4.205 loading class java/nio/DirectByteBuffer$Deallocator
Event: 4.206 loading class java/nio/DirectByteBuffer$Deallocator done
Event: 4.206 loading class java/lang/ArrayIndexOutOfBoundsException
Event: 4.206 loading class java/lang/IndexOutOfBoundsException
Event: 4.206 loading class java/lang/IndexOutOfBoundsException done
Event: 4.206 loading class java/lang/ArrayIndexOutOfBoundsException done


Dynamic libraries:
85600000-8d200000 rw-p 00000000 00:00 0 
8d200000-ffe00000 ---p 00000000 00:00 0 
ffe00000-ffe35000 rw-p 0111e000 08:12 657221                             /usr/lib/jvm/java-11-openjdk-amd64/lib/server/classes.jsa
ffe35000-fff00000 rw-p 00000000 00:00 0 
fff00000-fff6a000 rw-p 010b4000 08:12 657221                             /usr/lib/jvm/java-11-openjdk-amd64/lib/server/classes.jsa
fff6a000-100000000 rw-p 00000000 00:00 0 
800000000-800002000 rwxp 00001000 08:12 657221                           /usr/lib/jvm/java-11-openjdk-amd64/lib/server/classes.jsa
800002000-8003bf000 rw-p 00003000 08:12 657221                           /usr/lib/jvm/java-11-openjdk-amd64/lib/server/classes.jsa
8003bf000-800a9c000 r--p 003c0000 08:12 657221                           /usr/lib/jvm/java-11-openjdk-amd64/lib/server/classes.jsa
800a9c000-800a9d000 rw-p 00a9d000 08:12 657221                           /usr/lib/jvm/java-11-openjdk-amd64/lib/server/classes.jsa
800a9d000-8010b3000 r--p 00a9e000 08:12 657221                           /usr/lib/jvm/java-11-openjdk-amd64/lib/server/classes.jsa
840000000-840080000 rw-p 00000000 00:00 0 
840080000-880000000 ---p 00000000 00:00 0 
565299fa5000-565299fa6000 r-xp 00000000 08:12 677781                     /usr/lib/jvm/java-11-openjdk-amd64/bin/java
56529a1a6000-56529a1a7000 r--p 00001000 08:12 677781                     /usr/lib/jvm/java-11-openjdk-amd64/bin/java
56529a1a7000-56529a1a8000 rw-p 00002000 08:12 677781                     /usr/lib/jvm/java-11-openjdk-amd64/bin/java
56529b190000-56529b1b1000 rw-p 00000000 00:00 0                          [heap]
7fe980000000-7fe980021000 rw-p 00000000 00:00 0 
7fe980021000-7fe984000000 ---p 00000000 00:00 0 
7fe988000000-7fe988021000 rw-p 00000000 00:00 0 
7fe988021000-7fe98c000000 ---p 00000000 00:00 0 
7fe98c000000-7fe98c021000 rw-p 00000000 00:00 0 
7fe98c021000-7fe990000000 ---p 00000000 00:00 0 
7fe990000000-7fe99008a000 rw-p 00000000 00:00 0 
7fe99008a000-7fe994000000 ---p 00000000 00:00 0 
7fe994000000-7fe994021000 rw-p 00000000 00:00 0 
7fe994021000-7fe998000000 ---p 00000000 00:00 0 
7fe998000000-7fe998021000 rw-p 00000000 00:00 0 
7fe998021000-7fe99c000000 ---p 00000000 00:00 0 
7fe99c000000-7fe99c067000 rw-p 00000000 00:00 0 
7fe99c067000-7fe9a0000000 ---p 00000000 00:00 0 
7fe9a0000000-7fe9a0021000 rw-p 00000000 00:00 0 
7fe9a0021000-7fe9a4000000 ---p 00000000 00:00 0 
7fe9a4000000-7fe9a4021000 rw-p 00000000 00:00 0 
7fe9a4021000-7fe9a8000000 ---p 00000000 00:00 0 
7fe9a8000000-7fe9a8021000 rw-p 00000000 00:00 0 
7fe9a8021000-7fe9ac000000 ---p 00000000 00:00 0 
7fe9ac000000-7fe9ac021000 rw-p 00000000 00:00 0 
7fe9ac021000-7fe9b0000000 ---p 00000000 00:00 0 
7fe9b0000000-7fe9b0021000 rw-p 00000000 00:00 0 
7fe9b0021000-7fe9b4000000 ---p 00000000 00:00 0 
7fe9b4000000-7fe9b4021000 rw-p 00000000 00:00 0 
7fe9b4021000-7fe9b8000000 ---p 00000000 00:00 0 
7fe9b86ab000-7fe9b89cb000 rw-p 00000000 00:00 0 
7fe9b89cb000-7fe9b8a01000 r-xp 00000000 08:12 11149914                   /home/coldchip/gtserver/Lib/libenet.so
7fe9b8a01000-7fe9b8c00000 ---p 00036000 08:12 11149914                   /home/coldchip/gtserver/Lib/libenet.so
7fe9b8c00000-7fe9b8c01000 r--p 00035000 08:12 11149914                   /home/coldchip/gtserver/Lib/libenet.so
7fe9b8c01000-7fe9b8c02000 rw-p 00036000 08:12 11149914                   /home/coldchip/gtserver/Lib/libenet.so
7fe9b8c02000-7fe9b8c18000 r-xp 00000000 08:12 677853                     /usr/lib/jvm/java-11-openjdk-amd64/lib/libnet.so
7fe9b8c18000-7fe9b8e17000 ---p 00016000 08:12 677853                     /usr/lib/jvm/java-11-openjdk-amd64/lib/libnet.so
7fe9b8e17000-7fe9b8e18000 r--p 00015000 08:12 677853                     /usr/lib/jvm/java-11-openjdk-amd64/lib/libnet.so
7fe9b8e18000-7fe9b8e19000 rw-p 00016000 08:12 677853                     /usr/lib/jvm/java-11-openjdk-amd64/lib/libnet.so
7fe9b8e19000-7fe9b8e29000 r-xp 00000000 08:12 677854                     /usr/lib/jvm/java-11-openjdk-amd64/lib/libnio.so
7fe9b8e29000-7fe9b9028000 ---p 00010000 08:12 677854                     /usr/lib/jvm/java-11-openjdk-amd64/lib/libnio.so
7fe9b9028000-7fe9b9029000 r--p 0000f000 08:12 677854                     /usr/lib/jvm/java-11-openjdk-amd64/lib/libnio.so
7fe9b9029000-7fe9b902a000 rw-p 00010000 08:12 677854                     /usr/lib/jvm/java-11-openjdk-amd64/lib/libnio.so
7fe9b902a000-7fe9b902e000 ---p 00000000 00:00 0 
7fe9b902e000-7fe9b912b000 rw-p 00000000 00:00 0 
7fe9b912b000-7fe9b912c000 ---p 00000000 00:00 0 
7fe9b912c000-7fe9b922d000 rw-p 00000000 00:00 0 
7fe9b922d000-7fe9b9231000 ---p 00000000 00:00 0 
7fe9b9231000-7fe9b932e000 rw-p 00000000 00:00 0 
7fe9b932e000-7fe9b9332000 ---p 00000000 00:00 0 
7fe9b9332000-7fe9b942f000 rw-p 00000000 00:00 0 
7fe9b942f000-7fe9b9433000 ---p 00000000 00:00 0 
7fe9b9433000-7fe9b9530000 rw-p 00000000 00:00 0 
7fe9b9530000-7fe9b9534000 ---p 00000000 00:00 0 
7fe9b9534000-7fe9b9631000 rw-p 00000000 00:00 0 
7fe9b9631000-7fe9ba000000 r--p 00000000 08:12 14817912                   /usr/lib/locale/locale-archive
7fe9ba000000-7fe9bc000000 rw-p 00000000 00:00 0 
7fe9bc000000-7fe9bc021000 rw-p 00000000 00:00 0 
7fe9bc021000-7fe9c0000000 ---p 00000000 00:00 0 
7fe9c00ae000-7fe9c00b2000 ---p 00000000 00:00 0 
7fe9c00b2000-7fe9c01af000 rw-p 00000000 00:00 0 
7fe9c01af000-7fe9c01b3000 ---p 00000000 00:00 0 
7fe9c01b3000-7fe9c04a0000 rw-p 00000000 00:00 0 
7fe9c04a0000-7fe9c2150000 ---p 00000000 00:00 0 
7fe9c2150000-7fe9c2348000 rw-p 00000000 00:00 0 
7fe9c2348000-7fe9c3ff8000 ---p 00000000 00:00 0 
7fe9c3ff8000-7fe9c4000000 rw-p 00000000 00:00 0 
7fe9c4000000-7fe9c4021000 rw-p 00000000 00:00 0 
7fe9c4021000-7fe9c8000000 ---p 00000000 00:00 0 
7fe9c807d000-7fe9c8081000 ---p 00000000 00:00 0 
7fe9c8081000-7fe9c85fe000 rw-p 00000000 00:00 0 
7fe9c85fe000-7fe9c897e000 ---p 00000000 00:00 0 
7fe9c897e000-7fe9c8bee000 rwxp 00000000 00:00 0 
7fe9c8bee000-7fe9c8f0e000 ---p 00000000 00:00 0 
7fe9c8f0e000-7fe9c917e000 rwxp 00000000 00:00 0 
7fe9c917e000-7fe9d0446000 ---p 00000000 00:00 0 
7fe9d0446000-7fe9d06b6000 rwxp 00000000 00:00 0 
7fe9d06b6000-7fe9d797e000 ---p 00000000 00:00 0 
7fe9d797e000-7fe9e0000000 r--s 00000000 08:12 677863                     /usr/lib/jvm/java-11-openjdk-amd64/lib/modules
7fe9e0000000-7fe9e0282000 rw-p 00000000 00:00 0 
7fe9e0282000-7fe9e4000000 ---p 00000000 00:00 0 
7fe9e40aa000-7fe9e40ab000 ---p 00000000 00:00 0 
7fe9e40ab000-7fe9e422d000 rw-p 00000000 00:00 0 
7fe9e422d000-7fe9e422e000 ---p 00000000 00:00 0 
7fe9e422e000-7fe9e432f000 rw-p 00000000 00:00 0 
7fe9e432f000-7fe9e4330000 ---p 00000000 00:00 0 
7fe9e4330000-7fe9e4835000 rw-p 00000000 00:00 0 
7fe9e4835000-7fe9e4836000 ---p 00000000 00:00 0 
7fe9e4836000-7fe9e4937000 rw-p 00000000 00:00 0 
7fe9e4937000-7fe9e4938000 ---p 00000000 00:00 0 
7fe9e4938000-7fe9e4a77000 rw-p 00000000 00:00 0 
7fe9e4a77000-7fe9e4e0d000 ---p 00000000 00:00 0 
7fe9e4e0d000-7fe9e4e4c000 rw-p 00000000 00:00 0 
7fe9e4e4c000-7fe9e51e2000 ---p 00000000 00:00 0 
7fe9e51e2000-7fe9e5221000 rw-p 00000000 00:00 0 
7fe9e5221000-7fe9e55b7000 ---p 00000000 00:00 0 
7fe9e55b7000-7fe9e59bc000 rw-p 00000000 00:00 0 
7fe9e59bc000-7fe9e59bd000 ---p 00000000 00:00 0 
7fe9e59bd000-7fe9e5ac3000 rw-p 00000000 00:00 0 
7fe9e5ac3000-7fe9e5ba9000 ---p 00000000 00:00 0 
7fe9e5ba9000-7fe9e5bae000 rw-p 00000000 00:00 0 
7fe9e5bae000-7fe9e5c94000 ---p 00000000 00:00 0 
7fe9e5c94000-7fe9e5c99000 r-xp 00000000 08:12 677845                     /usr/lib/jvm/java-11-openjdk-amd64/lib/libjimage.so
7fe9e5c99000-7fe9e5e98000 ---p 00005000 08:12 677845                     /usr/lib/jvm/java-11-openjdk-amd64/lib/libjimage.so
7fe9e5e98000-7fe9e5e99000 r--p 00004000 08:12 677845                     /usr/lib/jvm/java-11-openjdk-amd64/lib/libjimage.so
7fe9e5e99000-7fe9e5e9a000 rw-p 00005000 08:12 677845                     /usr/lib/jvm/java-11-openjdk-amd64/lib/libjimage.so
7fe9e5e9a000-7fe9e5ea1000 r-xp 00000000 08:12 677862                     /usr/lib/jvm/java-11-openjdk-amd64/lib/libzip.so
7fe9e5ea1000-7fe9e60a0000 ---p 00007000 08:12 677862                     /usr/lib/jvm/java-11-openjdk-amd64/lib/libzip.so
7fe9e60a0000-7fe9e60a1000 r--p 00006000 08:12 677862                     /usr/lib/jvm/java-11-openjdk-amd64/lib/libzip.so
7fe9e60a1000-7fe9e60a2000 rw-p 00007000 08:12 677862                     /usr/lib/jvm/java-11-openjdk-amd64/lib/libzip.so
7fe9e60a2000-7fe9e60ad000 r-xp 00000000 08:12 9179889                    /lib/x86_64-linux-gnu/libnss_files-2.27.so
7fe9e60ad000-7fe9e62ac000 ---p 0000b000 08:12 9179889                    /lib/x86_64-linux-gnu/libnss_files-2.27.so
7fe9e62ac000-7fe9e62ad000 r--p 0000a000 08:12 9179889                    /lib/x86_64-linux-gnu/libnss_files-2.27.so
7fe9e62ad000-7fe9e62ae000 rw-p 0000b000 08:12 9179889                    /lib/x86_64-linux-gnu/libnss_files-2.27.so
7fe9e62ae000-7fe9e62b4000 rw-p 00000000 00:00 0 
7fe9e62b4000-7fe9e62cb000 r-xp 00000000 08:12 9179883                    /lib/x86_64-linux-gnu/libnsl-2.27.so
7fe9e62cb000-7fe9e64ca000 ---p 00017000 08:12 9179883                    /lib/x86_64-linux-gnu/libnsl-2.27.so
7fe9e64ca000-7fe9e64cb000 r--p 00016000 08:12 9179883                    /lib/x86_64-linux-gnu/libnsl-2.27.so
7fe9e64cb000-7fe9e64cc000 rw-p 00017000 08:12 9179883                    /lib/x86_64-linux-gnu/libnsl-2.27.so
7fe9e64cc000-7fe9e64ce000 rw-p 00000000 00:00 0 
7fe9e64ce000-7fe9e64d9000 r-xp 00000000 08:12 9179900                    /lib/x86_64-linux-gnu/libnss_nis-2.27.so
7fe9e64d9000-7fe9e66d8000 ---p 0000b000 08:12 9179900                    /lib/x86_64-linux-gnu/libnss_nis-2.27.so
7fe9e66d8000-7fe9e66d9000 r--p 0000a000 08:12 9179900                    /lib/x86_64-linux-gnu/libnss_nis-2.27.so
7fe9e66d9000-7fe9e66da000 rw-p 0000b000 08:12 9179900                    /lib/x86_64-linux-gnu/libnss_nis-2.27.so
7fe9e66da000-7fe9e66e2000 r-xp 00000000 08:12 9179885                    /lib/x86_64-linux-gnu/libnss_compat-2.27.so
7fe9e66e2000-7fe9e68e2000 ---p 00008000 08:12 9179885                    /lib/x86_64-linux-gnu/libnss_compat-2.27.so
7fe9e68e2000-7fe9e68e3000 r--p 00008000 08:12 9179885                    /lib/x86_64-linux-gnu/libnss_compat-2.27.so
7fe9e68e3000-7fe9e68e4000 rw-p 00009000 08:12 9179885                    /lib/x86_64-linux-gnu/libnss_compat-2.27.so
7fe9e68e4000-7fe9e690d000 r-xp 00000000 08:12 677841                     /usr/lib/jvm/java-11-openjdk-amd64/lib/libjava.so
7fe9e690d000-7fe9e6b0c000 ---p 00029000 08:12 677841                     /usr/lib/jvm/java-11-openjdk-amd64/lib/libjava.so
7fe9e6b0c000-7fe9e6b0d000 r--p 00028000 08:12 677841                     /usr/lib/jvm/java-11-openjdk-amd64/lib/libjava.so
7fe9e6b0d000-7fe9e6b0f000 rw-p 00029000 08:12 677841                     /usr/lib/jvm/java-11-openjdk-amd64/lib/libjava.so
7fe9e6b0f000-7fe9e6b1c000 r-xp 00000000 08:12 677861                     /usr/lib/jvm/java-11-openjdk-amd64/lib/libverify.so
7fe9e6b1c000-7fe9e6d1b000 ---p 0000d000 08:12 677861                     /usr/lib/jvm/java-11-openjdk-amd64/lib/libverify.so
7fe9e6d1b000-7fe9e6d1d000 r--p 0000c000 08:12 677861                     /usr/lib/jvm/java-11-openjdk-amd64/lib/libverify.so
7fe9e6d1d000-7fe9e6d1e000 rw-p 0000e000 08:12 677861                     /usr/lib/jvm/java-11-openjdk-amd64/lib/libverify.so
7fe9e6d1e000-7fe9e6d25000 r-xp 00000000 08:12 9179940                    /lib/x86_64-linux-gnu/librt-2.27.so
7fe9e6d25000-7fe9e6f24000 ---p 00007000 08:12 9179940                    /lib/x86_64-linux-gnu/librt-2.27.so
7fe9e6f24000-7fe9e6f25000 r--p 00006000 08:12 9179940                    /lib/x86_64-linux-gnu/librt-2.27.so
7fe9e6f25000-7fe9e6f26000 rw-p 00007000 08:12 9179940                    /lib/x86_64-linux-gnu/librt-2.27.so
7fe9e6f26000-7fe9e6f3d000 r-xp 00000000 08:12 9175322                    /lib/x86_64-linux-gnu/libgcc_s.so.1
7fe9e6f3d000-7fe9e713c000 ---p 00017000 08:12 9175322                    /lib/x86_64-linux-gnu/libgcc_s.so.1
7fe9e713c000-7fe9e713d000 r--p 00016000 08:12 9175322                    /lib/x86_64-linux-gnu/libgcc_s.so.1
7fe9e713d000-7fe9e713e000 rw-p 00017000 08:12 9175322                    /lib/x86_64-linux-gnu/libgcc_s.so.1
7fe9e713e000-7fe9e72db000 r-xp 00000000 08:12 9179862                    /lib/x86_64-linux-gnu/libm-2.27.so
7fe9e72db000-7fe9e74da000 ---p 0019d000 08:12 9179862                    /lib/x86_64-linux-gnu/libm-2.27.so
7fe9e74da000-7fe9e74db000 r--p 0019c000 08:12 9179862                    /lib/x86_64-linux-gnu/libm-2.27.so
7fe9e74db000-7fe9e74dc000 rw-p 0019d000 08:12 9179862                    /lib/x86_64-linux-gnu/libm-2.27.so
7fe9e74dc000-7fe9e7655000 r-xp 00000000 08:12 14811192                   /usr/lib/x86_64-linux-gnu/libstdc++.so.6.0.25
7fe9e7655000-7fe9e7855000 ---p 00179000 08:12 14811192                   /usr/lib/x86_64-linux-gnu/libstdc++.so.6.0.25
7fe9e7855000-7fe9e785f000 r--p 00179000 08:12 14811192                   /usr/lib/x86_64-linux-gnu/libstdc++.so.6.0.25
7fe9e785f000-7fe9e7861000 rw-p 00183000 08:12 14811192                   /usr/lib/x86_64-linux-gnu/libstdc++.so.6.0.25
7fe9e7861000-7fe9e7865000 rw-p 00000000 00:00 0 
7fe9e7865000-7fe9e892d000 r-xp 00000000 08:12 677866                     /usr/lib/jvm/java-11-openjdk-amd64/lib/server/libjvm.so
7fe9e892d000-7fe9e8b2d000 ---p 010c8000 08:12 677866                     /usr/lib/jvm/java-11-openjdk-amd64/lib/server/libjvm.so
7fe9e8b2d000-7fe9e8bea000 r--p 010c8000 08:12 677866                     /usr/lib/jvm/java-11-openjdk-amd64/lib/server/libjvm.so
7fe9e8bea000-7fe9e8c23000 rw-p 01185000 08:12 677866                     /usr/lib/jvm/java-11-openjdk-amd64/lib/server/libjvm.so
7fe9e8c23000-7fe9e8c79000 rw-p 00000000 00:00 0 
7fe9e8c79000-7fe9e8c93000 r-xp 00000000 08:12 9179932                    /lib/x86_64-linux-gnu/libpthread-2.27.so
7fe9e8c93000-7fe9e8e92000 ---p 0001a000 08:12 9179932                    /lib/x86_64-linux-gnu/libpthread-2.27.so
7fe9e8e92000-7fe9e8e93000 r--p 00019000 08:12 9179932                    /lib/x86_64-linux-gnu/libpthread-2.27.so
7fe9e8e93000-7fe9e8e94000 rw-p 0001a000 08:12 9179932                    /lib/x86_64-linux-gnu/libpthread-2.27.so
7fe9e8e94000-7fe9e8e98000 rw-p 00000000 00:00 0 
7fe9e8e98000-7fe9e8e9b000 r-xp 00000000 08:12 9179822                    /lib/x86_64-linux-gnu/libdl-2.27.so
7fe9e8e9b000-7fe9e909a000 ---p 00003000 08:12 9179822                    /lib/x86_64-linux-gnu/libdl-2.27.so
7fe9e909a000-7fe9e909b000 r--p 00002000 08:12 9179822                    /lib/x86_64-linux-gnu/libdl-2.27.so
7fe9e909b000-7fe9e909c000 rw-p 00003000 08:12 9179822                    /lib/x86_64-linux-gnu/libdl-2.27.so
7fe9e909c000-7fe9e90b8000 r-xp 00000000 08:12 9179971                    /lib/x86_64-linux-gnu/libz.so.1.2.11
7fe9e90b8000-7fe9e92b7000 ---p 0001c000 08:12 9179971                    /lib/x86_64-linux-gnu/libz.so.1.2.11
7fe9e92b7000-7fe9e92b8000 r--p 0001b000 08:12 9179971                    /lib/x86_64-linux-gnu/libz.so.1.2.11
7fe9e92b8000-7fe9e92b9000 rw-p 0001c000 08:12 9179971                    /lib/x86_64-linux-gnu/libz.so.1.2.11
7fe9e92b9000-7fe9e94a0000 r-xp 00000000 08:12 9179799                    /lib/x86_64-linux-gnu/libc-2.27.so
7fe9e94a0000-7fe9e96a0000 ---p 001e7000 08:12 9179799                    /lib/x86_64-linux-gnu/libc-2.27.so
7fe9e96a0000-7fe9e96a4000 r--p 001e7000 08:12 9179799                    /lib/x86_64-linux-gnu/libc-2.27.so
7fe9e96a4000-7fe9e96a6000 rw-p 001eb000 08:12 9179799                    /lib/x86_64-linux-gnu/libc-2.27.so
7fe9e96a6000-7fe9e96aa000 rw-p 00000000 00:00 0 
7fe9e96aa000-7fe9e96b9000 r-xp 00000000 08:12 677826                     /usr/lib/jvm/java-11-openjdk-amd64/lib/jli/libjli.so
7fe9e96b9000-7fe9e98b9000 ---p 0000f000 08:12 677826                     /usr/lib/jvm/java-11-openjdk-amd64/lib/jli/libjli.so
7fe9e98b9000-7fe9e98ba000 r--p 0000f000 08:12 677826                     /usr/lib/jvm/java-11-openjdk-amd64/lib/jli/libjli.so
7fe9e98ba000-7fe9e98bb000 rw-p 00010000 08:12 677826                     /usr/lib/jvm/java-11-openjdk-amd64/lib/jli/libjli.so
7fe9e98bb000-7fe9e98e2000 r-xp 00000000 08:12 9179771                    /lib/x86_64-linux-gnu/ld-2.27.so
7fe9e991a000-7fe9e99b7000 rw-p 00000000 00:00 0 
7fe9e99b7000-7fe9e99bb000 ---p 00000000 00:00 0 
7fe9e99bb000-7fe9e9aba000 rw-p 00000000 00:00 0 
7fe9e9ac8000-7fe9e9acd000 rw-p 00000000 00:00 0 
7fe9e9acd000-7fe9e9ad4000 ---p 00000000 00:00 0 
7fe9e9ad4000-7fe9e9ad6000 r--s 00007000 08:12 134994                     /usr/share/java/java-atk-wrapper.jar
7fe9e9ad6000-7fe9e9ade000 rw-s 00000000 08:12 5771504                    /tmp/hsperfdata_coldchip/2291
7fe9e9ade000-7fe9e9adf000 ---p 00000000 00:00 0 
7fe9e9adf000-7fe9e9ae0000 r--p 00000000 00:00 0 
7fe9e9ae0000-7fe9e9ae2000 rw-p 00000000 00:00 0 
7fe9e9ae2000-7fe9e9ae3000 r--p 00027000 08:12 9179771                    /lib/x86_64-linux-gnu/ld-2.27.so
7fe9e9ae3000-7fe9e9ae4000 rw-p 00028000 08:12 9179771                    /lib/x86_64-linux-gnu/ld-2.27.so
7fe9e9ae4000-7fe9e9ae5000 rw-p 00000000 00:00 0 
7ffefcd9e000-7ffefcdbf000 rw-p 00000000 00:00 0                          [stack]
7ffefcdbf000-7ffefcdc2000 r--p 00000000 00:00 0                          [vvar]
7ffefcdc2000-7ffefcdc4000 r-xp 00000000 00:00 0                          [vdso]
ffffffffff600000-ffffffffff601000 r-xp 00000000 00:00 0                  [vsyscall]


VM Arguments:
java_command: Build/server.jar
java_class_path (initial): Build/server.jar
Launcher Type: SUN_STANDARD

[Global flags]
     intx CICompilerCount                          = 3                                         {product} {ergonomic}
     uint ConcGCThreads                            = 1                                         {product} {ergonomic}
     uint G1ConcRefinementThreads                  = 4                                         {product} {ergonomic}
   size_t G1HeapRegionSize                         = 1048576                                   {product} {ergonomic}
    uintx GCDrainStackTargetSize                   = 64                                        {product} {ergonomic}
   size_t InitialHeapSize                          = 130023424                                 {product} {ergonomic}
   size_t MarkStackSize                            = 4194304                                   {product} {ergonomic}
   size_t MaxHeapSize                              = 2057306112                                {product} {ergonomic}
   size_t MaxNewSize                               = 1234173952                                {product} {ergonomic}
   size_t MinHeapDeltaBytes                        = 1048576                                   {product} {ergonomic}
    uintx NonNMethodCodeHeapSize                   = 5830092                                {pd product} {ergonomic}
    uintx NonProfiledCodeHeapSize                  = 122914074                              {pd product} {ergonomic}
    uintx ProfiledCodeHeapSize                     = 122914074                              {pd product} {ergonomic}
    uintx ReservedCodeCacheSize                    = 251658240                              {pd product} {ergonomic}
     bool SegmentedCodeCache                       = true                                      {product} {ergonomic}
     bool UseCompressedClassPointers               = true                                 {lp64_product} {ergonomic}
     bool UseCompressedOops                        = true                                 {lp64_product} {ergonomic}
     bool UseG1GC                                  = true                                      {product} {ergonomic}

Logging:
Log output configuration:
 #0: stdout all=warning uptime,level,tags
 #1: stderr all=off uptime,level,tags

Environment Variables:
PATH=/home/coldchip/google-cloud-sdk/bin:/home/coldchip/.local/bin:/home/coldchip/bin:/usr/local/sbin:/usr/local/bin:/usr/sbin:/usr/bin:/sbin:/bin:/usr/games:/usr/local/games:/snap/bin
USERNAME=coldchip
SHELL=/bin/bash
DISPLAY=:0

Signal Handlers:
SIGSEGV: [libjvm.so+0xde2f90], sa_mask[0]=11111111011111111101111111111110, sa_flags=SA_RESTART|SA_SIGINFO
SIGBUS: [libjvm.so+0xde2f90], sa_mask[0]=11111111011111111101111111111110, sa_flags=SA_RESTART|SA_SIGINFO
SIGFPE: [libjvm.so+0xde2f90], sa_mask[0]=11111111011111111101111111111110, sa_flags=SA_RESTART|SA_SIGINFO
SIGPIPE: [libjvm.so+0xbb85d0], sa_mask[0]=11111111011111111101111111111110, sa_flags=SA_RESTART|SA_SIGINFO
SIGXFSZ: [libjvm.so+0xbb85d0], sa_mask[0]=11111111011111111101111111111110, sa_flags=SA_RESTART|SA_SIGINFO
SIGILL: [libjvm.so+0xde2f90], sa_mask[0]=11111111011111111101111111111110, sa_flags=SA_RESTART|SA_SIGINFO
SIGUSR2: [libjvm.so+0xbb8470], sa_mask[0]=00000000000000000000000000000000, sa_flags=SA_RESTART|SA_SIGINFO
SIGHUP: [libjvm.so+0xbb87d0], sa_mask[0]=11111111011111111101111111111110, sa_flags=SA_RESTART|SA_SIGINFO
SIGINT: [libjvm.so+0xbb87d0], sa_mask[0]=11111111011111111101111111111110, sa_flags=SA_RESTART|SA_SIGINFO
SIGTERM: [libjvm.so+0xbb87d0], sa_mask[0]=11111111011111111101111111111110, sa_flags=SA_RESTART|SA_SIGINFO
SIGQUIT: [libjvm.so+0xbb87d0], sa_mask[0]=11111111011111111101111111111110, sa_flags=SA_RESTART|SA_SIGINFO


---------------  S Y S T E M  ---------------

OS:DISTRIB_ID=Ubuntu
DISTRIB_RELEASE=18.04
DISTRIB_CODENAME=bionic
DISTRIB_DESCRIPTION="Ubuntu 18.04.1 LTS"
uname:Linux 4.15.0-51-generic #55-Ubuntu SMP Wed May 15 14:27:21 UTC 2019 x86_64
libc:glibc 2.27 NPTL 2.27 
rlimit: STACK 8192k, CORE 0k, NPROC 30768, NOFILE 4096, AS infinity, DATA infinity, FSIZE infinity
load average:1.59 0.98 0.67

/proc/meminfo:
MemTotal:        8032224 kB
MemFree:         2267888 kB
MemAvailable:    4288536 kB
Buffers:          521732 kB
Cached:          1841884 kB
SwapCached:            0 kB
Active:          3869940 kB
Inactive:        1201164 kB
Active(anon):    2708996 kB
Inactive(anon):   459796 kB
Active(file):    1160944 kB
Inactive(file):   741368 kB
Unevictable:         252 kB
Mlocked:             252 kB
SwapTotal:       2097148 kB
SwapFree:        2097148 kB
Dirty:               800 kB
Writeback:             0 kB
AnonPages:       2707864 kB
Mapped:           668668 kB
Shmem:            461308 kB
Slab:             509404 kB
SReclaimable:     424120 kB
SUnreclaim:        85284 kB
KernelStack:       16976 kB
PageTables:        84348 kB
NFS_Unstable:          0 kB
Bounce:                0 kB
WritebackTmp:          0 kB
CommitLimit:     6113260 kB
Committed_AS:   12683768 kB
VmallocTotal:   34359738367 kB
VmallocUsed:           0 kB
VmallocChunk:          0 kB
HardwareCorrupted:     0 kB
AnonHugePages:         0 kB
ShmemHugePages:        0 kB
ShmemPmdMapped:        0 kB
CmaTotal:              0 kB
CmaFree:               0 kB
HugePages_Total:       0
HugePages_Free:        0
HugePages_Rsvd:        0
HugePages_Surp:        0
Hugepagesize:       2048 kB
DirectMap4k:      274108 kB
DirectMap2M:     7979008 kB


/proc/sys/kernel/threads-max (system-wide limit on the number of threads):
61536


/proc/sys/vm/max_map_count (maximum number of memory map areas a process may have):
65530


/proc/sys/kernel/pid_max (system-wide limit on number of process identifiers):
32768



container (cgroup) information:
container_type: cgroupv1
cpu_cpuset_cpus: 0-3
cpu_memory_nodes: 0
active_processor_count: 4
cpu_quota: -1
cpu_period: 100000
cpu_shares: -1
memory_limit_in_bytes: -1
memory_and_swap_limit_in_bytes: -2
memory_soft_limit_in_bytes: -1
memory_usage_in_bytes: 5193326592
memory_max_usage_in_bytes: 0


CPU:total 4 (initial active 4) (2 cores per cpu, 2 threads per core) family 6 model 58 stepping 9, cmov, cx8, fxsr, mmx, sse, sse2, sse3, ssse3, sse4.1, sse4.2, popcnt, avx, aes, clmul, erms, ht, tsc, tscinvbit, tscinv
CPU Model and flags from /proc/cpuinfo:
model name	: Intel(R) Core(TM) i7-3520M CPU @ 2.90GHz
flags		: fpu vme de pse tsc msr pae mce cx8 apic sep mtrr pge mca cmov pat pse36 clflush dts acpi mmx fxsr sse sse2 ss ht tm pbe syscall nx rdtscp lm constant_tsc arch_perfmon pebs bts rep_good nopl xtopology nonstop_tsc cpuid aperfmperf pni pclmulqdq dtes64 monitor ds_cpl vmx smx est tm2 ssse3 cx16 xtpr pdcm pcid sse4_1 sse4_2 x2apic popcnt tsc_deadline_timer aes xsave avx f16c rdrand lahf_lm cpuid_fault epb pti ssbd ibrs ibpb stibp tpr_shadow vnmi flexpriority ept vpid fsgsbase smep erms xsaveopt dtherm ida arat pln pts md_clear flush_l1d

Memory: 4k page, physical 8032224k(2267888k free), swap 2097148k(2097148k free)

vm_info: OpenJDK 64-Bit Server VM (11.0.3+7-Ubuntu-1ubuntu218.04.1) for linux-amd64 JRE (11.0.3+7-Ubuntu-1ubuntu218.04.1), built on Apr 23 2019 18:34:35 by "buildd" with gcc 7.3.0

END.
