#
# A fatal error has been detected by the Java Runtime Environment:
#
#  SIGSEGV (0xb) at pc=0x00007f7ea35b267f, pid=2465, tid=2467
#
# JRE version: OpenJDK Runtime Environment (11.0.3+7) (build 11.0.3+7-Ubuntu-1ubuntu218.04.1)
# Java VM: OpenJDK 64-Bit Server VM (11.0.3+7-Ubuntu-1ubuntu218.04.1, mixed mode, sharing, tiered, compressed oops, g1 gc, linux-amd64)
# Problematic frame:
# C  [libenet.so+0x1667f]  enet_range_coder_compress+0x1dd
#
# No core dump will be written. Core dumps have been disabled. To enable core dumping, try "ulimit -c unlimited" before starting Java again
#
# If you would like to submit a bug report, please visit:
#   http://bugreport.java.com/bugreport/crash.jsp
# The crash happened outside the Java Virtual Machine in native code.
# See problematic frame for where to report the bug.
#

---------------  S U M M A R Y ------------

Command Line: Build/server.jar

Host: Intel(R) Core(TM) i7-3520M CPU @ 2.90GHz, 4 cores, 7G, Ubuntu 18.04.1 LTS
Time: Tue Jun 25 20:15:45 2019 CST elapsed time: 4 seconds (0d 0h 0m 4s)

---------------  T H R E A D  ---------------

Current thread (0x00007f7eec011800):  JavaThread "main" [_thread_in_native, id=2467, stack(0x00007f7ef45b3000,0x00007f7ef46b4000)]

Stack: [0x00007f7ef45b3000,0x00007f7ef46b4000],  sp=0x00007f7ef46b2630,  free space=1021k
Native frames: (J=compiled Java code, A=aot compiled Java code, j=interpreted, Vv=VM code, C=native code)
C  [libenet.so+0x1667f]  enet_range_coder_compress+0x1dd
C  [libenet.so+0x1fa06]  enet_protocol_send_outgoing_commands+0x501
C  [libenet.so+0x1fde1]  enet_host_service+0x10e
C  [libenet.so+0x2d24e]  Java_ru_ColdChip_GrowtopiaServer_ENetJava_enetJNI_enet_1host_1service+0x6a
j  ru.ColdChip.GrowtopiaServer.ENetJava.enetJNI.enet_host_service(JLru/ColdChip/GrowtopiaServer/ENetJava/ENetHost;JLru/ColdChip/GrowtopiaServer/ENetJava/ENetEvent;J)I+0
j  ru.ColdChip.GrowtopiaServer.ENetJava.enet.Service(Lru/ColdChip/GrowtopiaServer/ENetJava/ENetHost;Lru/ColdChip/GrowtopiaServer/ENetJava/ENetEvent;J)I+11
j  ru.ColdChip.GrowtopiaServer.Server.main([Ljava/lang/String;)V+154
v  ~StubRoutines::call_stub
V  [libjvm.so+0x8410f9]
V  [libjvm.so+0x8b913d]
V  [libjvm.so+0x8bb22e]
C  [libjli.so+0x5606]
C  [libjli.so+0x900d]

Java frames: (J=compiled Java code, j=interpreted, Vv=VM code)
j  ru.ColdChip.GrowtopiaServer.ENetJava.enetJNI.enet_host_service(JLru/ColdChip/GrowtopiaServer/ENetJava/ENetHost;JLru/ColdChip/GrowtopiaServer/ENetJava/ENetEvent;J)I+0
j  ru.ColdChip.GrowtopiaServer.ENetJava.enet.Service(Lru/ColdChip/GrowtopiaServer/ENetJava/ENetHost;Lru/ColdChip/GrowtopiaServer/ENetJava/ENetEvent;J)I+11
j  ru.ColdChip.GrowtopiaServer.Server.main([Ljava/lang/String;)V+154
v  ~StubRoutines::call_stub

siginfo: si_signo: 11 (SIGSEGV), si_code: 1 (SEGV_MAPERR), si_addr: 0x0000000000000000

Register to memory mapping:

RAX=0x0 is NULL
RBX={method} {0x00007f7ec9502af8} 'enet_host_service' '(JLru/ColdChip/GrowtopiaServer/ENetJava/ENetHost;JLru/ColdChip/GrowtopiaServer/ENetJava/ENetEvent;J)I' in 'ru/ColdChip/GrowtopiaServer/ENetJava/enetJNI'
RCX=0x0000000000000083 is an unknown value
RDX=0x0000000000000001 is an unknown value
RSP=0x00007f7ef46b2630 is pointing into the stack for thread: 0x00007f7eec011800
RBP=0x00007f7ef46b26f0 is pointing into the stack for thread: 0x00007f7eec011800
RSI=0x0000000000000010 is an unknown value
RDI=0x0000000000000009 is an unknown value
R8 =0x00007f7eec23c748 points into unknown readable memory: 07 f9 07 83 f6 d7 f7 cd
R9 =0x0000000000000086 is an unknown value
R10=0x0000000000000004 is an unknown value
R11=0x00007f7ef46b2750 is pointing into the stack for thread: 0x00007f7eec011800
R12=0x0 is NULL
R13={method} {0x00007f7ec9502af8} 'enet_host_service' '(JLru/ColdChip/GrowtopiaServer/ENetJava/ENetHost;JLru/ColdChip/GrowtopiaServer/ENetJava/ENetEvent;J)I' in 'ru/ColdChip/GrowtopiaServer/ENetJava/enetJNI'
R14=0x00007f7ef46b2900 is pointing into the stack for thread: 0x00007f7eec011800
R15=0x00007f7eec011800 is a thread


Registers:
RAX=0x0000000000000000, RBX=0x00007f7ec9502af8, RCX=0x0000000000000083, RDX=0x0000000000000001
RSP=0x00007f7ef46b2630, RBP=0x00007f7ef46b26f0, RSI=0x0000000000000010, RDI=0x0000000000000009
R8 =0x00007f7eec23c748, R9 =0x0000000000000086, R10=0x0000000000000004, R11=0x00007f7ef46b2750
R12=0x0000000000000000, R13=0x00007f7ec9502af8, R14=0x00007f7ef46b2900, R15=0x00007f7eec011800
RIP=0x00007f7ea35b267f, EFLAGS=0x0000000000010202, CSGSFS=0x002b000000000033, ERR=0x0000000000000004
  TRAPNO=0x000000000000000e

Top of Stack: (sp=0x00007f7ef46b2630)
0x00007f7ef46b2630:   0000000000000086 00007f7eec23c74c
0x00007f7ef46b2640:   0000000000000086 0000000000000002
0x00007f7ef46b2650:   00007f7eec23b338 00007f7eec24dfa0
0x00007f7ef46b2660:   00007f7ef46b2690 0000000000000000 

Instructions: (pc=0x00007f7ea35b267f)
0x00007f7ea35b265f:   48 89 45 98 48 83 85 60 ff ff ff 10 48 83 ad 58
0x00007f7ea35b266f:   ff ff ff 01 48 8b 45 90 48 8d 50 01 48 89 55 90
0x00007f7ea35b267f:   0f b6 00 88 85 7f ff ff ff 0f b7 45 80 0f b7 c0
0x00007f7ea35b268f:   48 98 48 c1 e0 04 48 89 c2 48 8b 45 e0 48 01 d0 

Stack slot to memory mapping:
stack at sp + 0 slots: 0x0000000000000086 is an unknown value
stack at sp + 1 slots: 0x00007f7eec23c74c points into unknown readable memory: f6 d7 f7 cd
stack at sp + 2 slots: 0x0000000000000086 is an unknown value
stack at sp + 3 slots: 0x0000000000000002 is an unknown value
stack at sp + 4 slots: 0x00007f7eec23b338 points into unknown readable memory: 2a ad 23 ec 7e 7f 00 00
stack at sp + 5 slots: 0x00007f7eec24dfa0 points into unknown readable memory: 00 00 00 00 00 00 00 00
stack at sp + 6 slots: 0x00007f7ef46b2690 is pointing into the stack for thread: 0x00007f7eec011800
stack at sp + 7 slots: 0x0 is NULL


---------------  P R O C E S S  ---------------

Threads class SMR info:
_java_thread_list=0x00007f7eec1dac30, length=9, elements={
0x00007f7eec011800, 0x00007f7eec16f000, 0x00007f7eec179000, 0x00007f7eec17f800,
0x00007f7eec181800, 0x00007f7eec183800, 0x00007f7eec185800, 0x00007f7eec1d4800,
0x00007f7eec1d9800
}

Java Threads: ( => current thread )
=>0x00007f7eec011800 JavaThread "main" [_thread_in_native, id=2467, stack(0x00007f7ef45b3000,0x00007f7ef46b4000)]
  0x00007f7eec16f000 JavaThread "Reference Handler" daemon [_thread_blocked, id=2480, stack(0x00007f7ec8ed0000,0x00007f7ec8fd1000)]
  0x00007f7eec179000 JavaThread "Finalizer" daemon [_thread_blocked, id=2482, stack(0x00007f7ec8dcf000,0x00007f7ec8ed0000)]
  0x00007f7eec17f800 JavaThread "Signal Dispatcher" daemon [_thread_blocked, id=2484, stack(0x00007f7ec82ff000,0x00007f7ec8400000)]
  0x00007f7eec181800 JavaThread "C2 CompilerThread0" daemon [_thread_blocked, id=2485, stack(0x00007f7ec81fe000,0x00007f7ec82ff000)]
  0x00007f7eec183800 JavaThread "C1 CompilerThread0" daemon [_thread_blocked, id=2486, stack(0x00007f7ec80fd000,0x00007f7ec81fe000)]
  0x00007f7eec185800 JavaThread "Sweeper thread" daemon [_thread_blocked, id=2487, stack(0x00007f7ea3eff000,0x00007f7ea4000000)]
  0x00007f7eec1d4800 JavaThread "Service Thread" daemon [_thread_blocked, id=2491, stack(0x00007f7ea3dfe000,0x00007f7ea3eff000)]
  0x00007f7eec1d9800 JavaThread "Common-Cleaner" daemon [_thread_blocked, id=2493, stack(0x00007f7ea3bfb000,0x00007f7ea3cfc000)]

Other Threads:
  0x00007f7eec16c000 VMThread "VM Thread" [stack: 0x00007f7ec8fd3000,0x00007f7ec90d3000] [id=2479]
  0x00007f7eec1d7000 WatcherThread [stack: 0x00007f7ea3cfe000,0x00007f7ea3dfe000] [id=2492]
  0x00007f7eec028000 GCTaskThread "GC Thread#0" [stack: 0x00007f7ef05ba000,0x00007f7ef06ba000] [id=2470]
  0x00007f7eec059000 ConcurrentGCThread "G1 Main Marker" [stack: 0x00007f7ef00b4000,0x00007f7ef01b4000] [id=2471]
  0x00007f7eec05a800 ConcurrentGCThread "G1 Conc#0" [stack: 0x00007f7ed40d4000,0x00007f7ed41d4000] [id=2472]
  0x00007f7eec0d3000 ConcurrentGCThread "G1 Refine#0" [stack: 0x00007f7ec99d7000,0x00007f7ec9ad7000] [id=2473]
  0x00007f7eec0d4800 ConcurrentGCThread "G1 Young RemSet Sampling" [stack: 0x00007f7ec98d5000,0x00007f7ec99d5000] [id=2478]

Threads with active compile tasks:

VM state:not at safepoint (normal execution)

VM Mutex/Monitor currently owned by a thread: None

Heap address: 0x0000000085600000, size: 1962 MB, Compressed Oops mode: 32-bit
Narrow klass base: 0x0000000800000000, Narrow klass shift: 3
Compressed class space size: 1073741824 Address: 0x0000000840000000

Heap:
 garbage-first heap   total 129024K, used 5756K [0x0000000085600000, 0x0000000100000000)
  region size 1024K, 2 young (2048K), 0 survivors (0K)
 Metaspace       used 964K, capacity 4841K, committed 5120K, reserved 1056768K
  class space    used 74K, capacity 442K, committed 512K, reserved 1048576K
Heap Regions: E=young(eden), S=young(survivor), O=old, HS=humongous(starts), HC=humongous(continues), CS=collection set, F=free, A=archive, TAMS=top-at-mark-start (previous, next)
|   0|0x0000000085600000, 0x0000000085700000, 0x0000000085700000|100%|HS|  |TAMS 0x0000000085600000, 0x0000000085600000| Complete 
|   1|0x0000000085700000, 0x0000000085800000, 0x0000000085800000|100%|HC|  |TAMS 0x0000000085700000, 0x0000000085700000| Complete 
|   2|0x0000000085800000, 0x0000000085900000, 0x0000000085900000|100%|HS|  |TAMS 0x0000000085800000, 0x0000000085800000| Complete 
|   3|0x0000000085900000, 0x0000000085a00000, 0x0000000085a00000|100%|HC|  |TAMS 0x0000000085900000, 0x0000000085900000| Complete 
|   4|0x0000000085a00000, 0x0000000085a00000, 0x0000000085b00000|  0%| F|  |TAMS 0x0000000085a00000, 0x0000000085a00000| Untracked 
|   5|0x0000000085b00000, 0x0000000085b00000, 0x0000000085c00000|  0%| F|  |TAMS 0x0000000085b00000, 0x0000000085b00000| Untracked 
|   6|0x0000000085c00000, 0x0000000085c00000, 0x0000000085d00000|  0%| F|  |TAMS 0x0000000085c00000, 0x0000000085c00000| Untracked 
|   7|0x0000000085d00000, 0x0000000085d00000, 0x0000000085e00000|  0%| F|  |TAMS 0x0000000085d00000, 0x0000000085d00000| Untracked 
|   8|0x0000000085e00000, 0x0000000085e00000, 0x0000000085f00000|  0%| F|  |TAMS 0x0000000085e00000, 0x0000000085e00000| Untracked 
|   9|0x0000000085f00000, 0x0000000085f00000, 0x0000000086000000|  0%| F|  |TAMS 0x0000000085f00000, 0x0000000085f00000| Untracked 
|  10|0x0000000086000000, 0x0000000086000000, 0x0000000086100000|  0%| F|  |TAMS 0x0000000086000000, 0x0000000086000000| Untracked 
|  11|0x0000000086100000, 0x0000000086100000, 0x0000000086200000|  0%| F|  |TAMS 0x0000000086100000, 0x0000000086100000| Untracked 
|  12|0x0000000086200000, 0x0000000086200000, 0x0000000086300000|  0%| F|  |TAMS 0x0000000086200000, 0x0000000086200000| Untracked 
|  13|0x0000000086300000, 0x0000000086300000, 0x0000000086400000|  0%| F|  |TAMS 0x0000000086300000, 0x0000000086300000| Untracked 
|  14|0x0000000086400000, 0x0000000086400000, 0x0000000086500000|  0%| F|  |TAMS 0x0000000086400000, 0x0000000086400000| Untracked 
|  15|0x0000000086500000, 0x0000000086500000, 0x0000000086600000|  0%| F|  |TAMS 0x0000000086500000, 0x0000000086500000| Untracked 
|  16|0x0000000086600000, 0x0000000086600000, 0x0000000086700000|  0%| F|  |TAMS 0x0000000086600000, 0x0000000086600000| Untracked 
|  17|0x0000000086700000, 0x0000000086700000, 0x0000000086800000|  0%| F|  |TAMS 0x0000000086700000, 0x0000000086700000| Untracked 
|  18|0x0000000086800000, 0x0000000086800000, 0x0000000086900000|  0%| F|  |TAMS 0x0000000086800000, 0x0000000086800000| Untracked 
|  19|0x0000000086900000, 0x0000000086900000, 0x0000000086a00000|  0%| F|  |TAMS 0x0000000086900000, 0x0000000086900000| Untracked 
|  20|0x0000000086a00000, 0x0000000086a00000, 0x0000000086b00000|  0%| F|  |TAMS 0x0000000086a00000, 0x0000000086a00000| Untracked 
|  21|0x0000000086b00000, 0x0000000086b00000, 0x0000000086c00000|  0%| F|  |TAMS 0x0000000086b00000, 0x0000000086b00000| Untracked 
|  22|0x0000000086c00000, 0x0000000086c00000, 0x0000000086d00000|  0%| F|  |TAMS 0x0000000086c00000, 0x0000000086c00000| Untracked 
|  23|0x0000000086d00000, 0x0000000086d00000, 0x0000000086e00000|  0%| F|  |TAMS 0x0000000086d00000, 0x0000000086d00000| Untracked 
|  24|0x0000000086e00000, 0x0000000086e00000, 0x0000000086f00000|  0%| F|  |TAMS 0x0000000086e00000, 0x0000000086e00000| Untracked 
|  25|0x0000000086f00000, 0x0000000086f00000, 0x0000000087000000|  0%| F|  |TAMS 0x0000000086f00000, 0x0000000086f00000| Untracked 
|  26|0x0000000087000000, 0x0000000087000000, 0x0000000087100000|  0%| F|  |TAMS 0x0000000087000000, 0x0000000087000000| Untracked 
|  27|0x0000000087100000, 0x0000000087100000, 0x0000000087200000|  0%| F|  |TAMS 0x0000000087100000, 0x0000000087100000| Untracked 
|  28|0x0000000087200000, 0x0000000087200000, 0x0000000087300000|  0%| F|  |TAMS 0x0000000087200000, 0x0000000087200000| Untracked 
|  29|0x0000000087300000, 0x0000000087300000, 0x0000000087400000|  0%| F|  |TAMS 0x0000000087300000, 0x0000000087300000| Untracked 
|  30|0x0000000087400000, 0x0000000087400000, 0x0000000087500000|  0%| F|  |TAMS 0x0000000087400000, 0x0000000087400000| Untracked 
|  31|0x0000000087500000, 0x0000000087500000, 0x0000000087600000|  0%| F|  |TAMS 0x0000000087500000, 0x0000000087500000| Untracked 
|  32|0x0000000087600000, 0x0000000087600000, 0x0000000087700000|  0%| F|  |TAMS 0x0000000087600000, 0x0000000087600000| Untracked 
|  33|0x0000000087700000, 0x0000000087700000, 0x0000000087800000|  0%| F|  |TAMS 0x0000000087700000, 0x0000000087700000| Untracked 
|  34|0x0000000087800000, 0x0000000087800000, 0x0000000087900000|  0%| F|  |TAMS 0x0000000087800000, 0x0000000087800000| Untracked 
|  35|0x0000000087900000, 0x0000000087900000, 0x0000000087a00000|  0%| F|  |TAMS 0x0000000087900000, 0x0000000087900000| Untracked 
|  36|0x0000000087a00000, 0x0000000087a00000, 0x0000000087b00000|  0%| F|  |TAMS 0x0000000087a00000, 0x0000000087a00000| Untracked 
|  37|0x0000000087b00000, 0x0000000087b00000, 0x0000000087c00000|  0%| F|  |TAMS 0x0000000087b00000, 0x0000000087b00000| Untracked 
|  38|0x0000000087c00000, 0x0000000087c00000, 0x0000000087d00000|  0%| F|  |TAMS 0x0000000087c00000, 0x0000000087c00000| Untracked 
|  39|0x0000000087d00000, 0x0000000087d00000, 0x0000000087e00000|  0%| F|  |TAMS 0x0000000087d00000, 0x0000000087d00000| Untracked 
|  40|0x0000000087e00000, 0x0000000087e00000, 0x0000000087f00000|  0%| F|  |TAMS 0x0000000087e00000, 0x0000000087e00000| Untracked 
|  41|0x0000000087f00000, 0x0000000087f00000, 0x0000000088000000|  0%| F|  |TAMS 0x0000000087f00000, 0x0000000087f00000| Untracked 
|  42|0x0000000088000000, 0x0000000088000000, 0x0000000088100000|  0%| F|  |TAMS 0x0000000088000000, 0x0000000088000000| Untracked 
|  43|0x0000000088100000, 0x0000000088100000, 0x0000000088200000|  0%| F|  |TAMS 0x0000000088100000, 0x0000000088100000| Untracked 
|  44|0x0000000088200000, 0x0000000088200000, 0x0000000088300000|  0%| F|  |TAMS 0x0000000088200000, 0x0000000088200000| Untracked 
|  45|0x0000000088300000, 0x0000000088300000, 0x0000000088400000|  0%| F|  |TAMS 0x0000000088300000, 0x0000000088300000| Untracked 
|  46|0x0000000088400000, 0x0000000088400000, 0x0000000088500000|  0%| F|  |TAMS 0x0000000088400000, 0x0000000088400000| Untracked 
|  47|0x0000000088500000, 0x0000000088500000, 0x0000000088600000|  0%| F|  |TAMS 0x0000000088500000, 0x0000000088500000| Untracked 
|  48|0x0000000088600000, 0x0000000088600000, 0x0000000088700000|  0%| F|  |TAMS 0x0000000088600000, 0x0000000088600000| Untracked 
|  49|0x0000000088700000, 0x0000000088700000, 0x0000000088800000|  0%| F|  |TAMS 0x0000000088700000, 0x0000000088700000| Untracked 
|  50|0x0000000088800000, 0x0000000088800000, 0x0000000088900000|  0%| F|  |TAMS 0x0000000088800000, 0x0000000088800000| Untracked 
|  51|0x0000000088900000, 0x0000000088900000, 0x0000000088a00000|  0%| F|  |TAMS 0x0000000088900000, 0x0000000088900000| Untracked 
|  52|0x0000000088a00000, 0x0000000088a00000, 0x0000000088b00000|  0%| F|  |TAMS 0x0000000088a00000, 0x0000000088a00000| Untracked 
|  53|0x0000000088b00000, 0x0000000088b00000, 0x0000000088c00000|  0%| F|  |TAMS 0x0000000088b00000, 0x0000000088b00000| Untracked 
|  54|0x0000000088c00000, 0x0000000088c00000, 0x0000000088d00000|  0%| F|  |TAMS 0x0000000088c00000, 0x0000000088c00000| Untracked 
|  55|0x0000000088d00000, 0x0000000088d00000, 0x0000000088e00000|  0%| F|  |TAMS 0x0000000088d00000, 0x0000000088d00000| Untracked 
|  56|0x0000000088e00000, 0x0000000088e00000, 0x0000000088f00000|  0%| F|  |TAMS 0x0000000088e00000, 0x0000000088e00000| Untracked 
|  57|0x0000000088f00000, 0x0000000088f00000, 0x0000000089000000|  0%| F|  |TAMS 0x0000000088f00000, 0x0000000088f00000| Untracked 
|  58|0x0000000089000000, 0x0000000089000000, 0x0000000089100000|  0%| F|  |TAMS 0x0000000089000000, 0x0000000089000000| Untracked 
|  59|0x0000000089100000, 0x0000000089100000, 0x0000000089200000|  0%| F|  |TAMS 0x0000000089100000, 0x0000000089100000| Untracked 
|  60|0x0000000089200000, 0x0000000089200000, 0x0000000089300000|  0%| F|  |TAMS 0x0000000089200000, 0x0000000089200000| Untracked 
|  61|0x0000000089300000, 0x0000000089300000, 0x0000000089400000|  0%| F|  |TAMS 0x0000000089300000, 0x0000000089300000| Untracked 
|  62|0x0000000089400000, 0x0000000089400000, 0x0000000089500000|  0%| F|  |TAMS 0x0000000089400000, 0x0000000089400000| Untracked 
|  63|0x0000000089500000, 0x0000000089500000, 0x0000000089600000|  0%| F|  |TAMS 0x0000000089500000, 0x0000000089500000| Untracked 
|  64|0x0000000089600000, 0x0000000089600000, 0x0000000089700000|  0%| F|  |TAMS 0x0000000089600000, 0x0000000089600000| Untracked 
|  65|0x0000000089700000, 0x0000000089700000, 0x0000000089800000|  0%| F|  |TAMS 0x0000000089700000, 0x0000000089700000| Untracked 
|  66|0x0000000089800000, 0x0000000089800000, 0x0000000089900000|  0%| F|  |TAMS 0x0000000089800000, 0x0000000089800000| Untracked 
|  67|0x0000000089900000, 0x0000000089900000, 0x0000000089a00000|  0%| F|  |TAMS 0x0000000089900000, 0x0000000089900000| Untracked 
|  68|0x0000000089a00000, 0x0000000089a00000, 0x0000000089b00000|  0%| F|  |TAMS 0x0000000089a00000, 0x0000000089a00000| Untracked 
|  69|0x0000000089b00000, 0x0000000089b00000, 0x0000000089c00000|  0%| F|  |TAMS 0x0000000089b00000, 0x0000000089b00000| Untracked 
|  70|0x0000000089c00000, 0x0000000089c00000, 0x0000000089d00000|  0%| F|  |TAMS 0x0000000089c00000, 0x0000000089c00000| Untracked 
|  71|0x0000000089d00000, 0x0000000089d00000, 0x0000000089e00000|  0%| F|  |TAMS 0x0000000089d00000, 0x0000000089d00000| Untracked 
|  72|0x0000000089e00000, 0x0000000089e00000, 0x0000000089f00000|  0%| F|  |TAMS 0x0000000089e00000, 0x0000000089e00000| Untracked 
|  73|0x0000000089f00000, 0x0000000089f00000, 0x000000008a000000|  0%| F|  |TAMS 0x0000000089f00000, 0x0000000089f00000| Untracked 
|  74|0x000000008a000000, 0x000000008a000000, 0x000000008a100000|  0%| F|  |TAMS 0x000000008a000000, 0x000000008a000000| Untracked 
|  75|0x000000008a100000, 0x000000008a100000, 0x000000008a200000|  0%| F|  |TAMS 0x000000008a100000, 0x000000008a100000| Untracked 
|  76|0x000000008a200000, 0x000000008a200000, 0x000000008a300000|  0%| F|  |TAMS 0x000000008a200000, 0x000000008a200000| Untracked 
|  77|0x000000008a300000, 0x000000008a300000, 0x000000008a400000|  0%| F|  |TAMS 0x000000008a300000, 0x000000008a300000| Untracked 
|  78|0x000000008a400000, 0x000000008a400000, 0x000000008a500000|  0%| F|  |TAMS 0x000000008a400000, 0x000000008a400000| Untracked 
|  79|0x000000008a500000, 0x000000008a500000, 0x000000008a600000|  0%| F|  |TAMS 0x000000008a500000, 0x000000008a500000| Untracked 
|  80|0x000000008a600000, 0x000000008a600000, 0x000000008a700000|  0%| F|  |TAMS 0x000000008a600000, 0x000000008a600000| Untracked 
|  81|0x000000008a700000, 0x000000008a700000, 0x000000008a800000|  0%| F|  |TAMS 0x000000008a700000, 0x000000008a700000| Untracked 
|  82|0x000000008a800000, 0x000000008a800000, 0x000000008a900000|  0%| F|  |TAMS 0x000000008a800000, 0x000000008a800000| Untracked 
|  83|0x000000008a900000, 0x000000008a900000, 0x000000008aa00000|  0%| F|  |TAMS 0x000000008a900000, 0x000000008a900000| Untracked 
|  84|0x000000008aa00000, 0x000000008aa00000, 0x000000008ab00000|  0%| F|  |TAMS 0x000000008aa00000, 0x000000008aa00000| Untracked 
|  85|0x000000008ab00000, 0x000000008ab00000, 0x000000008ac00000|  0%| F|  |TAMS 0x000000008ab00000, 0x000000008ab00000| Untracked 
|  86|0x000000008ac00000, 0x000000008ac00000, 0x000000008ad00000|  0%| F|  |TAMS 0x000000008ac00000, 0x000000008ac00000| Untracked 
|  87|0x000000008ad00000, 0x000000008ad00000, 0x000000008ae00000|  0%| F|  |TAMS 0x000000008ad00000, 0x000000008ad00000| Untracked 
|  88|0x000000008ae00000, 0x000000008ae00000, 0x000000008af00000|  0%| F|  |TAMS 0x000000008ae00000, 0x000000008ae00000| Untracked 
|  89|0x000000008af00000, 0x000000008af00000, 0x000000008b000000|  0%| F|  |TAMS 0x000000008af00000, 0x000000008af00000| Untracked 
|  90|0x000000008b000000, 0x000000008b000000, 0x000000008b100000|  0%| F|  |TAMS 0x000000008b000000, 0x000000008b000000| Untracked 
|  91|0x000000008b100000, 0x000000008b100000, 0x000000008b200000|  0%| F|  |TAMS 0x000000008b100000, 0x000000008b100000| Untracked 
|  92|0x000000008b200000, 0x000000008b200000, 0x000000008b300000|  0%| F|  |TAMS 0x000000008b200000, 0x000000008b200000| Untracked 
|  93|0x000000008b300000, 0x000000008b300000, 0x000000008b400000|  0%| F|  |TAMS 0x000000008b300000, 0x000000008b300000| Untracked 
|  94|0x000000008b400000, 0x000000008b400000, 0x000000008b500000|  0%| F|  |TAMS 0x000000008b400000, 0x000000008b400000| Untracked 
|  95|0x000000008b500000, 0x000000008b500000, 0x000000008b600000|  0%| F|  |TAMS 0x000000008b500000, 0x000000008b500000| Untracked 
|  96|0x000000008b600000, 0x000000008b600000, 0x000000008b700000|  0%| F|  |TAMS 0x000000008b600000, 0x000000008b600000| Untracked 
|  97|0x000000008b700000, 0x000000008b700000, 0x000000008b800000|  0%| F|  |TAMS 0x000000008b700000, 0x000000008b700000| Untracked 
|  98|0x000000008b800000, 0x000000008b800000, 0x000000008b900000|  0%| F|  |TAMS 0x000000008b800000, 0x000000008b800000| Untracked 
|  99|0x000000008b900000, 0x000000008b900000, 0x000000008ba00000|  0%| F|  |TAMS 0x000000008b900000, 0x000000008b900000| Untracked 
| 100|0x000000008ba00000, 0x000000008ba00000, 0x000000008bb00000|  0%| F|  |TAMS 0x000000008ba00000, 0x000000008ba00000| Untracked 
| 101|0x000000008bb00000, 0x000000008bb00000, 0x000000008bc00000|  0%| F|  |TAMS 0x000000008bb00000, 0x000000008bb00000| Untracked 
| 102|0x000000008bc00000, 0x000000008bc00000, 0x000000008bd00000|  0%| F|  |TAMS 0x000000008bc00000, 0x000000008bc00000| Untracked 
| 103|0x000000008bd00000, 0x000000008bd00000, 0x000000008be00000|  0%| F|  |TAMS 0x000000008bd00000, 0x000000008bd00000| Untracked 
| 104|0x000000008be00000, 0x000000008be00000, 0x000000008bf00000|  0%| F|  |TAMS 0x000000008be00000, 0x000000008be00000| Untracked 
| 105|0x000000008bf00000, 0x000000008bf00000, 0x000000008c000000|  0%| F|  |TAMS 0x000000008bf00000, 0x000000008bf00000| Untracked 
| 106|0x000000008c000000, 0x000000008c000000, 0x000000008c100000|  0%| F|  |TAMS 0x000000008c000000, 0x000000008c000000| Untracked 
| 107|0x000000008c100000, 0x000000008c100000, 0x000000008c200000|  0%| F|  |TAMS 0x000000008c100000, 0x000000008c100000| Untracked 
| 108|0x000000008c200000, 0x000000008c200000, 0x000000008c300000|  0%| F|  |TAMS 0x000000008c200000, 0x000000008c200000| Untracked 
| 109|0x000000008c300000, 0x000000008c300000, 0x000000008c400000|  0%| F|  |TAMS 0x000000008c300000, 0x000000008c300000| Untracked 
| 110|0x000000008c400000, 0x000000008c400000, 0x000000008c500000|  0%| F|  |TAMS 0x000000008c400000, 0x000000008c400000| Untracked 
| 111|0x000000008c500000, 0x000000008c500000, 0x000000008c600000|  0%| F|  |TAMS 0x000000008c500000, 0x000000008c500000| Untracked 
| 112|0x000000008c600000, 0x000000008c600000, 0x000000008c700000|  0%| F|  |TAMS 0x000000008c600000, 0x000000008c600000| Untracked 
| 113|0x000000008c700000, 0x000000008c700000, 0x000000008c800000|  0%| F|  |TAMS 0x000000008c700000, 0x000000008c700000| Untracked 
| 114|0x000000008c800000, 0x000000008c800000, 0x000000008c900000|  0%| F|  |TAMS 0x000000008c800000, 0x000000008c800000| Untracked 
| 115|0x000000008c900000, 0x000000008c900000, 0x000000008ca00000|  0%| F|  |TAMS 0x000000008c900000, 0x000000008c900000| Untracked 
| 116|0x000000008ca00000, 0x000000008ca00000, 0x000000008cb00000|  0%| F|  |TAMS 0x000000008ca00000, 0x000000008ca00000| Untracked 
| 117|0x000000008cb00000, 0x000000008cb00000, 0x000000008cc00000|  0%| F|  |TAMS 0x000000008cb00000, 0x000000008cb00000| Untracked 
| 118|0x000000008cc00000, 0x000000008cc00000, 0x000000008cd00000|  0%| F|  |TAMS 0x000000008cc00000, 0x000000008cc00000| Untracked 
| 119|0x000000008cd00000, 0x000000008cd00000, 0x000000008ce00000|  0%| F|  |TAMS 0x000000008cd00000, 0x000000008cd00000| Untracked 
| 120|0x000000008ce00000, 0x000000008ce00000, 0x000000008cf00000|  0%| F|  |TAMS 0x000000008ce00000, 0x000000008ce00000| Untracked 
| 121|0x000000008cf00000, 0x000000008cf00000, 0x000000008d000000|  0%| F|  |TAMS 0x000000008cf00000, 0x000000008cf00000| Untracked 
| 122|0x000000008d000000, 0x000000008d100000, 0x000000008d100000|100%| E|  |TAMS 0x000000008d000000, 0x000000008d000000| Complete 
| 123|0x000000008d100000, 0x000000008d200000, 0x000000008d200000|100%| E|CS|TAMS 0x000000008d100000, 0x000000008d100000| Complete 
|1960|0x00000000ffe00000, 0x00000000ffe35000, 0x00000000fff00000| 20%|OA|  |TAMS 0x00000000ffe00000, 0x00000000ffe00000| Untracked 
|1961|0x00000000fff00000, 0x00000000fff6a000, 0x0000000100000000| 41%|CA|  |TAMS 0x00000000fff00000, 0x00000000fff00000| Untracked 

Card table byte_map: [0x00007f7ed41d4000,0x00007f7ed45a9000] _byte_map_base: 0x00007f7ed3da9000

Marking Bits (Prev, Next): (CMBitMap*) 0x00007f7eec0505d8, (CMBitMap*) 0x00007f7eec050610
 Prev Bits: [0x00007f7ecdd83000, 0x00007f7ecfc2b000)
 Next Bits: [0x00007f7ecbedb000, 0x00007f7ecdd83000)

Polling page: 0x00007f7ef46da000

Metaspace:

Usage:
  Non-class:      4.30 MB capacity,   889.62 KB ( 20%) used,     3.42 MB ( 80%) free+waste,     2.31 KB ( <1%) overhead. 
      Class:    442.00 KB capacity,    74.95 KB ( 17%) used,   365.61 KB ( 83%) free+waste,     1.44 KB ( <1%) overhead. 
       Both:      4.73 MB capacity,   964.57 KB ( 20%) used,     3.78 MB ( 80%) free+waste,     3.75 KB ( <1%) overhead. 

Virtual space:
  Non-class space:        8.00 MB reserved,       4.50 MB ( 56%) committed 
      Class space:        1.00 GB reserved,     512.00 KB ( <1%) committed 
             Both:        1.01 GB reserved,       5.00 MB ( <1%) committed 

Chunk freelists:
   Non-Class:  5.00 KB
       Class:  6.00 KB
        Both:  11.00 KB

CodeHeap 'non-profiled nmethods': size=120032Kb used=52Kb max_used=52Kb free=119979Kb
 bounds [0x00007f7edc446000, 0x00007f7edc6b6000, 0x00007f7ee397e000]
CodeHeap 'profiled nmethods': size=120032Kb used=258Kb max_used=258Kb free=119773Kb
 bounds [0x00007f7ed4f0e000, 0x00007f7ed517e000, 0x00007f7edc446000]
CodeHeap 'non-nmethods': size=5696Kb used=1077Kb max_used=1081Kb free=4618Kb
 bounds [0x00007f7ed497e000, 0x00007f7ed4bee000, 0x00007f7ed4f0e000]
 total_blobs=639 nmethods=200 adapters=293
 compilation: enabled
              stopped_count=0, restarted_count=0
 full_count=0

Compilation events (10 events):
Event: 4.364 Thread 0x00007f7eec183800 nmethod 193 0x00007f7ed4f4b810 code [0x00007f7ed4f4b9c0, 0x00007f7ed4f4bb70]
Event: 4.364 Thread 0x00007f7eec183800  194       3       java.lang.String::lastIndexOf (12 bytes)
Event: 4.364 Thread 0x00007f7eec183800 nmethod 194 0x00007f7ed4f4bc90 code [0x00007f7ed4f4be80, 0x00007f7ed4f4c2d8]
Event: 4.459 Thread 0x00007f7eec183800  195       3       java.lang.Character::codePointAt (51 bytes)
Event: 4.460 Thread 0x00007f7eec183800 nmethod 195 0x00007f7ed4f4c490 code [0x00007f7ed4f4c6a0, 0x00007f7ed4f4cd68]
Event: 4.460 Thread 0x00007f7eec183800  196       3       java.util.regex.Pattern$$Lambda$12/0x0000000840064440::is (5 bytes)
Event: 4.461 Thread 0x00007f7eec183800 nmethod 196 0x00007f7ed4f4cf10 code [0x00007f7ed4f4d0e0, 0x00007f7ed4f4d3d0]
Event: 4.461 Thread 0x00007f7eec183800  197       3       java.util.regex.Pattern::lambda$DOT$5 (34 bytes)
Event: 4.461 Thread 0x00007f7eec183800 nmethod 197 0x00007f7ed4f4d490 code [0x00007f7ed4f4d640, 0x00007f7ed4f4d890]
Event: 4.472 Thread 0x00007f7eec183800  198       3       java.lang.Character::digit (6 bytes)

GC Heap History (0 events):
No events

Deoptimization events (3 events):
Event: 0.052 Thread 0x00007f7eec011800 Uncommon trap: reason=unstable_if action=reinterpret pc=0x00007f7edc449fc8 method=java.lang.String.hashCode()I @ 14 c2
Event: 4.356 Thread 0x00007f7eec011800 Uncommon trap: reason=unstable_if action=reinterpret pc=0x00007f7edc44f99c method=java.lang.String.isLatin1()Z @ 10 c2
Event: 4.357 Thread 0x00007f7eec011800 Uncommon trap: reason=unstable_if action=reinterpret pc=0x00007f7edc44bc88 method=java.lang.String.isLatin1()Z @ 10 c2

Classes redefined (0 events):
No events

Internal exceptions (2 events):
Event: 4.342 Thread 0x00007f7eec011800 Exception <a 'java/lang/NoSuchMethodError'{0x000000008d0a95a8}: java.lang.invoke.DirectMethodHandle$Holder.invokeSpecialIFC(Ljava/lang/Object;Ljava/lang/Object;I)I> (0x000000008d0a95a8) thrown at [/build/openjdk-lts-TkRlmw/openjdk-lts-11.0.3+7/src/hotspot
Event: 4.472 Thread 0x00007f7eec011800 Exception <a 'java/lang/ArrayIndexOutOfBoundsException'{0x000000008d0fbfa0}: arraycopy: last destination index 1761855 out of bounds for byte[1761791]> (0x000000008d0fbfa0) thrown at [/build/openjdk-lts-TkRlmw/openjdk-lts-11.0.3+7/src/hotspot/share/oops/t

Events (10 events):
Event: 4.469 loading class sun/nio/ch/Util$1
Event: 4.469 loading class sun/nio/ch/Util$1 done
Event: 4.469 loading class sun/nio/ch/Util$BufferCache
Event: 4.469 loading class sun/nio/ch/Util$BufferCache done
Event: 4.471 loading class java/nio/DirectByteBuffer$Deallocator
Event: 4.471 loading class java/nio/DirectByteBuffer$Deallocator done
Event: 4.472 loading class java/lang/ArrayIndexOutOfBoundsException
Event: 4.472 loading class java/lang/IndexOutOfBoundsException
Event: 4.472 loading class java/lang/IndexOutOfBoundsException done
Event: 4.472 loading class java/lang/ArrayIndexOutOfBoundsException done


Dynamic libraries:
85600000-8d200000 rw-p 00000000 00:00 0 
8d200000-ffe00000 ---p 00000000 00:00 0 
ffe00000-ffe35000 rw-p 0111e000 08:12 657221                             /usr/lib/jvm/java-11-openjdk-amd64/lib/server/classes.jsa
ffe35000-fff00000 rw-p 00000000 00:00 0 
fff00000-fff6a000 rw-p 010b4000 08:12 657221                             /usr/lib/jvm/java-11-openjdk-amd64/lib/server/classes.jsa
fff6a000-100000000 rw-p 00000000 00:00 0 
800000000-800002000 rwxp 00001000 08:12 657221                           /usr/lib/jvm/java-11-openjdk-amd64/lib/server/classes.jsa
800002000-8003bf000 rw-p 00003000 08:12 657221                           /usr/lib/jvm/java-11-openjdk-amd64/lib/server/classes.jsa
8003bf000-800a9c000 r--p 003c0000 08:12 657221                           /usr/lib/jvm/java-11-openjdk-amd64/lib/server/classes.jsa
800a9c000-800a9d000 rw-p 00a9d000 08:12 657221                           /usr/lib/jvm/java-11-openjdk-amd64/lib/server/classes.jsa
800a9d000-8010b3000 r--p 00a9e000 08:12 657221                           /usr/lib/jvm/java-11-openjdk-amd64/lib/server/classes.jsa
840000000-840080000 rw-p 00000000 00:00 0 
840080000-880000000 ---p 00000000 00:00 0 
557eea20d000-557eea20e000 r-xp 00000000 08:12 677781                     /usr/lib/jvm/java-11-openjdk-amd64/bin/java
557eea40e000-557eea40f000 r--p 00001000 08:12 677781                     /usr/lib/jvm/java-11-openjdk-amd64/bin/java
557eea40f000-557eea410000 rw-p 00002000 08:12 677781                     /usr/lib/jvm/java-11-openjdk-amd64/bin/java
557eeab4b000-557eeab6c000 rw-p 00000000 00:00 0                          [heap]
7f7e88000000-7f7e88021000 rw-p 00000000 00:00 0 
7f7e88021000-7f7e8c000000 ---p 00000000 00:00 0 
7f7e90000000-7f7e90021000 rw-p 00000000 00:00 0 
7f7e90021000-7f7e94000000 ---p 00000000 00:00 0 
7f7e94000000-7f7e94021000 rw-p 00000000 00:00 0 
7f7e94021000-7f7e98000000 ---p 00000000 00:00 0 
7f7e98000000-7f7e98021000 rw-p 00000000 00:00 0 
7f7e98021000-7f7e9c000000 ---p 00000000 00:00 0 
7f7e9c000000-7f7e9c07a000 rw-p 00000000 00:00 0 
7f7e9c07a000-7f7ea0000000 ---p 00000000 00:00 0 
7f7ea327c000-7f7ea359c000 rw-p 00000000 00:00 0 
7f7ea359c000-7f7ea35d2000 r-xp 00000000 08:12 11149914                   /home/coldchip/gtserver/Lib/libenet.so
7f7ea35d2000-7f7ea37d1000 ---p 00036000 08:12 11149914                   /home/coldchip/gtserver/Lib/libenet.so
7f7ea37d1000-7f7ea37d2000 r--p 00035000 08:12 11149914                   /home/coldchip/gtserver/Lib/libenet.so
7f7ea37d2000-7f7ea37d3000 rw-p 00036000 08:12 11149914                   /home/coldchip/gtserver/Lib/libenet.so
7f7ea37d3000-7f7ea37e9000 r-xp 00000000 08:12 677853                     /usr/lib/jvm/java-11-openjdk-amd64/lib/libnet.so
7f7ea37e9000-7f7ea39e8000 ---p 00016000 08:12 677853                     /usr/lib/jvm/java-11-openjdk-amd64/lib/libnet.so
7f7ea39e8000-7f7ea39e9000 r--p 00015000 08:12 677853                     /usr/lib/jvm/java-11-openjdk-amd64/lib/libnet.so
7f7ea39e9000-7f7ea39ea000 rw-p 00016000 08:12 677853                     /usr/lib/jvm/java-11-openjdk-amd64/lib/libnet.so
7f7ea39ea000-7f7ea39fa000 r-xp 00000000 08:12 677854                     /usr/lib/jvm/java-11-openjdk-amd64/lib/libnio.so
7f7ea39fa000-7f7ea3bf9000 ---p 00010000 08:12 677854                     /usr/lib/jvm/java-11-openjdk-amd64/lib/libnio.so
7f7ea3bf9000-7f7ea3bfa000 r--p 0000f000 08:12 677854                     /usr/lib/jvm/java-11-openjdk-amd64/lib/libnio.so
7f7ea3bfa000-7f7ea3bfb000 rw-p 00010000 08:12 677854                     /usr/lib/jvm/java-11-openjdk-amd64/lib/libnio.so
7f7ea3bfb000-7f7ea3bff000 ---p 00000000 00:00 0 
7f7ea3bff000-7f7ea3cfc000 rw-p 00000000 00:00 0 
7f7ea3cfc000-7f7ea3cfd000 ---p 00000000 00:00 0 
7f7ea3cfd000-7f7ea3dfe000 rw-p 00000000 00:00 0 
7f7ea3dfe000-7f7ea3e02000 ---p 00000000 00:00 0 
7f7ea3e02000-7f7ea3eff000 rw-p 00000000 00:00 0 
7f7ea3eff000-7f7ea3f03000 ---p 00000000 00:00 0 
7f7ea3f03000-7f7ea4000000 rw-p 00000000 00:00 0 
7f7ea4000000-7f7ea4021000 rw-p 00000000 00:00 0 
7f7ea4021000-7f7ea8000000 ---p 00000000 00:00 0 
7f7ea8000000-7f7ea8057000 rw-p 00000000 00:00 0 
7f7ea8057000-7f7eac000000 ---p 00000000 00:00 0 
7f7eac000000-7f7eac021000 rw-p 00000000 00:00 0 
7f7eac021000-7f7eb0000000 ---p 00000000 00:00 0 
7f7eb0000000-7f7eb0021000 rw-p 00000000 00:00 0 
7f7eb0021000-7f7eb4000000 ---p 00000000 00:00 0 
7f7eb4000000-7f7eb4021000 rw-p 00000000 00:00 0 
7f7eb4021000-7f7eb8000000 ---p 00000000 00:00 0 
7f7eb8000000-7f7eb8021000 rw-p 00000000 00:00 0 
7f7eb8021000-7f7ebc000000 ---p 00000000 00:00 0 
7f7ebc000000-7f7ebc021000 rw-p 00000000 00:00 0 
7f7ebc021000-7f7ec0000000 ---p 00000000 00:00 0 
7f7ec0000000-7f7ec0021000 rw-p 00000000 00:00 0 
7f7ec0021000-7f7ec4000000 ---p 00000000 00:00 0 
7f7ec4000000-7f7ec4021000 rw-p 00000000 00:00 0 
7f7ec4021000-7f7ec8000000 ---p 00000000 00:00 0 
7f7ec80fd000-7f7ec8101000 ---p 00000000 00:00 0 
7f7ec8101000-7f7ec81fe000 rw-p 00000000 00:00 0 
7f7ec81fe000-7f7ec8202000 ---p 00000000 00:00 0 
7f7ec8202000-7f7ec82ff000 rw-p 00000000 00:00 0 
7f7ec82ff000-7f7ec8303000 ---p 00000000 00:00 0 
7f7ec8303000-7f7ec8400000 rw-p 00000000 00:00 0 
7f7ec8400000-7f7ec8dcf000 r--p 00000000 08:12 14817912                   /usr/lib/locale/locale-archive
7f7ec8dcf000-7f7ec8dd3000 ---p 00000000 00:00 0 
7f7ec8dd3000-7f7ec8ed0000 rw-p 00000000 00:00 0 
7f7ec8ed0000-7f7ec8ed4000 ---p 00000000 00:00 0 
7f7ec8ed4000-7f7ec8fd1000 rw-p 00000000 00:00 0 
7f7ec8fd1000-7f7ec8fd2000 ---p 00000000 00:00 0 
7f7ec8fd2000-7f7ec9553000 rw-p 00000000 00:00 0 
7f7ec9553000-7f7ec98d3000 ---p 00000000 00:00 0 
7f7ec98d3000-7f7ec98d4000 ---p 00000000 00:00 0 
7f7ec98d4000-7f7ec99d5000 rw-p 00000000 00:00 0 
7f7ec99d5000-7f7ec99d6000 ---p 00000000 00:00 0 
7f7ec99d6000-7f7ecc0cb000 rw-p 00000000 00:00 0 
7f7ecc0cb000-7f7ecdd7b000 ---p 00000000 00:00 0 
7f7ecdd7b000-7f7ecdf73000 rw-p 00000000 00:00 0 
7f7ecdf73000-7f7ecfc23000 ---p 00000000 00:00 0 
7f7ecfc23000-7f7ecfc69000 rw-p 00000000 00:00 0 
7f7ecfc69000-7f7ecffff000 ---p 00000000 00:00 0 
7f7ecffff000-7f7ed0000000 rw-p 00000000 00:00 0 
7f7ed0000000-7f7ed0021000 rw-p 00000000 00:00 0 
7f7ed0021000-7f7ed4000000 ---p 00000000 00:00 0 
7f7ed40d2000-7f7ed40d3000 ---p 00000000 00:00 0 
7f7ed40d3000-7f7ed4212000 rw-p 00000000 00:00 0 
7f7ed4212000-7f7ed45a8000 ---p 00000000 00:00 0 
7f7ed45a8000-7f7ed45e7000 rw-p 00000000 00:00 0 
7f7ed45e7000-7f7ed497d000 ---p 00000000 00:00 0 
7f7ed497d000-7f7ed497e000 rw-p 00000000 00:00 0 
7f7ed497e000-7f7ed4bee000 rwxp 00000000 00:00 0 
7f7ed4bee000-7f7ed4f0e000 ---p 00000000 00:00 0 
7f7ed4f0e000-7f7ed517e000 rwxp 00000000 00:00 0 
7f7ed517e000-7f7edc446000 ---p 00000000 00:00 0 
7f7edc446000-7f7edc6b6000 rwxp 00000000 00:00 0 
7f7edc6b6000-7f7ee397e000 ---p 00000000 00:00 0 
7f7ee397e000-7f7eec000000 r--s 00000000 08:12 677863                     /usr/lib/jvm/java-11-openjdk-amd64/lib/modules
7f7eec000000-7f7eec2a1000 rw-p 00000000 00:00 0 
7f7eec2a1000-7f7ef0000000 ---p 00000000 00:00 0 
7f7ef0031000-7f7ef00b2000 rw-p 00000000 00:00 0 
7f7ef00b2000-7f7ef00b3000 ---p 00000000 00:00 0 
7f7ef00b3000-7f7ef05b8000 rw-p 00000000 00:00 0 
7f7ef05b8000-7f7ef05b9000 ---p 00000000 00:00 0 
7f7ef05b9000-7f7ef06bf000 rw-p 00000000 00:00 0 
7f7ef06bf000-7f7ef07a5000 ---p 00000000 00:00 0 
7f7ef07a5000-7f7ef07aa000 rw-p 00000000 00:00 0 
7f7ef07aa000-7f7ef0890000 ---p 00000000 00:00 0 
7f7ef0890000-7f7ef0895000 r-xp 00000000 08:12 677845                     /usr/lib/jvm/java-11-openjdk-amd64/lib/libjimage.so
7f7ef0895000-7f7ef0a94000 ---p 00005000 08:12 677845                     /usr/lib/jvm/java-11-openjdk-amd64/lib/libjimage.so
7f7ef0a94000-7f7ef0a95000 r--p 00004000 08:12 677845                     /usr/lib/jvm/java-11-openjdk-amd64/lib/libjimage.so
7f7ef0a95000-7f7ef0a96000 rw-p 00005000 08:12 677845                     /usr/lib/jvm/java-11-openjdk-amd64/lib/libjimage.so
7f7ef0a96000-7f7ef0a9d000 r-xp 00000000 08:12 677862                     /usr/lib/jvm/java-11-openjdk-amd64/lib/libzip.so
7f7ef0a9d000-7f7ef0c9c000 ---p 00007000 08:12 677862                     /usr/lib/jvm/java-11-openjdk-amd64/lib/libzip.so
7f7ef0c9c000-7f7ef0c9d000 r--p 00006000 08:12 677862                     /usr/lib/jvm/java-11-openjdk-amd64/lib/libzip.so
7f7ef0c9d000-7f7ef0c9e000 rw-p 00007000 08:12 677862                     /usr/lib/jvm/java-11-openjdk-amd64/lib/libzip.so
7f7ef0c9e000-7f7ef0ca9000 r-xp 00000000 08:12 9179889                    /lib/x86_64-linux-gnu/libnss_files-2.27.so
7f7ef0ca9000-7f7ef0ea8000 ---p 0000b000 08:12 9179889                    /lib/x86_64-linux-gnu/libnss_files-2.27.so
7f7ef0ea8000-7f7ef0ea9000 r--p 0000a000 08:12 9179889                    /lib/x86_64-linux-gnu/libnss_files-2.27.so
7f7ef0ea9000-7f7ef0eaa000 rw-p 0000b000 08:12 9179889                    /lib/x86_64-linux-gnu/libnss_files-2.27.so
7f7ef0eaa000-7f7ef0eb0000 rw-p 00000000 00:00 0 
7f7ef0eb0000-7f7ef0ec7000 r-xp 00000000 08:12 9179883                    /lib/x86_64-linux-gnu/libnsl-2.27.so
7f7ef0ec7000-7f7ef10c6000 ---p 00017000 08:12 9179883                    /lib/x86_64-linux-gnu/libnsl-2.27.so
7f7ef10c6000-7f7ef10c7000 r--p 00016000 08:12 9179883                    /lib/x86_64-linux-gnu/libnsl-2.27.so
7f7ef10c7000-7f7ef10c8000 rw-p 00017000 08:12 9179883                    /lib/x86_64-linux-gnu/libnsl-2.27.so
7f7ef10c8000-7f7ef10ca000 rw-p 00000000 00:00 0 
7f7ef10ca000-7f7ef10d5000 r-xp 00000000 08:12 9179900                    /lib/x86_64-linux-gnu/libnss_nis-2.27.so
7f7ef10d5000-7f7ef12d4000 ---p 0000b000 08:12 9179900                    /lib/x86_64-linux-gnu/libnss_nis-2.27.so
7f7ef12d4000-7f7ef12d5000 r--p 0000a000 08:12 9179900                    /lib/x86_64-linux-gnu/libnss_nis-2.27.so
7f7ef12d5000-7f7ef12d6000 rw-p 0000b000 08:12 9179900                    /lib/x86_64-linux-gnu/libnss_nis-2.27.so
7f7ef12d6000-7f7ef12de000 r-xp 00000000 08:12 9179885                    /lib/x86_64-linux-gnu/libnss_compat-2.27.so
7f7ef12de000-7f7ef14de000 ---p 00008000 08:12 9179885                    /lib/x86_64-linux-gnu/libnss_compat-2.27.so
7f7ef14de000-7f7ef14df000 r--p 00008000 08:12 9179885                    /lib/x86_64-linux-gnu/libnss_compat-2.27.so
7f7ef14df000-7f7ef14e0000 rw-p 00009000 08:12 9179885                    /lib/x86_64-linux-gnu/libnss_compat-2.27.so
7f7ef14e0000-7f7ef1509000 r-xp 00000000 08:12 677841                     /usr/lib/jvm/java-11-openjdk-amd64/lib/libjava.so
7f7ef1509000-7f7ef1708000 ---p 00029000 08:12 677841                     /usr/lib/jvm/java-11-openjdk-amd64/lib/libjava.so
7f7ef1708000-7f7ef1709000 r--p 00028000 08:12 677841                     /usr/lib/jvm/java-11-openjdk-amd64/lib/libjava.so
7f7ef1709000-7f7ef170b000 rw-p 00029000 08:12 677841                     /usr/lib/jvm/java-11-openjdk-amd64/lib/libjava.so
7f7ef170b000-7f7ef1718000 r-xp 00000000 08:12 677861                     /usr/lib/jvm/java-11-openjdk-amd64/lib/libverify.so
7f7ef1718000-7f7ef1917000 ---p 0000d000 08:12 677861                     /usr/lib/jvm/java-11-openjdk-amd64/lib/libverify.so
7f7ef1917000-7f7ef1919000 r--p 0000c000 08:12 677861                     /usr/lib/jvm/java-11-openjdk-amd64/lib/libverify.so
7f7ef1919000-7f7ef191a000 rw-p 0000e000 08:12 677861                     /usr/lib/jvm/java-11-openjdk-amd64/lib/libverify.so
7f7ef191a000-7f7ef1921000 r-xp 00000000 08:12 9179940                    /lib/x86_64-linux-gnu/librt-2.27.so
7f7ef1921000-7f7ef1b20000 ---p 00007000 08:12 9179940                    /lib/x86_64-linux-gnu/librt-2.27.so
7f7ef1b20000-7f7ef1b21000 r--p 00006000 08:12 9179940                    /lib/x86_64-linux-gnu/librt-2.27.so
7f7ef1b21000-7f7ef1b22000 rw-p 00007000 08:12 9179940                    /lib/x86_64-linux-gnu/librt-2.27.so
7f7ef1b22000-7f7ef1b39000 r-xp 00000000 08:12 9175322                    /lib/x86_64-linux-gnu/libgcc_s.so.1
7f7ef1b39000-7f7ef1d38000 ---p 00017000 08:12 9175322                    /lib/x86_64-linux-gnu/libgcc_s.so.1
7f7ef1d38000-7f7ef1d39000 r--p 00016000 08:12 9175322                    /lib/x86_64-linux-gnu/libgcc_s.so.1
7f7ef1d39000-7f7ef1d3a000 rw-p 00017000 08:12 9175322                    /lib/x86_64-linux-gnu/libgcc_s.so.1
7f7ef1d3a000-7f7ef1ed7000 r-xp 00000000 08:12 9179862                    /lib/x86_64-linux-gnu/libm-2.27.so
7f7ef1ed7000-7f7ef20d6000 ---p 0019d000 08:12 9179862                    /lib/x86_64-linux-gnu/libm-2.27.so
7f7ef20d6000-7f7ef20d7000 r--p 0019c000 08:12 9179862                    /lib/x86_64-linux-gnu/libm-2.27.so
7f7ef20d7000-7f7ef20d8000 rw-p 0019d000 08:12 9179862                    /lib/x86_64-linux-gnu/libm-2.27.so
7f7ef20d8000-7f7ef2251000 r-xp 00000000 08:12 14811192                   /usr/lib/x86_64-linux-gnu/libstdc++.so.6.0.25
7f7ef2251000-7f7ef2451000 ---p 00179000 08:12 14811192                   /usr/lib/x86_64-linux-gnu/libstdc++.so.6.0.25
7f7ef2451000-7f7ef245b000 r--p 00179000 08:12 14811192                   /usr/lib/x86_64-linux-gnu/libstdc++.so.6.0.25
7f7ef245b000-7f7ef245d000 rw-p 00183000 08:12 14811192                   /usr/lib/x86_64-linux-gnu/libstdc++.so.6.0.25
7f7ef245d000-7f7ef2461000 rw-p 00000000 00:00 0 
7f7ef2461000-7f7ef3529000 r-xp 00000000 08:12 677866                     /usr/lib/jvm/java-11-openjdk-amd64/lib/server/libjvm.so
7f7ef3529000-7f7ef3729000 ---p 010c8000 08:12 677866                     /usr/lib/jvm/java-11-openjdk-amd64/lib/server/libjvm.so
7f7ef3729000-7f7ef37e6000 r--p 010c8000 08:12 677866                     /usr/lib/jvm/java-11-openjdk-amd64/lib/server/libjvm.so
7f7ef37e6000-7f7ef381f000 rw-p 01185000 08:12 677866                     /usr/lib/jvm/java-11-openjdk-amd64/lib/server/libjvm.so
7f7ef381f000-7f7ef3875000 rw-p 00000000 00:00 0 
7f7ef3875000-7f7ef388f000 r-xp 00000000 08:12 9179932                    /lib/x86_64-linux-gnu/libpthread-2.27.so
7f7ef388f000-7f7ef3a8e000 ---p 0001a000 08:12 9179932                    /lib/x86_64-linux-gnu/libpthread-2.27.so
7f7ef3a8e000-7f7ef3a8f000 r--p 00019000 08:12 9179932                    /lib/x86_64-linux-gnu/libpthread-2.27.so
7f7ef3a8f000-7f7ef3a90000 rw-p 0001a000 08:12 9179932                    /lib/x86_64-linux-gnu/libpthread-2.27.so
7f7ef3a90000-7f7ef3a94000 rw-p 00000000 00:00 0 
7f7ef3a94000-7f7ef3a97000 r-xp 00000000 08:12 9179822                    /lib/x86_64-linux-gnu/libdl-2.27.so
7f7ef3a97000-7f7ef3c96000 ---p 00003000 08:12 9179822                    /lib/x86_64-linux-gnu/libdl-2.27.so
7f7ef3c96000-7f7ef3c97000 r--p 00002000 08:12 9179822                    /lib/x86_64-linux-gnu/libdl-2.27.so
7f7ef3c97000-7f7ef3c98000 rw-p 00003000 08:12 9179822                    /lib/x86_64-linux-gnu/libdl-2.27.so
7f7ef3c98000-7f7ef3cb4000 r-xp 00000000 08:12 9179971                    /lib/x86_64-linux-gnu/libz.so.1.2.11
7f7ef3cb4000-7f7ef3eb3000 ---p 0001c000 08:12 9179971                    /lib/x86_64-linux-gnu/libz.so.1.2.11
7f7ef3eb3000-7f7ef3eb4000 r--p 0001b000 08:12 9179971                    /lib/x86_64-linux-gnu/libz.so.1.2.11
7f7ef3eb4000-7f7ef3eb5000 rw-p 0001c000 08:12 9179971                    /lib/x86_64-linux-gnu/libz.so.1.2.11
7f7ef3eb5000-7f7ef409c000 r-xp 00000000 08:12 9179799                    /lib/x86_64-linux-gnu/libc-2.27.so
7f7ef409c000-7f7ef429c000 ---p 001e7000 08:12 9179799                    /lib/x86_64-linux-gnu/libc-2.27.so
7f7ef429c000-7f7ef42a0000 r--p 001e7000 08:12 9179799                    /lib/x86_64-linux-gnu/libc-2.27.so
7f7ef42a0000-7f7ef42a2000 rw-p 001eb000 08:12 9179799                    /lib/x86_64-linux-gnu/libc-2.27.so
7f7ef42a2000-7f7ef42a6000 rw-p 00000000 00:00 0 
7f7ef42a6000-7f7ef42b5000 r-xp 00000000 08:12 677826                     /usr/lib/jvm/java-11-openjdk-amd64/lib/jli/libjli.so
7f7ef42b5000-7f7ef44b5000 ---p 0000f000 08:12 677826                     /usr/lib/jvm/java-11-openjdk-amd64/lib/jli/libjli.so
7f7ef44b5000-7f7ef44b6000 r--p 0000f000 08:12 677826                     /usr/lib/jvm/java-11-openjdk-amd64/lib/jli/libjli.so
7f7ef44b6000-7f7ef44b7000 rw-p 00010000 08:12 677826                     /usr/lib/jvm/java-11-openjdk-amd64/lib/jli/libjli.so
7f7ef44b7000-7f7ef44de000 r-xp 00000000 08:12 9179771                    /lib/x86_64-linux-gnu/ld-2.27.so
7f7ef4516000-7f7ef45b3000 rw-p 00000000 00:00 0 
7f7ef45b3000-7f7ef45b7000 ---p 00000000 00:00 0 
7f7ef45b7000-7f7ef46b6000 rw-p 00000000 00:00 0 
7f7ef46c4000-7f7ef46c9000 rw-p 00000000 00:00 0 
7f7ef46c9000-7f7ef46d0000 ---p 00000000 00:00 0 
7f7ef46d0000-7f7ef46d2000 r--s 00007000 08:12 134994                     /usr/share/java/java-atk-wrapper.jar
7f7ef46d2000-7f7ef46da000 rw-s 00000000 08:12 5771504                    /tmp/hsperfdata_coldchip/2465
7f7ef46da000-7f7ef46db000 ---p 00000000 00:00 0 
7f7ef46db000-7f7ef46dc000 r--p 00000000 00:00 0 
7f7ef46dc000-7f7ef46de000 rw-p 00000000 00:00 0 
7f7ef46de000-7f7ef46df000 r--p 00027000 08:12 9179771                    /lib/x86_64-linux-gnu/ld-2.27.so
7f7ef46df000-7f7ef46e0000 rw-p 00028000 08:12 9179771                    /lib/x86_64-linux-gnu/ld-2.27.so
7f7ef46e0000-7f7ef46e1000 rw-p 00000000 00:00 0 
7ffdfa4cb000-7ffdfa4ec000 rw-p 00000000 00:00 0                          [stack]
7ffdfa519000-7ffdfa51c000 r--p 00000000 00:00 0                          [vvar]
7ffdfa51c000-7ffdfa51e000 r-xp 00000000 00:00 0                          [vdso]
ffffffffff600000-ffffffffff601000 r-xp 00000000 00:00 0                  [vsyscall]


VM Arguments:
java_command: Build/server.jar
java_class_path (initial): Build/server.jar
Launcher Type: SUN_STANDARD

[Global flags]
     intx CICompilerCount                          = 3                                         {product} {ergonomic}
     uint ConcGCThreads                            = 1                                         {product} {ergonomic}
     uint G1ConcRefinementThreads                  = 4                                         {product} {ergonomic}
   size_t G1HeapRegionSize                         = 1048576                                   {product} {ergonomic}
    uintx GCDrainStackTargetSize                   = 64                                        {product} {ergonomic}
   size_t InitialHeapSize                          = 130023424                                 {product} {ergonomic}
   size_t MarkStackSize                            = 4194304                                   {product} {ergonomic}
   size_t MaxHeapSize                              = 2057306112                                {product} {ergonomic}
   size_t MaxNewSize                               = 1234173952                                {product} {ergonomic}
   size_t MinHeapDeltaBytes                        = 1048576                                   {product} {ergonomic}
    uintx NonNMethodCodeHeapSize                   = 5830092                                {pd product} {ergonomic}
    uintx NonProfiledCodeHeapSize                  = 122914074                              {pd product} {ergonomic}
    uintx ProfiledCodeHeapSize                     = 122914074                              {pd product} {ergonomic}
    uintx ReservedCodeCacheSize                    = 251658240                              {pd product} {ergonomic}
     bool SegmentedCodeCache                       = true                                      {product} {ergonomic}
     bool UseCompressedClassPointers               = true                                 {lp64_product} {ergonomic}
     bool UseCompressedOops                        = true                                 {lp64_product} {ergonomic}
     bool UseG1GC                                  = true                                      {product} {ergonomic}

Logging:
Log output configuration:
 #0: stdout all=warning uptime,level,tags
 #1: stderr all=off uptime,level,tags

Environment Variables:
PATH=/home/coldchip/google-cloud-sdk/bin:/home/coldchip/.local/bin:/home/coldchip/bin:/usr/local/sbin:/usr/local/bin:/usr/sbin:/usr/bin:/sbin:/bin:/usr/games:/usr/local/games:/snap/bin
USERNAME=coldchip
SHELL=/bin/bash
DISPLAY=:0

Signal Handlers:
SIGSEGV: [libjvm.so+0xde2f90], sa_mask[0]=11111111011111111101111111111110, sa_flags=SA_RESTART|SA_SIGINFO
SIGBUS: [libjvm.so+0xde2f90], sa_mask[0]=11111111011111111101111111111110, sa_flags=SA_RESTART|SA_SIGINFO
SIGFPE: [libjvm.so+0xde2f90], sa_mask[0]=11111111011111111101111111111110, sa_flags=SA_RESTART|SA_SIGINFO
SIGPIPE: [libjvm.so+0xbb85d0], sa_mask[0]=11111111011111111101111111111110, sa_flags=SA_RESTART|SA_SIGINFO
SIGXFSZ: [libjvm.so+0xbb85d0], sa_mask[0]=11111111011111111101111111111110, sa_flags=SA_RESTART|SA_SIGINFO
SIGILL: [libjvm.so+0xde2f90], sa_mask[0]=11111111011111111101111111111110, sa_flags=SA_RESTART|SA_SIGINFO
SIGUSR2: [libjvm.so+0xbb8470], sa_mask[0]=00000000000000000000000000000000, sa_flags=SA_RESTART|SA_SIGINFO
SIGHUP: [libjvm.so+0xbb87d0], sa_mask[0]=11111111011111111101111111111110, sa_flags=SA_RESTART|SA_SIGINFO
SIGINT: [libjvm.so+0xbb87d0], sa_mask[0]=11111111011111111101111111111110, sa_flags=SA_RESTART|SA_SIGINFO
SIGTERM: [libjvm.so+0xbb87d0], sa_mask[0]=11111111011111111101111111111110, sa_flags=SA_RESTART|SA_SIGINFO
SIGQUIT: [libjvm.so+0xbb87d0], sa_mask[0]=11111111011111111101111111111110, sa_flags=SA_RESTART|SA_SIGINFO


---------------  S Y S T E M  ---------------

OS:DISTRIB_ID=Ubuntu
DISTRIB_RELEASE=18.04
DISTRIB_CODENAME=bionic
DISTRIB_DESCRIPTION="Ubuntu 18.04.1 LTS"
uname:Linux 4.15.0-51-generic #55-Ubuntu SMP Wed May 15 14:27:21 UTC 2019 x86_64
libc:glibc 2.27 NPTL 2.27 
rlimit: STACK 8192k, CORE 0k, NPROC 30768, NOFILE 4096, AS infinity, DATA infinity, FSIZE infinity
load average:1.26 0.95 0.66

/proc/meminfo:
MemTotal:        8032224 kB
MemFree:         2250372 kB
MemAvailable:    4271144 kB
Buffers:          521788 kB
Cached:          1844240 kB
SwapCached:            0 kB
Active:          3885600 kB
Inactive:        1203576 kB
Active(anon):    2724660 kB
Inactive(anon):   462080 kB
Active(file):    1160940 kB
Inactive(file):   741496 kB
Unevictable:         252 kB
Mlocked:             252 kB
SwapTotal:       2097148 kB
SwapFree:        2097148 kB
Dirty:               932 kB
Writeback:             0 kB
AnonPages:       2723508 kB
Mapped:           669580 kB
Shmem:            463596 kB
Slab:             509436 kB
SReclaimable:     424120 kB
SUnreclaim:        85316 kB
KernelStack:       16976 kB
PageTables:        84384 kB
NFS_Unstable:          0 kB
Bounce:                0 kB
WritebackTmp:          0 kB
CommitLimit:     6113260 kB
Committed_AS:   12685448 kB
VmallocTotal:   34359738367 kB
VmallocUsed:           0 kB
VmallocChunk:          0 kB
HardwareCorrupted:     0 kB
AnonHugePages:         0 kB
ShmemHugePages:        0 kB
ShmemPmdMapped:        0 kB
CmaTotal:              0 kB
CmaFree:               0 kB
HugePages_Total:       0
HugePages_Free:        0
HugePages_Rsvd:        0
HugePages_Surp:        0
Hugepagesize:       2048 kB
DirectMap4k:      274108 kB
DirectMap2M:     7979008 kB


/proc/sys/kernel/threads-max (system-wide limit on the number of threads):
61536


/proc/sys/vm/max_map_count (maximum number of memory map areas a process may have):
65530


/proc/sys/kernel/pid_max (system-wide limit on number of process identifiers):
32768



container (cgroup) information:
container_type: cgroupv1
cpu_cpuset_cpus: 0-3
cpu_memory_nodes: 0
active_processor_count: 4
cpu_quota: -1
cpu_period: 100000
cpu_shares: -1
memory_limit_in_bytes: -1
memory_and_swap_limit_in_bytes: -2
memory_soft_limit_in_bytes: -1
memory_usage_in_bytes: 5211897856
memory_max_usage_in_bytes: 0


CPU:total 4 (initial active 4) (2 cores per cpu, 2 threads per core) family 6 model 58 stepping 9, cmov, cx8, fxsr, mmx, sse, sse2, sse3, ssse3, sse4.1, sse4.2, popcnt, avx, aes, clmul, erms, ht, tsc, tscinvbit, tscinv
CPU Model and flags from /proc/cpuinfo:
model name	: Intel(R) Core(TM) i7-3520M CPU @ 2.90GHz
flags		: fpu vme de pse tsc msr pae mce cx8 apic sep mtrr pge mca cmov pat pse36 clflush dts acpi mmx fxsr sse sse2 ss ht tm pbe syscall nx rdtscp lm constant_tsc arch_perfmon pebs bts rep_good nopl xtopology nonstop_tsc cpuid aperfmperf pni pclmulqdq dtes64 monitor ds_cpl vmx smx est tm2 ssse3 cx16 xtpr pdcm pcid sse4_1 sse4_2 x2apic popcnt tsc_deadline_timer aes xsave avx f16c rdrand lahf_lm cpuid_fault epb pti ssbd ibrs ibpb stibp tpr_shadow vnmi flexpriority ept vpid fsgsbase smep erms xsaveopt dtherm ida arat pln pts md_clear flush_l1d

Memory: 4k page, physical 8032224k(2250372k free), swap 2097148k(2097148k free)

vm_info: OpenJDK 64-Bit Server VM (11.0.3+7-Ubuntu-1ubuntu218.04.1) for linux-amd64 JRE (11.0.3+7-Ubuntu-1ubuntu218.04.1), built on Apr 23 2019 18:34:35 by "buildd" with gcc 7.3.0

END.
