#
# A fatal error has been detected by the Java Runtime Environment:
#
#  SIGSEGV (0xb) at pc=0x00007f7344be367f, pid=9371, tid=9372
#
# JRE version: OpenJDK Runtime Environment (11.0.3+7) (build 11.0.3+7-Ubuntu-1ubuntu218.04.1)
# Java VM: OpenJDK 64-Bit Server VM (11.0.3+7-Ubuntu-1ubuntu218.04.1, mixed mode, sharing, tiered, compressed oops, g1 gc, linux-amd64)
# Problematic frame:
# C  [libenet.so+0x1667f]  enet_range_coder_compress+0x1dd
#
# No core dump will be written. Core dumps have been disabled. To enable core dumping, try "ulimit -c unlimited" before starting Java again
#
# If you would like to submit a bug report, please visit:
#   http://bugreport.java.com/bugreport/crash.jsp
# The crash happened outside the Java Virtual Machine in native code.
# See problematic frame for where to report the bug.
#

---------------  S U M M A R Y ------------

Command Line: Build/server.jar

Host: Intel(R) Core(TM) i7-3520M CPU @ 2.90GHz, 4 cores, 7G, Ubuntu 18.04.1 LTS
Time: Tue Jun 25 23:03:44 2019 CST elapsed time: 19 seconds (0d 0h 0m 19s)

---------------  T H R E A D  ---------------

Current thread (0x00007f736c011800):  JavaThread "main" [_thread_in_native, id=9372, stack(0x00007f7375bb9000,0x00007f7375cba000)]

Stack: [0x00007f7375bb9000,0x00007f7375cba000],  sp=0x00007f7375cb8630,  free space=1021k
Native frames: (J=compiled Java code, A=aot compiled Java code, j=interpreted, Vv=VM code, C=native code)
C  [libenet.so+0x1667f]  enet_range_coder_compress+0x1dd
C  [libenet.so+0x1fa06]  enet_protocol_send_outgoing_commands+0x501
C  [libenet.so+0x1fde1]  enet_host_service+0x10e
C  [libenet.so+0x2d24e]  Java_ru_ColdChip_GrowtopiaServer_ENetJava_enetJNI_enet_1host_1service+0x6a
j  ru.ColdChip.GrowtopiaServer.ENetJava.enetJNI.enet_host_service(JLru/ColdChip/GrowtopiaServer/ENetJava/ENetHost;JLru/ColdChip/GrowtopiaServer/ENetJava/ENetEvent;J)I+0
j  ru.ColdChip.GrowtopiaServer.ENetJava.enet.Service(Lru/ColdChip/GrowtopiaServer/ENetJava/ENetHost;Lru/ColdChip/GrowtopiaServer/ENetJava/ENetEvent;J)I+11
j  ru.ColdChip.GrowtopiaServer.Server.main([Ljava/lang/String;)V+154
v  ~StubRoutines::call_stub
V  [libjvm.so+0x8410f9]
V  [libjvm.so+0x8b913d]
V  [libjvm.so+0x8bb22e]
C  [libjli.so+0x5606]
C  [libjli.so+0x900d]

Java frames: (J=compiled Java code, j=interpreted, Vv=VM code)
j  ru.ColdChip.GrowtopiaServer.ENetJava.enetJNI.enet_host_service(JLru/ColdChip/GrowtopiaServer/ENetJava/ENetHost;JLru/ColdChip/GrowtopiaServer/ENetJava/ENetEvent;J)I+0
j  ru.ColdChip.GrowtopiaServer.ENetJava.enet.Service(Lru/ColdChip/GrowtopiaServer/ENetJava/ENetHost;Lru/ColdChip/GrowtopiaServer/ENetJava/ENetEvent;J)I+11
j  ru.ColdChip.GrowtopiaServer.Server.main([Ljava/lang/String;)V+154
v  ~StubRoutines::call_stub

siginfo: si_signo: 11 (SIGSEGV), si_code: 1 (SEGV_MAPERR), si_addr: 0x0000000000000000

Register to memory mapping:

RAX=0x0 is NULL
RBX={method} {0x00007f73545b2af8} 'enet_host_service' '(JLru/ColdChip/GrowtopiaServer/ENetJava/ENetHost;JLru/ColdChip/GrowtopiaServer/ENetJava/ENetEvent;J)I' in 'ru/ColdChip/GrowtopiaServer/ENetJava/enetJNI'
RCX=0x0000000000000049 is an unknown value
RDX=0x0000000000000001 is an unknown value
RSP=0x00007f7375cb8630 is pointing into the stack for thread: 0x00007f736c011800
RBP=0x00007f7375cb86f0 is pointing into the stack for thread: 0x00007f736c011800
RSI=0x0000000000000010 is an unknown value
RDI=0x0000000000000009 is an unknown value
R8 =0x00007f736c224628 points into unknown readable memory: 07 f9 07 83 49 98 aa 20
R9 =0x0000000000000008 is an unknown value
R10=0x0000000000000002 is an unknown value
R11=0x00007f7375cb8750 is pointing into the stack for thread: 0x00007f736c011800
R12=0x0 is NULL
R13={method} {0x00007f73545b2af8} 'enet_host_service' '(JLru/ColdChip/GrowtopiaServer/ENetJava/ENetHost;JLru/ColdChip/GrowtopiaServer/ENetJava/ENetEvent;J)I' in 'ru/ColdChip/GrowtopiaServer/ENetJava/enetJNI'
R14=0x00007f7375cb8900 is pointing into the stack for thread: 0x00007f736c011800
R15=0x00007f736c011800 is a thread


Registers:
RAX=0x0000000000000000, RBX=0x00007f73545b2af8, RCX=0x0000000000000049, RDX=0x0000000000000001
RSP=0x00007f7375cb8630, RBP=0x00007f7375cb86f0, RSI=0x0000000000000010, RDI=0x0000000000000009
R8 =0x00007f736c224628, R9 =0x0000000000000008, R10=0x0000000000000002, R11=0x00007f7375cb8750
R12=0x0000000000000000, R13=0x00007f73545b2af8, R14=0x00007f7375cb8900, R15=0x00007f736c011800
RIP=0x00007f7344be367f, EFLAGS=0x0000000000010246, CSGSFS=0x002b000000000033, ERR=0x0000000000000004
  TRAPNO=0x000000000000000e

Top of Stack: (sp=0x00007f7375cb8630)
0x00007f7375cb8630:   0000000000000008 00007f736c22462d
0x00007f7375cb8640:   0000000000000008 0000000000000000
0x00007f7375cb8650:   00007f736c223218 00007f736c235e80
0x00007f7375cb8660:   00007f7375cb8730 00f9a85d46c8dd00 

Instructions: (pc=0x00007f7344be367f)
0x00007f7344be365f:   48 89 45 98 48 83 85 60 ff ff ff 10 48 83 ad 58
0x00007f7344be366f:   ff ff ff 01 48 8b 45 90 48 8d 50 01 48 89 55 90
0x00007f7344be367f:   0f b6 00 88 85 7f ff ff ff 0f b7 45 80 0f b7 c0
0x00007f7344be368f:   48 98 48 c1 e0 04 48 89 c2 48 8b 45 e0 48 01 d0 

Stack slot to memory mapping:
stack at sp + 0 slots: 0x0000000000000008 is an unknown value
stack at sp + 1 slots: 0x00007f736c22462d points into unknown readable memory: 98 aa 20
stack at sp + 2 slots: 0x0000000000000008 is an unknown value
stack at sp + 3 slots: 0x0 is NULL
stack at sp + 4 slots: 0x00007f736c223218 points into unknown readable memory: 0a 2c 22 6c 73 7f 00 00
stack at sp + 5 slots: 0x00007f736c235e80 points into unknown readable memory: 00 00 00 00 00 00 00 00
stack at sp + 6 slots: 0x00007f7375cb8730 is pointing into the stack for thread: 0x00007f736c011800
stack at sp + 7 slots: 0x00f9a85d46c8dd00 is an unknown value


---------------  P R O C E S S  ---------------

Threads class SMR info:
_java_thread_list=0x00007f736c1c2b10, length=9, elements={
0x00007f736c011800, 0x00007f736c16f000, 0x00007f736c179000, 0x00007f736c17f800,
0x00007f736c181800, 0x00007f736c183800, 0x00007f736c185800, 0x00007f736c1bc800,
0x00007f736c1c1000
}

Java Threads: ( => current thread )
=>0x00007f736c011800 JavaThread "main" [_thread_in_native, id=9372, stack(0x00007f7375bb9000,0x00007f7375cba000)]
  0x00007f736c16f000 JavaThread "Reference Handler" daemon [_thread_blocked, id=9379, stack(0x00007f73701ab000,0x00007f73702ac000)]
  0x00007f736c179000 JavaThread "Finalizer" daemon [_thread_blocked, id=9380, stack(0x00007f73700aa000,0x00007f73701ab000)]
  0x00007f736c17f800 JavaThread "Signal Dispatcher" daemon [_thread_blocked, id=9381, stack(0x00007f735407d000,0x00007f735417e000)]
  0x00007f736c181800 JavaThread "C2 CompilerThread0" daemon [_thread_blocked, id=9382, stack(0x00007f734c1af000,0x00007f734c2b0000)]
  0x00007f736c183800 JavaThread "C1 CompilerThread0" daemon [_thread_blocked, id=9383, stack(0x00007f734c0ae000,0x00007f734c1af000)]
  0x00007f736c185800 JavaThread "Sweeper thread" daemon [_thread_blocked, id=9384, stack(0x00007f7345530000,0x00007f7345631000)]
  0x00007f736c1bc800 JavaThread "Service Thread" daemon [_thread_blocked, id=9385, stack(0x00007f734542f000,0x00007f7345530000)]
  0x00007f736c1c1000 JavaThread "Common-Cleaner" daemon [_thread_blocked, id=9387, stack(0x00007f734522c000,0x00007f734532d000)]

Other Threads:
  0x00007f736c16c000 VMThread "VM Thread" [stack: 0x00007f73702ae000,0x00007f73703ae000] [id=9378]
  0x00007f736c1bf000 WatcherThread [stack: 0x00007f734532f000,0x00007f734542f000] [id=9386]
  0x00007f736c028000 GCTaskThread "GC Thread#0" [stack: 0x00007f7371bc0000,0x00007f7371cc0000] [id=9373]
  0x00007f736c059000 ConcurrentGCThread "G1 Main Marker" [stack: 0x00007f7370b3b000,0x00007f7370c3b000] [id=9374]
  0x00007f736c05a800 ConcurrentGCThread "G1 Conc#0" [stack: 0x00007f7370a39000,0x00007f7370b39000] [id=9375]
  0x00007f736c0d3000 ConcurrentGCThread "G1 Refine#0" [stack: 0x00007f7370533000,0x00007f7370633000] [id=9376]
  0x00007f736c0d4800 ConcurrentGCThread "G1 Young RemSet Sampling" [stack: 0x00007f7370431000,0x00007f7370531000] [id=9377]

Threads with active compile tasks:

VM state:not at safepoint (normal execution)

VM Mutex/Monitor currently owned by a thread: None

Heap address: 0x0000000085600000, size: 1962 MB, Compressed Oops mode: 32-bit
Narrow klass base: 0x0000000800000000, Narrow klass shift: 3
Compressed class space size: 1073741824 Address: 0x0000000840000000

Heap:
 garbage-first heap   total 129024K, used 1660K [0x0000000085600000, 0x0000000100000000)
  region size 1024K, 2 young (2048K), 0 survivors (0K)
 Metaspace       used 810K, capacity 4841K, committed 5120K, reserved 1056768K
  class space    used 54K, capacity 442K, committed 512K, reserved 1048576K
Heap Regions: E=young(eden), S=young(survivor), O=old, HS=humongous(starts), HC=humongous(continues), CS=collection set, F=free, A=archive, TAMS=top-at-mark-start (previous, next)
|   0|0x0000000085600000, 0x0000000085600000, 0x0000000085700000|  0%| F|  |TAMS 0x0000000085600000, 0x0000000085600000| Untracked 
|   1|0x0000000085700000, 0x0000000085700000, 0x0000000085800000|  0%| F|  |TAMS 0x0000000085700000, 0x0000000085700000| Untracked 
|   2|0x0000000085800000, 0x0000000085800000, 0x0000000085900000|  0%| F|  |TAMS 0x0000000085800000, 0x0000000085800000| Untracked 
|   3|0x0000000085900000, 0x0000000085900000, 0x0000000085a00000|  0%| F|  |TAMS 0x0000000085900000, 0x0000000085900000| Untracked 
|   4|0x0000000085a00000, 0x0000000085a00000, 0x0000000085b00000|  0%| F|  |TAMS 0x0000000085a00000, 0x0000000085a00000| Untracked 
|   5|0x0000000085b00000, 0x0000000085b00000, 0x0000000085c00000|  0%| F|  |TAMS 0x0000000085b00000, 0x0000000085b00000| Untracked 
|   6|0x0000000085c00000, 0x0000000085c00000, 0x0000000085d00000|  0%| F|  |TAMS 0x0000000085c00000, 0x0000000085c00000| Untracked 
|   7|0x0000000085d00000, 0x0000000085d00000, 0x0000000085e00000|  0%| F|  |TAMS 0x0000000085d00000, 0x0000000085d00000| Untracked 
|   8|0x0000000085e00000, 0x0000000085e00000, 0x0000000085f00000|  0%| F|  |TAMS 0x0000000085e00000, 0x0000000085e00000| Untracked 
|   9|0x0000000085f00000, 0x0000000085f00000, 0x0000000086000000|  0%| F|  |TAMS 0x0000000085f00000, 0x0000000085f00000| Untracked 
|  10|0x0000000086000000, 0x0000000086000000, 0x0000000086100000|  0%| F|  |TAMS 0x0000000086000000, 0x0000000086000000| Untracked 
|  11|0x0000000086100000, 0x0000000086100000, 0x0000000086200000|  0%| F|  |TAMS 0x0000000086100000, 0x0000000086100000| Untracked 
|  12|0x0000000086200000, 0x0000000086200000, 0x0000000086300000|  0%| F|  |TAMS 0x0000000086200000, 0x0000000086200000| Untracked 
|  13|0x0000000086300000, 0x0000000086300000, 0x0000000086400000|  0%| F|  |TAMS 0x0000000086300000, 0x0000000086300000| Untracked 
|  14|0x0000000086400000, 0x0000000086400000, 0x0000000086500000|  0%| F|  |TAMS 0x0000000086400000, 0x0000000086400000| Untracked 
|  15|0x0000000086500000, 0x0000000086500000, 0x0000000086600000|  0%| F|  |TAMS 0x0000000086500000, 0x0000000086500000| Untracked 
|  16|0x0000000086600000, 0x0000000086600000, 0x0000000086700000|  0%| F|  |TAMS 0x0000000086600000, 0x0000000086600000| Untracked 
|  17|0x0000000086700000, 0x0000000086700000, 0x0000000086800000|  0%| F|  |TAMS 0x0000000086700000, 0x0000000086700000| Untracked 
|  18|0x0000000086800000, 0x0000000086800000, 0x0000000086900000|  0%| F|  |TAMS 0x0000000086800000, 0x0000000086800000| Untracked 
|  19|0x0000000086900000, 0x0000000086900000, 0x0000000086a00000|  0%| F|  |TAMS 0x0000000086900000, 0x0000000086900000| Untracked 
|  20|0x0000000086a00000, 0x0000000086a00000, 0x0000000086b00000|  0%| F|  |TAMS 0x0000000086a00000, 0x0000000086a00000| Untracked 
|  21|0x0000000086b00000, 0x0000000086b00000, 0x0000000086c00000|  0%| F|  |TAMS 0x0000000086b00000, 0x0000000086b00000| Untracked 
|  22|0x0000000086c00000, 0x0000000086c00000, 0x0000000086d00000|  0%| F|  |TAMS 0x0000000086c00000, 0x0000000086c00000| Untracked 
|  23|0x0000000086d00000, 0x0000000086d00000, 0x0000000086e00000|  0%| F|  |TAMS 0x0000000086d00000, 0x0000000086d00000| Untracked 
|  24|0x0000000086e00000, 0x0000000086e00000, 0x0000000086f00000|  0%| F|  |TAMS 0x0000000086e00000, 0x0000000086e00000| Untracked 
|  25|0x0000000086f00000, 0x0000000086f00000, 0x0000000087000000|  0%| F|  |TAMS 0x0000000086f00000, 0x0000000086f00000| Untracked 
|  26|0x0000000087000000, 0x0000000087000000, 0x0000000087100000|  0%| F|  |TAMS 0x0000000087000000, 0x0000000087000000| Untracked 
|  27|0x0000000087100000, 0x0000000087100000, 0x0000000087200000|  0%| F|  |TAMS 0x0000000087100000, 0x0000000087100000| Untracked 
|  28|0x0000000087200000, 0x0000000087200000, 0x0000000087300000|  0%| F|  |TAMS 0x0000000087200000, 0x0000000087200000| Untracked 
|  29|0x0000000087300000, 0x0000000087300000, 0x0000000087400000|  0%| F|  |TAMS 0x0000000087300000, 0x0000000087300000| Untracked 
|  30|0x0000000087400000, 0x0000000087400000, 0x0000000087500000|  0%| F|  |TAMS 0x0000000087400000, 0x0000000087400000| Untracked 
|  31|0x0000000087500000, 0x0000000087500000, 0x0000000087600000|  0%| F|  |TAMS 0x0000000087500000, 0x0000000087500000| Untracked 
|  32|0x0000000087600000, 0x0000000087600000, 0x0000000087700000|  0%| F|  |TAMS 0x0000000087600000, 0x0000000087600000| Untracked 
|  33|0x0000000087700000, 0x0000000087700000, 0x0000000087800000|  0%| F|  |TAMS 0x0000000087700000, 0x0000000087700000| Untracked 
|  34|0x0000000087800000, 0x0000000087800000, 0x0000000087900000|  0%| F|  |TAMS 0x0000000087800000, 0x0000000087800000| Untracked 
|  35|0x0000000087900000, 0x0000000087900000, 0x0000000087a00000|  0%| F|  |TAMS 0x0000000087900000, 0x0000000087900000| Untracked 
|  36|0x0000000087a00000, 0x0000000087a00000, 0x0000000087b00000|  0%| F|  |TAMS 0x0000000087a00000, 0x0000000087a00000| Untracked 
|  37|0x0000000087b00000, 0x0000000087b00000, 0x0000000087c00000|  0%| F|  |TAMS 0x0000000087b00000, 0x0000000087b00000| Untracked 
|  38|0x0000000087c00000, 0x0000000087c00000, 0x0000000087d00000|  0%| F|  |TAMS 0x0000000087c00000, 0x0000000087c00000| Untracked 
|  39|0x0000000087d00000, 0x0000000087d00000, 0x0000000087e00000|  0%| F|  |TAMS 0x0000000087d00000, 0x0000000087d00000| Untracked 
|  40|0x0000000087e00000, 0x0000000087e00000, 0x0000000087f00000|  0%| F|  |TAMS 0x0000000087e00000, 0x0000000087e00000| Untracked 
|  41|0x0000000087f00000, 0x0000000087f00000, 0x0000000088000000|  0%| F|  |TAMS 0x0000000087f00000, 0x0000000087f00000| Untracked 
|  42|0x0000000088000000, 0x0000000088000000, 0x0000000088100000|  0%| F|  |TAMS 0x0000000088000000, 0x0000000088000000| Untracked 
|  43|0x0000000088100000, 0x0000000088100000, 0x0000000088200000|  0%| F|  |TAMS 0x0000000088100000, 0x0000000088100000| Untracked 
|  44|0x0000000088200000, 0x0000000088200000, 0x0000000088300000|  0%| F|  |TAMS 0x0000000088200000, 0x0000000088200000| Untracked 
|  45|0x0000000088300000, 0x0000000088300000, 0x0000000088400000|  0%| F|  |TAMS 0x0000000088300000, 0x0000000088300000| Untracked 
|  46|0x0000000088400000, 0x0000000088400000, 0x0000000088500000|  0%| F|  |TAMS 0x0000000088400000, 0x0000000088400000| Untracked 
|  47|0x0000000088500000, 0x0000000088500000, 0x0000000088600000|  0%| F|  |TAMS 0x0000000088500000, 0x0000000088500000| Untracked 
|  48|0x0000000088600000, 0x0000000088600000, 0x0000000088700000|  0%| F|  |TAMS 0x0000000088600000, 0x0000000088600000| Untracked 
|  49|0x0000000088700000, 0x0000000088700000, 0x0000000088800000|  0%| F|  |TAMS 0x0000000088700000, 0x0000000088700000| Untracked 
|  50|0x0000000088800000, 0x0000000088800000, 0x0000000088900000|  0%| F|  |TAMS 0x0000000088800000, 0x0000000088800000| Untracked 
|  51|0x0000000088900000, 0x0000000088900000, 0x0000000088a00000|  0%| F|  |TAMS 0x0000000088900000, 0x0000000088900000| Untracked 
|  52|0x0000000088a00000, 0x0000000088a00000, 0x0000000088b00000|  0%| F|  |TAMS 0x0000000088a00000, 0x0000000088a00000| Untracked 
|  53|0x0000000088b00000, 0x0000000088b00000, 0x0000000088c00000|  0%| F|  |TAMS 0x0000000088b00000, 0x0000000088b00000| Untracked 
|  54|0x0000000088c00000, 0x0000000088c00000, 0x0000000088d00000|  0%| F|  |TAMS 0x0000000088c00000, 0x0000000088c00000| Untracked 
|  55|0x0000000088d00000, 0x0000000088d00000, 0x0000000088e00000|  0%| F|  |TAMS 0x0000000088d00000, 0x0000000088d00000| Untracked 
|  56|0x0000000088e00000, 0x0000000088e00000, 0x0000000088f00000|  0%| F|  |TAMS 0x0000000088e00000, 0x0000000088e00000| Untracked 
|  57|0x0000000088f00000, 0x0000000088f00000, 0x0000000089000000|  0%| F|  |TAMS 0x0000000088f00000, 0x0000000088f00000| Untracked 
|  58|0x0000000089000000, 0x0000000089000000, 0x0000000089100000|  0%| F|  |TAMS 0x0000000089000000, 0x0000000089000000| Untracked 
|  59|0x0000000089100000, 0x0000000089100000, 0x0000000089200000|  0%| F|  |TAMS 0x0000000089100000, 0x0000000089100000| Untracked 
|  60|0x0000000089200000, 0x0000000089200000, 0x0000000089300000|  0%| F|  |TAMS 0x0000000089200000, 0x0000000089200000| Untracked 
|  61|0x0000000089300000, 0x0000000089300000, 0x0000000089400000|  0%| F|  |TAMS 0x0000000089300000, 0x0000000089300000| Untracked 
|  62|0x0000000089400000, 0x0000000089400000, 0x0000000089500000|  0%| F|  |TAMS 0x0000000089400000, 0x0000000089400000| Untracked 
|  63|0x0000000089500000, 0x0000000089500000, 0x0000000089600000|  0%| F|  |TAMS 0x0000000089500000, 0x0000000089500000| Untracked 
|  64|0x0000000089600000, 0x0000000089600000, 0x0000000089700000|  0%| F|  |TAMS 0x0000000089600000, 0x0000000089600000| Untracked 
|  65|0x0000000089700000, 0x0000000089700000, 0x0000000089800000|  0%| F|  |TAMS 0x0000000089700000, 0x0000000089700000| Untracked 
|  66|0x0000000089800000, 0x0000000089800000, 0x0000000089900000|  0%| F|  |TAMS 0x0000000089800000, 0x0000000089800000| Untracked 
|  67|0x0000000089900000, 0x0000000089900000, 0x0000000089a00000|  0%| F|  |TAMS 0x0000000089900000, 0x0000000089900000| Untracked 
|  68|0x0000000089a00000, 0x0000000089a00000, 0x0000000089b00000|  0%| F|  |TAMS 0x0000000089a00000, 0x0000000089a00000| Untracked 
|  69|0x0000000089b00000, 0x0000000089b00000, 0x0000000089c00000|  0%| F|  |TAMS 0x0000000089b00000, 0x0000000089b00000| Untracked 
|  70|0x0000000089c00000, 0x0000000089c00000, 0x0000000089d00000|  0%| F|  |TAMS 0x0000000089c00000, 0x0000000089c00000| Untracked 
|  71|0x0000000089d00000, 0x0000000089d00000, 0x0000000089e00000|  0%| F|  |TAMS 0x0000000089d00000, 0x0000000089d00000| Untracked 
|  72|0x0000000089e00000, 0x0000000089e00000, 0x0000000089f00000|  0%| F|  |TAMS 0x0000000089e00000, 0x0000000089e00000| Untracked 
|  73|0x0000000089f00000, 0x0000000089f00000, 0x000000008a000000|  0%| F|  |TAMS 0x0000000089f00000, 0x0000000089f00000| Untracked 
|  74|0x000000008a000000, 0x000000008a000000, 0x000000008a100000|  0%| F|  |TAMS 0x000000008a000000, 0x000000008a000000| Untracked 
|  75|0x000000008a100000, 0x000000008a100000, 0x000000008a200000|  0%| F|  |TAMS 0x000000008a100000, 0x000000008a100000| Untracked 
|  76|0x000000008a200000, 0x000000008a200000, 0x000000008a300000|  0%| F|  |TAMS 0x000000008a200000, 0x000000008a200000| Untracked 
|  77|0x000000008a300000, 0x000000008a300000, 0x000000008a400000|  0%| F|  |TAMS 0x000000008a300000, 0x000000008a300000| Untracked 
|  78|0x000000008a400000, 0x000000008a400000, 0x000000008a500000|  0%| F|  |TAMS 0x000000008a400000, 0x000000008a400000| Untracked 
|  79|0x000000008a500000, 0x000000008a500000, 0x000000008a600000|  0%| F|  |TAMS 0x000000008a500000, 0x000000008a500000| Untracked 
|  80|0x000000008a600000, 0x000000008a600000, 0x000000008a700000|  0%| F|  |TAMS 0x000000008a600000, 0x000000008a600000| Untracked 
|  81|0x000000008a700000, 0x000000008a700000, 0x000000008a800000|  0%| F|  |TAMS 0x000000008a700000, 0x000000008a700000| Untracked 
|  82|0x000000008a800000, 0x000000008a800000, 0x000000008a900000|  0%| F|  |TAMS 0x000000008a800000, 0x000000008a800000| Untracked 
|  83|0x000000008a900000, 0x000000008a900000, 0x000000008aa00000|  0%| F|  |TAMS 0x000000008a900000, 0x000000008a900000| Untracked 
|  84|0x000000008aa00000, 0x000000008aa00000, 0x000000008ab00000|  0%| F|  |TAMS 0x000000008aa00000, 0x000000008aa00000| Untracked 
|  85|0x000000008ab00000, 0x000000008ab00000, 0x000000008ac00000|  0%| F|  |TAMS 0x000000008ab00000, 0x000000008ab00000| Untracked 
|  86|0x000000008ac00000, 0x000000008ac00000, 0x000000008ad00000|  0%| F|  |TAMS 0x000000008ac00000, 0x000000008ac00000| Untracked 
|  87|0x000000008ad00000, 0x000000008ad00000, 0x000000008ae00000|  0%| F|  |TAMS 0x000000008ad00000, 0x000000008ad00000| Untracked 
|  88|0x000000008ae00000, 0x000000008ae00000, 0x000000008af00000|  0%| F|  |TAMS 0x000000008ae00000, 0x000000008ae00000| Untracked 
|  89|0x000000008af00000, 0x000000008af00000, 0x000000008b000000|  0%| F|  |TAMS 0x000000008af00000, 0x000000008af00000| Untracked 
|  90|0x000000008b000000, 0x000000008b000000, 0x000000008b100000|  0%| F|  |TAMS 0x000000008b000000, 0x000000008b000000| Untracked 
|  91|0x000000008b100000, 0x000000008b100000, 0x000000008b200000|  0%| F|  |TAMS 0x000000008b100000, 0x000000008b100000| Untracked 
|  92|0x000000008b200000, 0x000000008b200000, 0x000000008b300000|  0%| F|  |TAMS 0x000000008b200000, 0x000000008b200000| Untracked 
|  93|0x000000008b300000, 0x000000008b300000, 0x000000008b400000|  0%| F|  |TAMS 0x000000008b300000, 0x000000008b300000| Untracked 
|  94|0x000000008b400000, 0x000000008b400000, 0x000000008b500000|  0%| F|  |TAMS 0x000000008b400000, 0x000000008b400000| Untracked 
|  95|0x000000008b500000, 0x000000008b500000, 0x000000008b600000|  0%| F|  |TAMS 0x000000008b500000, 0x000000008b500000| Untracked 
|  96|0x000000008b600000, 0x000000008b600000, 0x000000008b700000|  0%| F|  |TAMS 0x000000008b600000, 0x000000008b600000| Untracked 
|  97|0x000000008b700000, 0x000000008b700000, 0x000000008b800000|  0%| F|  |TAMS 0x000000008b700000, 0x000000008b700000| Untracked 
|  98|0x000000008b800000, 0x000000008b800000, 0x000000008b900000|  0%| F|  |TAMS 0x000000008b800000, 0x000000008b800000| Untracked 
|  99|0x000000008b900000, 0x000000008b900000, 0x000000008ba00000|  0%| F|  |TAMS 0x000000008b900000, 0x000000008b900000| Untracked 
| 100|0x000000008ba00000, 0x000000008ba00000, 0x000000008bb00000|  0%| F|  |TAMS 0x000000008ba00000, 0x000000008ba00000| Untracked 
| 101|0x000000008bb00000, 0x000000008bb00000, 0x000000008bc00000|  0%| F|  |TAMS 0x000000008bb00000, 0x000000008bb00000| Untracked 
| 102|0x000000008bc00000, 0x000000008bc00000, 0x000000008bd00000|  0%| F|  |TAMS 0x000000008bc00000, 0x000000008bc00000| Untracked 
| 103|0x000000008bd00000, 0x000000008bd00000, 0x000000008be00000|  0%| F|  |TAMS 0x000000008bd00000, 0x000000008bd00000| Untracked 
| 104|0x000000008be00000, 0x000000008be00000, 0x000000008bf00000|  0%| F|  |TAMS 0x000000008be00000, 0x000000008be00000| Untracked 
| 105|0x000000008bf00000, 0x000000008bf00000, 0x000000008c000000|  0%| F|  |TAMS 0x000000008bf00000, 0x000000008bf00000| Untracked 
| 106|0x000000008c000000, 0x000000008c000000, 0x000000008c100000|  0%| F|  |TAMS 0x000000008c000000, 0x000000008c000000| Untracked 
| 107|0x000000008c100000, 0x000000008c100000, 0x000000008c200000|  0%| F|  |TAMS 0x000000008c100000, 0x000000008c100000| Untracked 
| 108|0x000000008c200000, 0x000000008c200000, 0x000000008c300000|  0%| F|  |TAMS 0x000000008c200000, 0x000000008c200000| Untracked 
| 109|0x000000008c300000, 0x000000008c300000, 0x000000008c400000|  0%| F|  |TAMS 0x000000008c300000, 0x000000008c300000| Untracked 
| 110|0x000000008c400000, 0x000000008c400000, 0x000000008c500000|  0%| F|  |TAMS 0x000000008c400000, 0x000000008c400000| Untracked 
| 111|0x000000008c500000, 0x000000008c500000, 0x000000008c600000|  0%| F|  |TAMS 0x000000008c500000, 0x000000008c500000| Untracked 
| 112|0x000000008c600000, 0x000000008c600000, 0x000000008c700000|  0%| F|  |TAMS 0x000000008c600000, 0x000000008c600000| Untracked 
| 113|0x000000008c700000, 0x000000008c700000, 0x000000008c800000|  0%| F|  |TAMS 0x000000008c700000, 0x000000008c700000| Untracked 
| 114|0x000000008c800000, 0x000000008c800000, 0x000000008c900000|  0%| F|  |TAMS 0x000000008c800000, 0x000000008c800000| Untracked 
| 115|0x000000008c900000, 0x000000008c900000, 0x000000008ca00000|  0%| F|  |TAMS 0x000000008c900000, 0x000000008c900000| Untracked 
| 116|0x000000008ca00000, 0x000000008ca00000, 0x000000008cb00000|  0%| F|  |TAMS 0x000000008ca00000, 0x000000008ca00000| Untracked 
| 117|0x000000008cb00000, 0x000000008cb00000, 0x000000008cc00000|  0%| F|  |TAMS 0x000000008cb00000, 0x000000008cb00000| Untracked 
| 118|0x000000008cc00000, 0x000000008cc00000, 0x000000008cd00000|  0%| F|  |TAMS 0x000000008cc00000, 0x000000008cc00000| Untracked 
| 119|0x000000008cd00000, 0x000000008cd00000, 0x000000008ce00000|  0%| F|  |TAMS 0x000000008cd00000, 0x000000008cd00000| Untracked 
| 120|0x000000008ce00000, 0x000000008ce00000, 0x000000008cf00000|  0%| F|  |TAMS 0x000000008ce00000, 0x000000008ce00000| Untracked 
| 121|0x000000008cf00000, 0x000000008cf00000, 0x000000008d000000|  0%| F|  |TAMS 0x000000008cf00000, 0x000000008cf00000| Untracked 
| 122|0x000000008d000000, 0x000000008d100000, 0x000000008d100000|100%| E|  |TAMS 0x000000008d000000, 0x000000008d000000| Complete 
| 123|0x000000008d100000, 0x000000008d200000, 0x000000008d200000|100%| E|CS|TAMS 0x000000008d100000, 0x000000008d100000| Complete 
|1960|0x00000000ffe00000, 0x00000000ffe35000, 0x00000000fff00000| 20%|OA|  |TAMS 0x00000000ffe00000, 0x00000000ffe00000| Untracked 
|1961|0x00000000fff00000, 0x00000000fff6a000, 0x0000000100000000| 41%|CA|  |TAMS 0x00000000fff00000, 0x00000000fff00000| Untracked 

Card table byte_map: [0x00007f7371010000,0x00007f73713e5000] _byte_map_base: 0x00007f7370be5000

Marking Bits (Prev, Next): (CMBitMap*) 0x00007f736c0505d8, (CMBitMap*) 0x00007f736c050610
 Prev Bits: [0x00007f734e158000, 0x00007f7350000000)
 Next Bits: [0x00007f734c2b0000, 0x00007f734e158000)

Polling page: 0x00007f7375ce0000

Metaspace:

Usage:
  Non-class:      4.30 MB capacity,   755.79 KB ( 17%) used,     3.56 MB ( 83%) free+waste,     2.31 KB ( <1%) overhead. 
      Class:    442.00 KB capacity,    54.75 KB ( 12%) used,   385.81 KB ( 87%) free+waste,     1.44 KB ( <1%) overhead. 
       Both:      4.73 MB capacity,   810.54 KB ( 17%) used,     3.93 MB ( 83%) free+waste,     3.75 KB ( <1%) overhead. 

Virtual space:
  Non-class space:        8.00 MB reserved,       4.50 MB ( 56%) committed 
      Class space:        1.00 GB reserved,     512.00 KB ( <1%) committed 
             Both:        1.01 GB reserved,       5.00 MB ( <1%) committed 

Chunk freelists:
   Non-Class:  25.00 KB
       Class:  6.00 KB
        Both:  31.00 KB

CodeHeap 'non-profiled nmethods': size=120032Kb used=53Kb max_used=53Kb free=119979Kb
 bounds [0x00007f735c446000, 0x00007f735c6b6000, 0x00007f736397e000]
CodeHeap 'profiled nmethods': size=120032Kb used=256Kb max_used=256Kb free=119775Kb
 bounds [0x00007f7354f0e000, 0x00007f735517e000, 0x00007f735c446000]
CodeHeap 'non-nmethods': size=5696Kb used=1069Kb max_used=1080Kb free=4626Kb
 bounds [0x00007f735497e000, 0x00007f7354bee000, 0x00007f7354f0e000]
 total_blobs=632 nmethods=201 adapters=283
 compilation: enabled
              stopped_count=0, restarted_count=0
 full_count=0

Compilation events (10 events):
Event: 17.946 Thread 0x00007f736c183800  196       3       java.lang.Character::codePointAt (51 bytes)
Event: 17.946 Thread 0x00007f736c183800 nmethod 196 0x00007f7354f4c290 code [0x00007f7354f4c4a0, 0x00007f7354f4cb68]
Event: 17.947 Thread 0x00007f736c183800  197       3       java.util.regex.Pattern$$Lambda$12/0x0000000840064440::is (5 bytes)
Event: 17.947 Thread 0x00007f736c183800 nmethod 197 0x00007f7354f4cd10 code [0x00007f7354f4cee0, 0x00007f7354f4d1d0]
Event: 17.947 Thread 0x00007f736c183800  198       3       java.util.regex.Pattern::lambda$DOT$5 (34 bytes)
Event: 17.947 Thread 0x00007f736c183800 nmethod 198 0x00007f7354f4d290 code [0x00007f7354f4d440, 0x00007f7354f4d690]
Event: 17.947 Thread 0x00007f736c183800  200       3       java.lang.Character::digit (6 bytes)
Event: 17.948 Thread 0x00007f736c183800 nmethod 200 0x00007f7354f4d710 code [0x00007f7354f4d8e0, 0x00007f7354f4db78]
Event: 17.948 Thread 0x00007f736c183800  201       3       java.lang.Character::digit (10 bytes)
Event: 17.948 Thread 0x00007f736c183800 nmethod 201 0x00007f7354f4dc90 code [0x00007f7354f4de60, 0x00007f7354f4e0b8]

GC Heap History (0 events):
No events

Deoptimization events (3 events):
Event: 0.057 Thread 0x00007f736c011800 Uncommon trap: reason=unstable_if action=reinterpret pc=0x00007f735c449fc8 method=java.lang.String.hashCode()I @ 14 c2
Event: 4.357 Thread 0x00007f736c011800 Uncommon trap: reason=unstable_if action=reinterpret pc=0x00007f735c45021c method=java.lang.String.isLatin1()Z @ 10 c2
Event: 4.358 Thread 0x00007f736c011800 Uncommon trap: reason=unstable_if action=reinterpret pc=0x00007f735c44bb88 method=java.lang.String.isLatin1()Z @ 10 c2

Classes redefined (0 events):
No events

Internal exceptions (1 events):
Event: 4.341 Thread 0x00007f736c011800 Exception <a 'java/lang/NoSuchMethodError'{0x000000008d0a9f30}: java.lang.invoke.DirectMethodHandle$Holder.invokeSpecialIFC(Ljava/lang/Object;Ljava/lang/Object;I)I> (0x000000008d0a9f30) thrown at [/build/openjdk-lts-TkRlmw/openjdk-lts-11.0.3+7/src/hotspot

Events (10 events):
Event: 4.361 loading class java/util/regex/Matcher$ImmutableMatchResult
Event: 4.361 loading class java/util/regex/Matcher$ImmutableMatchResult done
Event: 4.364 loading class ru/ColdChip/GrowtopiaServer/Packet/Pack
Event: 4.364 loading class ru/ColdChip/GrowtopiaServer/Packet/Pack done
Event: 4.364 loading class ru/ColdChip/GrowtopiaServer/Packet/Structs/PacketData
Event: 4.364 loading class ru/ColdChip/GrowtopiaServer/Packet/Structs/PacketData done
Event: 4.365 loading class ru/ColdChip/GrowtopiaServer/Utils/Hex2Byte
Event: 4.365 loading class ru/ColdChip/GrowtopiaServer/Utils/Hex2Byte done
Event: 19.064 loading class ru/ColdChip/GrowtopiaServer/World/GetWorldData
Event: 19.064 loading class ru/ColdChip/GrowtopiaServer/World/GetWorldData done


Dynamic libraries:
85600000-8d200000 rw-p 00000000 00:00 0 
8d200000-ffe00000 ---p 00000000 00:00 0 
ffe00000-ffe35000 rw-p 0111e000 08:12 657221                             /usr/lib/jvm/java-11-openjdk-amd64/lib/server/classes.jsa
ffe35000-fff00000 rw-p 00000000 00:00 0 
fff00000-fff6a000 rw-p 010b4000 08:12 657221                             /usr/lib/jvm/java-11-openjdk-amd64/lib/server/classes.jsa
fff6a000-100000000 rw-p 00000000 00:00 0 
800000000-800002000 rwxp 00001000 08:12 657221                           /usr/lib/jvm/java-11-openjdk-amd64/lib/server/classes.jsa
800002000-8003bf000 rw-p 00003000 08:12 657221                           /usr/lib/jvm/java-11-openjdk-amd64/lib/server/classes.jsa
8003bf000-800a9c000 r--p 003c0000 08:12 657221                           /usr/lib/jvm/java-11-openjdk-amd64/lib/server/classes.jsa
800a9c000-800a9d000 rw-p 00a9d000 08:12 657221                           /usr/lib/jvm/java-11-openjdk-amd64/lib/server/classes.jsa
800a9d000-8010b3000 r--p 00a9e000 08:12 657221                           /usr/lib/jvm/java-11-openjdk-amd64/lib/server/classes.jsa
840000000-840080000 rw-p 00000000 00:00 0 
840080000-880000000 ---p 00000000 00:00 0 
55618bebf000-55618bec0000 r-xp 00000000 08:12 677781                     /usr/lib/jvm/java-11-openjdk-amd64/bin/java
55618c0c0000-55618c0c1000 r--p 00001000 08:12 677781                     /usr/lib/jvm/java-11-openjdk-amd64/bin/java
55618c0c1000-55618c0c2000 rw-p 00002000 08:12 677781                     /usr/lib/jvm/java-11-openjdk-amd64/bin/java
55618d10a000-55618d12b000 rw-p 00000000 00:00 0                          [heap]
7f730c000000-7f730c021000 rw-p 00000000 00:00 0 
7f730c021000-7f7310000000 ---p 00000000 00:00 0 
7f7314000000-7f7314021000 rw-p 00000000 00:00 0 
7f7314021000-7f7318000000 ---p 00000000 00:00 0 
7f7318000000-7f7318021000 rw-p 00000000 00:00 0 
7f7318021000-7f731c000000 ---p 00000000 00:00 0 
7f731c000000-7f731c082000 rw-p 00000000 00:00 0 
7f731c082000-7f7320000000 ---p 00000000 00:00 0 
7f7320000000-7f7320021000 rw-p 00000000 00:00 0 
7f7320021000-7f7324000000 ---p 00000000 00:00 0 
7f7324000000-7f7324021000 rw-p 00000000 00:00 0 
7f7324021000-7f7328000000 ---p 00000000 00:00 0 
7f7328000000-7f7328067000 rw-p 00000000 00:00 0 
7f7328067000-7f732c000000 ---p 00000000 00:00 0 
7f732c000000-7f732c021000 rw-p 00000000 00:00 0 
7f732c021000-7f7330000000 ---p 00000000 00:00 0 
7f7330000000-7f7330021000 rw-p 00000000 00:00 0 
7f7330021000-7f7334000000 ---p 00000000 00:00 0 
7f7334000000-7f7334021000 rw-p 00000000 00:00 0 
7f7334021000-7f7338000000 ---p 00000000 00:00 0 
7f7338000000-7f7338021000 rw-p 00000000 00:00 0 
7f7338021000-7f733c000000 ---p 00000000 00:00 0 
7f733c000000-7f733c021000 rw-p 00000000 00:00 0 
7f733c021000-7f7340000000 ---p 00000000 00:00 0 
7f7340000000-7f7340021000 rw-p 00000000 00:00 0 
7f7340021000-7f7344000000 ---p 00000000 00:00 0 
7f7344a5c000-7f7344bcd000 rw-p 00000000 00:00 0 
7f7344bcd000-7f7344c03000 r-xp 00000000 08:12 11149914                   /home/coldchip/gtserver/Lib/libenet.so
7f7344c03000-7f7344e02000 ---p 00036000 08:12 11149914                   /home/coldchip/gtserver/Lib/libenet.so
7f7344e02000-7f7344e03000 r--p 00035000 08:12 11149914                   /home/coldchip/gtserver/Lib/libenet.so
7f7344e03000-7f7344e04000 rw-p 00036000 08:12 11149914                   /home/coldchip/gtserver/Lib/libenet.so
7f7344e04000-7f7344e1a000 r-xp 00000000 08:12 677853                     /usr/lib/jvm/java-11-openjdk-amd64/lib/libnet.so
7f7344e1a000-7f7345019000 ---p 00016000 08:12 677853                     /usr/lib/jvm/java-11-openjdk-amd64/lib/libnet.so
7f7345019000-7f734501a000 r--p 00015000 08:12 677853                     /usr/lib/jvm/java-11-openjdk-amd64/lib/libnet.so
7f734501a000-7f734501b000 rw-p 00016000 08:12 677853                     /usr/lib/jvm/java-11-openjdk-amd64/lib/libnet.so
7f734501b000-7f734502b000 r-xp 00000000 08:12 677854                     /usr/lib/jvm/java-11-openjdk-amd64/lib/libnio.so
7f734502b000-7f734522a000 ---p 00010000 08:12 677854                     /usr/lib/jvm/java-11-openjdk-amd64/lib/libnio.so
7f734522a000-7f734522b000 r--p 0000f000 08:12 677854                     /usr/lib/jvm/java-11-openjdk-amd64/lib/libnio.so
7f734522b000-7f734522c000 rw-p 00010000 08:12 677854                     /usr/lib/jvm/java-11-openjdk-amd64/lib/libnio.so
7f734522c000-7f7345230000 ---p 00000000 00:00 0 
7f7345230000-7f734532d000 rw-p 00000000 00:00 0 
7f734532d000-7f734532e000 ---p 00000000 00:00 0 
7f734532e000-7f734542f000 rw-p 00000000 00:00 0 
7f734542f000-7f7345433000 ---p 00000000 00:00 0 
7f7345433000-7f7345530000 rw-p 00000000 00:00 0 
7f7345530000-7f7345534000 ---p 00000000 00:00 0 
7f7345534000-7f7345631000 rw-p 00000000 00:00 0 
7f7345631000-7f7346000000 r--p 00000000 08:12 14817912                   /usr/lib/locale/locale-archive
7f7346000000-7f7348000000 rw-p 00000000 00:00 0 
7f7348000000-7f7348021000 rw-p 00000000 00:00 0 
7f7348021000-7f734c000000 ---p 00000000 00:00 0 
7f734c0ae000-7f734c0b2000 ---p 00000000 00:00 0 
7f734c0b2000-7f734c1af000 rw-p 00000000 00:00 0 
7f734c1af000-7f734c1b3000 ---p 00000000 00:00 0 
7f734c1b3000-7f734c4a0000 rw-p 00000000 00:00 0 
7f734c4a0000-7f734e150000 ---p 00000000 00:00 0 
7f734e150000-7f734e348000 rw-p 00000000 00:00 0 
7f734e348000-7f734fff8000 ---p 00000000 00:00 0 
7f734fff8000-7f7350000000 rw-p 00000000 00:00 0 
7f7350000000-7f7350021000 rw-p 00000000 00:00 0 
7f7350021000-7f7354000000 ---p 00000000 00:00 0 
7f735407d000-7f7354081000 ---p 00000000 00:00 0 
7f7354081000-7f73545fe000 rw-p 00000000 00:00 0 
7f73545fe000-7f735497e000 ---p 00000000 00:00 0 
7f735497e000-7f7354bee000 rwxp 00000000 00:00 0 
7f7354bee000-7f7354f0e000 ---p 00000000 00:00 0 
7f7354f0e000-7f735517e000 rwxp 00000000 00:00 0 
7f735517e000-7f735c446000 ---p 00000000 00:00 0 
7f735c446000-7f735c6b6000 rwxp 00000000 00:00 0 
7f735c6b6000-7f736397e000 ---p 00000000 00:00 0 
7f736397e000-7f736c000000 r--s 00000000 08:12 677863                     /usr/lib/jvm/java-11-openjdk-amd64/lib/modules
7f736c000000-7f736c27f000 rw-p 00000000 00:00 0 
7f736c27f000-7f7370000000 ---p 00000000 00:00 0 
7f73700aa000-7f73700ae000 ---p 00000000 00:00 0 
7f73700ae000-7f73701ab000 rw-p 00000000 00:00 0 
7f73701ab000-7f73701af000 ---p 00000000 00:00 0 
7f73701af000-7f73702ac000 rw-p 00000000 00:00 0 
7f73702ac000-7f73702ad000 ---p 00000000 00:00 0 
7f73702ad000-7f737042f000 rw-p 00000000 00:00 0 
7f737042f000-7f7370430000 ---p 00000000 00:00 0 
7f7370430000-7f7370531000 rw-p 00000000 00:00 0 
7f7370531000-7f7370532000 ---p 00000000 00:00 0 
7f7370532000-7f7370a37000 rw-p 00000000 00:00 0 
7f7370a37000-7f7370a38000 ---p 00000000 00:00 0 
7f7370a38000-7f7370b39000 rw-p 00000000 00:00 0 
7f7370b39000-7f7370b3a000 ---p 00000000 00:00 0 
7f7370b3a000-7f7370c79000 rw-p 00000000 00:00 0 
7f7370c79000-7f737100f000 ---p 00000000 00:00 0 
7f737100f000-7f737104e000 rw-p 00000000 00:00 0 
7f737104e000-7f73713e4000 ---p 00000000 00:00 0 
7f73713e4000-7f7371423000 rw-p 00000000 00:00 0 
7f7371423000-7f73717b9000 ---p 00000000 00:00 0 
7f73717b9000-7f7371bbe000 rw-p 00000000 00:00 0 
7f7371bbe000-7f7371bbf000 ---p 00000000 00:00 0 
7f7371bbf000-7f7371cc5000 rw-p 00000000 00:00 0 
7f7371cc5000-7f7371dab000 ---p 00000000 00:00 0 
7f7371dab000-7f7371db0000 rw-p 00000000 00:00 0 
7f7371db0000-7f7371e96000 ---p 00000000 00:00 0 
7f7371e96000-7f7371e9b000 r-xp 00000000 08:12 677845                     /usr/lib/jvm/java-11-openjdk-amd64/lib/libjimage.so
7f7371e9b000-7f737209a000 ---p 00005000 08:12 677845                     /usr/lib/jvm/java-11-openjdk-amd64/lib/libjimage.so
7f737209a000-7f737209b000 r--p 00004000 08:12 677845                     /usr/lib/jvm/java-11-openjdk-amd64/lib/libjimage.so
7f737209b000-7f737209c000 rw-p 00005000 08:12 677845                     /usr/lib/jvm/java-11-openjdk-amd64/lib/libjimage.so
7f737209c000-7f73720a3000 r-xp 00000000 08:12 677862                     /usr/lib/jvm/java-11-openjdk-amd64/lib/libzip.so
7f73720a3000-7f73722a2000 ---p 00007000 08:12 677862                     /usr/lib/jvm/java-11-openjdk-amd64/lib/libzip.so
7f73722a2000-7f73722a3000 r--p 00006000 08:12 677862                     /usr/lib/jvm/java-11-openjdk-amd64/lib/libzip.so
7f73722a3000-7f73722a4000 rw-p 00007000 08:12 677862                     /usr/lib/jvm/java-11-openjdk-amd64/lib/libzip.so
7f73722a4000-7f73722af000 r-xp 00000000 08:12 9179889                    /lib/x86_64-linux-gnu/libnss_files-2.27.so
7f73722af000-7f73724ae000 ---p 0000b000 08:12 9179889                    /lib/x86_64-linux-gnu/libnss_files-2.27.so
7f73724ae000-7f73724af000 r--p 0000a000 08:12 9179889                    /lib/x86_64-linux-gnu/libnss_files-2.27.so
7f73724af000-7f73724b0000 rw-p 0000b000 08:12 9179889                    /lib/x86_64-linux-gnu/libnss_files-2.27.so
7f73724b0000-7f73724b6000 rw-p 00000000 00:00 0 
7f73724b6000-7f73724cd000 r-xp 00000000 08:12 9179883                    /lib/x86_64-linux-gnu/libnsl-2.27.so
7f73724cd000-7f73726cc000 ---p 00017000 08:12 9179883                    /lib/x86_64-linux-gnu/libnsl-2.27.so
7f73726cc000-7f73726cd000 r--p 00016000 08:12 9179883                    /lib/x86_64-linux-gnu/libnsl-2.27.so
7f73726cd000-7f73726ce000 rw-p 00017000 08:12 9179883                    /lib/x86_64-linux-gnu/libnsl-2.27.so
7f73726ce000-7f73726d0000 rw-p 00000000 00:00 0 
7f73726d0000-7f73726db000 r-xp 00000000 08:12 9179900                    /lib/x86_64-linux-gnu/libnss_nis-2.27.so
7f73726db000-7f73728da000 ---p 0000b000 08:12 9179900                    /lib/x86_64-linux-gnu/libnss_nis-2.27.so
7f73728da000-7f73728db000 r--p 0000a000 08:12 9179900                    /lib/x86_64-linux-gnu/libnss_nis-2.27.so
7f73728db000-7f73728dc000 rw-p 0000b000 08:12 9179900                    /lib/x86_64-linux-gnu/libnss_nis-2.27.so
7f73728dc000-7f73728e4000 r-xp 00000000 08:12 9179885                    /lib/x86_64-linux-gnu/libnss_compat-2.27.so
7f73728e4000-7f7372ae4000 ---p 00008000 08:12 9179885                    /lib/x86_64-linux-gnu/libnss_compat-2.27.so
7f7372ae4000-7f7372ae5000 r--p 00008000 08:12 9179885                    /lib/x86_64-linux-gnu/libnss_compat-2.27.so
7f7372ae5000-7f7372ae6000 rw-p 00009000 08:12 9179885                    /lib/x86_64-linux-gnu/libnss_compat-2.27.so
7f7372ae6000-7f7372b0f000 r-xp 00000000 08:12 677841                     /usr/lib/jvm/java-11-openjdk-amd64/lib/libjava.so
7f7372b0f000-7f7372d0e000 ---p 00029000 08:12 677841                     /usr/lib/jvm/java-11-openjdk-amd64/lib/libjava.so
7f7372d0e000-7f7372d0f000 r--p 00028000 08:12 677841                     /usr/lib/jvm/java-11-openjdk-amd64/lib/libjava.so
7f7372d0f000-7f7372d11000 rw-p 00029000 08:12 677841                     /usr/lib/jvm/java-11-openjdk-amd64/lib/libjava.so
7f7372d11000-7f7372d1e000 r-xp 00000000 08:12 677861                     /usr/lib/jvm/java-11-openjdk-amd64/lib/libverify.so
7f7372d1e000-7f7372f1d000 ---p 0000d000 08:12 677861                     /usr/lib/jvm/java-11-openjdk-amd64/lib/libverify.so
7f7372f1d000-7f7372f1f000 r--p 0000c000 08:12 677861                     /usr/lib/jvm/java-11-openjdk-amd64/lib/libverify.so
7f7372f1f000-7f7372f20000 rw-p 0000e000 08:12 677861                     /usr/lib/jvm/java-11-openjdk-amd64/lib/libverify.so
7f7372f20000-7f7372f27000 r-xp 00000000 08:12 9179940                    /lib/x86_64-linux-gnu/librt-2.27.so
7f7372f27000-7f7373126000 ---p 00007000 08:12 9179940                    /lib/x86_64-linux-gnu/librt-2.27.so
7f7373126000-7f7373127000 r--p 00006000 08:12 9179940                    /lib/x86_64-linux-gnu/librt-2.27.so
7f7373127000-7f7373128000 rw-p 00007000 08:12 9179940                    /lib/x86_64-linux-gnu/librt-2.27.so
7f7373128000-7f737313f000 r-xp 00000000 08:12 9175322                    /lib/x86_64-linux-gnu/libgcc_s.so.1
7f737313f000-7f737333e000 ---p 00017000 08:12 9175322                    /lib/x86_64-linux-gnu/libgcc_s.so.1
7f737333e000-7f737333f000 r--p 00016000 08:12 9175322                    /lib/x86_64-linux-gnu/libgcc_s.so.1
7f737333f000-7f7373340000 rw-p 00017000 08:12 9175322                    /lib/x86_64-linux-gnu/libgcc_s.so.1
7f7373340000-7f73734dd000 r-xp 00000000 08:12 9179862                    /lib/x86_64-linux-gnu/libm-2.27.so
7f73734dd000-7f73736dc000 ---p 0019d000 08:12 9179862                    /lib/x86_64-linux-gnu/libm-2.27.so
7f73736dc000-7f73736dd000 r--p 0019c000 08:12 9179862                    /lib/x86_64-linux-gnu/libm-2.27.so
7f73736dd000-7f73736de000 rw-p 0019d000 08:12 9179862                    /lib/x86_64-linux-gnu/libm-2.27.so
7f73736de000-7f7373857000 r-xp 00000000 08:12 14811192                   /usr/lib/x86_64-linux-gnu/libstdc++.so.6.0.25
7f7373857000-7f7373a57000 ---p 00179000 08:12 14811192                   /usr/lib/x86_64-linux-gnu/libstdc++.so.6.0.25
7f7373a57000-7f7373a61000 r--p 00179000 08:12 14811192                   /usr/lib/x86_64-linux-gnu/libstdc++.so.6.0.25
7f7373a61000-7f7373a63000 rw-p 00183000 08:12 14811192                   /usr/lib/x86_64-linux-gnu/libstdc++.so.6.0.25
7f7373a63000-7f7373a67000 rw-p 00000000 00:00 0 
7f7373a67000-7f7374b2f000 r-xp 00000000 08:12 677866                     /usr/lib/jvm/java-11-openjdk-amd64/lib/server/libjvm.so
7f7374b2f000-7f7374d2f000 ---p 010c8000 08:12 677866                     /usr/lib/jvm/java-11-openjdk-amd64/lib/server/libjvm.so
7f7374d2f000-7f7374dec000 r--p 010c8000 08:12 677866                     /usr/lib/jvm/java-11-openjdk-amd64/lib/server/libjvm.so
7f7374dec000-7f7374e25000 rw-p 01185000 08:12 677866                     /usr/lib/jvm/java-11-openjdk-amd64/lib/server/libjvm.so
7f7374e25000-7f7374e7b000 rw-p 00000000 00:00 0 
7f7374e7b000-7f7374e95000 r-xp 00000000 08:12 9179932                    /lib/x86_64-linux-gnu/libpthread-2.27.so
7f7374e95000-7f7375094000 ---p 0001a000 08:12 9179932                    /lib/x86_64-linux-gnu/libpthread-2.27.so
7f7375094000-7f7375095000 r--p 00019000 08:12 9179932                    /lib/x86_64-linux-gnu/libpthread-2.27.so
7f7375095000-7f7375096000 rw-p 0001a000 08:12 9179932                    /lib/x86_64-linux-gnu/libpthread-2.27.so
7f7375096000-7f737509a000 rw-p 00000000 00:00 0 
7f737509a000-7f737509d000 r-xp 00000000 08:12 9179822                    /lib/x86_64-linux-gnu/libdl-2.27.so
7f737509d000-7f737529c000 ---p 00003000 08:12 9179822                    /lib/x86_64-linux-gnu/libdl-2.27.so
7f737529c000-7f737529d000 r--p 00002000 08:12 9179822                    /lib/x86_64-linux-gnu/libdl-2.27.so
7f737529d000-7f737529e000 rw-p 00003000 08:12 9179822                    /lib/x86_64-linux-gnu/libdl-2.27.so
7f737529e000-7f73752ba000 r-xp 00000000 08:12 9179971                    /lib/x86_64-linux-gnu/libz.so.1.2.11
7f73752ba000-7f73754b9000 ---p 0001c000 08:12 9179971                    /lib/x86_64-linux-gnu/libz.so.1.2.11
7f73754b9000-7f73754ba000 r--p 0001b000 08:12 9179971                    /lib/x86_64-linux-gnu/libz.so.1.2.11
7f73754ba000-7f73754bb000 rw-p 0001c000 08:12 9179971                    /lib/x86_64-linux-gnu/libz.so.1.2.11
7f73754bb000-7f73756a2000 r-xp 00000000 08:12 9179799                    /lib/x86_64-linux-gnu/libc-2.27.so
7f73756a2000-7f73758a2000 ---p 001e7000 08:12 9179799                    /lib/x86_64-linux-gnu/libc-2.27.so
7f73758a2000-7f73758a6000 r--p 001e7000 08:12 9179799                    /lib/x86_64-linux-gnu/libc-2.27.so
7f73758a6000-7f73758a8000 rw-p 001eb000 08:12 9179799                    /lib/x86_64-linux-gnu/libc-2.27.so
7f73758a8000-7f73758ac000 rw-p 00000000 00:00 0 
7f73758ac000-7f73758bb000 r-xp 00000000 08:12 677826                     /usr/lib/jvm/java-11-openjdk-amd64/lib/jli/libjli.so
7f73758bb000-7f7375abb000 ---p 0000f000 08:12 677826                     /usr/lib/jvm/java-11-openjdk-amd64/lib/jli/libjli.so
7f7375abb000-7f7375abc000 r--p 0000f000 08:12 677826                     /usr/lib/jvm/java-11-openjdk-amd64/lib/jli/libjli.so
7f7375abc000-7f7375abd000 rw-p 00010000 08:12 677826                     /usr/lib/jvm/java-11-openjdk-amd64/lib/jli/libjli.so
7f7375abd000-7f7375ae4000 r-xp 00000000 08:12 9179771                    /lib/x86_64-linux-gnu/ld-2.27.so
7f7375b1c000-7f7375bb9000 rw-p 00000000 00:00 0 
7f7375bb9000-7f7375bbd000 ---p 00000000 00:00 0 
7f7375bbd000-7f7375cbc000 rw-p 00000000 00:00 0 
7f7375cca000-7f7375ccf000 rw-p 00000000 00:00 0 
7f7375ccf000-7f7375cd6000 ---p 00000000 00:00 0 
7f7375cd6000-7f7375cd8000 r--s 00007000 08:12 134994                     /usr/share/java/java-atk-wrapper.jar
7f7375cd8000-7f7375ce0000 rw-s 00000000 08:12 5771504                    /tmp/hsperfdata_coldchip/9371
7f7375ce0000-7f7375ce1000 ---p 00000000 00:00 0 
7f7375ce1000-7f7375ce2000 r--p 00000000 00:00 0 
7f7375ce2000-7f7375ce4000 rw-p 00000000 00:00 0 
7f7375ce4000-7f7375ce5000 r--p 00027000 08:12 9179771                    /lib/x86_64-linux-gnu/ld-2.27.so
7f7375ce5000-7f7375ce6000 rw-p 00028000 08:12 9179771                    /lib/x86_64-linux-gnu/ld-2.27.so
7f7375ce6000-7f7375ce7000 rw-p 00000000 00:00 0 
7ffe08cc0000-7ffe08ce1000 rw-p 00000000 00:00 0                          [stack]
7ffe08df0000-7ffe08df3000 r--p 00000000 00:00 0                          [vvar]
7ffe08df3000-7ffe08df5000 r-xp 00000000 00:00 0                          [vdso]
ffffffffff600000-ffffffffff601000 r-xp 00000000 00:00 0                  [vsyscall]


VM Arguments:
java_command: Build/server.jar
java_class_path (initial): Build/server.jar
Launcher Type: SUN_STANDARD

[Global flags]
     intx CICompilerCount                          = 3                                         {product} {ergonomic}
     uint ConcGCThreads                            = 1                                         {product} {ergonomic}
     uint G1ConcRefinementThreads                  = 4                                         {product} {ergonomic}
   size_t G1HeapRegionSize                         = 1048576                                   {product} {ergonomic}
    uintx GCDrainStackTargetSize                   = 64                                        {product} {ergonomic}
   size_t InitialHeapSize                          = 130023424                                 {product} {ergonomic}
   size_t MarkStackSize                            = 4194304                                   {product} {ergonomic}
   size_t MaxHeapSize                              = 2057306112                                {product} {ergonomic}
   size_t MaxNewSize                               = 1234173952                                {product} {ergonomic}
   size_t MinHeapDeltaBytes                        = 1048576                                   {product} {ergonomic}
    uintx NonNMethodCodeHeapSize                   = 5830092                                {pd product} {ergonomic}
    uintx NonProfiledCodeHeapSize                  = 122914074                              {pd product} {ergonomic}
    uintx ProfiledCodeHeapSize                     = 122914074                              {pd product} {ergonomic}
    uintx ReservedCodeCacheSize                    = 251658240                              {pd product} {ergonomic}
     bool SegmentedCodeCache                       = true                                      {product} {ergonomic}
     bool UseCompressedClassPointers               = true                                 {lp64_product} {ergonomic}
     bool UseCompressedOops                        = true                                 {lp64_product} {ergonomic}
     bool UseG1GC                                  = true                                      {product} {ergonomic}

Logging:
Log output configuration:
 #0: stdout all=warning uptime,level,tags
 #1: stderr all=off uptime,level,tags

Environment Variables:
PATH=/home/coldchip/google-cloud-sdk/bin:/home/coldchip/.local/bin:/home/coldchip/bin:/usr/local/sbin:/usr/local/bin:/usr/sbin:/usr/bin:/sbin:/bin:/usr/games:/usr/local/games:/snap/bin
USERNAME=coldchip
SHELL=/bin/bash
DISPLAY=:0

Signal Handlers:
SIGSEGV: [libjvm.so+0xde2f90], sa_mask[0]=11111111011111111101111111111110, sa_flags=SA_RESTART|SA_SIGINFO
SIGBUS: [libjvm.so+0xde2f90], sa_mask[0]=11111111011111111101111111111110, sa_flags=SA_RESTART|SA_SIGINFO
SIGFPE: [libjvm.so+0xde2f90], sa_mask[0]=11111111011111111101111111111110, sa_flags=SA_RESTART|SA_SIGINFO
SIGPIPE: [libjvm.so+0xbb85d0], sa_mask[0]=11111111011111111101111111111110, sa_flags=SA_RESTART|SA_SIGINFO
SIGXFSZ: [libjvm.so+0xbb85d0], sa_mask[0]=11111111011111111101111111111110, sa_flags=SA_RESTART|SA_SIGINFO
SIGILL: [libjvm.so+0xde2f90], sa_mask[0]=11111111011111111101111111111110, sa_flags=SA_RESTART|SA_SIGINFO
SIGUSR2: [libjvm.so+0xbb8470], sa_mask[0]=00000000000000000000000000000000, sa_flags=SA_RESTART|SA_SIGINFO
SIGHUP: [libjvm.so+0xbb87d0], sa_mask[0]=11111111011111111101111111111110, sa_flags=SA_RESTART|SA_SIGINFO
SIGINT: [libjvm.so+0xbb87d0], sa_mask[0]=11111111011111111101111111111110, sa_flags=SA_RESTART|SA_SIGINFO
SIGTERM: [libjvm.so+0xbb87d0], sa_mask[0]=11111111011111111101111111111110, sa_flags=SA_RESTART|SA_SIGINFO
SIGQUIT: [libjvm.so+0xbb87d0], sa_mask[0]=11111111011111111101111111111110, sa_flags=SA_RESTART|SA_SIGINFO


---------------  S Y S T E M  ---------------

OS:DISTRIB_ID=Ubuntu
DISTRIB_RELEASE=18.04
DISTRIB_CODENAME=bionic
DISTRIB_DESCRIPTION="Ubuntu 18.04.1 LTS"
uname:Linux 4.15.0-51-generic #55-Ubuntu SMP Wed May 15 14:27:21 UTC 2019 x86_64
libc:glibc 2.27 NPTL 2.27 
rlimit: STACK 8192k, CORE 0k, NPROC 30768, NOFILE 4096, AS infinity, DATA infinity, FSIZE infinity
load average:0.39 0.51 0.48

/proc/meminfo:
MemTotal:        8032224 kB
MemFree:         2292256 kB
MemAvailable:    4338132 kB
Buffers:          535800 kB
Cached:          1842764 kB
SwapCached:            0 kB
Active:          3850412 kB
Inactive:        1198308 kB
Active(anon):    2671644 kB
Inactive(anon):   451496 kB
Active(file):    1178768 kB
Inactive(file):   746812 kB
Unevictable:         252 kB
Mlocked:             252 kB
SwapTotal:       2097148 kB
SwapFree:        2097148 kB
Dirty:               612 kB
Writeback:             0 kB
AnonPages:       2670440 kB
Mapped:           660692 kB
Shmem:            452988 kB
Slab:             512448 kB
SReclaimable:     426080 kB
SUnreclaim:        86368 kB
KernelStack:       16320 kB
PageTables:        81472 kB
NFS_Unstable:          0 kB
Bounce:                0 kB
WritebackTmp:          0 kB
CommitLimit:     6113260 kB
Committed_AS:   12345956 kB
VmallocTotal:   34359738367 kB
VmallocUsed:           0 kB
VmallocChunk:          0 kB
HardwareCorrupted:     0 kB
AnonHugePages:         0 kB
ShmemHugePages:        0 kB
ShmemPmdMapped:        0 kB
CmaTotal:              0 kB
CmaFree:               0 kB
HugePages_Total:       0
HugePages_Free:        0
HugePages_Rsvd:        0
HugePages_Surp:        0
Hugepagesize:       2048 kB
DirectMap4k:      274108 kB
DirectMap2M:     7979008 kB


/proc/sys/kernel/threads-max (system-wide limit on the number of threads):
61536


/proc/sys/vm/max_map_count (maximum number of memory map areas a process may have):
65530


/proc/sys/kernel/pid_max (system-wide limit on number of process identifiers):
32768



container (cgroup) information:
container_type: cgroupv1
cpu_cpuset_cpus: 0-3
cpu_memory_nodes: 0
active_processor_count: 4
cpu_quota: -1
cpu_period: 100000
cpu_shares: -1
memory_limit_in_bytes: -1
memory_and_swap_limit_in_bytes: -2
memory_soft_limit_in_bytes: -1
memory_usage_in_bytes: 5170266112
memory_max_usage_in_bytes: 0


CPU:total 4 (initial active 4) (2 cores per cpu, 2 threads per core) family 6 model 58 stepping 9, cmov, cx8, fxsr, mmx, sse, sse2, sse3, ssse3, sse4.1, sse4.2, popcnt, avx, aes, clmul, erms, ht, tsc, tscinvbit, tscinv
CPU Model and flags from /proc/cpuinfo:
model name	: Intel(R) Core(TM) i7-3520M CPU @ 2.90GHz
flags		: fpu vme de pse tsc msr pae mce cx8 apic sep mtrr pge mca cmov pat pse36 clflush dts acpi mmx fxsr sse sse2 ss ht tm pbe syscall nx rdtscp lm constant_tsc arch_perfmon pebs bts rep_good nopl xtopology nonstop_tsc cpuid aperfmperf pni pclmulqdq dtes64 monitor ds_cpl vmx smx est tm2 ssse3 cx16 xtpr pdcm pcid sse4_1 sse4_2 x2apic popcnt tsc_deadline_timer aes xsave avx f16c rdrand lahf_lm cpuid_fault epb pti ssbd ibrs ibpb stibp tpr_shadow vnmi flexpriority ept vpid fsgsbase smep erms xsaveopt dtherm ida arat pln pts md_clear flush_l1d

Memory: 4k page, physical 8032224k(2292256k free), swap 2097148k(2097148k free)

vm_info: OpenJDK 64-Bit Server VM (11.0.3+7-Ubuntu-1ubuntu218.04.1) for linux-amd64 JRE (11.0.3+7-Ubuntu-1ubuntu218.04.1), built on Apr 23 2019 18:34:35 by "buildd" with gcc 7.3.0

END.
