#
# A fatal error has been detected by the Java Runtime Environment:
#
#  SIGSEGV (0xb) at pc=0x00007f7afaae267f, pid=7819, tid=7820
#
# JRE version: OpenJDK Runtime Environment (11.0.3+7) (build 11.0.3+7-Ubuntu-1ubuntu218.04.1)
# Java VM: OpenJDK 64-Bit Server VM (11.0.3+7-Ubuntu-1ubuntu218.04.1, mixed mode, sharing, tiered, compressed oops, g1 gc, linux-amd64)
# Problematic frame:
# C  [libenet.so+0x1667f]  enet_range_coder_compress+0x1dd
#
# No core dump will be written. Core dumps have been disabled. To enable core dumping, try "ulimit -c unlimited" before starting Java again
#
# If you would like to submit a bug report, please visit:
#   http://bugreport.java.com/bugreport/crash.jsp
# The crash happened outside the Java Virtual Machine in native code.
# See problematic frame for where to report the bug.
#

---------------  S U M M A R Y ------------

Command Line: Build/server.jar

Host: Intel(R) Core(TM) i7-3520M CPU @ 2.90GHz, 4 cores, 7G, Ubuntu 18.04.1 LTS
Time: Tue Jun 25 22:45:48 2019 CST elapsed time: 1 seconds (0d 0h 0m 1s)

---------------  T H R E A D  ---------------

Current thread (0x00007f7b3c011800):  JavaThread "main" [_thread_in_native, id=7820, stack(0x00007f7b4391e000,0x00007f7b43a1f000)]

Stack: [0x00007f7b4391e000,0x00007f7b43a1f000],  sp=0x00007f7b43a1d630,  free space=1021k
Native frames: (J=compiled Java code, A=aot compiled Java code, j=interpreted, Vv=VM code, C=native code)
C  [libenet.so+0x1667f]  enet_range_coder_compress+0x1dd
C  [libenet.so+0x1fa06]  enet_protocol_send_outgoing_commands+0x501
C  [libenet.so+0x1fde1]  enet_host_service+0x10e
C  [libenet.so+0x2d24e]  Java_ru_ColdChip_GrowtopiaServer_ENetJava_enetJNI_enet_1host_1service+0x6a
j  ru.ColdChip.GrowtopiaServer.ENetJava.enetJNI.enet_host_service(JLru/ColdChip/GrowtopiaServer/ENetJava/ENetHost;JLru/ColdChip/GrowtopiaServer/ENetJava/ENetEvent;J)I+0
j  ru.ColdChip.GrowtopiaServer.ENetJava.enet.Service(Lru/ColdChip/GrowtopiaServer/ENetJava/ENetHost;Lru/ColdChip/GrowtopiaServer/ENetJava/ENetEvent;J)I+11
j  ru.ColdChip.GrowtopiaServer.Server.main([Ljava/lang/String;)V+154
v  ~StubRoutines::call_stub
V  [libjvm.so+0x8410f9]
V  [libjvm.so+0x8b913d]
V  [libjvm.so+0x8bb22e]
C  [libjli.so+0x5606]
C  [libjli.so+0x900d]

Java frames: (J=compiled Java code, j=interpreted, Vv=VM code)
j  ru.ColdChip.GrowtopiaServer.ENetJava.enetJNI.enet_host_service(JLru/ColdChip/GrowtopiaServer/ENetJava/ENetHost;JLru/ColdChip/GrowtopiaServer/ENetJava/ENetEvent;J)I+0
j  ru.ColdChip.GrowtopiaServer.ENetJava.enet.Service(Lru/ColdChip/GrowtopiaServer/ENetJava/ENetHost;Lru/ColdChip/GrowtopiaServer/ENetJava/ENetEvent;J)I+11
j  ru.ColdChip.GrowtopiaServer.Server.main([Ljava/lang/String;)V+154
v  ~StubRoutines::call_stub

siginfo: si_signo: 11 (SIGSEGV), si_code: 1 (SEGV_MAPERR), si_addr: 0x0000000000000000

Register to memory mapping:

RAX=0x0 is NULL
RBX={method} {0x00007f7b18952af8} 'enet_host_service' '(JLru/ColdChip/GrowtopiaServer/ENetJava/ENetHost;JLru/ColdChip/GrowtopiaServer/ENetJava/ENetEvent;J)I' in 'ru/ColdChip/GrowtopiaServer/ENetJava/enetJNI'
RCX=0x0000000000000083 is an unknown value
RDX=0x0000000000000001 is an unknown value
RSP=0x00007f7b43a1d630 is pointing into the stack for thread: 0x00007f7b3c011800
RBP=0x00007f7b43a1d6f0 is pointing into the stack for thread: 0x00007f7b3c011800
RSI=0x0000000000000010 is an unknown value
RDI=0x0000000000000009 is an unknown value
R8 =0x00007f7b3c224778 points into unknown readable memory: 07 f9 07 83 f7 48 a8 db
R9 =0x0000000000000008 is an unknown value
R10=0x0000000000000002 is an unknown value
R11=0x00007f7b43a1d750 is pointing into the stack for thread: 0x00007f7b3c011800
R12=0x0 is NULL
R13={method} {0x00007f7b18952af8} 'enet_host_service' '(JLru/ColdChip/GrowtopiaServer/ENetJava/ENetHost;JLru/ColdChip/GrowtopiaServer/ENetJava/ENetEvent;J)I' in 'ru/ColdChip/GrowtopiaServer/ENetJava/enetJNI'
R14=0x00007f7b43a1d900 is pointing into the stack for thread: 0x00007f7b3c011800
R15=0x00007f7b3c011800 is a thread


Registers:
RAX=0x0000000000000000, RBX=0x00007f7b18952af8, RCX=0x0000000000000083, RDX=0x0000000000000001
RSP=0x00007f7b43a1d630, RBP=0x00007f7b43a1d6f0, RSI=0x0000000000000010, RDI=0x0000000000000009
R8 =0x00007f7b3c224778, R9 =0x0000000000000008, R10=0x0000000000000002, R11=0x00007f7b43a1d750
R12=0x0000000000000000, R13=0x00007f7b18952af8, R14=0x00007f7b43a1d900, R15=0x00007f7b3c011800
RIP=0x00007f7afaae267f, EFLAGS=0x0000000000010246, CSGSFS=0x002b000000000033, ERR=0x0000000000000004
  TRAPNO=0x000000000000000e

Top of Stack: (sp=0x00007f7b43a1d630)
0x00007f7b43a1d630:   0000000000000008 00007f7b3c22477c
0x00007f7b43a1d640:   0000000000000008 0000000000000000
0x00007f7b43a1d650:   00007f7b3c223368 00007f7b3c235fd0
0x00007f7b43a1d660:   0000000000000001 0000000000000000 

Instructions: (pc=0x00007f7afaae267f)
0x00007f7afaae265f:   48 89 45 98 48 83 85 60 ff ff ff 10 48 83 ad 58
0x00007f7afaae266f:   ff ff ff 01 48 8b 45 90 48 8d 50 01 48 89 55 90
0x00007f7afaae267f:   0f b6 00 88 85 7f ff ff ff 0f b7 45 80 0f b7 c0
0x00007f7afaae268f:   48 98 48 c1 e0 04 48 89 c2 48 8b 45 e0 48 01 d0 

Stack slot to memory mapping:
stack at sp + 0 slots: 0x0000000000000008 is an unknown value
stack at sp + 1 slots: 0x00007f7b3c22477c points into unknown readable memory: f7 48 a8 db
stack at sp + 2 slots: 0x0000000000000008 is an unknown value
stack at sp + 3 slots: 0x0 is NULL
stack at sp + 4 slots: 0x00007f7b3c223368 points into unknown readable memory: 5a 2d 22 3c 7b 7f 00 00
stack at sp + 5 slots: 0x00007f7b3c235fd0 points into unknown readable memory: 00 00 00 00 00 00 00 00
stack at sp + 6 slots: 0x0000000000000001 is an unknown value
stack at sp + 7 slots: 0x0 is NULL


---------------  P R O C E S S  ---------------

Threads class SMR info:
_java_thread_list=0x00007f7b3c1c2cc0, length=9, elements={
0x00007f7b3c011800, 0x00007f7b3c16f000, 0x00007f7b3c179000, 0x00007f7b3c17f800,
0x00007f7b3c181800, 0x00007f7b3c183800, 0x00007f7b3c185800, 0x00007f7b3c1bc800,
0x00007f7b3c1c1800
}

Java Threads: ( => current thread )
=>0x00007f7b3c011800 JavaThread "main" [_thread_in_native, id=7820, stack(0x00007f7b4391e000,0x00007f7b43a1f000)]
  0x00007f7b3c16f000 JavaThread "Reference Handler" daemon [_thread_blocked, id=7827, stack(0x00007f7b18320000,0x00007f7b18421000)]
  0x00007f7b3c179000 JavaThread "Finalizer" daemon [_thread_blocked, id=7828, stack(0x00007f7b1821f000,0x00007f7b18320000)]
  0x00007f7b3c17f800 JavaThread "Signal Dispatcher" daemon [_thread_blocked, id=7829, stack(0x00007f7b1811e000,0x00007f7b1821f000)]
  0x00007f7b3c181800 JavaThread "C2 CompilerThread0" daemon [_thread_blocked, id=7830, stack(0x00007f7b1801d000,0x00007f7b1811e000)]
  0x00007f7b3c183800 JavaThread "C1 CompilerThread0" daemon [_thread_blocked, id=7831, stack(0x00007f7afb530000,0x00007f7afb631000)]
  0x00007f7b3c185800 JavaThread "Sweeper thread" daemon [_thread_blocked, id=7832, stack(0x00007f7afb42f000,0x00007f7afb530000)]
  0x00007f7b3c1bc800 JavaThread "Service Thread" daemon [_thread_blocked, id=7833, stack(0x00007f7afb32e000,0x00007f7afb42f000)]
  0x00007f7b3c1c1800 JavaThread "Common-Cleaner" daemon [_thread_blocked, id=7835, stack(0x00007f7afb12b000,0x00007f7afb22c000)]

Other Threads:
  0x00007f7b3c16c000 VMThread "VM Thread" [stack: 0x00007f7b18423000,0x00007f7b18523000] [id=7826]
  0x00007f7b3c1bf000 WatcherThread [stack: 0x00007f7afb22e000,0x00007f7afb32e000] [id=7834]
  0x00007f7b3c028000 GCTaskThread "GC Thread#0" [stack: 0x00007f7b2429a000,0x00007f7b2439a000] [id=7821]
  0x00007f7b3c059000 ConcurrentGCThread "G1 Main Marker" [stack: 0x00007f7b1b42f000,0x00007f7b1b52f000] [id=7822]
  0x00007f7b3c05a800 ConcurrentGCThread "G1 Conc#0" [stack: 0x00007f7b1b32d000,0x00007f7b1b42d000] [id=7823]
  0x00007f7b3c0d3000 ConcurrentGCThread "G1 Refine#0" [stack: 0x00007f7b18e27000,0x00007f7b18f27000] [id=7824]
  0x00007f7b3c0d4800 ConcurrentGCThread "G1 Young RemSet Sampling" [stack: 0x00007f7b18d25000,0x00007f7b18e25000] [id=7825]

Threads with active compile tasks:

VM state:not at safepoint (normal execution)

VM Mutex/Monitor currently owned by a thread: None

Heap address: 0x0000000085600000, size: 1962 MB, Compressed Oops mode: 32-bit
Narrow klass base: 0x0000000800000000, Narrow klass shift: 3
Compressed class space size: 1073741824 Address: 0x0000000840000000

Heap:
 garbage-first heap   total 129024K, used 5756K [0x0000000085600000, 0x0000000100000000)
  region size 1024K, 2 young (2048K), 0 survivors (0K)
 Metaspace       used 959K, capacity 4841K, committed 5120K, reserved 1056768K
  class space    used 74K, capacity 442K, committed 512K, reserved 1048576K
Heap Regions: E=young(eden), S=young(survivor), O=old, HS=humongous(starts), HC=humongous(continues), CS=collection set, F=free, A=archive, TAMS=top-at-mark-start (previous, next)
|   0|0x0000000085600000, 0x0000000085700000, 0x0000000085700000|100%|HS|  |TAMS 0x0000000085600000, 0x0000000085600000| Complete 
|   1|0x0000000085700000, 0x0000000085800000, 0x0000000085800000|100%|HC|  |TAMS 0x0000000085700000, 0x0000000085700000| Complete 
|   2|0x0000000085800000, 0x0000000085900000, 0x0000000085900000|100%|HS|  |TAMS 0x0000000085800000, 0x0000000085800000| Complete 
|   3|0x0000000085900000, 0x0000000085a00000, 0x0000000085a00000|100%|HC|  |TAMS 0x0000000085900000, 0x0000000085900000| Complete 
|   4|0x0000000085a00000, 0x0000000085a00000, 0x0000000085b00000|  0%| F|  |TAMS 0x0000000085a00000, 0x0000000085a00000| Untracked 
|   5|0x0000000085b00000, 0x0000000085b00000, 0x0000000085c00000|  0%| F|  |TAMS 0x0000000085b00000, 0x0000000085b00000| Untracked 
|   6|0x0000000085c00000, 0x0000000085c00000, 0x0000000085d00000|  0%| F|  |TAMS 0x0000000085c00000, 0x0000000085c00000| Untracked 
|   7|0x0000000085d00000, 0x0000000085d00000, 0x0000000085e00000|  0%| F|  |TAMS 0x0000000085d00000, 0x0000000085d00000| Untracked 
|   8|0x0000000085e00000, 0x0000000085e00000, 0x0000000085f00000|  0%| F|  |TAMS 0x0000000085e00000, 0x0000000085e00000| Untracked 
|   9|0x0000000085f00000, 0x0000000085f00000, 0x0000000086000000|  0%| F|  |TAMS 0x0000000085f00000, 0x0000000085f00000| Untracked 
|  10|0x0000000086000000, 0x0000000086000000, 0x0000000086100000|  0%| F|  |TAMS 0x0000000086000000, 0x0000000086000000| Untracked 
|  11|0x0000000086100000, 0x0000000086100000, 0x0000000086200000|  0%| F|  |TAMS 0x0000000086100000, 0x0000000086100000| Untracked 
|  12|0x0000000086200000, 0x0000000086200000, 0x0000000086300000|  0%| F|  |TAMS 0x0000000086200000, 0x0000000086200000| Untracked 
|  13|0x0000000086300000, 0x0000000086300000, 0x0000000086400000|  0%| F|  |TAMS 0x0000000086300000, 0x0000000086300000| Untracked 
|  14|0x0000000086400000, 0x0000000086400000, 0x0000000086500000|  0%| F|  |TAMS 0x0000000086400000, 0x0000000086400000| Untracked 
|  15|0x0000000086500000, 0x0000000086500000, 0x0000000086600000|  0%| F|  |TAMS 0x0000000086500000, 0x0000000086500000| Untracked 
|  16|0x0000000086600000, 0x0000000086600000, 0x0000000086700000|  0%| F|  |TAMS 0x0000000086600000, 0x0000000086600000| Untracked 
|  17|0x0000000086700000, 0x0000000086700000, 0x0000000086800000|  0%| F|  |TAMS 0x0000000086700000, 0x0000000086700000| Untracked 
|  18|0x0000000086800000, 0x0000000086800000, 0x0000000086900000|  0%| F|  |TAMS 0x0000000086800000, 0x0000000086800000| Untracked 
|  19|0x0000000086900000, 0x0000000086900000, 0x0000000086a00000|  0%| F|  |TAMS 0x0000000086900000, 0x0000000086900000| Untracked 
|  20|0x0000000086a00000, 0x0000000086a00000, 0x0000000086b00000|  0%| F|  |TAMS 0x0000000086a00000, 0x0000000086a00000| Untracked 
|  21|0x0000000086b00000, 0x0000000086b00000, 0x0000000086c00000|  0%| F|  |TAMS 0x0000000086b00000, 0x0000000086b00000| Untracked 
|  22|0x0000000086c00000, 0x0000000086c00000, 0x0000000086d00000|  0%| F|  |TAMS 0x0000000086c00000, 0x0000000086c00000| Untracked 
|  23|0x0000000086d00000, 0x0000000086d00000, 0x0000000086e00000|  0%| F|  |TAMS 0x0000000086d00000, 0x0000000086d00000| Untracked 
|  24|0x0000000086e00000, 0x0000000086e00000, 0x0000000086f00000|  0%| F|  |TAMS 0x0000000086e00000, 0x0000000086e00000| Untracked 
|  25|0x0000000086f00000, 0x0000000086f00000, 0x0000000087000000|  0%| F|  |TAMS 0x0000000086f00000, 0x0000000086f00000| Untracked 
|  26|0x0000000087000000, 0x0000000087000000, 0x0000000087100000|  0%| F|  |TAMS 0x0000000087000000, 0x0000000087000000| Untracked 
|  27|0x0000000087100000, 0x0000000087100000, 0x0000000087200000|  0%| F|  |TAMS 0x0000000087100000, 0x0000000087100000| Untracked 
|  28|0x0000000087200000, 0x0000000087200000, 0x0000000087300000|  0%| F|  |TAMS 0x0000000087200000, 0x0000000087200000| Untracked 
|  29|0x0000000087300000, 0x0000000087300000, 0x0000000087400000|  0%| F|  |TAMS 0x0000000087300000, 0x0000000087300000| Untracked 
|  30|0x0000000087400000, 0x0000000087400000, 0x0000000087500000|  0%| F|  |TAMS 0x0000000087400000, 0x0000000087400000| Untracked 
|  31|0x0000000087500000, 0x0000000087500000, 0x0000000087600000|  0%| F|  |TAMS 0x0000000087500000, 0x0000000087500000| Untracked 
|  32|0x0000000087600000, 0x0000000087600000, 0x0000000087700000|  0%| F|  |TAMS 0x0000000087600000, 0x0000000087600000| Untracked 
|  33|0x0000000087700000, 0x0000000087700000, 0x0000000087800000|  0%| F|  |TAMS 0x0000000087700000, 0x0000000087700000| Untracked 
|  34|0x0000000087800000, 0x0000000087800000, 0x0000000087900000|  0%| F|  |TAMS 0x0000000087800000, 0x0000000087800000| Untracked 
|  35|0x0000000087900000, 0x0000000087900000, 0x0000000087a00000|  0%| F|  |TAMS 0x0000000087900000, 0x0000000087900000| Untracked 
|  36|0x0000000087a00000, 0x0000000087a00000, 0x0000000087b00000|  0%| F|  |TAMS 0x0000000087a00000, 0x0000000087a00000| Untracked 
|  37|0x0000000087b00000, 0x0000000087b00000, 0x0000000087c00000|  0%| F|  |TAMS 0x0000000087b00000, 0x0000000087b00000| Untracked 
|  38|0x0000000087c00000, 0x0000000087c00000, 0x0000000087d00000|  0%| F|  |TAMS 0x0000000087c00000, 0x0000000087c00000| Untracked 
|  39|0x0000000087d00000, 0x0000000087d00000, 0x0000000087e00000|  0%| F|  |TAMS 0x0000000087d00000, 0x0000000087d00000| Untracked 
|  40|0x0000000087e00000, 0x0000000087e00000, 0x0000000087f00000|  0%| F|  |TAMS 0x0000000087e00000, 0x0000000087e00000| Untracked 
|  41|0x0000000087f00000, 0x0000000087f00000, 0x0000000088000000|  0%| F|  |TAMS 0x0000000087f00000, 0x0000000087f00000| Untracked 
|  42|0x0000000088000000, 0x0000000088000000, 0x0000000088100000|  0%| F|  |TAMS 0x0000000088000000, 0x0000000088000000| Untracked 
|  43|0x0000000088100000, 0x0000000088100000, 0x0000000088200000|  0%| F|  |TAMS 0x0000000088100000, 0x0000000088100000| Untracked 
|  44|0x0000000088200000, 0x0000000088200000, 0x0000000088300000|  0%| F|  |TAMS 0x0000000088200000, 0x0000000088200000| Untracked 
|  45|0x0000000088300000, 0x0000000088300000, 0x0000000088400000|  0%| F|  |TAMS 0x0000000088300000, 0x0000000088300000| Untracked 
|  46|0x0000000088400000, 0x0000000088400000, 0x0000000088500000|  0%| F|  |TAMS 0x0000000088400000, 0x0000000088400000| Untracked 
|  47|0x0000000088500000, 0x0000000088500000, 0x0000000088600000|  0%| F|  |TAMS 0x0000000088500000, 0x0000000088500000| Untracked 
|  48|0x0000000088600000, 0x0000000088600000, 0x0000000088700000|  0%| F|  |TAMS 0x0000000088600000, 0x0000000088600000| Untracked 
|  49|0x0000000088700000, 0x0000000088700000, 0x0000000088800000|  0%| F|  |TAMS 0x0000000088700000, 0x0000000088700000| Untracked 
|  50|0x0000000088800000, 0x0000000088800000, 0x0000000088900000|  0%| F|  |TAMS 0x0000000088800000, 0x0000000088800000| Untracked 
|  51|0x0000000088900000, 0x0000000088900000, 0x0000000088a00000|  0%| F|  |TAMS 0x0000000088900000, 0x0000000088900000| Untracked 
|  52|0x0000000088a00000, 0x0000000088a00000, 0x0000000088b00000|  0%| F|  |TAMS 0x0000000088a00000, 0x0000000088a00000| Untracked 
|  53|0x0000000088b00000, 0x0000000088b00000, 0x0000000088c00000|  0%| F|  |TAMS 0x0000000088b00000, 0x0000000088b00000| Untracked 
|  54|0x0000000088c00000, 0x0000000088c00000, 0x0000000088d00000|  0%| F|  |TAMS 0x0000000088c00000, 0x0000000088c00000| Untracked 
|  55|0x0000000088d00000, 0x0000000088d00000, 0x0000000088e00000|  0%| F|  |TAMS 0x0000000088d00000, 0x0000000088d00000| Untracked 
|  56|0x0000000088e00000, 0x0000000088e00000, 0x0000000088f00000|  0%| F|  |TAMS 0x0000000088e00000, 0x0000000088e00000| Untracked 
|  57|0x0000000088f00000, 0x0000000088f00000, 0x0000000089000000|  0%| F|  |TAMS 0x0000000088f00000, 0x0000000088f00000| Untracked 
|  58|0x0000000089000000, 0x0000000089000000, 0x0000000089100000|  0%| F|  |TAMS 0x0000000089000000, 0x0000000089000000| Untracked 
|  59|0x0000000089100000, 0x0000000089100000, 0x0000000089200000|  0%| F|  |TAMS 0x0000000089100000, 0x0000000089100000| Untracked 
|  60|0x0000000089200000, 0x0000000089200000, 0x0000000089300000|  0%| F|  |TAMS 0x0000000089200000, 0x0000000089200000| Untracked 
|  61|0x0000000089300000, 0x0000000089300000, 0x0000000089400000|  0%| F|  |TAMS 0x0000000089300000, 0x0000000089300000| Untracked 
|  62|0x0000000089400000, 0x0000000089400000, 0x0000000089500000|  0%| F|  |TAMS 0x0000000089400000, 0x0000000089400000| Untracked 
|  63|0x0000000089500000, 0x0000000089500000, 0x0000000089600000|  0%| F|  |TAMS 0x0000000089500000, 0x0000000089500000| Untracked 
|  64|0x0000000089600000, 0x0000000089600000, 0x0000000089700000|  0%| F|  |TAMS 0x0000000089600000, 0x0000000089600000| Untracked 
|  65|0x0000000089700000, 0x0000000089700000, 0x0000000089800000|  0%| F|  |TAMS 0x0000000089700000, 0x0000000089700000| Untracked 
|  66|0x0000000089800000, 0x0000000089800000, 0x0000000089900000|  0%| F|  |TAMS 0x0000000089800000, 0x0000000089800000| Untracked 
|  67|0x0000000089900000, 0x0000000089900000, 0x0000000089a00000|  0%| F|  |TAMS 0x0000000089900000, 0x0000000089900000| Untracked 
|  68|0x0000000089a00000, 0x0000000089a00000, 0x0000000089b00000|  0%| F|  |TAMS 0x0000000089a00000, 0x0000000089a00000| Untracked 
|  69|0x0000000089b00000, 0x0000000089b00000, 0x0000000089c00000|  0%| F|  |TAMS 0x0000000089b00000, 0x0000000089b00000| Untracked 
|  70|0x0000000089c00000, 0x0000000089c00000, 0x0000000089d00000|  0%| F|  |TAMS 0x0000000089c00000, 0x0000000089c00000| Untracked 
|  71|0x0000000089d00000, 0x0000000089d00000, 0x0000000089e00000|  0%| F|  |TAMS 0x0000000089d00000, 0x0000000089d00000| Untracked 
|  72|0x0000000089e00000, 0x0000000089e00000, 0x0000000089f00000|  0%| F|  |TAMS 0x0000000089e00000, 0x0000000089e00000| Untracked 
|  73|0x0000000089f00000, 0x0000000089f00000, 0x000000008a000000|  0%| F|  |TAMS 0x0000000089f00000, 0x0000000089f00000| Untracked 
|  74|0x000000008a000000, 0x000000008a000000, 0x000000008a100000|  0%| F|  |TAMS 0x000000008a000000, 0x000000008a000000| Untracked 
|  75|0x000000008a100000, 0x000000008a100000, 0x000000008a200000|  0%| F|  |TAMS 0x000000008a100000, 0x000000008a100000| Untracked 
|  76|0x000000008a200000, 0x000000008a200000, 0x000000008a300000|  0%| F|  |TAMS 0x000000008a200000, 0x000000008a200000| Untracked 
|  77|0x000000008a300000, 0x000000008a300000, 0x000000008a400000|  0%| F|  |TAMS 0x000000008a300000, 0x000000008a300000| Untracked 
|  78|0x000000008a400000, 0x000000008a400000, 0x000000008a500000|  0%| F|  |TAMS 0x000000008a400000, 0x000000008a400000| Untracked 
|  79|0x000000008a500000, 0x000000008a500000, 0x000000008a600000|  0%| F|  |TAMS 0x000000008a500000, 0x000000008a500000| Untracked 
|  80|0x000000008a600000, 0x000000008a600000, 0x000000008a700000|  0%| F|  |TAMS 0x000000008a600000, 0x000000008a600000| Untracked 
|  81|0x000000008a700000, 0x000000008a700000, 0x000000008a800000|  0%| F|  |TAMS 0x000000008a700000, 0x000000008a700000| Untracked 
|  82|0x000000008a800000, 0x000000008a800000, 0x000000008a900000|  0%| F|  |TAMS 0x000000008a800000, 0x000000008a800000| Untracked 
|  83|0x000000008a900000, 0x000000008a900000, 0x000000008aa00000|  0%| F|  |TAMS 0x000000008a900000, 0x000000008a900000| Untracked 
|  84|0x000000008aa00000, 0x000000008aa00000, 0x000000008ab00000|  0%| F|  |TAMS 0x000000008aa00000, 0x000000008aa00000| Untracked 
|  85|0x000000008ab00000, 0x000000008ab00000, 0x000000008ac00000|  0%| F|  |TAMS 0x000000008ab00000, 0x000000008ab00000| Untracked 
|  86|0x000000008ac00000, 0x000000008ac00000, 0x000000008ad00000|  0%| F|  |TAMS 0x000000008ac00000, 0x000000008ac00000| Untracked 
|  87|0x000000008ad00000, 0x000000008ad00000, 0x000000008ae00000|  0%| F|  |TAMS 0x000000008ad00000, 0x000000008ad00000| Untracked 
|  88|0x000000008ae00000, 0x000000008ae00000, 0x000000008af00000|  0%| F|  |TAMS 0x000000008ae00000, 0x000000008ae00000| Untracked 
|  89|0x000000008af00000, 0x000000008af00000, 0x000000008b000000|  0%| F|  |TAMS 0x000000008af00000, 0x000000008af00000| Untracked 
|  90|0x000000008b000000, 0x000000008b000000, 0x000000008b100000|  0%| F|  |TAMS 0x000000008b000000, 0x000000008b000000| Untracked 
|  91|0x000000008b100000, 0x000000008b100000, 0x000000008b200000|  0%| F|  |TAMS 0x000000008b100000, 0x000000008b100000| Untracked 
|  92|0x000000008b200000, 0x000000008b200000, 0x000000008b300000|  0%| F|  |TAMS 0x000000008b200000, 0x000000008b200000| Untracked 
|  93|0x000000008b300000, 0x000000008b300000, 0x000000008b400000|  0%| F|  |TAMS 0x000000008b300000, 0x000000008b300000| Untracked 
|  94|0x000000008b400000, 0x000000008b400000, 0x000000008b500000|  0%| F|  |TAMS 0x000000008b400000, 0x000000008b400000| Untracked 
|  95|0x000000008b500000, 0x000000008b500000, 0x000000008b600000|  0%| F|  |TAMS 0x000000008b500000, 0x000000008b500000| Untracked 
|  96|0x000000008b600000, 0x000000008b600000, 0x000000008b700000|  0%| F|  |TAMS 0x000000008b600000, 0x000000008b600000| Untracked 
|  97|0x000000008b700000, 0x000000008b700000, 0x000000008b800000|  0%| F|  |TAMS 0x000000008b700000, 0x000000008b700000| Untracked 
|  98|0x000000008b800000, 0x000000008b800000, 0x000000008b900000|  0%| F|  |TAMS 0x000000008b800000, 0x000000008b800000| Untracked 
|  99|0x000000008b900000, 0x000000008b900000, 0x000000008ba00000|  0%| F|  |TAMS 0x000000008b900000, 0x000000008b900000| Untracked 
| 100|0x000000008ba00000, 0x000000008ba00000, 0x000000008bb00000|  0%| F|  |TAMS 0x000000008ba00000, 0x000000008ba00000| Untracked 
| 101|0x000000008bb00000, 0x000000008bb00000, 0x000000008bc00000|  0%| F|  |TAMS 0x000000008bb00000, 0x000000008bb00000| Untracked 
| 102|0x000000008bc00000, 0x000000008bc00000, 0x000000008bd00000|  0%| F|  |TAMS 0x000000008bc00000, 0x000000008bc00000| Untracked 
| 103|0x000000008bd00000, 0x000000008bd00000, 0x000000008be00000|  0%| F|  |TAMS 0x000000008bd00000, 0x000000008bd00000| Untracked 
| 104|0x000000008be00000, 0x000000008be00000, 0x000000008bf00000|  0%| F|  |TAMS 0x000000008be00000, 0x000000008be00000| Untracked 
| 105|0x000000008bf00000, 0x000000008bf00000, 0x000000008c000000|  0%| F|  |TAMS 0x000000008bf00000, 0x000000008bf00000| Untracked 
| 106|0x000000008c000000, 0x000000008c000000, 0x000000008c100000|  0%| F|  |TAMS 0x000000008c000000, 0x000000008c000000| Untracked 
| 107|0x000000008c100000, 0x000000008c100000, 0x000000008c200000|  0%| F|  |TAMS 0x000000008c100000, 0x000000008c100000| Untracked 
| 108|0x000000008c200000, 0x000000008c200000, 0x000000008c300000|  0%| F|  |TAMS 0x000000008c200000, 0x000000008c200000| Untracked 
| 109|0x000000008c300000, 0x000000008c300000, 0x000000008c400000|  0%| F|  |TAMS 0x000000008c300000, 0x000000008c300000| Untracked 
| 110|0x000000008c400000, 0x000000008c400000, 0x000000008c500000|  0%| F|  |TAMS 0x000000008c400000, 0x000000008c400000| Untracked 
| 111|0x000000008c500000, 0x000000008c500000, 0x000000008c600000|  0%| F|  |TAMS 0x000000008c500000, 0x000000008c500000| Untracked 
| 112|0x000000008c600000, 0x000000008c600000, 0x000000008c700000|  0%| F|  |TAMS 0x000000008c600000, 0x000000008c600000| Untracked 
| 113|0x000000008c700000, 0x000000008c700000, 0x000000008c800000|  0%| F|  |TAMS 0x000000008c700000, 0x000000008c700000| Untracked 
| 114|0x000000008c800000, 0x000000008c800000, 0x000000008c900000|  0%| F|  |TAMS 0x000000008c800000, 0x000000008c800000| Untracked 
| 115|0x000000008c900000, 0x000000008c900000, 0x000000008ca00000|  0%| F|  |TAMS 0x000000008c900000, 0x000000008c900000| Untracked 
| 116|0x000000008ca00000, 0x000000008ca00000, 0x000000008cb00000|  0%| F|  |TAMS 0x000000008ca00000, 0x000000008ca00000| Untracked 
| 117|0x000000008cb00000, 0x000000008cb00000, 0x000000008cc00000|  0%| F|  |TAMS 0x000000008cb00000, 0x000000008cb00000| Untracked 
| 118|0x000000008cc00000, 0x000000008cc00000, 0x000000008cd00000|  0%| F|  |TAMS 0x000000008cc00000, 0x000000008cc00000| Untracked 
| 119|0x000000008cd00000, 0x000000008cd00000, 0x000000008ce00000|  0%| F|  |TAMS 0x000000008cd00000, 0x000000008cd00000| Untracked 
| 120|0x000000008ce00000, 0x000000008ce00000, 0x000000008cf00000|  0%| F|  |TAMS 0x000000008ce00000, 0x000000008ce00000| Untracked 
| 121|0x000000008cf00000, 0x000000008cf00000, 0x000000008d000000|  0%| F|  |TAMS 0x000000008cf00000, 0x000000008cf00000| Untracked 
| 122|0x000000008d000000, 0x000000008d100000, 0x000000008d100000|100%| E|  |TAMS 0x000000008d000000, 0x000000008d000000| Complete 
| 123|0x000000008d100000, 0x000000008d200000, 0x000000008d200000|100%| E|CS|TAMS 0x000000008d100000, 0x000000008d100000| Complete 
|1960|0x00000000ffe00000, 0x00000000ffe35000, 0x00000000fff00000| 20%|OA|  |TAMS 0x00000000ffe00000, 0x00000000ffe00000| Untracked 
|1961|0x00000000fff00000, 0x00000000fff6a000, 0x0000000100000000| 41%|CA|  |TAMS 0x00000000fff00000, 0x00000000fff00000| Untracked 

Card table byte_map: [0x00007f7b1f654000,0x00007f7b1fa29000] _byte_map_base: 0x00007f7b1f229000

Marking Bits (Prev, Next): (CMBitMap*) 0x00007f7b3c0505d8, (CMBitMap*) 0x00007f7b3c050610
 Prev Bits: [0x00007f7b1d3d7000, 0x00007f7b1f27f000)
 Next Bits: [0x00007f7b1b52f000, 0x00007f7b1d3d7000)

Polling page: 0x00007f7b43a45000

Metaspace:

Usage:
  Non-class:      4.30 MB capacity,   884.60 KB ( 20%) used,     3.43 MB ( 80%) free+waste,     2.31 KB ( <1%) overhead. 
      Class:    442.00 KB capacity,    74.95 KB ( 17%) used,   365.61 KB ( 83%) free+waste,     1.44 KB ( <1%) overhead. 
       Both:      4.73 MB capacity,   959.55 KB ( 20%) used,     3.79 MB ( 80%) free+waste,     3.75 KB ( <1%) overhead. 

Virtual space:
  Non-class space:        8.00 MB reserved,       4.50 MB ( 56%) committed 
      Class space:        1.00 GB reserved,     512.00 KB ( <1%) committed 
             Both:        1.01 GB reserved,       5.00 MB ( <1%) committed 

Chunk freelists:
   Non-Class:  5.00 KB
       Class:  6.00 KB
        Both:  11.00 KB

CodeHeap 'non-profiled nmethods': size=120032Kb used=51Kb max_used=51Kb free=119980Kb
 bounds [0x00007f7b2c038000, 0x00007f7b2c2a8000, 0x00007f7b33570000]
CodeHeap 'profiled nmethods': size=120032Kb used=248Kb max_used=248Kb free=119783Kb
 bounds [0x00007f7b24b00000, 0x00007f7b24d70000, 0x00007f7b2c038000]
CodeHeap 'non-nmethods': size=5696Kb used=1076Kb max_used=1081Kb free=4619Kb
 bounds [0x00007f7b24570000, 0x00007f7b247e0000, 0x00007f7b24b00000]
 total_blobs=629 nmethods=192 adapters=293
 compilation: enabled
              stopped_count=0, restarted_count=0
 full_count=0

Compilation events (10 events):
Event: 1.432 Thread 0x00007f7b3c183800  188       3       java.lang.String::lastIndexOf (12 bytes)
Event: 1.432 Thread 0x00007f7b3c183800 nmethod 188 0x00007f7b24b3c190 code [0x00007f7b24b3c380, 0x00007f7b24b3c7d8]
Event: 1.469 Thread 0x00007f7b3c183800  192       3       java.lang.Character::charCount (12 bytes)
Event: 1.469 Thread 0x00007f7b3c183800 nmethod 192 0x00007f7b24b3c990 code [0x00007f7b24b3cb40, 0x00007f7b24b3ccd0]
Event: 1.469 Thread 0x00007f7b3c183800  189       3       java.lang.Character::codePointAt (51 bytes)
Event: 1.470 Thread 0x00007f7b3c183800 nmethod 189 0x00007f7b24b3cd90 code [0x00007f7b24b3cfa0, 0x00007f7b24b3d668]
Event: 1.470 Thread 0x00007f7b3c183800  190       3       java.util.regex.Pattern$$Lambda$12/0x0000000840064440::is (5 bytes)
Event: 1.470 Thread 0x00007f7b3c183800 nmethod 190 0x00007f7b24b3d810 code [0x00007f7b24b3d9e0, 0x00007f7b24b3dcd0]
Event: 1.470 Thread 0x00007f7b3c183800  191       3       java.util.regex.Pattern::lambda$DOT$5 (34 bytes)
Event: 1.470 Thread 0x00007f7b3c183800 nmethod 191 0x00007f7b24b3dd90 code [0x00007f7b24b3df40, 0x00007f7b24b3e190]

GC Heap History (0 events):
No events

Deoptimization events (2 events):
Event: 0.047 Thread 0x00007f7b3c011800 Uncommon trap: reason=unstable_if action=reinterpret pc=0x00007f7b2c03c3c8 method=java.lang.String.hashCode()I @ 14 c2
Event: 1.426 Thread 0x00007f7b3c011800 Uncommon trap: reason=unstable_if action=reinterpret pc=0x00007f7b2c041f9c method=java.lang.String.isLatin1()Z @ 10 c2

Classes redefined (0 events):
No events

Internal exceptions (2 events):
Event: 1.416 Thread 0x00007f7b3c011800 Exception <a 'java/lang/NoSuchMethodError'{0x000000008d0a8df8}: java.lang.invoke.DirectMethodHandle$Holder.invokeSpecialIFC(Ljava/lang/Object;Ljava/lang/Object;I)I> (0x000000008d0a8df8) thrown at [/build/openjdk-lts-TkRlmw/openjdk-lts-11.0.3+7/src/hotspot
Event: 1.477 Thread 0x00007f7b3c011800 Exception <a 'java/lang/ArrayIndexOutOfBoundsException'{0x000000008d0fb480}: arraycopy: last source index 120 out of bounds for byte[60]> (0x000000008d0fb480) thrown at [/build/openjdk-lts-TkRlmw/openjdk-lts-11.0.3+7/src/hotspot/share/oops/typeArrayKlass.

Events (10 events):
Event: 1.474 loading class sun/nio/ch/Util$1
Event: 1.474 loading class sun/nio/ch/Util$1 done
Event: 1.475 loading class sun/nio/ch/Util$BufferCache
Event: 1.475 loading class sun/nio/ch/Util$BufferCache done
Event: 1.476 loading class java/nio/DirectByteBuffer$Deallocator
Event: 1.476 loading class java/nio/DirectByteBuffer$Deallocator done
Event: 1.477 loading class java/lang/ArrayIndexOutOfBoundsException
Event: 1.477 loading class java/lang/IndexOutOfBoundsException
Event: 1.477 loading class java/lang/IndexOutOfBoundsException done
Event: 1.477 loading class java/lang/ArrayIndexOutOfBoundsException done


Dynamic libraries:
85600000-8d200000 rw-p 00000000 00:00 0 
8d200000-ffe00000 ---p 00000000 00:00 0 
ffe00000-ffe35000 rw-p 0111e000 08:12 657221                             /usr/lib/jvm/java-11-openjdk-amd64/lib/server/classes.jsa
ffe35000-fff00000 rw-p 00000000 00:00 0 
fff00000-fff6a000 rw-p 010b4000 08:12 657221                             /usr/lib/jvm/java-11-openjdk-amd64/lib/server/classes.jsa
fff6a000-100000000 rw-p 00000000 00:00 0 
800000000-800002000 rwxp 00001000 08:12 657221                           /usr/lib/jvm/java-11-openjdk-amd64/lib/server/classes.jsa
800002000-8003bf000 rw-p 00003000 08:12 657221                           /usr/lib/jvm/java-11-openjdk-amd64/lib/server/classes.jsa
8003bf000-800a9c000 r--p 003c0000 08:12 657221                           /usr/lib/jvm/java-11-openjdk-amd64/lib/server/classes.jsa
800a9c000-800a9d000 rw-p 00a9d000 08:12 657221                           /usr/lib/jvm/java-11-openjdk-amd64/lib/server/classes.jsa
800a9d000-8010b3000 r--p 00a9e000 08:12 657221                           /usr/lib/jvm/java-11-openjdk-amd64/lib/server/classes.jsa
840000000-840080000 rw-p 00000000 00:00 0 
840080000-880000000 ---p 00000000 00:00 0 
562583154000-562583155000 r-xp 00000000 08:12 677781                     /usr/lib/jvm/java-11-openjdk-amd64/bin/java
562583355000-562583356000 r--p 00001000 08:12 677781                     /usr/lib/jvm/java-11-openjdk-amd64/bin/java
562583356000-562583357000 rw-p 00002000 08:12 677781                     /usr/lib/jvm/java-11-openjdk-amd64/bin/java
562583ef9000-562583f1a000 rw-p 00000000 00:00 0                          [heap]
7f7adc000000-7f7adc021000 rw-p 00000000 00:00 0 
7f7adc021000-7f7ae0000000 ---p 00000000 00:00 0 
7f7ae0000000-7f7ae0021000 rw-p 00000000 00:00 0 
7f7ae0021000-7f7ae4000000 ---p 00000000 00:00 0 
7f7ae4000000-7f7ae4021000 rw-p 00000000 00:00 0 
7f7ae4021000-7f7ae8000000 ---p 00000000 00:00 0 
7f7ae8000000-7f7ae8021000 rw-p 00000000 00:00 0 
7f7ae8021000-7f7aec000000 ---p 00000000 00:00 0 
7f7aec000000-7f7aec05f000 rw-p 00000000 00:00 0 
7f7aec05f000-7f7af0000000 ---p 00000000 00:00 0 
7f7af0000000-7f7af008a000 rw-p 00000000 00:00 0 
7f7af008a000-7f7af4000000 ---p 00000000 00:00 0 
7f7af4000000-7f7af4021000 rw-p 00000000 00:00 0 
7f7af4021000-7f7af8000000 ---p 00000000 00:00 0 
7f7afa7ac000-7f7afaacc000 rw-p 00000000 00:00 0 
7f7afaacc000-7f7afab02000 r-xp 00000000 08:12 11149914                   /home/coldchip/gtserver/Lib/libenet.so
7f7afab02000-7f7afad01000 ---p 00036000 08:12 11149914                   /home/coldchip/gtserver/Lib/libenet.so
7f7afad01000-7f7afad02000 r--p 00035000 08:12 11149914                   /home/coldchip/gtserver/Lib/libenet.so
7f7afad02000-7f7afad03000 rw-p 00036000 08:12 11149914                   /home/coldchip/gtserver/Lib/libenet.so
7f7afad03000-7f7afad19000 r-xp 00000000 08:12 677853                     /usr/lib/jvm/java-11-openjdk-amd64/lib/libnet.so
7f7afad19000-7f7afaf18000 ---p 00016000 08:12 677853                     /usr/lib/jvm/java-11-openjdk-amd64/lib/libnet.so
7f7afaf18000-7f7afaf19000 r--p 00015000 08:12 677853                     /usr/lib/jvm/java-11-openjdk-amd64/lib/libnet.so
7f7afaf19000-7f7afaf1a000 rw-p 00016000 08:12 677853                     /usr/lib/jvm/java-11-openjdk-amd64/lib/libnet.so
7f7afaf1a000-7f7afaf2a000 r-xp 00000000 08:12 677854                     /usr/lib/jvm/java-11-openjdk-amd64/lib/libnio.so
7f7afaf2a000-7f7afb129000 ---p 00010000 08:12 677854                     /usr/lib/jvm/java-11-openjdk-amd64/lib/libnio.so
7f7afb129000-7f7afb12a000 r--p 0000f000 08:12 677854                     /usr/lib/jvm/java-11-openjdk-amd64/lib/libnio.so
7f7afb12a000-7f7afb12b000 rw-p 00010000 08:12 677854                     /usr/lib/jvm/java-11-openjdk-amd64/lib/libnio.so
7f7afb12b000-7f7afb12f000 ---p 00000000 00:00 0 
7f7afb12f000-7f7afb22c000 rw-p 00000000 00:00 0 
7f7afb22c000-7f7afb22d000 ---p 00000000 00:00 0 
7f7afb22d000-7f7afb32e000 rw-p 00000000 00:00 0 
7f7afb32e000-7f7afb332000 ---p 00000000 00:00 0 
7f7afb332000-7f7afb42f000 rw-p 00000000 00:00 0 
7f7afb42f000-7f7afb433000 ---p 00000000 00:00 0 
7f7afb433000-7f7afb530000 rw-p 00000000 00:00 0 
7f7afb530000-7f7afb534000 ---p 00000000 00:00 0 
7f7afb534000-7f7afb631000 rw-p 00000000 00:00 0 
7f7afb631000-7f7afc000000 r--p 00000000 08:12 14817912                   /usr/lib/locale/locale-archive
7f7afc000000-7f7afc021000 rw-p 00000000 00:00 0 
7f7afc021000-7f7b00000000 ---p 00000000 00:00 0 
7f7b00000000-7f7b00021000 rw-p 00000000 00:00 0 
7f7b00021000-7f7b04000000 ---p 00000000 00:00 0 
7f7b04000000-7f7b04021000 rw-p 00000000 00:00 0 
7f7b04021000-7f7b08000000 ---p 00000000 00:00 0 
7f7b08000000-7f7b08021000 rw-p 00000000 00:00 0 
7f7b08021000-7f7b0c000000 ---p 00000000 00:00 0 
7f7b0c000000-7f7b0c021000 rw-p 00000000 00:00 0 
7f7b0c021000-7f7b10000000 ---p 00000000 00:00 0 
7f7b10000000-7f7b10021000 rw-p 00000000 00:00 0 
7f7b10021000-7f7b14000000 ---p 00000000 00:00 0 
7f7b14000000-7f7b14021000 rw-p 00000000 00:00 0 
7f7b14021000-7f7b18000000 ---p 00000000 00:00 0 
7f7b1801d000-7f7b18021000 ---p 00000000 00:00 0 
7f7b18021000-7f7b1811e000 rw-p 00000000 00:00 0 
7f7b1811e000-7f7b18122000 ---p 00000000 00:00 0 
7f7b18122000-7f7b1821f000 rw-p 00000000 00:00 0 
7f7b1821f000-7f7b18223000 ---p 00000000 00:00 0 
7f7b18223000-7f7b18320000 rw-p 00000000 00:00 0 
7f7b18320000-7f7b18324000 ---p 00000000 00:00 0 
7f7b18324000-7f7b18421000 rw-p 00000000 00:00 0 
7f7b18421000-7f7b18422000 ---p 00000000 00:00 0 
7f7b18422000-7f7b189a3000 rw-p 00000000 00:00 0 
7f7b189a3000-7f7b18d23000 ---p 00000000 00:00 0 
7f7b18d23000-7f7b18d24000 ---p 00000000 00:00 0 
7f7b18d24000-7f7b18e25000 rw-p 00000000 00:00 0 
7f7b18e25000-7f7b18e26000 ---p 00000000 00:00 0 
7f7b18e26000-7f7b1b32b000 rw-p 00000000 00:00 0 
7f7b1b32b000-7f7b1b32c000 ---p 00000000 00:00 0 
7f7b1b32c000-7f7b1b42d000 rw-p 00000000 00:00 0 
7f7b1b42d000-7f7b1b42e000 ---p 00000000 00:00 0 
7f7b1b42e000-7f7b1b71f000 rw-p 00000000 00:00 0 
7f7b1b71f000-7f7b1d3cf000 ---p 00000000 00:00 0 
7f7b1d3cf000-7f7b1d5c7000 rw-p 00000000 00:00 0 
7f7b1d5c7000-7f7b1f277000 ---p 00000000 00:00 0 
7f7b1f277000-7f7b1f2bd000 rw-p 00000000 00:00 0 
7f7b1f2bd000-7f7b1f653000 ---p 00000000 00:00 0 
7f7b1f653000-7f7b1f692000 rw-p 00000000 00:00 0 
7f7b1f692000-7f7b1fa28000 ---p 00000000 00:00 0 
7f7b1fa28000-7f7b1fa67000 rw-p 00000000 00:00 0 
7f7b1fa67000-7f7b1fdfd000 ---p 00000000 00:00 0 
7f7b1fdfd000-7f7b20000000 rw-p 00000000 00:00 0 
7f7b20000000-7f7b20021000 rw-p 00000000 00:00 0 
7f7b20021000-7f7b24000000 ---p 00000000 00:00 0 
7f7b24015000-7f7b24298000 rw-p 00000000 00:00 0 
7f7b24298000-7f7b24299000 ---p 00000000 00:00 0 
7f7b24299000-7f7b2439f000 rw-p 00000000 00:00 0 
7f7b2439f000-7f7b24485000 ---p 00000000 00:00 0 
7f7b24485000-7f7b2448a000 rw-p 00000000 00:00 0 
7f7b2448a000-7f7b24570000 ---p 00000000 00:00 0 
7f7b24570000-7f7b247e0000 rwxp 00000000 00:00 0 
7f7b247e0000-7f7b24b00000 ---p 00000000 00:00 0 
7f7b24b00000-7f7b24d70000 rwxp 00000000 00:00 0 
7f7b24d70000-7f7b2c038000 ---p 00000000 00:00 0 
7f7b2c038000-7f7b2c2a8000 rwxp 00000000 00:00 0 
7f7b2c2a8000-7f7b33570000 ---p 00000000 00:00 0 
7f7b33570000-7f7b3bbf2000 r--s 00000000 08:12 677863                     /usr/lib/jvm/java-11-openjdk-amd64/lib/modules
7f7b3bbf2000-7f7b3bbf7000 r-xp 00000000 08:12 677845                     /usr/lib/jvm/java-11-openjdk-amd64/lib/libjimage.so
7f7b3bbf7000-7f7b3bdf6000 ---p 00005000 08:12 677845                     /usr/lib/jvm/java-11-openjdk-amd64/lib/libjimage.so
7f7b3bdf6000-7f7b3bdf7000 r--p 00004000 08:12 677845                     /usr/lib/jvm/java-11-openjdk-amd64/lib/libjimage.so
7f7b3bdf7000-7f7b3bdf8000 rw-p 00005000 08:12 677845                     /usr/lib/jvm/java-11-openjdk-amd64/lib/libjimage.so
7f7b3bdf8000-7f7b3bdff000 r-xp 00000000 08:12 677862                     /usr/lib/jvm/java-11-openjdk-amd64/lib/libzip.so
7f7b3bdff000-7f7b3bffe000 ---p 00007000 08:12 677862                     /usr/lib/jvm/java-11-openjdk-amd64/lib/libzip.so
7f7b3bffe000-7f7b3bfff000 r--p 00006000 08:12 677862                     /usr/lib/jvm/java-11-openjdk-amd64/lib/libzip.so
7f7b3bfff000-7f7b3c000000 rw-p 00007000 08:12 677862                     /usr/lib/jvm/java-11-openjdk-amd64/lib/libzip.so
7f7b3c000000-7f7b3c289000 rw-p 00000000 00:00 0 
7f7b3c289000-7f7b40000000 ---p 00000000 00:00 0 
7f7b40009000-7f7b40014000 r-xp 00000000 08:12 9179889                    /lib/x86_64-linux-gnu/libnss_files-2.27.so
7f7b40014000-7f7b40213000 ---p 0000b000 08:12 9179889                    /lib/x86_64-linux-gnu/libnss_files-2.27.so
7f7b40213000-7f7b40214000 r--p 0000a000 08:12 9179889                    /lib/x86_64-linux-gnu/libnss_files-2.27.so
7f7b40214000-7f7b40215000 rw-p 0000b000 08:12 9179889                    /lib/x86_64-linux-gnu/libnss_files-2.27.so
7f7b40215000-7f7b4021b000 rw-p 00000000 00:00 0 
7f7b4021b000-7f7b40232000 r-xp 00000000 08:12 9179883                    /lib/x86_64-linux-gnu/libnsl-2.27.so
7f7b40232000-7f7b40431000 ---p 00017000 08:12 9179883                    /lib/x86_64-linux-gnu/libnsl-2.27.so
7f7b40431000-7f7b40432000 r--p 00016000 08:12 9179883                    /lib/x86_64-linux-gnu/libnsl-2.27.so
7f7b40432000-7f7b40433000 rw-p 00017000 08:12 9179883                    /lib/x86_64-linux-gnu/libnsl-2.27.so
7f7b40433000-7f7b40435000 rw-p 00000000 00:00 0 
7f7b40435000-7f7b40440000 r-xp 00000000 08:12 9179900                    /lib/x86_64-linux-gnu/libnss_nis-2.27.so
7f7b40440000-7f7b4063f000 ---p 0000b000 08:12 9179900                    /lib/x86_64-linux-gnu/libnss_nis-2.27.so
7f7b4063f000-7f7b40640000 r--p 0000a000 08:12 9179900                    /lib/x86_64-linux-gnu/libnss_nis-2.27.so
7f7b40640000-7f7b40641000 rw-p 0000b000 08:12 9179900                    /lib/x86_64-linux-gnu/libnss_nis-2.27.so
7f7b40641000-7f7b40649000 r-xp 00000000 08:12 9179885                    /lib/x86_64-linux-gnu/libnss_compat-2.27.so
7f7b40649000-7f7b40849000 ---p 00008000 08:12 9179885                    /lib/x86_64-linux-gnu/libnss_compat-2.27.so
7f7b40849000-7f7b4084a000 r--p 00008000 08:12 9179885                    /lib/x86_64-linux-gnu/libnss_compat-2.27.so
7f7b4084a000-7f7b4084b000 rw-p 00009000 08:12 9179885                    /lib/x86_64-linux-gnu/libnss_compat-2.27.so
7f7b4084b000-7f7b40874000 r-xp 00000000 08:12 677841                     /usr/lib/jvm/java-11-openjdk-amd64/lib/libjava.so
7f7b40874000-7f7b40a73000 ---p 00029000 08:12 677841                     /usr/lib/jvm/java-11-openjdk-amd64/lib/libjava.so
7f7b40a73000-7f7b40a74000 r--p 00028000 08:12 677841                     /usr/lib/jvm/java-11-openjdk-amd64/lib/libjava.so
7f7b40a74000-7f7b40a76000 rw-p 00029000 08:12 677841                     /usr/lib/jvm/java-11-openjdk-amd64/lib/libjava.so
7f7b40a76000-7f7b40a83000 r-xp 00000000 08:12 677861                     /usr/lib/jvm/java-11-openjdk-amd64/lib/libverify.so
7f7b40a83000-7f7b40c82000 ---p 0000d000 08:12 677861                     /usr/lib/jvm/java-11-openjdk-amd64/lib/libverify.so
7f7b40c82000-7f7b40c84000 r--p 0000c000 08:12 677861                     /usr/lib/jvm/java-11-openjdk-amd64/lib/libverify.so
7f7b40c84000-7f7b40c85000 rw-p 0000e000 08:12 677861                     /usr/lib/jvm/java-11-openjdk-amd64/lib/libverify.so
7f7b40c85000-7f7b40c8c000 r-xp 00000000 08:12 9179940                    /lib/x86_64-linux-gnu/librt-2.27.so
7f7b40c8c000-7f7b40e8b000 ---p 00007000 08:12 9179940                    /lib/x86_64-linux-gnu/librt-2.27.so
7f7b40e8b000-7f7b40e8c000 r--p 00006000 08:12 9179940                    /lib/x86_64-linux-gnu/librt-2.27.so
7f7b40e8c000-7f7b40e8d000 rw-p 00007000 08:12 9179940                    /lib/x86_64-linux-gnu/librt-2.27.so
7f7b40e8d000-7f7b40ea4000 r-xp 00000000 08:12 9175322                    /lib/x86_64-linux-gnu/libgcc_s.so.1
7f7b40ea4000-7f7b410a3000 ---p 00017000 08:12 9175322                    /lib/x86_64-linux-gnu/libgcc_s.so.1
7f7b410a3000-7f7b410a4000 r--p 00016000 08:12 9175322                    /lib/x86_64-linux-gnu/libgcc_s.so.1
7f7b410a4000-7f7b410a5000 rw-p 00017000 08:12 9175322                    /lib/x86_64-linux-gnu/libgcc_s.so.1
7f7b410a5000-7f7b41242000 r-xp 00000000 08:12 9179862                    /lib/x86_64-linux-gnu/libm-2.27.so
7f7b41242000-7f7b41441000 ---p 0019d000 08:12 9179862                    /lib/x86_64-linux-gnu/libm-2.27.so
7f7b41441000-7f7b41442000 r--p 0019c000 08:12 9179862                    /lib/x86_64-linux-gnu/libm-2.27.so
7f7b41442000-7f7b41443000 rw-p 0019d000 08:12 9179862                    /lib/x86_64-linux-gnu/libm-2.27.so
7f7b41443000-7f7b415bc000 r-xp 00000000 08:12 14811192                   /usr/lib/x86_64-linux-gnu/libstdc++.so.6.0.25
7f7b415bc000-7f7b417bc000 ---p 00179000 08:12 14811192                   /usr/lib/x86_64-linux-gnu/libstdc++.so.6.0.25
7f7b417bc000-7f7b417c6000 r--p 00179000 08:12 14811192                   /usr/lib/x86_64-linux-gnu/libstdc++.so.6.0.25
7f7b417c6000-7f7b417c8000 rw-p 00183000 08:12 14811192                   /usr/lib/x86_64-linux-gnu/libstdc++.so.6.0.25
7f7b417c8000-7f7b417cc000 rw-p 00000000 00:00 0 
7f7b417cc000-7f7b42894000 r-xp 00000000 08:12 677866                     /usr/lib/jvm/java-11-openjdk-amd64/lib/server/libjvm.so
7f7b42894000-7f7b42a94000 ---p 010c8000 08:12 677866                     /usr/lib/jvm/java-11-openjdk-amd64/lib/server/libjvm.so
7f7b42a94000-7f7b42b51000 r--p 010c8000 08:12 677866                     /usr/lib/jvm/java-11-openjdk-amd64/lib/server/libjvm.so
7f7b42b51000-7f7b42b8a000 rw-p 01185000 08:12 677866                     /usr/lib/jvm/java-11-openjdk-amd64/lib/server/libjvm.so
7f7b42b8a000-7f7b42be0000 rw-p 00000000 00:00 0 
7f7b42be0000-7f7b42bfa000 r-xp 00000000 08:12 9179932                    /lib/x86_64-linux-gnu/libpthread-2.27.so
7f7b42bfa000-7f7b42df9000 ---p 0001a000 08:12 9179932                    /lib/x86_64-linux-gnu/libpthread-2.27.so
7f7b42df9000-7f7b42dfa000 r--p 00019000 08:12 9179932                    /lib/x86_64-linux-gnu/libpthread-2.27.so
7f7b42dfa000-7f7b42dfb000 rw-p 0001a000 08:12 9179932                    /lib/x86_64-linux-gnu/libpthread-2.27.so
7f7b42dfb000-7f7b42dff000 rw-p 00000000 00:00 0 
7f7b42dff000-7f7b42e02000 r-xp 00000000 08:12 9179822                    /lib/x86_64-linux-gnu/libdl-2.27.so
7f7b42e02000-7f7b43001000 ---p 00003000 08:12 9179822                    /lib/x86_64-linux-gnu/libdl-2.27.so
7f7b43001000-7f7b43002000 r--p 00002000 08:12 9179822                    /lib/x86_64-linux-gnu/libdl-2.27.so
7f7b43002000-7f7b43003000 rw-p 00003000 08:12 9179822                    /lib/x86_64-linux-gnu/libdl-2.27.so
7f7b43003000-7f7b4301f000 r-xp 00000000 08:12 9179971                    /lib/x86_64-linux-gnu/libz.so.1.2.11
7f7b4301f000-7f7b4321e000 ---p 0001c000 08:12 9179971                    /lib/x86_64-linux-gnu/libz.so.1.2.11
7f7b4321e000-7f7b4321f000 r--p 0001b000 08:12 9179971                    /lib/x86_64-linux-gnu/libz.so.1.2.11
7f7b4321f000-7f7b43220000 rw-p 0001c000 08:12 9179971                    /lib/x86_64-linux-gnu/libz.so.1.2.11
7f7b43220000-7f7b43407000 r-xp 00000000 08:12 9179799                    /lib/x86_64-linux-gnu/libc-2.27.so
7f7b43407000-7f7b43607000 ---p 001e7000 08:12 9179799                    /lib/x86_64-linux-gnu/libc-2.27.so
7f7b43607000-7f7b4360b000 r--p 001e7000 08:12 9179799                    /lib/x86_64-linux-gnu/libc-2.27.so
7f7b4360b000-7f7b4360d000 rw-p 001eb000 08:12 9179799                    /lib/x86_64-linux-gnu/libc-2.27.so
7f7b4360d000-7f7b43611000 rw-p 00000000 00:00 0 
7f7b43611000-7f7b43620000 r-xp 00000000 08:12 677826                     /usr/lib/jvm/java-11-openjdk-amd64/lib/jli/libjli.so
7f7b43620000-7f7b43820000 ---p 0000f000 08:12 677826                     /usr/lib/jvm/java-11-openjdk-amd64/lib/jli/libjli.so
7f7b43820000-7f7b43821000 r--p 0000f000 08:12 677826                     /usr/lib/jvm/java-11-openjdk-amd64/lib/jli/libjli.so
7f7b43821000-7f7b43822000 rw-p 00010000 08:12 677826                     /usr/lib/jvm/java-11-openjdk-amd64/lib/jli/libjli.so
7f7b43822000-7f7b43849000 r-xp 00000000 08:12 9179771                    /lib/x86_64-linux-gnu/ld-2.27.so
7f7b43881000-7f7b4391e000 rw-p 00000000 00:00 0 
7f7b4391e000-7f7b43922000 ---p 00000000 00:00 0 
7f7b43922000-7f7b43a21000 rw-p 00000000 00:00 0 
7f7b43a2f000-7f7b43a34000 rw-p 00000000 00:00 0 
7f7b43a34000-7f7b43a3b000 ---p 00000000 00:00 0 
7f7b43a3b000-7f7b43a3d000 r--s 00007000 08:12 134994                     /usr/share/java/java-atk-wrapper.jar
7f7b43a3d000-7f7b43a45000 rw-s 00000000 08:12 5771504                    /tmp/hsperfdata_coldchip/7819
7f7b43a45000-7f7b43a46000 ---p 00000000 00:00 0 
7f7b43a46000-7f7b43a47000 r--p 00000000 00:00 0 
7f7b43a47000-7f7b43a49000 rw-p 00000000 00:00 0 
7f7b43a49000-7f7b43a4a000 r--p 00027000 08:12 9179771                    /lib/x86_64-linux-gnu/ld-2.27.so
7f7b43a4a000-7f7b43a4b000 rw-p 00028000 08:12 9179771                    /lib/x86_64-linux-gnu/ld-2.27.so
7f7b43a4b000-7f7b43a4c000 rw-p 00000000 00:00 0 
7ffc26c47000-7ffc26c68000 rw-p 00000000 00:00 0                          [stack]
7ffc26d0c000-7ffc26d0f000 r--p 00000000 00:00 0                          [vvar]
7ffc26d0f000-7ffc26d11000 r-xp 00000000 00:00 0                          [vdso]
ffffffffff600000-ffffffffff601000 r-xp 00000000 00:00 0                  [vsyscall]


VM Arguments:
java_command: Build/server.jar
java_class_path (initial): Build/server.jar
Launcher Type: SUN_STANDARD

[Global flags]
     intx CICompilerCount                          = 3                                         {product} {ergonomic}
     uint ConcGCThreads                            = 1                                         {product} {ergonomic}
     uint G1ConcRefinementThreads                  = 4                                         {product} {ergonomic}
   size_t G1HeapRegionSize                         = 1048576                                   {product} {ergonomic}
    uintx GCDrainStackTargetSize                   = 64                                        {product} {ergonomic}
   size_t InitialHeapSize                          = 130023424                                 {product} {ergonomic}
   size_t MarkStackSize                            = 4194304                                   {product} {ergonomic}
   size_t MaxHeapSize                              = 2057306112                                {product} {ergonomic}
   size_t MaxNewSize                               = 1234173952                                {product} {ergonomic}
   size_t MinHeapDeltaBytes                        = 1048576                                   {product} {ergonomic}
    uintx NonNMethodCodeHeapSize                   = 5830092                                {pd product} {ergonomic}
    uintx NonProfiledCodeHeapSize                  = 122914074                              {pd product} {ergonomic}
    uintx ProfiledCodeHeapSize                     = 122914074                              {pd product} {ergonomic}
    uintx ReservedCodeCacheSize                    = 251658240                              {pd product} {ergonomic}
     bool SegmentedCodeCache                       = true                                      {product} {ergonomic}
     bool UseCompressedClassPointers               = true                                 {lp64_product} {ergonomic}
     bool UseCompressedOops                        = true                                 {lp64_product} {ergonomic}
     bool UseG1GC                                  = true                                      {product} {ergonomic}

Logging:
Log output configuration:
 #0: stdout all=warning uptime,level,tags
 #1: stderr all=off uptime,level,tags

Environment Variables:
PATH=/home/coldchip/google-cloud-sdk/bin:/home/coldchip/.local/bin:/home/coldchip/bin:/usr/local/sbin:/usr/local/bin:/usr/sbin:/usr/bin:/sbin:/bin:/usr/games:/usr/local/games:/snap/bin
USERNAME=coldchip
SHELL=/bin/bash
DISPLAY=:0

Signal Handlers:
SIGSEGV: [libjvm.so+0xde2f90], sa_mask[0]=11111111011111111101111111111110, sa_flags=SA_RESTART|SA_SIGINFO
SIGBUS: [libjvm.so+0xde2f90], sa_mask[0]=11111111011111111101111111111110, sa_flags=SA_RESTART|SA_SIGINFO
SIGFPE: [libjvm.so+0xde2f90], sa_mask[0]=11111111011111111101111111111110, sa_flags=SA_RESTART|SA_SIGINFO
SIGPIPE: [libjvm.so+0xbb85d0], sa_mask[0]=11111111011111111101111111111110, sa_flags=SA_RESTART|SA_SIGINFO
SIGXFSZ: [libjvm.so+0xbb85d0], sa_mask[0]=11111111011111111101111111111110, sa_flags=SA_RESTART|SA_SIGINFO
SIGILL: [libjvm.so+0xde2f90], sa_mask[0]=11111111011111111101111111111110, sa_flags=SA_RESTART|SA_SIGINFO
SIGUSR2: [libjvm.so+0xbb8470], sa_mask[0]=00000000000000000000000000000000, sa_flags=SA_RESTART|SA_SIGINFO
SIGHUP: [libjvm.so+0xbb87d0], sa_mask[0]=11111111011111111101111111111110, sa_flags=SA_RESTART|SA_SIGINFO
SIGINT: [libjvm.so+0xbb87d0], sa_mask[0]=11111111011111111101111111111110, sa_flags=SA_RESTART|SA_SIGINFO
SIGTERM: [libjvm.so+0xbb87d0], sa_mask[0]=11111111011111111101111111111110, sa_flags=SA_RESTART|SA_SIGINFO
SIGQUIT: [libjvm.so+0xbb87d0], sa_mask[0]=11111111011111111101111111111110, sa_flags=SA_RESTART|SA_SIGINFO


---------------  S Y S T E M  ---------------

OS:DISTRIB_ID=Ubuntu
DISTRIB_RELEASE=18.04
DISTRIB_CODENAME=bionic
DISTRIB_DESCRIPTION="Ubuntu 18.04.1 LTS"
uname:Linux 4.15.0-51-generic #55-Ubuntu SMP Wed May 15 14:27:21 UTC 2019 x86_64
libc:glibc 2.27 NPTL 2.27 
rlimit: STACK 8192k, CORE 0k, NPROC 30768, NOFILE 4096, AS infinity, DATA infinity, FSIZE infinity
load average:1.04 0.71 0.39

/proc/meminfo:
MemTotal:        8032224 kB
MemFree:         2294844 kB
MemAvailable:    4328424 kB
Buffers:          533148 kB
Cached:          1843144 kB
SwapCached:            0 kB
Active:          3846708 kB
Inactive:        1200064 kB
Active(anon):    2671972 kB
Inactive(anon):   460156 kB
Active(file):    1174736 kB
Inactive(file):   739908 kB
Unevictable:         252 kB
Mlocked:             252 kB
SwapTotal:       2097148 kB
SwapFree:        2097148 kB
Dirty:               620 kB
Writeback:             0 kB
AnonPages:       2670792 kB
Mapped:           667320 kB
Shmem:            461652 kB
Slab:             510352 kB
SReclaimable:     424720 kB
SUnreclaim:        85632 kB
KernelStack:       16592 kB
PageTables:        82308 kB
NFS_Unstable:          0 kB
Bounce:                0 kB
WritebackTmp:          0 kB
CommitLimit:     6113260 kB
Committed_AS:   12492600 kB
VmallocTotal:   34359738367 kB
VmallocUsed:           0 kB
VmallocChunk:          0 kB
HardwareCorrupted:     0 kB
AnonHugePages:         0 kB
ShmemHugePages:        0 kB
ShmemPmdMapped:        0 kB
CmaTotal:              0 kB
CmaFree:               0 kB
HugePages_Total:       0
HugePages_Free:        0
HugePages_Rsvd:        0
HugePages_Surp:        0
Hugepagesize:       2048 kB
DirectMap4k:      274108 kB
DirectMap2M:     7979008 kB


/proc/sys/kernel/threads-max (system-wide limit on the number of threads):
61536


/proc/sys/vm/max_map_count (maximum number of memory map areas a process may have):
65530


/proc/sys/kernel/pid_max (system-wide limit on number of process identifiers):
32768



container (cgroup) information:
container_type: cgroupv1
cpu_cpuset_cpus: 0-3
cpu_memory_nodes: 0
active_processor_count: 4
cpu_quota: -1
cpu_period: 100000
cpu_shares: -1
memory_limit_in_bytes: -1
memory_and_swap_limit_in_bytes: -2
memory_soft_limit_in_bytes: -1
memory_usage_in_bytes: 5168558080
memory_max_usage_in_bytes: 0


CPU:total 4 (initial active 4) (2 cores per cpu, 2 threads per core) family 6 model 58 stepping 9, cmov, cx8, fxsr, mmx, sse, sse2, sse3, ssse3, sse4.1, sse4.2, popcnt, avx, aes, clmul, erms, ht, tsc, tscinvbit, tscinv
CPU Model and flags from /proc/cpuinfo:
model name	: Intel(R) Core(TM) i7-3520M CPU @ 2.90GHz
flags		: fpu vme de pse tsc msr pae mce cx8 apic sep mtrr pge mca cmov pat pse36 clflush dts acpi mmx fxsr sse sse2 ss ht tm pbe syscall nx rdtscp lm constant_tsc arch_perfmon pebs bts rep_good nopl xtopology nonstop_tsc cpuid aperfmperf pni pclmulqdq dtes64 monitor ds_cpl vmx smx est tm2 ssse3 cx16 xtpr pdcm pcid sse4_1 sse4_2 x2apic popcnt tsc_deadline_timer aes xsave avx f16c rdrand lahf_lm cpuid_fault epb pti ssbd ibrs ibpb stibp tpr_shadow vnmi flexpriority ept vpid fsgsbase smep erms xsaveopt dtherm ida arat pln pts md_clear flush_l1d

Memory: 4k page, physical 8032224k(2294844k free), swap 2097148k(2097148k free)

vm_info: OpenJDK 64-Bit Server VM (11.0.3+7-Ubuntu-1ubuntu218.04.1) for linux-amd64 JRE (11.0.3+7-Ubuntu-1ubuntu218.04.1), built on Apr 23 2019 18:34:35 by "buildd" with gcc 7.3.0

END.
