#
# A fatal error has been detected by the Java Runtime Environment:
#
#  SIGSEGV (0xb) at pc=0x00007ff98d41067f, pid=2610, tid=2611
#
# JRE version: OpenJDK Runtime Environment (11.0.3+7) (build 11.0.3+7-Ubuntu-1ubuntu218.04.1)
# Java VM: OpenJDK 64-Bit Server VM (11.0.3+7-Ubuntu-1ubuntu218.04.1, mixed mode, sharing, tiered, compressed oops, g1 gc, linux-amd64)
# Problematic frame:
# C  [libenet.so+0x1667f]  enet_range_coder_compress+0x1dd
#
# No core dump will be written. Core dumps have been disabled. To enable core dumping, try "ulimit -c unlimited" before starting Java again
#
# If you would like to submit a bug report, please visit:
#   http://bugreport.java.com/bugreport/crash.jsp
# The crash happened outside the Java Virtual Machine in native code.
# See problematic frame for where to report the bug.
#

---------------  S U M M A R Y ------------

Command Line: Build/server.jar

Host: Intel(R) Core(TM) i7-3520M CPU @ 2.90GHz, 4 cores, 7G, Ubuntu 18.04.1 LTS
Time: Tue Jun 25 20:16:15 2019 CST elapsed time: 3 seconds (0d 0h 0m 3s)

---------------  T H R E A D  ---------------

Current thread (0x00007ff9b4011800):  JavaThread "main" [_thread_in_native, id=2611, stack(0x00007ff9be412000,0x00007ff9be513000)]

Stack: [0x00007ff9be412000,0x00007ff9be513000],  sp=0x00007ff9be511630,  free space=1021k
Native frames: (J=compiled Java code, A=aot compiled Java code, j=interpreted, Vv=VM code, C=native code)
C  [libenet.so+0x1667f]  enet_range_coder_compress+0x1dd
C  [libenet.so+0x1fa06]  enet_protocol_send_outgoing_commands+0x501
C  [libenet.so+0x1fde1]  enet_host_service+0x10e
C  [libenet.so+0x2d24e]  Java_ru_ColdChip_GrowtopiaServer_ENetJava_enetJNI_enet_1host_1service+0x6a
j  ru.ColdChip.GrowtopiaServer.ENetJava.enetJNI.enet_host_service(JLru/ColdChip/GrowtopiaServer/ENetJava/ENetHost;JLru/ColdChip/GrowtopiaServer/ENetJava/ENetEvent;J)I+0
j  ru.ColdChip.GrowtopiaServer.ENetJava.enet.Service(Lru/ColdChip/GrowtopiaServer/ENetJava/ENetHost;Lru/ColdChip/GrowtopiaServer/ENetJava/ENetEvent;J)I+11
j  ru.ColdChip.GrowtopiaServer.Server.main([Ljava/lang/String;)V+154
v  ~StubRoutines::call_stub
V  [libjvm.so+0x8410f9]
V  [libjvm.so+0x8b913d]
V  [libjvm.so+0x8bb22e]
C  [libjli.so+0x5606]
C  [libjli.so+0x900d]

Java frames: (J=compiled Java code, j=interpreted, Vv=VM code)
j  ru.ColdChip.GrowtopiaServer.ENetJava.enetJNI.enet_host_service(JLru/ColdChip/GrowtopiaServer/ENetJava/ENetHost;JLru/ColdChip/GrowtopiaServer/ENetJava/ENetEvent;J)I+0
j  ru.ColdChip.GrowtopiaServer.ENetJava.enet.Service(Lru/ColdChip/GrowtopiaServer/ENetJava/ENetHost;Lru/ColdChip/GrowtopiaServer/ENetJava/ENetEvent;J)I+11
j  ru.ColdChip.GrowtopiaServer.Server.main([Ljava/lang/String;)V+154
v  ~StubRoutines::call_stub

siginfo: si_signo: 11 (SIGSEGV), si_code: 1 (SEGV_MAPERR), si_addr: 0x0000000000000000

Register to memory mapping:

RAX=0x0 is NULL
RBX={method} {0x00007ff9b88b2af8} 'enet_host_service' '(JLru/ColdChip/GrowtopiaServer/ENetJava/ENetHost;JLru/ColdChip/GrowtopiaServer/ENetJava/ENetEvent;J)I' in 'ru/ColdChip/GrowtopiaServer/ENetJava/enetJNI'
RCX=0x0000000000000083 is an unknown value
RDX=0x0000000000000001 is an unknown value
RSP=0x00007ff9be511630 is pointing into the stack for thread: 0x00007ff9b4011800
RBP=0x00007ff9be5116f0 is pointing into the stack for thread: 0x00007ff9b4011800
RSI=0x0000000000000010 is an unknown value
RDI=0x0000000000000009 is an unknown value
R8 =0x00007ff9b4214728 points into unknown readable memory: 07 f9 07 83 f7 62 1c b7
R9 =0x0000000000000086 is an unknown value
R10=0x0000000000000004 is an unknown value
R11=0x00007ff9be511750 is pointing into the stack for thread: 0x00007ff9b4011800
R12=0x0 is NULL
R13={method} {0x00007ff9b88b2af8} 'enet_host_service' '(JLru/ColdChip/GrowtopiaServer/ENetJava/ENetHost;JLru/ColdChip/GrowtopiaServer/ENetJava/ENetEvent;J)I' in 'ru/ColdChip/GrowtopiaServer/ENetJava/enetJNI'
R14=0x00007ff9be511900 is pointing into the stack for thread: 0x00007ff9b4011800
R15=0x00007ff9b4011800 is a thread


Registers:
RAX=0x0000000000000000, RBX=0x00007ff9b88b2af8, RCX=0x0000000000000083, RDX=0x0000000000000001
RSP=0x00007ff9be511630, RBP=0x00007ff9be5116f0, RSI=0x0000000000000010, RDI=0x0000000000000009
R8 =0x00007ff9b4214728, R9 =0x0000000000000086, R10=0x0000000000000004, R11=0x00007ff9be511750
R12=0x0000000000000000, R13=0x00007ff9b88b2af8, R14=0x00007ff9be511900, R15=0x00007ff9b4011800
RIP=0x00007ff98d41067f, EFLAGS=0x0000000000010202, CSGSFS=0x002b000000000033, ERR=0x0000000000000004
  TRAPNO=0x000000000000000e

Top of Stack: (sp=0x00007ff9be511630)
0x00007ff9be511630:   0000000000000086 00007ff9b421472c
0x00007ff9be511640:   0000000000000086 0000000000000002
0x00007ff9be511650:   00007ff9b4213318 00007ff9b4225f80
0x00007ff9be511660:   00007ff9be511690 0000000000000000 

Instructions: (pc=0x00007ff98d41067f)
0x00007ff98d41065f:   48 89 45 98 48 83 85 60 ff ff ff 10 48 83 ad 58
0x00007ff98d41066f:   ff ff ff 01 48 8b 45 90 48 8d 50 01 48 89 55 90
0x00007ff98d41067f:   0f b6 00 88 85 7f ff ff ff 0f b7 45 80 0f b7 c0
0x00007ff98d41068f:   48 98 48 c1 e0 04 48 89 c2 48 8b 45 e0 48 01 d0 

Stack slot to memory mapping:
stack at sp + 0 slots: 0x0000000000000086 is an unknown value
stack at sp + 1 slots: 0x00007ff9b421472c points into unknown readable memory: f7 62 1c b7
stack at sp + 2 slots: 0x0000000000000086 is an unknown value
stack at sp + 3 slots: 0x0000000000000002 is an unknown value
stack at sp + 4 slots: 0x00007ff9b4213318 points into unknown readable memory: 0a 2d 21 b4 f9 7f 00 00
stack at sp + 5 slots: 0x00007ff9b4225f80 points into unknown readable memory: 00 00 00 00 00 00 00 00
stack at sp + 6 slots: 0x00007ff9be511690 is pointing into the stack for thread: 0x00007ff9b4011800
stack at sp + 7 slots: 0x0 is NULL


---------------  P R O C E S S  ---------------

Threads class SMR info:
_java_thread_list=0x00007ff9b41b2ca0, length=9, elements={
0x00007ff9b4011800, 0x00007ff9b416f000, 0x00007ff9b4171000, 0x00007ff9b4177800,
0x00007ff9b4179800, 0x00007ff9b417b800, 0x00007ff9b417d800, 0x00007ff9b41ac800,
0x00007ff9b41b1800
}

Java Threads: ( => current thread )
=>0x00007ff9b4011800 JavaThread "main" [_thread_in_native, id=2611, stack(0x00007ff9be412000,0x00007ff9be513000)]
  0x00007ff9b416f000 JavaThread "Reference Handler" daemon [_thread_blocked, id=2618, stack(0x00007ff9b8204000,0x00007ff9b8305000)]
  0x00007ff9b4171000 JavaThread "Finalizer" daemon [_thread_blocked, id=2619, stack(0x00007ff9b8103000,0x00007ff9b8204000)]
  0x00007ff9b4177800 JavaThread "Signal Dispatcher" daemon [_thread_blocked, id=2620, stack(0x00007ff9b8002000,0x00007ff9b8103000)]
  0x00007ff9b4179800 JavaThread "C2 CompilerThread0" daemon [_thread_blocked, id=2621, stack(0x00007ff99c87d000,0x00007ff99c97e000)]
  0x00007ff9b417b800 JavaThread "C1 CompilerThread0" daemon [_thread_blocked, id=2622, stack(0x00007ff99c77c000,0x00007ff99c87d000)]
  0x00007ff9b417d800 JavaThread "Sweeper thread" daemon [_thread_blocked, id=2623, stack(0x00007ff99c67b000,0x00007ff99c77c000)]
  0x00007ff9b41ac800 JavaThread "Service Thread" daemon [_thread_blocked, id=2624, stack(0x00007ff99c57a000,0x00007ff99c67b000)]
  0x00007ff9b41b1800 JavaThread "Common-Cleaner" daemon [_thread_blocked, id=2626, stack(0x00007ff99c377000,0x00007ff99c478000)]

Other Threads:
  0x00007ff9b416c000 VMThread "VM Thread" [stack: 0x00007ff9b8307000,0x00007ff9b8407000] [id=2617]
  0x00007ff9b41af000 WatcherThread [stack: 0x00007ff99c47a000,0x00007ff99c57a000] [id=2625]
  0x00007ff9b4028000 GCTaskThread "GC Thread#0" [stack: 0x00007ff9ba419000,0x00007ff9ba519000] [id=2612]
  0x00007ff9b4059000 ConcurrentGCThread "G1 Main Marker" [stack: 0x00007ff9b9394000,0x00007ff9b9494000] [id=2613]
  0x00007ff9b405a800 ConcurrentGCThread "G1 Conc#0" [stack: 0x00007ff9b9292000,0x00007ff9b9392000] [id=2614]
  0x00007ff9b40d3000 ConcurrentGCThread "G1 Refine#0" [stack: 0x00007ff9b8d8c000,0x00007ff9b8e8c000] [id=2615]
  0x00007ff9b40d4800 ConcurrentGCThread "G1 Young RemSet Sampling" [stack: 0x00007ff9b8c8a000,0x00007ff9b8d8a000] [id=2616]

Threads with active compile tasks:

VM state:not at safepoint (normal execution)

VM Mutex/Monitor currently owned by a thread: None

Heap address: 0x0000000085600000, size: 1962 MB, Compressed Oops mode: 32-bit
Narrow klass base: 0x0000000800000000, Narrow klass shift: 3
Compressed class space size: 1073741824 Address: 0x0000000840000000

Heap:
 garbage-first heap   total 129024K, used 5756K [0x0000000085600000, 0x0000000100000000)
  region size 1024K, 2 young (2048K), 0 survivors (0K)
 Metaspace       used 964K, capacity 4841K, committed 5120K, reserved 1056768K
  class space    used 74K, capacity 442K, committed 512K, reserved 1048576K
Heap Regions: E=young(eden), S=young(survivor), O=old, HS=humongous(starts), HC=humongous(continues), CS=collection set, F=free, A=archive, TAMS=top-at-mark-start (previous, next)
|   0|0x0000000085600000, 0x0000000085700000, 0x0000000085700000|100%|HS|  |TAMS 0x0000000085600000, 0x0000000085600000| Complete 
|   1|0x0000000085700000, 0x0000000085800000, 0x0000000085800000|100%|HC|  |TAMS 0x0000000085700000, 0x0000000085700000| Complete 
|   2|0x0000000085800000, 0x0000000085900000, 0x0000000085900000|100%|HS|  |TAMS 0x0000000085800000, 0x0000000085800000| Complete 
|   3|0x0000000085900000, 0x0000000085a00000, 0x0000000085a00000|100%|HC|  |TAMS 0x0000000085900000, 0x0000000085900000| Complete 
|   4|0x0000000085a00000, 0x0000000085a00000, 0x0000000085b00000|  0%| F|  |TAMS 0x0000000085a00000, 0x0000000085a00000| Untracked 
|   5|0x0000000085b00000, 0x0000000085b00000, 0x0000000085c00000|  0%| F|  |TAMS 0x0000000085b00000, 0x0000000085b00000| Untracked 
|   6|0x0000000085c00000, 0x0000000085c00000, 0x0000000085d00000|  0%| F|  |TAMS 0x0000000085c00000, 0x0000000085c00000| Untracked 
|   7|0x0000000085d00000, 0x0000000085d00000, 0x0000000085e00000|  0%| F|  |TAMS 0x0000000085d00000, 0x0000000085d00000| Untracked 
|   8|0x0000000085e00000, 0x0000000085e00000, 0x0000000085f00000|  0%| F|  |TAMS 0x0000000085e00000, 0x0000000085e00000| Untracked 
|   9|0x0000000085f00000, 0x0000000085f00000, 0x0000000086000000|  0%| F|  |TAMS 0x0000000085f00000, 0x0000000085f00000| Untracked 
|  10|0x0000000086000000, 0x0000000086000000, 0x0000000086100000|  0%| F|  |TAMS 0x0000000086000000, 0x0000000086000000| Untracked 
|  11|0x0000000086100000, 0x0000000086100000, 0x0000000086200000|  0%| F|  |TAMS 0x0000000086100000, 0x0000000086100000| Untracked 
|  12|0x0000000086200000, 0x0000000086200000, 0x0000000086300000|  0%| F|  |TAMS 0x0000000086200000, 0x0000000086200000| Untracked 
|  13|0x0000000086300000, 0x0000000086300000, 0x0000000086400000|  0%| F|  |TAMS 0x0000000086300000, 0x0000000086300000| Untracked 
|  14|0x0000000086400000, 0x0000000086400000, 0x0000000086500000|  0%| F|  |TAMS 0x0000000086400000, 0x0000000086400000| Untracked 
|  15|0x0000000086500000, 0x0000000086500000, 0x0000000086600000|  0%| F|  |TAMS 0x0000000086500000, 0x0000000086500000| Untracked 
|  16|0x0000000086600000, 0x0000000086600000, 0x0000000086700000|  0%| F|  |TAMS 0x0000000086600000, 0x0000000086600000| Untracked 
|  17|0x0000000086700000, 0x0000000086700000, 0x0000000086800000|  0%| F|  |TAMS 0x0000000086700000, 0x0000000086700000| Untracked 
|  18|0x0000000086800000, 0x0000000086800000, 0x0000000086900000|  0%| F|  |TAMS 0x0000000086800000, 0x0000000086800000| Untracked 
|  19|0x0000000086900000, 0x0000000086900000, 0x0000000086a00000|  0%| F|  |TAMS 0x0000000086900000, 0x0000000086900000| Untracked 
|  20|0x0000000086a00000, 0x0000000086a00000, 0x0000000086b00000|  0%| F|  |TAMS 0x0000000086a00000, 0x0000000086a00000| Untracked 
|  21|0x0000000086b00000, 0x0000000086b00000, 0x0000000086c00000|  0%| F|  |TAMS 0x0000000086b00000, 0x0000000086b00000| Untracked 
|  22|0x0000000086c00000, 0x0000000086c00000, 0x0000000086d00000|  0%| F|  |TAMS 0x0000000086c00000, 0x0000000086c00000| Untracked 
|  23|0x0000000086d00000, 0x0000000086d00000, 0x0000000086e00000|  0%| F|  |TAMS 0x0000000086d00000, 0x0000000086d00000| Untracked 
|  24|0x0000000086e00000, 0x0000000086e00000, 0x0000000086f00000|  0%| F|  |TAMS 0x0000000086e00000, 0x0000000086e00000| Untracked 
|  25|0x0000000086f00000, 0x0000000086f00000, 0x0000000087000000|  0%| F|  |TAMS 0x0000000086f00000, 0x0000000086f00000| Untracked 
|  26|0x0000000087000000, 0x0000000087000000, 0x0000000087100000|  0%| F|  |TAMS 0x0000000087000000, 0x0000000087000000| Untracked 
|  27|0x0000000087100000, 0x0000000087100000, 0x0000000087200000|  0%| F|  |TAMS 0x0000000087100000, 0x0000000087100000| Untracked 
|  28|0x0000000087200000, 0x0000000087200000, 0x0000000087300000|  0%| F|  |TAMS 0x0000000087200000, 0x0000000087200000| Untracked 
|  29|0x0000000087300000, 0x0000000087300000, 0x0000000087400000|  0%| F|  |TAMS 0x0000000087300000, 0x0000000087300000| Untracked 
|  30|0x0000000087400000, 0x0000000087400000, 0x0000000087500000|  0%| F|  |TAMS 0x0000000087400000, 0x0000000087400000| Untracked 
|  31|0x0000000087500000, 0x0000000087500000, 0x0000000087600000|  0%| F|  |TAMS 0x0000000087500000, 0x0000000087500000| Untracked 
|  32|0x0000000087600000, 0x0000000087600000, 0x0000000087700000|  0%| F|  |TAMS 0x0000000087600000, 0x0000000087600000| Untracked 
|  33|0x0000000087700000, 0x0000000087700000, 0x0000000087800000|  0%| F|  |TAMS 0x0000000087700000, 0x0000000087700000| Untracked 
|  34|0x0000000087800000, 0x0000000087800000, 0x0000000087900000|  0%| F|  |TAMS 0x0000000087800000, 0x0000000087800000| Untracked 
|  35|0x0000000087900000, 0x0000000087900000, 0x0000000087a00000|  0%| F|  |TAMS 0x0000000087900000, 0x0000000087900000| Untracked 
|  36|0x0000000087a00000, 0x0000000087a00000, 0x0000000087b00000|  0%| F|  |TAMS 0x0000000087a00000, 0x0000000087a00000| Untracked 
|  37|0x0000000087b00000, 0x0000000087b00000, 0x0000000087c00000|  0%| F|  |TAMS 0x0000000087b00000, 0x0000000087b00000| Untracked 
|  38|0x0000000087c00000, 0x0000000087c00000, 0x0000000087d00000|  0%| F|  |TAMS 0x0000000087c00000, 0x0000000087c00000| Untracked 
|  39|0x0000000087d00000, 0x0000000087d00000, 0x0000000087e00000|  0%| F|  |TAMS 0x0000000087d00000, 0x0000000087d00000| Untracked 
|  40|0x0000000087e00000, 0x0000000087e00000, 0x0000000087f00000|  0%| F|  |TAMS 0x0000000087e00000, 0x0000000087e00000| Untracked 
|  41|0x0000000087f00000, 0x0000000087f00000, 0x0000000088000000|  0%| F|  |TAMS 0x0000000087f00000, 0x0000000087f00000| Untracked 
|  42|0x0000000088000000, 0x0000000088000000, 0x0000000088100000|  0%| F|  |TAMS 0x0000000088000000, 0x0000000088000000| Untracked 
|  43|0x0000000088100000, 0x0000000088100000, 0x0000000088200000|  0%| F|  |TAMS 0x0000000088100000, 0x0000000088100000| Untracked 
|  44|0x0000000088200000, 0x0000000088200000, 0x0000000088300000|  0%| F|  |TAMS 0x0000000088200000, 0x0000000088200000| Untracked 
|  45|0x0000000088300000, 0x0000000088300000, 0x0000000088400000|  0%| F|  |TAMS 0x0000000088300000, 0x0000000088300000| Untracked 
|  46|0x0000000088400000, 0x0000000088400000, 0x0000000088500000|  0%| F|  |TAMS 0x0000000088400000, 0x0000000088400000| Untracked 
|  47|0x0000000088500000, 0x0000000088500000, 0x0000000088600000|  0%| F|  |TAMS 0x0000000088500000, 0x0000000088500000| Untracked 
|  48|0x0000000088600000, 0x0000000088600000, 0x0000000088700000|  0%| F|  |TAMS 0x0000000088600000, 0x0000000088600000| Untracked 
|  49|0x0000000088700000, 0x0000000088700000, 0x0000000088800000|  0%| F|  |TAMS 0x0000000088700000, 0x0000000088700000| Untracked 
|  50|0x0000000088800000, 0x0000000088800000, 0x0000000088900000|  0%| F|  |TAMS 0x0000000088800000, 0x0000000088800000| Untracked 
|  51|0x0000000088900000, 0x0000000088900000, 0x0000000088a00000|  0%| F|  |TAMS 0x0000000088900000, 0x0000000088900000| Untracked 
|  52|0x0000000088a00000, 0x0000000088a00000, 0x0000000088b00000|  0%| F|  |TAMS 0x0000000088a00000, 0x0000000088a00000| Untracked 
|  53|0x0000000088b00000, 0x0000000088b00000, 0x0000000088c00000|  0%| F|  |TAMS 0x0000000088b00000, 0x0000000088b00000| Untracked 
|  54|0x0000000088c00000, 0x0000000088c00000, 0x0000000088d00000|  0%| F|  |TAMS 0x0000000088c00000, 0x0000000088c00000| Untracked 
|  55|0x0000000088d00000, 0x0000000088d00000, 0x0000000088e00000|  0%| F|  |TAMS 0x0000000088d00000, 0x0000000088d00000| Untracked 
|  56|0x0000000088e00000, 0x0000000088e00000, 0x0000000088f00000|  0%| F|  |TAMS 0x0000000088e00000, 0x0000000088e00000| Untracked 
|  57|0x0000000088f00000, 0x0000000088f00000, 0x0000000089000000|  0%| F|  |TAMS 0x0000000088f00000, 0x0000000088f00000| Untracked 
|  58|0x0000000089000000, 0x0000000089000000, 0x0000000089100000|  0%| F|  |TAMS 0x0000000089000000, 0x0000000089000000| Untracked 
|  59|0x0000000089100000, 0x0000000089100000, 0x0000000089200000|  0%| F|  |TAMS 0x0000000089100000, 0x0000000089100000| Untracked 
|  60|0x0000000089200000, 0x0000000089200000, 0x0000000089300000|  0%| F|  |TAMS 0x0000000089200000, 0x0000000089200000| Untracked 
|  61|0x0000000089300000, 0x0000000089300000, 0x0000000089400000|  0%| F|  |TAMS 0x0000000089300000, 0x0000000089300000| Untracked 
|  62|0x0000000089400000, 0x0000000089400000, 0x0000000089500000|  0%| F|  |TAMS 0x0000000089400000, 0x0000000089400000| Untracked 
|  63|0x0000000089500000, 0x0000000089500000, 0x0000000089600000|  0%| F|  |TAMS 0x0000000089500000, 0x0000000089500000| Untracked 
|  64|0x0000000089600000, 0x0000000089600000, 0x0000000089700000|  0%| F|  |TAMS 0x0000000089600000, 0x0000000089600000| Untracked 
|  65|0x0000000089700000, 0x0000000089700000, 0x0000000089800000|  0%| F|  |TAMS 0x0000000089700000, 0x0000000089700000| Untracked 
|  66|0x0000000089800000, 0x0000000089800000, 0x0000000089900000|  0%| F|  |TAMS 0x0000000089800000, 0x0000000089800000| Untracked 
|  67|0x0000000089900000, 0x0000000089900000, 0x0000000089a00000|  0%| F|  |TAMS 0x0000000089900000, 0x0000000089900000| Untracked 
|  68|0x0000000089a00000, 0x0000000089a00000, 0x0000000089b00000|  0%| F|  |TAMS 0x0000000089a00000, 0x0000000089a00000| Untracked 
|  69|0x0000000089b00000, 0x0000000089b00000, 0x0000000089c00000|  0%| F|  |TAMS 0x0000000089b00000, 0x0000000089b00000| Untracked 
|  70|0x0000000089c00000, 0x0000000089c00000, 0x0000000089d00000|  0%| F|  |TAMS 0x0000000089c00000, 0x0000000089c00000| Untracked 
|  71|0x0000000089d00000, 0x0000000089d00000, 0x0000000089e00000|  0%| F|  |TAMS 0x0000000089d00000, 0x0000000089d00000| Untracked 
|  72|0x0000000089e00000, 0x0000000089e00000, 0x0000000089f00000|  0%| F|  |TAMS 0x0000000089e00000, 0x0000000089e00000| Untracked 
|  73|0x0000000089f00000, 0x0000000089f00000, 0x000000008a000000|  0%| F|  |TAMS 0x0000000089f00000, 0x0000000089f00000| Untracked 
|  74|0x000000008a000000, 0x000000008a000000, 0x000000008a100000|  0%| F|  |TAMS 0x000000008a000000, 0x000000008a000000| Untracked 
|  75|0x000000008a100000, 0x000000008a100000, 0x000000008a200000|  0%| F|  |TAMS 0x000000008a100000, 0x000000008a100000| Untracked 
|  76|0x000000008a200000, 0x000000008a200000, 0x000000008a300000|  0%| F|  |TAMS 0x000000008a200000, 0x000000008a200000| Untracked 
|  77|0x000000008a300000, 0x000000008a300000, 0x000000008a400000|  0%| F|  |TAMS 0x000000008a300000, 0x000000008a300000| Untracked 
|  78|0x000000008a400000, 0x000000008a400000, 0x000000008a500000|  0%| F|  |TAMS 0x000000008a400000, 0x000000008a400000| Untracked 
|  79|0x000000008a500000, 0x000000008a500000, 0x000000008a600000|  0%| F|  |TAMS 0x000000008a500000, 0x000000008a500000| Untracked 
|  80|0x000000008a600000, 0x000000008a600000, 0x000000008a700000|  0%| F|  |TAMS 0x000000008a600000, 0x000000008a600000| Untracked 
|  81|0x000000008a700000, 0x000000008a700000, 0x000000008a800000|  0%| F|  |TAMS 0x000000008a700000, 0x000000008a700000| Untracked 
|  82|0x000000008a800000, 0x000000008a800000, 0x000000008a900000|  0%| F|  |TAMS 0x000000008a800000, 0x000000008a800000| Untracked 
|  83|0x000000008a900000, 0x000000008a900000, 0x000000008aa00000|  0%| F|  |TAMS 0x000000008a900000, 0x000000008a900000| Untracked 
|  84|0x000000008aa00000, 0x000000008aa00000, 0x000000008ab00000|  0%| F|  |TAMS 0x000000008aa00000, 0x000000008aa00000| Untracked 
|  85|0x000000008ab00000, 0x000000008ab00000, 0x000000008ac00000|  0%| F|  |TAMS 0x000000008ab00000, 0x000000008ab00000| Untracked 
|  86|0x000000008ac00000, 0x000000008ac00000, 0x000000008ad00000|  0%| F|  |TAMS 0x000000008ac00000, 0x000000008ac00000| Untracked 
|  87|0x000000008ad00000, 0x000000008ad00000, 0x000000008ae00000|  0%| F|  |TAMS 0x000000008ad00000, 0x000000008ad00000| Untracked 
|  88|0x000000008ae00000, 0x000000008ae00000, 0x000000008af00000|  0%| F|  |TAMS 0x000000008ae00000, 0x000000008ae00000| Untracked 
|  89|0x000000008af00000, 0x000000008af00000, 0x000000008b000000|  0%| F|  |TAMS 0x000000008af00000, 0x000000008af00000| Untracked 
|  90|0x000000008b000000, 0x000000008b000000, 0x000000008b100000|  0%| F|  |TAMS 0x000000008b000000, 0x000000008b000000| Untracked 
|  91|0x000000008b100000, 0x000000008b100000, 0x000000008b200000|  0%| F|  |TAMS 0x000000008b100000, 0x000000008b100000| Untracked 
|  92|0x000000008b200000, 0x000000008b200000, 0x000000008b300000|  0%| F|  |TAMS 0x000000008b200000, 0x000000008b200000| Untracked 
|  93|0x000000008b300000, 0x000000008b300000, 0x000000008b400000|  0%| F|  |TAMS 0x000000008b300000, 0x000000008b300000| Untracked 
|  94|0x000000008b400000, 0x000000008b400000, 0x000000008b500000|  0%| F|  |TAMS 0x000000008b400000, 0x000000008b400000| Untracked 
|  95|0x000000008b500000, 0x000000008b500000, 0x000000008b600000|  0%| F|  |TAMS 0x000000008b500000, 0x000000008b500000| Untracked 
|  96|0x000000008b600000, 0x000000008b600000, 0x000000008b700000|  0%| F|  |TAMS 0x000000008b600000, 0x000000008b600000| Untracked 
|  97|0x000000008b700000, 0x000000008b700000, 0x000000008b800000|  0%| F|  |TAMS 0x000000008b700000, 0x000000008b700000| Untracked 
|  98|0x000000008b800000, 0x000000008b800000, 0x000000008b900000|  0%| F|  |TAMS 0x000000008b800000, 0x000000008b800000| Untracked 
|  99|0x000000008b900000, 0x000000008b900000, 0x000000008ba00000|  0%| F|  |TAMS 0x000000008b900000, 0x000000008b900000| Untracked 
| 100|0x000000008ba00000, 0x000000008ba00000, 0x000000008bb00000|  0%| F|  |TAMS 0x000000008ba00000, 0x000000008ba00000| Untracked 
| 101|0x000000008bb00000, 0x000000008bb00000, 0x000000008bc00000|  0%| F|  |TAMS 0x000000008bb00000, 0x000000008bb00000| Untracked 
| 102|0x000000008bc00000, 0x000000008bc00000, 0x000000008bd00000|  0%| F|  |TAMS 0x000000008bc00000, 0x000000008bc00000| Untracked 
| 103|0x000000008bd00000, 0x000000008bd00000, 0x000000008be00000|  0%| F|  |TAMS 0x000000008bd00000, 0x000000008bd00000| Untracked 
| 104|0x000000008be00000, 0x000000008be00000, 0x000000008bf00000|  0%| F|  |TAMS 0x000000008be00000, 0x000000008be00000| Untracked 
| 105|0x000000008bf00000, 0x000000008bf00000, 0x000000008c000000|  0%| F|  |TAMS 0x000000008bf00000, 0x000000008bf00000| Untracked 
| 106|0x000000008c000000, 0x000000008c000000, 0x000000008c100000|  0%| F|  |TAMS 0x000000008c000000, 0x000000008c000000| Untracked 
| 107|0x000000008c100000, 0x000000008c100000, 0x000000008c200000|  0%| F|  |TAMS 0x000000008c100000, 0x000000008c100000| Untracked 
| 108|0x000000008c200000, 0x000000008c200000, 0x000000008c300000|  0%| F|  |TAMS 0x000000008c200000, 0x000000008c200000| Untracked 
| 109|0x000000008c300000, 0x000000008c300000, 0x000000008c400000|  0%| F|  |TAMS 0x000000008c300000, 0x000000008c300000| Untracked 
| 110|0x000000008c400000, 0x000000008c400000, 0x000000008c500000|  0%| F|  |TAMS 0x000000008c400000, 0x000000008c400000| Untracked 
| 111|0x000000008c500000, 0x000000008c500000, 0x000000008c600000|  0%| F|  |TAMS 0x000000008c500000, 0x000000008c500000| Untracked 
| 112|0x000000008c600000, 0x000000008c600000, 0x000000008c700000|  0%| F|  |TAMS 0x000000008c600000, 0x000000008c600000| Untracked 
| 113|0x000000008c700000, 0x000000008c700000, 0x000000008c800000|  0%| F|  |TAMS 0x000000008c700000, 0x000000008c700000| Untracked 
| 114|0x000000008c800000, 0x000000008c800000, 0x000000008c900000|  0%| F|  |TAMS 0x000000008c800000, 0x000000008c800000| Untracked 
| 115|0x000000008c900000, 0x000000008c900000, 0x000000008ca00000|  0%| F|  |TAMS 0x000000008c900000, 0x000000008c900000| Untracked 
| 116|0x000000008ca00000, 0x000000008ca00000, 0x000000008cb00000|  0%| F|  |TAMS 0x000000008ca00000, 0x000000008ca00000| Untracked 
| 117|0x000000008cb00000, 0x000000008cb00000, 0x000000008cc00000|  0%| F|  |TAMS 0x000000008cb00000, 0x000000008cb00000| Untracked 
| 118|0x000000008cc00000, 0x000000008cc00000, 0x000000008cd00000|  0%| F|  |TAMS 0x000000008cc00000, 0x000000008cc00000| Untracked 
| 119|0x000000008cd00000, 0x000000008cd00000, 0x000000008ce00000|  0%| F|  |TAMS 0x000000008cd00000, 0x000000008cd00000| Untracked 
| 120|0x000000008ce00000, 0x000000008ce00000, 0x000000008cf00000|  0%| F|  |TAMS 0x000000008ce00000, 0x000000008ce00000| Untracked 
| 121|0x000000008cf00000, 0x000000008cf00000, 0x000000008d000000|  0%| F|  |TAMS 0x000000008cf00000, 0x000000008cf00000| Untracked 
| 122|0x000000008d000000, 0x000000008d100000, 0x000000008d100000|100%| E|  |TAMS 0x000000008d000000, 0x000000008d000000| Complete 
| 123|0x000000008d100000, 0x000000008d200000, 0x000000008d200000|100%| E|CS|TAMS 0x000000008d100000, 0x000000008d100000| Complete 
|1960|0x00000000ffe00000, 0x00000000ffe35000, 0x00000000fff00000| 20%|OA|  |TAMS 0x00000000ffe00000, 0x00000000ffe00000| Untracked 
|1961|0x00000000fff00000, 0x00000000fff6a000, 0x0000000100000000| 41%|CA|  |TAMS 0x00000000fff00000, 0x00000000fff00000| Untracked 

Card table byte_map: [0x00007ff9b9869000,0x00007ff9b9c3e000] _byte_map_base: 0x00007ff9b943e000

Marking Bits (Prev, Next): (CMBitMap*) 0x00007ff9b40505d8, (CMBitMap*) 0x00007ff9b4050610
 Prev Bits: [0x00007ff996158000, 0x00007ff998000000)
 Next Bits: [0x00007ff9942b0000, 0x00007ff996158000)

Polling page: 0x00007ff9be539000

Metaspace:

Usage:
  Non-class:      4.30 MB capacity,   889.05 KB ( 20%) used,     3.43 MB ( 80%) free+waste,     2.31 KB ( <1%) overhead. 
      Class:    442.00 KB capacity,    74.95 KB ( 17%) used,   365.61 KB ( 83%) free+waste,     1.44 KB ( <1%) overhead. 
       Both:      4.73 MB capacity,   964.00 KB ( 20%) used,     3.78 MB ( 80%) free+waste,     3.75 KB ( <1%) overhead. 

Virtual space:
  Non-class space:        8.00 MB reserved,       4.50 MB ( 56%) committed 
      Class space:        1.00 GB reserved,     512.00 KB ( <1%) committed 
             Both:        1.01 GB reserved,       5.00 MB ( <1%) committed 

Chunk freelists:
   Non-Class:  0 bytes
       Class:  6.00 KB
        Both:  6.00 KB

CodeHeap 'non-profiled nmethods': size=120032Kb used=50Kb max_used=50Kb free=119981Kb
 bounds [0x00007ff9a4446000, 0x00007ff9a46b6000, 0x00007ff9ab97e000]
CodeHeap 'profiled nmethods': size=120032Kb used=261Kb max_used=261Kb free=119770Kb
 bounds [0x00007ff99cf0e000, 0x00007ff99d17e000, 0x00007ff9a4446000]
CodeHeap 'non-nmethods': size=5696Kb used=1076Kb max_used=1076Kb free=4619Kb
 bounds [0x00007ff99c97e000, 0x00007ff99cbee000, 0x00007ff99cf0e000]
 total_blobs=638 nmethods=201 adapters=293
 compilation: enabled
              stopped_count=0, restarted_count=0
 full_count=0

Compilation events (10 events):
Event: 3.675 Thread 0x00007ff9b417b800 nmethod 194 0x00007ff99cf4c390 code [0x00007ff99cf4c540, 0x00007ff99cf4c6f0]
Event: 3.675 Thread 0x00007ff9b417b800  195       3       java.lang.String::lastIndexOf (12 bytes)
Event: 3.676 Thread 0x00007ff9b417b800 nmethod 195 0x00007ff99cf4c810 code [0x00007ff99cf4ca00, 0x00007ff99cf4ce58]
Event: 3.717 Thread 0x00007ff9b417b800  196       3       java.lang.Character::codePointAt (51 bytes)
Event: 3.718 Thread 0x00007ff9b417b800 nmethod 196 0x00007ff99cf4d010 code [0x00007ff99cf4d220, 0x00007ff99cf4d8e8]
Event: 3.718 Thread 0x00007ff9b417b800  197       3       java.util.regex.Pattern$$Lambda$12/0x0000000840064440::is (5 bytes)
Event: 3.718 Thread 0x00007ff9b417b800 nmethod 197 0x00007ff99cf4da90 code [0x00007ff99cf4dc60, 0x00007ff99cf4df50]
Event: 3.718 Thread 0x00007ff9b417b800  198       3       java.util.regex.Pattern::lambda$DOT$5 (34 bytes)
Event: 3.719 Thread 0x00007ff9b417b800 nmethod 198 0x00007ff99cf4e010 code [0x00007ff99cf4e1c0, 0x00007ff99cf4e410]
Event: 3.728 Thread 0x00007ff9b417b800  199       3       java.lang.Character::digit (6 bytes)

GC Heap History (0 events):
No events

Deoptimization events (2 events):
Event: 0.061 Thread 0x00007ff9b4011800 Uncommon trap: reason=unstable_if action=reinterpret pc=0x00007ff9a4449fc8 method=java.lang.String.hashCode()I @ 14 c2
Event: 3.670 Thread 0x00007ff9b4011800 Uncommon trap: reason=unstable_if action=reinterpret pc=0x00007ff9a445019c method=java.lang.String.isLatin1()Z @ 10 c2

Classes redefined (0 events):
No events

Internal exceptions (2 events):
Event: 3.658 Thread 0x00007ff9b4011800 Exception <a 'java/lang/NoSuchMethodError'{0x000000008d0a88d8}: java.lang.invoke.DirectMethodHandle$Holder.invokeSpecialIFC(Ljava/lang/Object;Ljava/lang/Object;I)I> (0x000000008d0a88d8) thrown at [/build/openjdk-lts-TkRlmw/openjdk-lts-11.0.3+7/src/hotspot
Event: 3.728 Thread 0x00007ff9b4011800 Exception <a 'java/lang/ArrayIndexOutOfBoundsException'{0x000000008d0fb2f8}: arraycopy: last destination index 1761855 out of bounds for byte[1761791]> (0x000000008d0fb2f8) thrown at [/build/openjdk-lts-TkRlmw/openjdk-lts-11.0.3+7/src/hotspot/share/oops/t

Events (10 events):
Event: 3.726 loading class sun/nio/ch/Util$1
Event: 3.726 loading class sun/nio/ch/Util$1 done
Event: 3.726 loading class sun/nio/ch/Util$BufferCache
Event: 3.726 loading class sun/nio/ch/Util$BufferCache done
Event: 3.727 loading class java/nio/DirectByteBuffer$Deallocator
Event: 3.727 loading class java/nio/DirectByteBuffer$Deallocator done
Event: 3.728 loading class java/lang/ArrayIndexOutOfBoundsException
Event: 3.728 loading class java/lang/IndexOutOfBoundsException
Event: 3.728 loading class java/lang/IndexOutOfBoundsException done
Event: 3.728 loading class java/lang/ArrayIndexOutOfBoundsException done


Dynamic libraries:
85600000-8d200000 rw-p 00000000 00:00 0 
8d200000-ffe00000 ---p 00000000 00:00 0 
ffe00000-ffe35000 rw-p 0111e000 08:12 657221                             /usr/lib/jvm/java-11-openjdk-amd64/lib/server/classes.jsa
ffe35000-fff00000 rw-p 00000000 00:00 0 
fff00000-fff6a000 rw-p 010b4000 08:12 657221                             /usr/lib/jvm/java-11-openjdk-amd64/lib/server/classes.jsa
fff6a000-100000000 rw-p 00000000 00:00 0 
800000000-800002000 rwxp 00001000 08:12 657221                           /usr/lib/jvm/java-11-openjdk-amd64/lib/server/classes.jsa
800002000-8003bf000 rw-p 00003000 08:12 657221                           /usr/lib/jvm/java-11-openjdk-amd64/lib/server/classes.jsa
8003bf000-800a9c000 r--p 003c0000 08:12 657221                           /usr/lib/jvm/java-11-openjdk-amd64/lib/server/classes.jsa
800a9c000-800a9d000 rw-p 00a9d000 08:12 657221                           /usr/lib/jvm/java-11-openjdk-amd64/lib/server/classes.jsa
800a9d000-8010b3000 r--p 00a9e000 08:12 657221                           /usr/lib/jvm/java-11-openjdk-amd64/lib/server/classes.jsa
840000000-840080000 rw-p 00000000 00:00 0 
840080000-880000000 ---p 00000000 00:00 0 
5588edb1f000-5588edb20000 r-xp 00000000 08:12 677781                     /usr/lib/jvm/java-11-openjdk-amd64/bin/java
5588edd20000-5588edd21000 r--p 00001000 08:12 677781                     /usr/lib/jvm/java-11-openjdk-amd64/bin/java
5588edd21000-5588edd22000 rw-p 00002000 08:12 677781                     /usr/lib/jvm/java-11-openjdk-amd64/bin/java
5588ef350000-5588ef371000 rw-p 00000000 00:00 0                          [heap]
7ff954000000-7ff954021000 rw-p 00000000 00:00 0 
7ff954021000-7ff958000000 ---p 00000000 00:00 0 
7ff95c000000-7ff95c021000 rw-p 00000000 00:00 0 
7ff95c021000-7ff960000000 ---p 00000000 00:00 0 
7ff960000000-7ff960021000 rw-p 00000000 00:00 0 
7ff960021000-7ff964000000 ---p 00000000 00:00 0 
7ff964000000-7ff964092000 rw-p 00000000 00:00 0 
7ff964092000-7ff968000000 ---p 00000000 00:00 0 
7ff968000000-7ff968021000 rw-p 00000000 00:00 0 
7ff968021000-7ff96c000000 ---p 00000000 00:00 0 
7ff96c000000-7ff96c021000 rw-p 00000000 00:00 0 
7ff96c021000-7ff970000000 ---p 00000000 00:00 0 
7ff970000000-7ff97005f000 rw-p 00000000 00:00 0 
7ff97005f000-7ff974000000 ---p 00000000 00:00 0 
7ff974000000-7ff974021000 rw-p 00000000 00:00 0 
7ff974021000-7ff978000000 ---p 00000000 00:00 0 
7ff978000000-7ff978021000 rw-p 00000000 00:00 0 
7ff978021000-7ff97c000000 ---p 00000000 00:00 0 
7ff97c000000-7ff97c021000 rw-p 00000000 00:00 0 
7ff97c021000-7ff980000000 ---p 00000000 00:00 0 
7ff980000000-7ff980021000 rw-p 00000000 00:00 0 
7ff980021000-7ff984000000 ---p 00000000 00:00 0 
7ff984000000-7ff984021000 rw-p 00000000 00:00 0 
7ff984021000-7ff988000000 ---p 00000000 00:00 0 
7ff988000000-7ff988021000 rw-p 00000000 00:00 0 
7ff988021000-7ff98c000000 ---p 00000000 00:00 0 
7ff98d0da000-7ff98d3fa000 rw-p 00000000 00:00 0 
7ff98d3fa000-7ff98d430000 r-xp 00000000 08:12 11149914                   /home/coldchip/gtserver/Lib/libenet.so
7ff98d430000-7ff98d62f000 ---p 00036000 08:12 11149914                   /home/coldchip/gtserver/Lib/libenet.so
7ff98d62f000-7ff98d630000 r--p 00035000 08:12 11149914                   /home/coldchip/gtserver/Lib/libenet.so
7ff98d630000-7ff98d631000 rw-p 00036000 08:12 11149914                   /home/coldchip/gtserver/Lib/libenet.so
7ff98d631000-7ff98e000000 r--p 00000000 08:12 14817912                   /usr/lib/locale/locale-archive
7ff98e000000-7ff990000000 rw-p 00000000 00:00 0 
7ff990000000-7ff990021000 rw-p 00000000 00:00 0 
7ff990021000-7ff994000000 ---p 00000000 00:00 0 
7ff994099000-7ff9940af000 r-xp 00000000 08:12 677853                     /usr/lib/jvm/java-11-openjdk-amd64/lib/libnet.so
7ff9940af000-7ff9942ae000 ---p 00016000 08:12 677853                     /usr/lib/jvm/java-11-openjdk-amd64/lib/libnet.so
7ff9942ae000-7ff9942af000 r--p 00015000 08:12 677853                     /usr/lib/jvm/java-11-openjdk-amd64/lib/libnet.so
7ff9942af000-7ff9942b0000 rw-p 00016000 08:12 677853                     /usr/lib/jvm/java-11-openjdk-amd64/lib/libnet.so
7ff9942b0000-7ff9944a0000 rw-p 00000000 00:00 0 
7ff9944a0000-7ff996150000 ---p 00000000 00:00 0 
7ff996150000-7ff996348000 rw-p 00000000 00:00 0 
7ff996348000-7ff997ff8000 ---p 00000000 00:00 0 
7ff997ff8000-7ff998000000 rw-p 00000000 00:00 0 
7ff998000000-7ff998021000 rw-p 00000000 00:00 0 
7ff998021000-7ff99c000000 ---p 00000000 00:00 0 
7ff99c166000-7ff99c176000 r-xp 00000000 08:12 677854                     /usr/lib/jvm/java-11-openjdk-amd64/lib/libnio.so
7ff99c176000-7ff99c375000 ---p 00010000 08:12 677854                     /usr/lib/jvm/java-11-openjdk-amd64/lib/libnio.so
7ff99c375000-7ff99c376000 r--p 0000f000 08:12 677854                     /usr/lib/jvm/java-11-openjdk-amd64/lib/libnio.so
7ff99c376000-7ff99c377000 rw-p 00010000 08:12 677854                     /usr/lib/jvm/java-11-openjdk-amd64/lib/libnio.so
7ff99c377000-7ff99c37b000 ---p 00000000 00:00 0 
7ff99c37b000-7ff99c478000 rw-p 00000000 00:00 0 
7ff99c478000-7ff99c479000 ---p 00000000 00:00 0 
7ff99c479000-7ff99c57a000 rw-p 00000000 00:00 0 
7ff99c57a000-7ff99c57e000 ---p 00000000 00:00 0 
7ff99c57e000-7ff99c67b000 rw-p 00000000 00:00 0 
7ff99c67b000-7ff99c67f000 ---p 00000000 00:00 0 
7ff99c67f000-7ff99c77c000 rw-p 00000000 00:00 0 
7ff99c77c000-7ff99c780000 ---p 00000000 00:00 0 
7ff99c780000-7ff99c87d000 rw-p 00000000 00:00 0 
7ff99c87d000-7ff99c881000 ---p 00000000 00:00 0 
7ff99c881000-7ff99c97e000 rw-p 00000000 00:00 0 
7ff99c97e000-7ff99cbee000 rwxp 00000000 00:00 0 
7ff99cbee000-7ff99cf0e000 ---p 00000000 00:00 0 
7ff99cf0e000-7ff99d17e000 rwxp 00000000 00:00 0 
7ff99d17e000-7ff9a4446000 ---p 00000000 00:00 0 
7ff9a4446000-7ff9a46b6000 rwxp 00000000 00:00 0 
7ff9a46b6000-7ff9ab97e000 ---p 00000000 00:00 0 
7ff9ab97e000-7ff9b4000000 r--s 00000000 08:12 677863                     /usr/lib/jvm/java-11-openjdk-amd64/lib/modules
7ff9b4000000-7ff9b4279000 rw-p 00000000 00:00 0 
7ff9b4279000-7ff9b8000000 ---p 00000000 00:00 0 
7ff9b8002000-7ff9b8006000 ---p 00000000 00:00 0 
7ff9b8006000-7ff9b8103000 rw-p 00000000 00:00 0 
7ff9b8103000-7ff9b8107000 ---p 00000000 00:00 0 
7ff9b8107000-7ff9b8204000 rw-p 00000000 00:00 0 
7ff9b8204000-7ff9b8208000 ---p 00000000 00:00 0 
7ff9b8208000-7ff9b8305000 rw-p 00000000 00:00 0 
7ff9b8305000-7ff9b8306000 ---p 00000000 00:00 0 
7ff9b8306000-7ff9b8908000 rw-p 00000000 00:00 0 
7ff9b8908000-7ff9b8c88000 ---p 00000000 00:00 0 
7ff9b8c88000-7ff9b8c89000 ---p 00000000 00:00 0 
7ff9b8c89000-7ff9b8d8a000 rw-p 00000000 00:00 0 
7ff9b8d8a000-7ff9b8d8b000 ---p 00000000 00:00 0 
7ff9b8d8b000-7ff9b9290000 rw-p 00000000 00:00 0 
7ff9b9290000-7ff9b9291000 ---p 00000000 00:00 0 
7ff9b9291000-7ff9b9392000 rw-p 00000000 00:00 0 
7ff9b9392000-7ff9b9393000 ---p 00000000 00:00 0 
7ff9b9393000-7ff9b94d2000 rw-p 00000000 00:00 0 
7ff9b94d2000-7ff9b9868000 ---p 00000000 00:00 0 
7ff9b9868000-7ff9b98a7000 rw-p 00000000 00:00 0 
7ff9b98a7000-7ff9b9c3d000 ---p 00000000 00:00 0 
7ff9b9c3d000-7ff9b9c7c000 rw-p 00000000 00:00 0 
7ff9b9c7c000-7ff9ba012000 ---p 00000000 00:00 0 
7ff9ba012000-7ff9ba417000 rw-p 00000000 00:00 0 
7ff9ba417000-7ff9ba418000 ---p 00000000 00:00 0 
7ff9ba418000-7ff9ba51e000 rw-p 00000000 00:00 0 
7ff9ba51e000-7ff9ba604000 ---p 00000000 00:00 0 
7ff9ba604000-7ff9ba609000 rw-p 00000000 00:00 0 
7ff9ba609000-7ff9ba6ef000 ---p 00000000 00:00 0 
7ff9ba6ef000-7ff9ba6f4000 r-xp 00000000 08:12 677845                     /usr/lib/jvm/java-11-openjdk-amd64/lib/libjimage.so
7ff9ba6f4000-7ff9ba8f3000 ---p 00005000 08:12 677845                     /usr/lib/jvm/java-11-openjdk-amd64/lib/libjimage.so
7ff9ba8f3000-7ff9ba8f4000 r--p 00004000 08:12 677845                     /usr/lib/jvm/java-11-openjdk-amd64/lib/libjimage.so
7ff9ba8f4000-7ff9ba8f5000 rw-p 00005000 08:12 677845                     /usr/lib/jvm/java-11-openjdk-amd64/lib/libjimage.so
7ff9ba8f5000-7ff9ba8fc000 r-xp 00000000 08:12 677862                     /usr/lib/jvm/java-11-openjdk-amd64/lib/libzip.so
7ff9ba8fc000-7ff9baafb000 ---p 00007000 08:12 677862                     /usr/lib/jvm/java-11-openjdk-amd64/lib/libzip.so
7ff9baafb000-7ff9baafc000 r--p 00006000 08:12 677862                     /usr/lib/jvm/java-11-openjdk-amd64/lib/libzip.so
7ff9baafc000-7ff9baafd000 rw-p 00007000 08:12 677862                     /usr/lib/jvm/java-11-openjdk-amd64/lib/libzip.so
7ff9baafd000-7ff9bab08000 r-xp 00000000 08:12 9179889                    /lib/x86_64-linux-gnu/libnss_files-2.27.so
7ff9bab08000-7ff9bad07000 ---p 0000b000 08:12 9179889                    /lib/x86_64-linux-gnu/libnss_files-2.27.so
7ff9bad07000-7ff9bad08000 r--p 0000a000 08:12 9179889                    /lib/x86_64-linux-gnu/libnss_files-2.27.so
7ff9bad08000-7ff9bad09000 rw-p 0000b000 08:12 9179889                    /lib/x86_64-linux-gnu/libnss_files-2.27.so
7ff9bad09000-7ff9bad0f000 rw-p 00000000 00:00 0 
7ff9bad0f000-7ff9bad26000 r-xp 00000000 08:12 9179883                    /lib/x86_64-linux-gnu/libnsl-2.27.so
7ff9bad26000-7ff9baf25000 ---p 00017000 08:12 9179883                    /lib/x86_64-linux-gnu/libnsl-2.27.so
7ff9baf25000-7ff9baf26000 r--p 00016000 08:12 9179883                    /lib/x86_64-linux-gnu/libnsl-2.27.so
7ff9baf26000-7ff9baf27000 rw-p 00017000 08:12 9179883                    /lib/x86_64-linux-gnu/libnsl-2.27.so
7ff9baf27000-7ff9baf29000 rw-p 00000000 00:00 0 
7ff9baf29000-7ff9baf34000 r-xp 00000000 08:12 9179900                    /lib/x86_64-linux-gnu/libnss_nis-2.27.so
7ff9baf34000-7ff9bb133000 ---p 0000b000 08:12 9179900                    /lib/x86_64-linux-gnu/libnss_nis-2.27.so
7ff9bb133000-7ff9bb134000 r--p 0000a000 08:12 9179900                    /lib/x86_64-linux-gnu/libnss_nis-2.27.so
7ff9bb134000-7ff9bb135000 rw-p 0000b000 08:12 9179900                    /lib/x86_64-linux-gnu/libnss_nis-2.27.so
7ff9bb135000-7ff9bb13d000 r-xp 00000000 08:12 9179885                    /lib/x86_64-linux-gnu/libnss_compat-2.27.so
7ff9bb13d000-7ff9bb33d000 ---p 00008000 08:12 9179885                    /lib/x86_64-linux-gnu/libnss_compat-2.27.so
7ff9bb33d000-7ff9bb33e000 r--p 00008000 08:12 9179885                    /lib/x86_64-linux-gnu/libnss_compat-2.27.so
7ff9bb33e000-7ff9bb33f000 rw-p 00009000 08:12 9179885                    /lib/x86_64-linux-gnu/libnss_compat-2.27.so
7ff9bb33f000-7ff9bb368000 r-xp 00000000 08:12 677841                     /usr/lib/jvm/java-11-openjdk-amd64/lib/libjava.so
7ff9bb368000-7ff9bb567000 ---p 00029000 08:12 677841                     /usr/lib/jvm/java-11-openjdk-amd64/lib/libjava.so
7ff9bb567000-7ff9bb568000 r--p 00028000 08:12 677841                     /usr/lib/jvm/java-11-openjdk-amd64/lib/libjava.so
7ff9bb568000-7ff9bb56a000 rw-p 00029000 08:12 677841                     /usr/lib/jvm/java-11-openjdk-amd64/lib/libjava.so
7ff9bb56a000-7ff9bb577000 r-xp 00000000 08:12 677861                     /usr/lib/jvm/java-11-openjdk-amd64/lib/libverify.so
7ff9bb577000-7ff9bb776000 ---p 0000d000 08:12 677861                     /usr/lib/jvm/java-11-openjdk-amd64/lib/libverify.so
7ff9bb776000-7ff9bb778000 r--p 0000c000 08:12 677861                     /usr/lib/jvm/java-11-openjdk-amd64/lib/libverify.so
7ff9bb778000-7ff9bb779000 rw-p 0000e000 08:12 677861                     /usr/lib/jvm/java-11-openjdk-amd64/lib/libverify.so
7ff9bb779000-7ff9bb780000 r-xp 00000000 08:12 9179940                    /lib/x86_64-linux-gnu/librt-2.27.so
7ff9bb780000-7ff9bb97f000 ---p 00007000 08:12 9179940                    /lib/x86_64-linux-gnu/librt-2.27.so
7ff9bb97f000-7ff9bb980000 r--p 00006000 08:12 9179940                    /lib/x86_64-linux-gnu/librt-2.27.so
7ff9bb980000-7ff9bb981000 rw-p 00007000 08:12 9179940                    /lib/x86_64-linux-gnu/librt-2.27.so
7ff9bb981000-7ff9bb998000 r-xp 00000000 08:12 9175322                    /lib/x86_64-linux-gnu/libgcc_s.so.1
7ff9bb998000-7ff9bbb97000 ---p 00017000 08:12 9175322                    /lib/x86_64-linux-gnu/libgcc_s.so.1
7ff9bbb97000-7ff9bbb98000 r--p 00016000 08:12 9175322                    /lib/x86_64-linux-gnu/libgcc_s.so.1
7ff9bbb98000-7ff9bbb99000 rw-p 00017000 08:12 9175322                    /lib/x86_64-linux-gnu/libgcc_s.so.1
7ff9bbb99000-7ff9bbd36000 r-xp 00000000 08:12 9179862                    /lib/x86_64-linux-gnu/libm-2.27.so
7ff9bbd36000-7ff9bbf35000 ---p 0019d000 08:12 9179862                    /lib/x86_64-linux-gnu/libm-2.27.so
7ff9bbf35000-7ff9bbf36000 r--p 0019c000 08:12 9179862                    /lib/x86_64-linux-gnu/libm-2.27.so
7ff9bbf36000-7ff9bbf37000 rw-p 0019d000 08:12 9179862                    /lib/x86_64-linux-gnu/libm-2.27.so
7ff9bbf37000-7ff9bc0b0000 r-xp 00000000 08:12 14811192                   /usr/lib/x86_64-linux-gnu/libstdc++.so.6.0.25
7ff9bc0b0000-7ff9bc2b0000 ---p 00179000 08:12 14811192                   /usr/lib/x86_64-linux-gnu/libstdc++.so.6.0.25
7ff9bc2b0000-7ff9bc2ba000 r--p 00179000 08:12 14811192                   /usr/lib/x86_64-linux-gnu/libstdc++.so.6.0.25
7ff9bc2ba000-7ff9bc2bc000 rw-p 00183000 08:12 14811192                   /usr/lib/x86_64-linux-gnu/libstdc++.so.6.0.25
7ff9bc2bc000-7ff9bc2c0000 rw-p 00000000 00:00 0 
7ff9bc2c0000-7ff9bd388000 r-xp 00000000 08:12 677866                     /usr/lib/jvm/java-11-openjdk-amd64/lib/server/libjvm.so
7ff9bd388000-7ff9bd588000 ---p 010c8000 08:12 677866                     /usr/lib/jvm/java-11-openjdk-amd64/lib/server/libjvm.so
7ff9bd588000-7ff9bd645000 r--p 010c8000 08:12 677866                     /usr/lib/jvm/java-11-openjdk-amd64/lib/server/libjvm.so
7ff9bd645000-7ff9bd67e000 rw-p 01185000 08:12 677866                     /usr/lib/jvm/java-11-openjdk-amd64/lib/server/libjvm.so
7ff9bd67e000-7ff9bd6d4000 rw-p 00000000 00:00 0 
7ff9bd6d4000-7ff9bd6ee000 r-xp 00000000 08:12 9179932                    /lib/x86_64-linux-gnu/libpthread-2.27.so
7ff9bd6ee000-7ff9bd8ed000 ---p 0001a000 08:12 9179932                    /lib/x86_64-linux-gnu/libpthread-2.27.so
7ff9bd8ed000-7ff9bd8ee000 r--p 00019000 08:12 9179932                    /lib/x86_64-linux-gnu/libpthread-2.27.so
7ff9bd8ee000-7ff9bd8ef000 rw-p 0001a000 08:12 9179932                    /lib/x86_64-linux-gnu/libpthread-2.27.so
7ff9bd8ef000-7ff9bd8f3000 rw-p 00000000 00:00 0 
7ff9bd8f3000-7ff9bd8f6000 r-xp 00000000 08:12 9179822                    /lib/x86_64-linux-gnu/libdl-2.27.so
7ff9bd8f6000-7ff9bdaf5000 ---p 00003000 08:12 9179822                    /lib/x86_64-linux-gnu/libdl-2.27.so
7ff9bdaf5000-7ff9bdaf6000 r--p 00002000 08:12 9179822                    /lib/x86_64-linux-gnu/libdl-2.27.so
7ff9bdaf6000-7ff9bdaf7000 rw-p 00003000 08:12 9179822                    /lib/x86_64-linux-gnu/libdl-2.27.so
7ff9bdaf7000-7ff9bdb13000 r-xp 00000000 08:12 9179971                    /lib/x86_64-linux-gnu/libz.so.1.2.11
7ff9bdb13000-7ff9bdd12000 ---p 0001c000 08:12 9179971                    /lib/x86_64-linux-gnu/libz.so.1.2.11
7ff9bdd12000-7ff9bdd13000 r--p 0001b000 08:12 9179971                    /lib/x86_64-linux-gnu/libz.so.1.2.11
7ff9bdd13000-7ff9bdd14000 rw-p 0001c000 08:12 9179971                    /lib/x86_64-linux-gnu/libz.so.1.2.11
7ff9bdd14000-7ff9bdefb000 r-xp 00000000 08:12 9179799                    /lib/x86_64-linux-gnu/libc-2.27.so
7ff9bdefb000-7ff9be0fb000 ---p 001e7000 08:12 9179799                    /lib/x86_64-linux-gnu/libc-2.27.so
7ff9be0fb000-7ff9be0ff000 r--p 001e7000 08:12 9179799                    /lib/x86_64-linux-gnu/libc-2.27.so
7ff9be0ff000-7ff9be101000 rw-p 001eb000 08:12 9179799                    /lib/x86_64-linux-gnu/libc-2.27.so
7ff9be101000-7ff9be105000 rw-p 00000000 00:00 0 
7ff9be105000-7ff9be114000 r-xp 00000000 08:12 677826                     /usr/lib/jvm/java-11-openjdk-amd64/lib/jli/libjli.so
7ff9be114000-7ff9be314000 ---p 0000f000 08:12 677826                     /usr/lib/jvm/java-11-openjdk-amd64/lib/jli/libjli.so
7ff9be314000-7ff9be315000 r--p 0000f000 08:12 677826                     /usr/lib/jvm/java-11-openjdk-amd64/lib/jli/libjli.so
7ff9be315000-7ff9be316000 rw-p 00010000 08:12 677826                     /usr/lib/jvm/java-11-openjdk-amd64/lib/jli/libjli.so
7ff9be316000-7ff9be33d000 r-xp 00000000 08:12 9179771                    /lib/x86_64-linux-gnu/ld-2.27.so
7ff9be375000-7ff9be412000 rw-p 00000000 00:00 0 
7ff9be412000-7ff9be416000 ---p 00000000 00:00 0 
7ff9be416000-7ff9be515000 rw-p 00000000 00:00 0 
7ff9be523000-7ff9be528000 rw-p 00000000 00:00 0 
7ff9be528000-7ff9be52f000 ---p 00000000 00:00 0 
7ff9be52f000-7ff9be531000 r--s 00007000 08:12 134994                     /usr/share/java/java-atk-wrapper.jar
7ff9be531000-7ff9be539000 rw-s 00000000 08:12 5771504                    /tmp/hsperfdata_coldchip/2610
7ff9be539000-7ff9be53a000 ---p 00000000 00:00 0 
7ff9be53a000-7ff9be53b000 r--p 00000000 00:00 0 
7ff9be53b000-7ff9be53d000 rw-p 00000000 00:00 0 
7ff9be53d000-7ff9be53e000 r--p 00027000 08:12 9179771                    /lib/x86_64-linux-gnu/ld-2.27.so
7ff9be53e000-7ff9be53f000 rw-p 00028000 08:12 9179771                    /lib/x86_64-linux-gnu/ld-2.27.so
7ff9be53f000-7ff9be540000 rw-p 00000000 00:00 0 
7fff23327000-7fff23348000 rw-p 00000000 00:00 0                          [stack]
7fff23361000-7fff23364000 r--p 00000000 00:00 0                          [vvar]
7fff23364000-7fff23366000 r-xp 00000000 00:00 0                          [vdso]
ffffffffff600000-ffffffffff601000 r-xp 00000000 00:00 0                  [vsyscall]


VM Arguments:
java_command: Build/server.jar
java_class_path (initial): Build/server.jar
Launcher Type: SUN_STANDARD

[Global flags]
     intx CICompilerCount                          = 3                                         {product} {ergonomic}
     uint ConcGCThreads                            = 1                                         {product} {ergonomic}
     uint G1ConcRefinementThreads                  = 4                                         {product} {ergonomic}
   size_t G1HeapRegionSize                         = 1048576                                   {product} {ergonomic}
    uintx GCDrainStackTargetSize                   = 64                                        {product} {ergonomic}
   size_t InitialHeapSize                          = 130023424                                 {product} {ergonomic}
   size_t MarkStackSize                            = 4194304                                   {product} {ergonomic}
   size_t MaxHeapSize                              = 2057306112                                {product} {ergonomic}
   size_t MaxNewSize                               = 1234173952                                {product} {ergonomic}
   size_t MinHeapDeltaBytes                        = 1048576                                   {product} {ergonomic}
    uintx NonNMethodCodeHeapSize                   = 5830092                                {pd product} {ergonomic}
    uintx NonProfiledCodeHeapSize                  = 122914074                              {pd product} {ergonomic}
    uintx ProfiledCodeHeapSize                     = 122914074                              {pd product} {ergonomic}
    uintx ReservedCodeCacheSize                    = 251658240                              {pd product} {ergonomic}
     bool SegmentedCodeCache                       = true                                      {product} {ergonomic}
     bool UseCompressedClassPointers               = true                                 {lp64_product} {ergonomic}
     bool UseCompressedOops                        = true                                 {lp64_product} {ergonomic}
     bool UseG1GC                                  = true                                      {product} {ergonomic}

Logging:
Log output configuration:
 #0: stdout all=warning uptime,level,tags
 #1: stderr all=off uptime,level,tags

Environment Variables:
PATH=/home/coldchip/google-cloud-sdk/bin:/home/coldchip/.local/bin:/home/coldchip/bin:/usr/local/sbin:/usr/local/bin:/usr/sbin:/usr/bin:/sbin:/bin:/usr/games:/usr/local/games:/snap/bin
USERNAME=coldchip
SHELL=/bin/bash
DISPLAY=:0

Signal Handlers:
SIGSEGV: [libjvm.so+0xde2f90], sa_mask[0]=11111111011111111101111111111110, sa_flags=SA_RESTART|SA_SIGINFO
SIGBUS: [libjvm.so+0xde2f90], sa_mask[0]=11111111011111111101111111111110, sa_flags=SA_RESTART|SA_SIGINFO
SIGFPE: [libjvm.so+0xde2f90], sa_mask[0]=11111111011111111101111111111110, sa_flags=SA_RESTART|SA_SIGINFO
SIGPIPE: [libjvm.so+0xbb85d0], sa_mask[0]=11111111011111111101111111111110, sa_flags=SA_RESTART|SA_SIGINFO
SIGXFSZ: [libjvm.so+0xbb85d0], sa_mask[0]=11111111011111111101111111111110, sa_flags=SA_RESTART|SA_SIGINFO
SIGILL: [libjvm.so+0xde2f90], sa_mask[0]=11111111011111111101111111111110, sa_flags=SA_RESTART|SA_SIGINFO
SIGUSR2: [libjvm.so+0xbb8470], sa_mask[0]=00000000000000000000000000000000, sa_flags=SA_RESTART|SA_SIGINFO
SIGHUP: [libjvm.so+0xbb87d0], sa_mask[0]=11111111011111111101111111111110, sa_flags=SA_RESTART|SA_SIGINFO
SIGINT: [libjvm.so+0xbb87d0], sa_mask[0]=11111111011111111101111111111110, sa_flags=SA_RESTART|SA_SIGINFO
SIGTERM: [libjvm.so+0xbb87d0], sa_mask[0]=11111111011111111101111111111110, sa_flags=SA_RESTART|SA_SIGINFO
SIGQUIT: [libjvm.so+0xbb87d0], sa_mask[0]=11111111011111111101111111111110, sa_flags=SA_RESTART|SA_SIGINFO


---------------  S Y S T E M  ---------------

OS:DISTRIB_ID=Ubuntu
DISTRIB_RELEASE=18.04
DISTRIB_CODENAME=bionic
DISTRIB_DESCRIPTION="Ubuntu 18.04.1 LTS"
uname:Linux 4.15.0-51-generic #55-Ubuntu SMP Wed May 15 14:27:21 UTC 2019 x86_64
libc:glibc 2.27 NPTL 2.27 
rlimit: STACK 8192k, CORE 0k, NPROC 30768, NOFILE 4096, AS infinity, DATA infinity, FSIZE infinity
load average:1.43 1.02 0.70

/proc/meminfo:
MemTotal:        8032224 kB
MemFree:         2230904 kB
MemAvailable:    4251824 kB
Buffers:          521860 kB
Cached:          1844164 kB
SwapCached:            0 kB
Active:          3904292 kB
Inactive:        1203444 kB
Active(anon):    2743224 kB
Inactive(anon):   461932 kB
Active(file):    1161068 kB
Inactive(file):   741512 kB
Unevictable:         252 kB
Mlocked:             252 kB
SwapTotal:       2097148 kB
SwapFree:        2097148 kB
Dirty:               884 kB
Writeback:             0 kB
AnonPages:       2742040 kB
Mapped:           669188 kB
Shmem:            463428 kB
Slab:             509444 kB
SReclaimable:     424124 kB
SUnreclaim:        85320 kB
KernelStack:       16992 kB
PageTables:        84404 kB
NFS_Unstable:          0 kB
Bounce:                0 kB
WritebackTmp:          0 kB
CommitLimit:     6113260 kB
Committed_AS:   12702576 kB
VmallocTotal:   34359738367 kB
VmallocUsed:           0 kB
VmallocChunk:          0 kB
HardwareCorrupted:     0 kB
AnonHugePages:         0 kB
ShmemHugePages:        0 kB
ShmemPmdMapped:        0 kB
CmaTotal:              0 kB
CmaFree:               0 kB
HugePages_Total:       0
HugePages_Free:        0
HugePages_Rsvd:        0
HugePages_Surp:        0
Hugepagesize:       2048 kB
DirectMap4k:      274108 kB
DirectMap2M:     7979008 kB


/proc/sys/kernel/threads-max (system-wide limit on the number of threads):
61536


/proc/sys/vm/max_map_count (maximum number of memory map areas a process may have):
65530


/proc/sys/kernel/pid_max (system-wide limit on number of process identifiers):
32768



container (cgroup) information:
container_type: cgroupv1
cpu_cpuset_cpus: 0-3
cpu_memory_nodes: 0
active_processor_count: 4
cpu_quota: -1
cpu_period: 100000
cpu_shares: -1
memory_limit_in_bytes: -1
memory_and_swap_limit_in_bytes: -2
memory_soft_limit_in_bytes: -1
memory_usage_in_bytes: 5230850048
memory_max_usage_in_bytes: 0


CPU:total 4 (initial active 4) (2 cores per cpu, 2 threads per core) family 6 model 58 stepping 9, cmov, cx8, fxsr, mmx, sse, sse2, sse3, ssse3, sse4.1, sse4.2, popcnt, avx, aes, clmul, erms, ht, tsc, tscinvbit, tscinv
CPU Model and flags from /proc/cpuinfo:
model name	: Intel(R) Core(TM) i7-3520M CPU @ 2.90GHz
flags		: fpu vme de pse tsc msr pae mce cx8 apic sep mtrr pge mca cmov pat pse36 clflush dts acpi mmx fxsr sse sse2 ss ht tm pbe syscall nx rdtscp lm constant_tsc arch_perfmon pebs bts rep_good nopl xtopology nonstop_tsc cpuid aperfmperf pni pclmulqdq dtes64 monitor ds_cpl vmx smx est tm2 ssse3 cx16 xtpr pdcm pcid sse4_1 sse4_2 x2apic popcnt tsc_deadline_timer aes xsave avx f16c rdrand lahf_lm cpuid_fault epb pti ssbd ibrs ibpb stibp tpr_shadow vnmi flexpriority ept vpid fsgsbase smep erms xsaveopt dtherm ida arat pln pts md_clear flush_l1d

Memory: 4k page, physical 8032224k(2230904k free), swap 2097148k(2097148k free)

vm_info: OpenJDK 64-Bit Server VM (11.0.3+7-Ubuntu-1ubuntu218.04.1) for linux-amd64 JRE (11.0.3+7-Ubuntu-1ubuntu218.04.1), built on Apr 23 2019 18:34:35 by "buildd" with gcc 7.3.0

END.
