#
# A fatal error has been detected by the Java Runtime Environment:
#
#  SIGSEGV (0xb) at pc=0x00007f5aeeae267f, pid=26661, tid=26679
#
# JRE version: OpenJDK Runtime Environment (11.0.3+7) (build 11.0.3+7-Ubuntu-1ubuntu218.04.1)
# Java VM: OpenJDK 64-Bit Server VM (11.0.3+7-Ubuntu-1ubuntu218.04.1, mixed mode, sharing, tiered, compressed oops, g1 gc, linux-amd64)
# Problematic frame:
# C  [libenet.so+0x1667f]  enet_range_coder_compress+0x1dd
#
# No core dump will be written. Core dumps have been disabled. To enable core dumping, try "ulimit -c unlimited" before starting Java again
#
# If you would like to submit a bug report, please visit:
#   http://bugreport.java.com/bugreport/crash.jsp
# The crash happened outside the Java Virtual Machine in native code.
# See problematic frame for where to report the bug.
#

---------------  S U M M A R Y ------------

Command Line: Build/server.jar

Host: Intel(R) Core(TM) i7-3520M CPU @ 2.90GHz, 4 cores, 7G, Ubuntu 18.04.1 LTS
Time: Sat Jun 29 00:09:32 2019 CST elapsed time: 8 seconds (0d 0h 0m 8s)

---------------  T H R E A D  ---------------

Current thread (0x00007f5b30216000):  JavaThread "Thread-1" [_thread_in_native, id=26679, stack(0x00007f5aeed03000,0x00007f5aeee04000)]

Stack: [0x00007f5aeed03000,0x00007f5aeee04000],  sp=0x00007f5aeee02600,  free space=1021k
Native frames: (J=compiled Java code, A=aot compiled Java code, j=interpreted, Vv=VM code, C=native code)
C  [libenet.so+0x1667f]  enet_range_coder_compress+0x1dd
C  [libenet.so+0x1fa06]  enet_protocol_send_outgoing_commands+0x501
C  [libenet.so+0x1fde1]  enet_host_service+0x10e
C  [libenet.so+0x2d20c]  Java_ru_ColdChip_GrowtopiaServer_ENetJava_enetJNI_enet_1host_1service+0x6a
J 172  ru.ColdChip.GrowtopiaServer.ENetJava.enetJNI.enet_host_service(JLru/ColdChip/GrowtopiaServer/ENetJava/ENetHost;JLru/ColdChip/GrowtopiaServer/ENetJava/ENetEvent;J)I (0 bytes) @ 0x00007f5b2024b73d [0x00007f5b2024b640+0x00000000000000fd]
J 164 c1 ru.ColdChip.GrowtopiaServer.ENetJava.enet.Service(Lru/ColdChip/GrowtopiaServer/ENetJava/ENetHost;Lru/ColdChip/GrowtopiaServer/ENetJava/ENetEvent;J)I (15 bytes) @ 0x00007f5b18d40974 [0x00007f5b18d407e0+0x0000000000000194]
j  ru.ColdChip.GrowtopiaServer.Server$5.run()V+675
v  ~StubRoutines::call_stub
V  [libjvm.so+0x8410f9]
V  [libjvm.so+0x83f24d]
V  [libjvm.so+0x8e76cc]
V  [libjvm.so+0xd7c223]
V  [libjvm.so+0xd7c4f5]
V  [libjvm.so+0xd7805a]
V  [libjvm.so+0xbc238e]

Java frames: (J=compiled Java code, j=interpreted, Vv=VM code)
J 172  ru.ColdChip.GrowtopiaServer.ENetJava.enetJNI.enet_host_service(JLru/ColdChip/GrowtopiaServer/ENetJava/ENetHost;JLru/ColdChip/GrowtopiaServer/ENetJava/ENetEvent;J)I (0 bytes) @ 0x00007f5b2024b6c0 [0x00007f5b2024b640+0x0000000000000080]
J 164 c1 ru.ColdChip.GrowtopiaServer.ENetJava.enet.Service(Lru/ColdChip/GrowtopiaServer/ENetJava/ENetHost;Lru/ColdChip/GrowtopiaServer/ENetJava/ENetEvent;J)I (15 bytes) @ 0x00007f5b18d40974 [0x00007f5b18d407e0+0x0000000000000194]
j  ru.ColdChip.GrowtopiaServer.Server$5.run()V+675
v  ~StubRoutines::call_stub

siginfo: si_signo: 11 (SIGSEGV), si_code: 1 (SEGV_MAPERR), si_addr: 0x0000000000000000

Register to memory mapping:

RAX=0x0 is NULL
RBX=0x0000000000000227 is an unknown value
RCX=0x0000000000000083 is an unknown value
RDX=0x0000000000000001 is an unknown value
RSP=0x00007f5aeee02600 is pointing into the stack for thread: 0x00007f5b30216000
RBP=0x00007f5aeee026c0 is pointing into the stack for thread: 0x00007f5b30216000
RSI=0x0000000000000007 is an unknown value
RDI=0x0000000000000009 is an unknown value
R8 =0x00007f5acc012348 points into unknown readable memory: 07 f9 07 83 37 19 57 cb
R9 =0x000000000000044c is an unknown value
R10=0x0000000000000006 is an unknown value
R11=0x00007f5aeee02720 is pointing into the stack for thread: 0x00007f5b30216000
R12=0x0 is NULL
R13=0x00007f5aeee028d8 is pointing into the stack for thread: 0x00007f5b30216000
R14=0x00007f5aeee02828 is pointing into the stack for thread: 0x00007f5b30216000
R15=0x00007f5b30216000 is a thread


Registers:
RAX=0x0000000000000000, RBX=0x0000000000000227, RCX=0x0000000000000083, RDX=0x0000000000000001
RSP=0x00007f5aeee02600, RBP=0x00007f5aeee026c0, RSI=0x0000000000000007, RDI=0x0000000000000009
R8 =0x00007f5acc012348, R9 =0x000000000000044c, R10=0x0000000000000006, R11=0x00007f5aeee02720
R12=0x0000000000000000, R13=0x00007f5aeee028d8, R14=0x00007f5aeee02828, R15=0x00007f5b30216000
RIP=0x00007f5aeeae267f, EFLAGS=0x0000000000010202, CSGSFS=0x002b000000000033, ERR=0x0000000000000004
  TRAPNO=0x000000000000000e

Top of Stack: (sp=0x00007f5aeee02600)
0x00007f5aeee02600:   000000000000044c 00007f5acc01234c
0x00007f5aeee02610:   000000000000044c 0000000000000004
0x00007f5aeee02620:   00007f5acc010f38 00007f5acc021860
0x00007f5aeee02630:   00007f5aeee02780 00007f5b20248299 

Instructions: (pc=0x00007f5aeeae267f)
0x00007f5aeeae265f:   48 89 45 98 48 83 85 60 ff ff ff 10 48 83 ad 58
0x00007f5aeeae266f:   ff ff ff 01 48 8b 45 90 48 8d 50 01 48 89 55 90
0x00007f5aeeae267f:   0f b6 00 88 85 7f ff ff ff 0f b7 45 80 0f b7 c0
0x00007f5aeeae268f:   48 98 48 c1 e0 04 48 89 c2 48 8b 45 e0 48 01 d0 

Stack slot to memory mapping:
stack at sp + 0 slots: 0x000000000000044c is an unknown value
stack at sp + 1 slots: 0x00007f5acc01234c points into unknown readable memory: 37 19 57 cb
stack at sp + 2 slots: 0x000000000000044c is an unknown value
stack at sp + 3 slots: 0x0000000000000004 is an unknown value
stack at sp + 4 slots: 0x00007f5acc010f38 points into unknown readable memory: 2a 09 01 cc 5a 7f 00 00
stack at sp + 5 slots: 0x00007f5acc021860 points into unknown readable memory: 00 00 00 00 00 00 00 00
stack at sp + 6 slots: 0x00007f5aeee02780 is pointing into the stack for thread: 0x00007f5b30216000
stack at sp + 7 slots: 0x00007f5b20248299 is at entry_point+89 in (nmethod*)0x00007f5b20248090


---------------  P R O C E S S  ---------------

Threads class SMR info:
_java_thread_list=0x00007f5ac800a7d0, length=12, elements={
0x00007f5b3016f000, 0x00007f5b30171000, 0x00007f5b30177800, 0x00007f5b30179800,
0x00007f5b3017b800, 0x00007f5b3017d800, 0x00007f5b301b4800, 0x00007f5b301b9000,
0x00007f5b30214000, 0x00007f5b30216000, 0x00007f5b30011800, 0x00007f5ac8009800
}

Java Threads: ( => current thread )
  0x00007f5b3016f000 JavaThread "Reference Handler" daemon [_thread_blocked, id=26669, stack(0x00007f5b0c522000,0x00007f5b0c623000)]
  0x00007f5b30171000 JavaThread "Finalizer" daemon [_thread_blocked, id=26670, stack(0x00007f5b0c421000,0x00007f5b0c522000)]
  0x00007f5b30177800 JavaThread "Signal Dispatcher" daemon [_thread_blocked, id=26671, stack(0x00007f5b0c320000,0x00007f5b0c421000)]
  0x00007f5b30179800 JavaThread "C2 CompilerThread0" daemon [_thread_blocked, id=26672, stack(0x00007f5b0c21f000,0x00007f5b0c320000)]
  0x00007f5b3017b800 JavaThread "C1 CompilerThread0" daemon [_thread_blocked, id=26673, stack(0x00007f5b0c11e000,0x00007f5b0c21f000)]
  0x00007f5b3017d800 JavaThread "Sweeper thread" daemon [_thread_blocked, id=26674, stack(0x00007f5b0c01d000,0x00007f5b0c11e000)]
  0x00007f5b301b4800 JavaThread "Service Thread" daemon [_thread_blocked, id=26675, stack(0x00007f5aef530000,0x00007f5aef631000)]
  0x00007f5b301b9000 JavaThread "Common-Cleaner" daemon [_thread_blocked, id=26677, stack(0x00007f5aef32d000,0x00007f5aef42e000)]
  0x00007f5b30214000 JavaThread "Thread-0" [_thread_in_native, id=26678, stack(0x00007f5aeee04000,0x00007f5aeef05000)]
=>0x00007f5b30216000 JavaThread "Thread-1" [_thread_in_native, id=26679, stack(0x00007f5aeed03000,0x00007f5aeee04000)]
  0x00007f5b30011800 JavaThread "DestroyJavaVM" [_thread_blocked, id=26662, stack(0x00007f5b37b5b000,0x00007f5b37c5c000)]
  0x00007f5ac8009800 JavaThread "Thread-2" [_thread_in_native, id=26680, stack(0x00007f5aee657000,0x00007f5aee758000)]

Other Threads:
  0x00007f5b3016c000 VMThread "VM Thread" [stack: 0x00007f5b0c625000,0x00007f5b0c725000] [id=26668]
  0x00007f5b301b7000 WatcherThread [stack: 0x00007f5aef430000,0x00007f5aef530000] [id=26676]
  0x00007f5b30028000 GCTaskThread "GC Thread#0" [stack: 0x00007f5b184a2000,0x00007f5b185a2000] [id=26663]
  0x00007f5b30059000 ConcurrentGCThread "G1 Main Marker" [stack: 0x00007f5b0f631000,0x00007f5b0f731000] [id=26664]
  0x00007f5b3005a800 ConcurrentGCThread "G1 Conc#0" [stack: 0x00007f5b0f52f000,0x00007f5b0f62f000] [id=26665]
  0x00007f5b300d3000 ConcurrentGCThread "G1 Refine#0" [stack: 0x00007f5b0d029000,0x00007f5b0d129000] [id=26666]
  0x00007f5b300d4800 ConcurrentGCThread "G1 Young RemSet Sampling" [stack: 0x00007f5b0cf27000,0x00007f5b0d027000] [id=26667]

Threads with active compile tasks:

VM state:not at safepoint (normal execution)

VM Mutex/Monitor currently owned by a thread: None

Heap address: 0x0000000085600000, size: 1962 MB, Compressed Oops mode: 32-bit
Narrow klass base: 0x0000000800000000, Narrow klass shift: 3
Compressed class space size: 1073741824 Address: 0x0000000840000000

Heap:
 garbage-first heap   total 129024K, used 5756K [0x0000000085600000, 0x0000000100000000)
  region size 1024K, 6 young (6144K), 0 survivors (0K)
 Metaspace       used 1247K, capacity 4911K, committed 5120K, reserved 1056768K
  class space    used 99K, capacity 444K, committed 512K, reserved 1048576K
Heap Regions: E=young(eden), S=young(survivor), O=old, HS=humongous(starts), HC=humongous(continues), CS=collection set, F=free, A=archive, TAMS=top-at-mark-start (previous, next)
|   0|0x0000000085600000, 0x0000000085600000, 0x0000000085700000|  0%| F|  |TAMS 0x0000000085600000, 0x0000000085600000| Untracked 
|   1|0x0000000085700000, 0x0000000085700000, 0x0000000085800000|  0%| F|  |TAMS 0x0000000085700000, 0x0000000085700000| Untracked 
|   2|0x0000000085800000, 0x0000000085800000, 0x0000000085900000|  0%| F|  |TAMS 0x0000000085800000, 0x0000000085800000| Untracked 
|   3|0x0000000085900000, 0x0000000085900000, 0x0000000085a00000|  0%| F|  |TAMS 0x0000000085900000, 0x0000000085900000| Untracked 
|   4|0x0000000085a00000, 0x0000000085a00000, 0x0000000085b00000|  0%| F|  |TAMS 0x0000000085a00000, 0x0000000085a00000| Untracked 
|   5|0x0000000085b00000, 0x0000000085b00000, 0x0000000085c00000|  0%| F|  |TAMS 0x0000000085b00000, 0x0000000085b00000| Untracked 
|   6|0x0000000085c00000, 0x0000000085c00000, 0x0000000085d00000|  0%| F|  |TAMS 0x0000000085c00000, 0x0000000085c00000| Untracked 
|   7|0x0000000085d00000, 0x0000000085d00000, 0x0000000085e00000|  0%| F|  |TAMS 0x0000000085d00000, 0x0000000085d00000| Untracked 
|   8|0x0000000085e00000, 0x0000000085e00000, 0x0000000085f00000|  0%| F|  |TAMS 0x0000000085e00000, 0x0000000085e00000| Untracked 
|   9|0x0000000085f00000, 0x0000000085f00000, 0x0000000086000000|  0%| F|  |TAMS 0x0000000085f00000, 0x0000000085f00000| Untracked 
|  10|0x0000000086000000, 0x0000000086000000, 0x0000000086100000|  0%| F|  |TAMS 0x0000000086000000, 0x0000000086000000| Untracked 
|  11|0x0000000086100000, 0x0000000086100000, 0x0000000086200000|  0%| F|  |TAMS 0x0000000086100000, 0x0000000086100000| Untracked 
|  12|0x0000000086200000, 0x0000000086200000, 0x0000000086300000|  0%| F|  |TAMS 0x0000000086200000, 0x0000000086200000| Untracked 
|  13|0x0000000086300000, 0x0000000086300000, 0x0000000086400000|  0%| F|  |TAMS 0x0000000086300000, 0x0000000086300000| Untracked 
|  14|0x0000000086400000, 0x0000000086400000, 0x0000000086500000|  0%| F|  |TAMS 0x0000000086400000, 0x0000000086400000| Untracked 
|  15|0x0000000086500000, 0x0000000086500000, 0x0000000086600000|  0%| F|  |TAMS 0x0000000086500000, 0x0000000086500000| Untracked 
|  16|0x0000000086600000, 0x0000000086600000, 0x0000000086700000|  0%| F|  |TAMS 0x0000000086600000, 0x0000000086600000| Untracked 
|  17|0x0000000086700000, 0x0000000086700000, 0x0000000086800000|  0%| F|  |TAMS 0x0000000086700000, 0x0000000086700000| Untracked 
|  18|0x0000000086800000, 0x0000000086800000, 0x0000000086900000|  0%| F|  |TAMS 0x0000000086800000, 0x0000000086800000| Untracked 
|  19|0x0000000086900000, 0x0000000086900000, 0x0000000086a00000|  0%| F|  |TAMS 0x0000000086900000, 0x0000000086900000| Untracked 
|  20|0x0000000086a00000, 0x0000000086a00000, 0x0000000086b00000|  0%| F|  |TAMS 0x0000000086a00000, 0x0000000086a00000| Untracked 
|  21|0x0000000086b00000, 0x0000000086b00000, 0x0000000086c00000|  0%| F|  |TAMS 0x0000000086b00000, 0x0000000086b00000| Untracked 
|  22|0x0000000086c00000, 0x0000000086c00000, 0x0000000086d00000|  0%| F|  |TAMS 0x0000000086c00000, 0x0000000086c00000| Untracked 
|  23|0x0000000086d00000, 0x0000000086d00000, 0x0000000086e00000|  0%| F|  |TAMS 0x0000000086d00000, 0x0000000086d00000| Untracked 
|  24|0x0000000086e00000, 0x0000000086e00000, 0x0000000086f00000|  0%| F|  |TAMS 0x0000000086e00000, 0x0000000086e00000| Untracked 
|  25|0x0000000086f00000, 0x0000000086f00000, 0x0000000087000000|  0%| F|  |TAMS 0x0000000086f00000, 0x0000000086f00000| Untracked 
|  26|0x0000000087000000, 0x0000000087000000, 0x0000000087100000|  0%| F|  |TAMS 0x0000000087000000, 0x0000000087000000| Untracked 
|  27|0x0000000087100000, 0x0000000087100000, 0x0000000087200000|  0%| F|  |TAMS 0x0000000087100000, 0x0000000087100000| Untracked 
|  28|0x0000000087200000, 0x0000000087200000, 0x0000000087300000|  0%| F|  |TAMS 0x0000000087200000, 0x0000000087200000| Untracked 
|  29|0x0000000087300000, 0x0000000087300000, 0x0000000087400000|  0%| F|  |TAMS 0x0000000087300000, 0x0000000087300000| Untracked 
|  30|0x0000000087400000, 0x0000000087400000, 0x0000000087500000|  0%| F|  |TAMS 0x0000000087400000, 0x0000000087400000| Untracked 
|  31|0x0000000087500000, 0x0000000087500000, 0x0000000087600000|  0%| F|  |TAMS 0x0000000087500000, 0x0000000087500000| Untracked 
|  32|0x0000000087600000, 0x0000000087600000, 0x0000000087700000|  0%| F|  |TAMS 0x0000000087600000, 0x0000000087600000| Untracked 
|  33|0x0000000087700000, 0x0000000087700000, 0x0000000087800000|  0%| F|  |TAMS 0x0000000087700000, 0x0000000087700000| Untracked 
|  34|0x0000000087800000, 0x0000000087800000, 0x0000000087900000|  0%| F|  |TAMS 0x0000000087800000, 0x0000000087800000| Untracked 
|  35|0x0000000087900000, 0x0000000087900000, 0x0000000087a00000|  0%| F|  |TAMS 0x0000000087900000, 0x0000000087900000| Untracked 
|  36|0x0000000087a00000, 0x0000000087a00000, 0x0000000087b00000|  0%| F|  |TAMS 0x0000000087a00000, 0x0000000087a00000| Untracked 
|  37|0x0000000087b00000, 0x0000000087b00000, 0x0000000087c00000|  0%| F|  |TAMS 0x0000000087b00000, 0x0000000087b00000| Untracked 
|  38|0x0000000087c00000, 0x0000000087c00000, 0x0000000087d00000|  0%| F|  |TAMS 0x0000000087c00000, 0x0000000087c00000| Untracked 
|  39|0x0000000087d00000, 0x0000000087d00000, 0x0000000087e00000|  0%| F|  |TAMS 0x0000000087d00000, 0x0000000087d00000| Untracked 
|  40|0x0000000087e00000, 0x0000000087e00000, 0x0000000087f00000|  0%| F|  |TAMS 0x0000000087e00000, 0x0000000087e00000| Untracked 
|  41|0x0000000087f00000, 0x0000000087f00000, 0x0000000088000000|  0%| F|  |TAMS 0x0000000087f00000, 0x0000000087f00000| Untracked 
|  42|0x0000000088000000, 0x0000000088000000, 0x0000000088100000|  0%| F|  |TAMS 0x0000000088000000, 0x0000000088000000| Untracked 
|  43|0x0000000088100000, 0x0000000088100000, 0x0000000088200000|  0%| F|  |TAMS 0x0000000088100000, 0x0000000088100000| Untracked 
|  44|0x0000000088200000, 0x0000000088200000, 0x0000000088300000|  0%| F|  |TAMS 0x0000000088200000, 0x0000000088200000| Untracked 
|  45|0x0000000088300000, 0x0000000088300000, 0x0000000088400000|  0%| F|  |TAMS 0x0000000088300000, 0x0000000088300000| Untracked 
|  46|0x0000000088400000, 0x0000000088400000, 0x0000000088500000|  0%| F|  |TAMS 0x0000000088400000, 0x0000000088400000| Untracked 
|  47|0x0000000088500000, 0x0000000088500000, 0x0000000088600000|  0%| F|  |TAMS 0x0000000088500000, 0x0000000088500000| Untracked 
|  48|0x0000000088600000, 0x0000000088600000, 0x0000000088700000|  0%| F|  |TAMS 0x0000000088600000, 0x0000000088600000| Untracked 
|  49|0x0000000088700000, 0x0000000088700000, 0x0000000088800000|  0%| F|  |TAMS 0x0000000088700000, 0x0000000088700000| Untracked 
|  50|0x0000000088800000, 0x0000000088800000, 0x0000000088900000|  0%| F|  |TAMS 0x0000000088800000, 0x0000000088800000| Untracked 
|  51|0x0000000088900000, 0x0000000088900000, 0x0000000088a00000|  0%| F|  |TAMS 0x0000000088900000, 0x0000000088900000| Untracked 
|  52|0x0000000088a00000, 0x0000000088a00000, 0x0000000088b00000|  0%| F|  |TAMS 0x0000000088a00000, 0x0000000088a00000| Untracked 
|  53|0x0000000088b00000, 0x0000000088b00000, 0x0000000088c00000|  0%| F|  |TAMS 0x0000000088b00000, 0x0000000088b00000| Untracked 
|  54|0x0000000088c00000, 0x0000000088c00000, 0x0000000088d00000|  0%| F|  |TAMS 0x0000000088c00000, 0x0000000088c00000| Untracked 
|  55|0x0000000088d00000, 0x0000000088d00000, 0x0000000088e00000|  0%| F|  |TAMS 0x0000000088d00000, 0x0000000088d00000| Untracked 
|  56|0x0000000088e00000, 0x0000000088e00000, 0x0000000088f00000|  0%| F|  |TAMS 0x0000000088e00000, 0x0000000088e00000| Untracked 
|  57|0x0000000088f00000, 0x0000000088f00000, 0x0000000089000000|  0%| F|  |TAMS 0x0000000088f00000, 0x0000000088f00000| Untracked 
|  58|0x0000000089000000, 0x0000000089000000, 0x0000000089100000|  0%| F|  |TAMS 0x0000000089000000, 0x0000000089000000| Untracked 
|  59|0x0000000089100000, 0x0000000089100000, 0x0000000089200000|  0%| F|  |TAMS 0x0000000089100000, 0x0000000089100000| Untracked 
|  60|0x0000000089200000, 0x0000000089200000, 0x0000000089300000|  0%| F|  |TAMS 0x0000000089200000, 0x0000000089200000| Untracked 
|  61|0x0000000089300000, 0x0000000089300000, 0x0000000089400000|  0%| F|  |TAMS 0x0000000089300000, 0x0000000089300000| Untracked 
|  62|0x0000000089400000, 0x0000000089400000, 0x0000000089500000|  0%| F|  |TAMS 0x0000000089400000, 0x0000000089400000| Untracked 
|  63|0x0000000089500000, 0x0000000089500000, 0x0000000089600000|  0%| F|  |TAMS 0x0000000089500000, 0x0000000089500000| Untracked 
|  64|0x0000000089600000, 0x0000000089600000, 0x0000000089700000|  0%| F|  |TAMS 0x0000000089600000, 0x0000000089600000| Untracked 
|  65|0x0000000089700000, 0x0000000089700000, 0x0000000089800000|  0%| F|  |TAMS 0x0000000089700000, 0x0000000089700000| Untracked 
|  66|0x0000000089800000, 0x0000000089800000, 0x0000000089900000|  0%| F|  |TAMS 0x0000000089800000, 0x0000000089800000| Untracked 
|  67|0x0000000089900000, 0x0000000089900000, 0x0000000089a00000|  0%| F|  |TAMS 0x0000000089900000, 0x0000000089900000| Untracked 
|  68|0x0000000089a00000, 0x0000000089a00000, 0x0000000089b00000|  0%| F|  |TAMS 0x0000000089a00000, 0x0000000089a00000| Untracked 
|  69|0x0000000089b00000, 0x0000000089b00000, 0x0000000089c00000|  0%| F|  |TAMS 0x0000000089b00000, 0x0000000089b00000| Untracked 
|  70|0x0000000089c00000, 0x0000000089c00000, 0x0000000089d00000|  0%| F|  |TAMS 0x0000000089c00000, 0x0000000089c00000| Untracked 
|  71|0x0000000089d00000, 0x0000000089d00000, 0x0000000089e00000|  0%| F|  |TAMS 0x0000000089d00000, 0x0000000089d00000| Untracked 
|  72|0x0000000089e00000, 0x0000000089e00000, 0x0000000089f00000|  0%| F|  |TAMS 0x0000000089e00000, 0x0000000089e00000| Untracked 
|  73|0x0000000089f00000, 0x0000000089f00000, 0x000000008a000000|  0%| F|  |TAMS 0x0000000089f00000, 0x0000000089f00000| Untracked 
|  74|0x000000008a000000, 0x000000008a000000, 0x000000008a100000|  0%| F|  |TAMS 0x000000008a000000, 0x000000008a000000| Untracked 
|  75|0x000000008a100000, 0x000000008a100000, 0x000000008a200000|  0%| F|  |TAMS 0x000000008a100000, 0x000000008a100000| Untracked 
|  76|0x000000008a200000, 0x000000008a200000, 0x000000008a300000|  0%| F|  |TAMS 0x000000008a200000, 0x000000008a200000| Untracked 
|  77|0x000000008a300000, 0x000000008a300000, 0x000000008a400000|  0%| F|  |TAMS 0x000000008a300000, 0x000000008a300000| Untracked 
|  78|0x000000008a400000, 0x000000008a400000, 0x000000008a500000|  0%| F|  |TAMS 0x000000008a400000, 0x000000008a400000| Untracked 
|  79|0x000000008a500000, 0x000000008a500000, 0x000000008a600000|  0%| F|  |TAMS 0x000000008a500000, 0x000000008a500000| Untracked 
|  80|0x000000008a600000, 0x000000008a600000, 0x000000008a700000|  0%| F|  |TAMS 0x000000008a600000, 0x000000008a600000| Untracked 
|  81|0x000000008a700000, 0x000000008a700000, 0x000000008a800000|  0%| F|  |TAMS 0x000000008a700000, 0x000000008a700000| Untracked 
|  82|0x000000008a800000, 0x000000008a800000, 0x000000008a900000|  0%| F|  |TAMS 0x000000008a800000, 0x000000008a800000| Untracked 
|  83|0x000000008a900000, 0x000000008a900000, 0x000000008aa00000|  0%| F|  |TAMS 0x000000008a900000, 0x000000008a900000| Untracked 
|  84|0x000000008aa00000, 0x000000008aa00000, 0x000000008ab00000|  0%| F|  |TAMS 0x000000008aa00000, 0x000000008aa00000| Untracked 
|  85|0x000000008ab00000, 0x000000008ab00000, 0x000000008ac00000|  0%| F|  |TAMS 0x000000008ab00000, 0x000000008ab00000| Untracked 
|  86|0x000000008ac00000, 0x000000008ac00000, 0x000000008ad00000|  0%| F|  |TAMS 0x000000008ac00000, 0x000000008ac00000| Untracked 
|  87|0x000000008ad00000, 0x000000008ad00000, 0x000000008ae00000|  0%| F|  |TAMS 0x000000008ad00000, 0x000000008ad00000| Untracked 
|  88|0x000000008ae00000, 0x000000008ae00000, 0x000000008af00000|  0%| F|  |TAMS 0x000000008ae00000, 0x000000008ae00000| Untracked 
|  89|0x000000008af00000, 0x000000008af00000, 0x000000008b000000|  0%| F|  |TAMS 0x000000008af00000, 0x000000008af00000| Untracked 
|  90|0x000000008b000000, 0x000000008b000000, 0x000000008b100000|  0%| F|  |TAMS 0x000000008b000000, 0x000000008b000000| Untracked 
|  91|0x000000008b100000, 0x000000008b100000, 0x000000008b200000|  0%| F|  |TAMS 0x000000008b100000, 0x000000008b100000| Untracked 
|  92|0x000000008b200000, 0x000000008b200000, 0x000000008b300000|  0%| F|  |TAMS 0x000000008b200000, 0x000000008b200000| Untracked 
|  93|0x000000008b300000, 0x000000008b300000, 0x000000008b400000|  0%| F|  |TAMS 0x000000008b300000, 0x000000008b300000| Untracked 
|  94|0x000000008b400000, 0x000000008b400000, 0x000000008b500000|  0%| F|  |TAMS 0x000000008b400000, 0x000000008b400000| Untracked 
|  95|0x000000008b500000, 0x000000008b500000, 0x000000008b600000|  0%| F|  |TAMS 0x000000008b500000, 0x000000008b500000| Untracked 
|  96|0x000000008b600000, 0x000000008b600000, 0x000000008b700000|  0%| F|  |TAMS 0x000000008b600000, 0x000000008b600000| Untracked 
|  97|0x000000008b700000, 0x000000008b700000, 0x000000008b800000|  0%| F|  |TAMS 0x000000008b700000, 0x000000008b700000| Untracked 
|  98|0x000000008b800000, 0x000000008b800000, 0x000000008b900000|  0%| F|  |TAMS 0x000000008b800000, 0x000000008b800000| Untracked 
|  99|0x000000008b900000, 0x000000008b900000, 0x000000008ba00000|  0%| F|  |TAMS 0x000000008b900000, 0x000000008b900000| Untracked 
| 100|0x000000008ba00000, 0x000000008ba00000, 0x000000008bb00000|  0%| F|  |TAMS 0x000000008ba00000, 0x000000008ba00000| Untracked 
| 101|0x000000008bb00000, 0x000000008bb00000, 0x000000008bc00000|  0%| F|  |TAMS 0x000000008bb00000, 0x000000008bb00000| Untracked 
| 102|0x000000008bc00000, 0x000000008bc00000, 0x000000008bd00000|  0%| F|  |TAMS 0x000000008bc00000, 0x000000008bc00000| Untracked 
| 103|0x000000008bd00000, 0x000000008bd00000, 0x000000008be00000|  0%| F|  |TAMS 0x000000008bd00000, 0x000000008bd00000| Untracked 
| 104|0x000000008be00000, 0x000000008be00000, 0x000000008bf00000|  0%| F|  |TAMS 0x000000008be00000, 0x000000008be00000| Untracked 
| 105|0x000000008bf00000, 0x000000008bf00000, 0x000000008c000000|  0%| F|  |TAMS 0x000000008bf00000, 0x000000008bf00000| Untracked 
| 106|0x000000008c000000, 0x000000008c000000, 0x000000008c100000|  0%| F|  |TAMS 0x000000008c000000, 0x000000008c000000| Untracked 
| 107|0x000000008c100000, 0x000000008c100000, 0x000000008c200000|  0%| F|  |TAMS 0x000000008c100000, 0x000000008c100000| Untracked 
| 108|0x000000008c200000, 0x000000008c200000, 0x000000008c300000|  0%| F|  |TAMS 0x000000008c200000, 0x000000008c200000| Untracked 
| 109|0x000000008c300000, 0x000000008c300000, 0x000000008c400000|  0%| F|  |TAMS 0x000000008c300000, 0x000000008c300000| Untracked 
| 110|0x000000008c400000, 0x000000008c400000, 0x000000008c500000|  0%| F|  |TAMS 0x000000008c400000, 0x000000008c400000| Untracked 
| 111|0x000000008c500000, 0x000000008c500000, 0x000000008c600000|  0%| F|  |TAMS 0x000000008c500000, 0x000000008c500000| Untracked 
| 112|0x000000008c600000, 0x000000008c600000, 0x000000008c700000|  0%| F|  |TAMS 0x000000008c600000, 0x000000008c600000| Untracked 
| 113|0x000000008c700000, 0x000000008c700000, 0x000000008c800000|  0%| F|  |TAMS 0x000000008c700000, 0x000000008c700000| Untracked 
| 114|0x000000008c800000, 0x000000008c800000, 0x000000008c900000|  0%| F|  |TAMS 0x000000008c800000, 0x000000008c800000| Untracked 
| 115|0x000000008c900000, 0x000000008c900000, 0x000000008ca00000|  0%| F|  |TAMS 0x000000008c900000, 0x000000008c900000| Untracked 
| 116|0x000000008ca00000, 0x000000008ca00000, 0x000000008cb00000|  0%| F|  |TAMS 0x000000008ca00000, 0x000000008ca00000| Untracked 
| 117|0x000000008cb00000, 0x000000008cb00000, 0x000000008cc00000|  0%| F|  |TAMS 0x000000008cb00000, 0x000000008cb00000| Untracked 
| 118|0x000000008cc00000, 0x000000008cd00000, 0x000000008cd00000|100%| E|  |TAMS 0x000000008cc00000, 0x000000008cc00000| Complete 
| 119|0x000000008cd00000, 0x000000008ce00000, 0x000000008ce00000|100%| E|CS|TAMS 0x000000008cd00000, 0x000000008cd00000| Complete 
| 120|0x000000008ce00000, 0x000000008cf00000, 0x000000008cf00000|100%| E|CS|TAMS 0x000000008ce00000, 0x000000008ce00000| Complete 
| 121|0x000000008cf00000, 0x000000008d000000, 0x000000008d000000|100%| E|CS|TAMS 0x000000008cf00000, 0x000000008cf00000| Complete 
| 122|0x000000008d000000, 0x000000008d100000, 0x000000008d100000|100%| E|CS|TAMS 0x000000008d000000, 0x000000008d000000| Complete 
| 123|0x000000008d100000, 0x000000008d200000, 0x000000008d200000|100%| E|CS|TAMS 0x000000008d100000, 0x000000008d100000| Complete 
|1960|0x00000000ffe00000, 0x00000000ffe35000, 0x00000000fff00000| 20%|OA|  |TAMS 0x00000000ffe00000, 0x00000000ffe00000| Untracked 
|1961|0x00000000fff00000, 0x00000000fff6a000, 0x0000000100000000| 41%|CA|  |TAMS 0x00000000fff00000, 0x00000000fff00000| Untracked 

Card table byte_map: [0x00007f5b13856000,0x00007f5b13c2b000] _byte_map_base: 0x00007f5b1342b000

Marking Bits (Prev, Next): (CMBitMap*) 0x00007f5b300505d8, (CMBitMap*) 0x00007f5b30050610
 Prev Bits: [0x00007f5b115d9000, 0x00007f5b13481000)
 Next Bits: [0x00007f5b0f731000, 0x00007f5b115d9000)

Polling page: 0x00007f5b37c82000

Metaspace:

Usage:
  Non-class:      4.36 MB capacity,     1.12 MB ( 26%) used,     3.24 MB ( 74%) free+waste,     2.62 KB ( <1%) overhead. 
      Class:    444.00 KB capacity,    99.44 KB ( 22%) used,   343.00 KB ( 77%) free+waste,     1.56 KB ( <1%) overhead. 
       Both:      4.80 MB capacity,     1.22 MB ( 25%) used,     3.57 MB ( 75%) free+waste,     4.19 KB ( <1%) overhead. 

Virtual space:
  Non-class space:        8.00 MB reserved,       4.50 MB ( 56%) committed 
      Class space:        1.00 GB reserved,     512.00 KB ( <1%) committed 
             Both:        1.01 GB reserved,       5.00 MB ( <1%) committed 

Chunk freelists:
   Non-Class:  0 bytes
       Class:  4.00 KB
        Both:  4.00 KB

CodeHeap 'non-profiled nmethods': size=120032Kb used=88Kb max_used=88Kb free=119943Kb
 bounds [0x00007f5b20240000, 0x00007f5b204b0000, 0x00007f5b27778000]
CodeHeap 'profiled nmethods': size=120032Kb used=332Kb max_used=332Kb free=119699Kb
 bounds [0x00007f5b18d08000, 0x00007f5b18f78000, 0x00007f5b20240000]
CodeHeap 'non-nmethods': size=5696Kb used=1074Kb max_used=1085Kb free=4621Kb
 bounds [0x00007f5b18778000, 0x00007f5b189e8000, 0x00007f5b18d08000]
 total_blobs=740 nmethods=269 adapters=289
 compilation: enabled
              stopped_count=0, restarted_count=0
 full_count=0

Compilation events (10 events):
Event: 7.755 Thread 0x00007f5b3017b800 nmethod 264 0x00007f5b18d58910 code [0x00007f5b18d58ae0, 0x00007f5b18d58d38]
Event: 7.758 Thread 0x00007f5b30179800  265       4       java.lang.String::charAt (25 bytes)
Event: 7.758 Thread 0x00007f5b3017b800  266       3       java.lang.Math::max (11 bytes)
Event: 7.758 Thread 0x00007f5b3017b800 nmethod 266 0x00007f5b18d58e10 code [0x00007f5b18d58fc0, 0x00007f5b18d59150]
Event: 7.760 Thread 0x00007f5b30179800 nmethod 265 0x00007f5b20255e90 code [0x00007f5b20256040, 0x00007f5b20256128]
Event: 8.226 Thread 0x00007f5b3017b800  267       3       java.util.regex.Matcher::reset (128 bytes)
Event: 8.227 Thread 0x00007f5b3017b800 nmethod 267 0x00007f5b18d59210 code [0x00007f5b18d59420, 0x00007f5b18d59a58]
Event: 8.227 Thread 0x00007f5b3017b800  268       3       java.util.Objects::requireNonNull (15 bytes)
Event: 8.227 Thread 0x00007f5b3017b800 nmethod 268 0x00007f5b18d59c90 code [0x00007f5b18d59e60, 0x00007f5b18d5a0a8]
Event: 8.227 Thread 0x00007f5b3017b800  269       3       java.lang.ClassLoader::checkName (37 bytes)

GC Heap History (0 events):
No events

Deoptimization events (5 events):
Event: 0.069 Thread 0x00007f5b30011800 Uncommon trap: reason=unstable_if action=reinterpret pc=0x00007f5b202443c8 method=java.lang.String.hashCode()I @ 14 c2
Event: 6.102 Thread 0x00007f5b30216000 Uncommon trap: reason=unstable_if action=reinterpret pc=0x00007f5b2024911c method=java.lang.String.isLatin1()Z @ 10 c2
Event: 6.102 Thread 0x00007f5b30216000 Uncommon trap: reason=unstable_if action=reinterpret pc=0x00007f5b2024aba4 method=java.lang.AbstractStringBuilder.putStringAt(ILjava/lang/String;)V @ 8 c2
Event: 6.102 Thread 0x00007f5b30216000 Uncommon trap: reason=unstable_if action=reinterpret pc=0x00007f5b2024e98c method=java.lang.AbstractStringBuilder.putStringAt(ILjava/lang/String;)V @ 8 c2
Event: 6.102 Thread 0x00007f5b30216000 Uncommon trap: reason=unstable_if action=reinterpret pc=0x00007f5b20252688 method=java.lang.AbstractStringBuilder.isLatin1()Z @ 10 c2

Classes redefined (0 events):
No events

Internal exceptions (3 events):
Event: 6.092 Thread 0x00007f5b30216000 Exception <a 'java/lang/NoSuchMethodError'{0x000000008cf479e8}: java.lang.invoke.DirectMethodHandle$Holder.invokeSpecialIFC(Ljava/lang/Object;Ljava/lang/Object;I)I> (0x000000008cf479e8) thrown at [/build/openjdk-lts-TkRlmw/openjdk-lts-11.0.3+7/src/hotspot
Event: 8.227 Thread 0x00007f5b30216000 Exception <a 'java/io/FileNotFoundException'{0x000000008cc2e130}> (0x000000008cc2e130) thrown at [/build/openjdk-lts-TkRlmw/openjdk-lts-11.0.3+7/src/hotspot/share/prims/jni.cpp, line 615]
Event: 8.227 Thread 0x00007f5b30216000 Exception <a 'java/io/FileNotFoundException'{0x000000008cc2e748}> (0x000000008cc2e748) thrown at [/build/openjdk-lts-TkRlmw/openjdk-lts-11.0.3+7/src/hotspot/share/prims/jni.cpp, line 615]

Events (10 events):
Event: 6.109 loading class ru/ColdChip/GrowtopiaServer/Utils/Hex2Byte
Event: 6.109 loading class ru/ColdChip/GrowtopiaServer/Utils/Hex2Byte done
Event: 6.661 loading class ru/ColdChip/GrowtopiaServer/Player/Movement/Movement
Event: 6.661 loading class ru/ColdChip/GrowtopiaServer/Player/Movement/Movement done
Event: 6.661 loading class ru/ColdChip/GrowtopiaServer/Player/Movement/Structs/MovementData
Event: 6.661 loading class ru/ColdChip/GrowtopiaServer/Player/Movement/Structs/MovementData done
Event: 8.226 loading class ru/ColdChip/GrowtopiaServer/World/GetWorldData
Event: 8.226 loading class ru/ColdChip/GrowtopiaServer/World/GetWorldData done
Event: 8.227 loading class ru/ColdChip/GrowtopiaServer/Player/Inventory/Inventory
Event: 8.227 loading class ru/ColdChip/GrowtopiaServer/Player/Inventory/Inventory done


Dynamic libraries:
85600000-8d200000 rw-p 00000000 00:00 0 
8d200000-ffe00000 ---p 00000000 00:00 0 
ffe00000-ffe35000 rw-p 0111e000 08:12 657221                             /usr/lib/jvm/java-11-openjdk-amd64/lib/server/classes.jsa
ffe35000-fff00000 rw-p 00000000 00:00 0 
fff00000-fff6a000 rw-p 010b4000 08:12 657221                             /usr/lib/jvm/java-11-openjdk-amd64/lib/server/classes.jsa
fff6a000-100000000 rw-p 00000000 00:00 0 
800000000-800002000 rwxp 00001000 08:12 657221                           /usr/lib/jvm/java-11-openjdk-amd64/lib/server/classes.jsa
800002000-8003bf000 rw-p 00003000 08:12 657221                           /usr/lib/jvm/java-11-openjdk-amd64/lib/server/classes.jsa
8003bf000-800a9c000 r--p 003c0000 08:12 657221                           /usr/lib/jvm/java-11-openjdk-amd64/lib/server/classes.jsa
800a9c000-800a9d000 rw-p 00a9d000 08:12 657221                           /usr/lib/jvm/java-11-openjdk-amd64/lib/server/classes.jsa
800a9d000-8010b3000 r--p 00a9e000 08:12 657221                           /usr/lib/jvm/java-11-openjdk-amd64/lib/server/classes.jsa
840000000-840080000 rw-p 00000000 00:00 0 
840080000-880000000 ---p 00000000 00:00 0 
563f52f34000-563f52f35000 r-xp 00000000 08:12 677781                     /usr/lib/jvm/java-11-openjdk-amd64/bin/java
563f53135000-563f53136000 r--p 00001000 08:12 677781                     /usr/lib/jvm/java-11-openjdk-amd64/bin/java
563f53136000-563f53137000 rw-p 00002000 08:12 677781                     /usr/lib/jvm/java-11-openjdk-amd64/bin/java
563f540ea000-563f5410b000 rw-p 00000000 00:00 0                          [heap]
7f5ac0000000-7f5ac0021000 rw-p 00000000 00:00 0 
7f5ac0021000-7f5ac4000000 ---p 00000000 00:00 0 
7f5ac8000000-7f5ac8021000 rw-p 00000000 00:00 0 
7f5ac8021000-7f5acc000000 ---p 00000000 00:00 0 
7f5acc000000-7f5acc075000 rw-p 00000000 00:00 0 
7f5acc075000-7f5ad0000000 ---p 00000000 00:00 0 
7f5ad0000000-7f5ad0021000 rw-p 00000000 00:00 0 
7f5ad0021000-7f5ad4000000 ---p 00000000 00:00 0 
7f5ad4000000-7f5ad4021000 rw-p 00000000 00:00 0 
7f5ad4021000-7f5ad8000000 ---p 00000000 00:00 0 
7f5ad8000000-7f5ad8021000 rw-p 00000000 00:00 0 
7f5ad8021000-7f5adc000000 ---p 00000000 00:00 0 
7f5adc000000-7f5adc021000 rw-p 00000000 00:00 0 
7f5adc021000-7f5ae0000000 ---p 00000000 00:00 0 
7f5ae0000000-7f5ae00c5000 rw-p 00000000 00:00 0 
7f5ae00c5000-7f5ae4000000 ---p 00000000 00:00 0 
7f5ae4000000-7f5ae408a000 rw-p 00000000 00:00 0 
7f5ae408a000-7f5ae8000000 ---p 00000000 00:00 0 
7f5ae8000000-7f5ae8021000 rw-p 00000000 00:00 0 
7f5ae8021000-7f5aec000000 ---p 00000000 00:00 0 
7f5aee657000-7f5aee65b000 ---p 00000000 00:00 0 
7f5aee65b000-7f5aee8c9000 rw-p 00000000 00:00 0 
7f5aee8c9000-7f5aee8cb000 r-xp 00000000 08:12 677834                     /usr/lib/jvm/java-11-openjdk-amd64/lib/libextnet.so
7f5aee8cb000-7f5aeeaca000 ---p 00002000 08:12 677834                     /usr/lib/jvm/java-11-openjdk-amd64/lib/libextnet.so
7f5aeeaca000-7f5aeeacb000 r--p 00001000 08:12 677834                     /usr/lib/jvm/java-11-openjdk-amd64/lib/libextnet.so
7f5aeeacb000-7f5aeeacc000 rw-p 00002000 08:12 677834                     /usr/lib/jvm/java-11-openjdk-amd64/lib/libextnet.so
7f5aeeacc000-7f5aeeb02000 r-xp 00000000 08:12 11149914                   /home/coldchip/gtserver/Lib/libenet.so
7f5aeeb02000-7f5aeed01000 ---p 00036000 08:12 11149914                   /home/coldchip/gtserver/Lib/libenet.so
7f5aeed01000-7f5aeed02000 r--p 00035000 08:12 11149914                   /home/coldchip/gtserver/Lib/libenet.so
7f5aeed02000-7f5aeed03000 rw-p 00036000 08:12 11149914                   /home/coldchip/gtserver/Lib/libenet.so
7f5aeed03000-7f5aeed07000 ---p 00000000 00:00 0 
7f5aeed07000-7f5aeee04000 rw-p 00000000 00:00 0 
7f5aeee04000-7f5aeee08000 ---p 00000000 00:00 0 
7f5aeee08000-7f5aeef05000 rw-p 00000000 00:00 0 
7f5aeef05000-7f5aeef1b000 r-xp 00000000 08:12 677853                     /usr/lib/jvm/java-11-openjdk-amd64/lib/libnet.so
7f5aeef1b000-7f5aef11a000 ---p 00016000 08:12 677853                     /usr/lib/jvm/java-11-openjdk-amd64/lib/libnet.so
7f5aef11a000-7f5aef11b000 r--p 00015000 08:12 677853                     /usr/lib/jvm/java-11-openjdk-amd64/lib/libnet.so
7f5aef11b000-7f5aef11c000 rw-p 00016000 08:12 677853                     /usr/lib/jvm/java-11-openjdk-amd64/lib/libnet.so
7f5aef11c000-7f5aef12c000 r-xp 00000000 08:12 677854                     /usr/lib/jvm/java-11-openjdk-amd64/lib/libnio.so
7f5aef12c000-7f5aef32b000 ---p 00010000 08:12 677854                     /usr/lib/jvm/java-11-openjdk-amd64/lib/libnio.so
7f5aef32b000-7f5aef32c000 r--p 0000f000 08:12 677854                     /usr/lib/jvm/java-11-openjdk-amd64/lib/libnio.so
7f5aef32c000-7f5aef32d000 rw-p 00010000 08:12 677854                     /usr/lib/jvm/java-11-openjdk-amd64/lib/libnio.so
7f5aef32d000-7f5aef331000 ---p 00000000 00:00 0 
7f5aef331000-7f5aef42e000 rw-p 00000000 00:00 0 
7f5aef42e000-7f5aef42f000 ---p 00000000 00:00 0 
7f5aef42f000-7f5aef530000 rw-p 00000000 00:00 0 
7f5aef530000-7f5aef534000 ---p 00000000 00:00 0 
7f5aef534000-7f5aef631000 rw-p 00000000 00:00 0 
7f5aef631000-7f5af0000000 r--p 00000000 08:12 14817912                   /usr/lib/locale/locale-archive
7f5af0000000-7f5af0021000 rw-p 00000000 00:00 0 
7f5af0021000-7f5af4000000 ---p 00000000 00:00 0 
7f5af4000000-7f5af4021000 rw-p 00000000 00:00 0 
7f5af4021000-7f5af8000000 ---p 00000000 00:00 0 
7f5af8000000-7f5af8021000 rw-p 00000000 00:00 0 
7f5af8021000-7f5afc000000 ---p 00000000 00:00 0 
7f5afc000000-7f5afc021000 rw-p 00000000 00:00 0 
7f5afc021000-7f5b00000000 ---p 00000000 00:00 0 
7f5b00000000-7f5b00021000 rw-p 00000000 00:00 0 
7f5b00021000-7f5b04000000 ---p 00000000 00:00 0 
7f5b04000000-7f5b04021000 rw-p 00000000 00:00 0 
7f5b04021000-7f5b08000000 ---p 00000000 00:00 0 
7f5b08000000-7f5b08021000 rw-p 00000000 00:00 0 
7f5b08021000-7f5b0c000000 ---p 00000000 00:00 0 
7f5b0c01d000-7f5b0c021000 ---p 00000000 00:00 0 
7f5b0c021000-7f5b0c11e000 rw-p 00000000 00:00 0 
7f5b0c11e000-7f5b0c122000 ---p 00000000 00:00 0 
7f5b0c122000-7f5b0c21f000 rw-p 00000000 00:00 0 
7f5b0c21f000-7f5b0c223000 ---p 00000000 00:00 0 
7f5b0c223000-7f5b0c320000 rw-p 00000000 00:00 0 
7f5b0c320000-7f5b0c324000 ---p 00000000 00:00 0 
7f5b0c324000-7f5b0c421000 rw-p 00000000 00:00 0 
7f5b0c421000-7f5b0c425000 ---p 00000000 00:00 0 
7f5b0c425000-7f5b0c522000 rw-p 00000000 00:00 0 
7f5b0c522000-7f5b0c526000 ---p 00000000 00:00 0 
7f5b0c526000-7f5b0c623000 rw-p 00000000 00:00 0 
7f5b0c623000-7f5b0c624000 ---p 00000000 00:00 0 
7f5b0c624000-7f5b0cba5000 rw-p 00000000 00:00 0 
7f5b0cba5000-7f5b0cf25000 ---p 00000000 00:00 0 
7f5b0cf25000-7f5b0cf26000 ---p 00000000 00:00 0 
7f5b0cf26000-7f5b0d027000 rw-p 00000000 00:00 0 
7f5b0d027000-7f5b0d028000 ---p 00000000 00:00 0 
7f5b0d028000-7f5b0f52d000 rw-p 00000000 00:00 0 
7f5b0f52d000-7f5b0f52e000 ---p 00000000 00:00 0 
7f5b0f52e000-7f5b0f62f000 rw-p 00000000 00:00 0 
7f5b0f62f000-7f5b0f630000 ---p 00000000 00:00 0 
7f5b0f630000-7f5b0f921000 rw-p 00000000 00:00 0 
7f5b0f921000-7f5b115d1000 ---p 00000000 00:00 0 
7f5b115d1000-7f5b117c9000 rw-p 00000000 00:00 0 
7f5b117c9000-7f5b13479000 ---p 00000000 00:00 0 
7f5b13479000-7f5b134bf000 rw-p 00000000 00:00 0 
7f5b134bf000-7f5b13855000 ---p 00000000 00:00 0 
7f5b13855000-7f5b13894000 rw-p 00000000 00:00 0 
7f5b13894000-7f5b13c2a000 ---p 00000000 00:00 0 
7f5b13c2a000-7f5b13c69000 rw-p 00000000 00:00 0 
7f5b13c69000-7f5b13fff000 ---p 00000000 00:00 0 
7f5b13fff000-7f5b14000000 rw-p 00000000 00:00 0 
7f5b14000000-7f5b14021000 rw-p 00000000 00:00 0 
7f5b14021000-7f5b18000000 ---p 00000000 00:00 0 
7f5b1801b000-7f5b184a0000 rw-p 00000000 00:00 0 
7f5b184a0000-7f5b184a1000 ---p 00000000 00:00 0 
7f5b184a1000-7f5b185a7000 rw-p 00000000 00:00 0 
7f5b185a7000-7f5b1868d000 ---p 00000000 00:00 0 
7f5b1868d000-7f5b18692000 rw-p 00000000 00:00 0 
7f5b18692000-7f5b18778000 ---p 00000000 00:00 0 
7f5b18778000-7f5b189e8000 rwxp 00000000 00:00 0 
7f5b189e8000-7f5b18d08000 ---p 00000000 00:00 0 
7f5b18d08000-7f5b18f78000 rwxp 00000000 00:00 0 
7f5b18f78000-7f5b20240000 ---p 00000000 00:00 0 
7f5b20240000-7f5b204b0000 rwxp 00000000 00:00 0 
7f5b204b0000-7f5b27778000 ---p 00000000 00:00 0 
7f5b27778000-7f5b2fdfa000 r--s 00000000 08:12 677863                     /usr/lib/jvm/java-11-openjdk-amd64/lib/modules
7f5b2fdfa000-7f5b2fdff000 r-xp 00000000 08:12 677845                     /usr/lib/jvm/java-11-openjdk-amd64/lib/libjimage.so
7f5b2fdff000-7f5b2fffe000 ---p 00005000 08:12 677845                     /usr/lib/jvm/java-11-openjdk-amd64/lib/libjimage.so
7f5b2fffe000-7f5b2ffff000 r--p 00004000 08:12 677845                     /usr/lib/jvm/java-11-openjdk-amd64/lib/libjimage.so
7f5b2ffff000-7f5b30000000 rw-p 00005000 08:12 677845                     /usr/lib/jvm/java-11-openjdk-amd64/lib/libjimage.so
7f5b30000000-7f5b3021a000 rw-p 00000000 00:00 0 
7f5b3021a000-7f5b34000000 ---p 00000000 00:00 0 
7f5b3403e000-7f5b34045000 r-xp 00000000 08:12 677862                     /usr/lib/jvm/java-11-openjdk-amd64/lib/libzip.so
7f5b34045000-7f5b34244000 ---p 00007000 08:12 677862                     /usr/lib/jvm/java-11-openjdk-amd64/lib/libzip.so
7f5b34244000-7f5b34245000 r--p 00006000 08:12 677862                     /usr/lib/jvm/java-11-openjdk-amd64/lib/libzip.so
7f5b34245000-7f5b34246000 rw-p 00007000 08:12 677862                     /usr/lib/jvm/java-11-openjdk-amd64/lib/libzip.so
7f5b34246000-7f5b34251000 r-xp 00000000 08:12 9179889                    /lib/x86_64-linux-gnu/libnss_files-2.27.so
7f5b34251000-7f5b34450000 ---p 0000b000 08:12 9179889                    /lib/x86_64-linux-gnu/libnss_files-2.27.so
7f5b34450000-7f5b34451000 r--p 0000a000 08:12 9179889                    /lib/x86_64-linux-gnu/libnss_files-2.27.so
7f5b34451000-7f5b34452000 rw-p 0000b000 08:12 9179889                    /lib/x86_64-linux-gnu/libnss_files-2.27.so
7f5b34452000-7f5b34458000 rw-p 00000000 00:00 0 
7f5b34458000-7f5b3446f000 r-xp 00000000 08:12 9179883                    /lib/x86_64-linux-gnu/libnsl-2.27.so
7f5b3446f000-7f5b3466e000 ---p 00017000 08:12 9179883                    /lib/x86_64-linux-gnu/libnsl-2.27.so
7f5b3466e000-7f5b3466f000 r--p 00016000 08:12 9179883                    /lib/x86_64-linux-gnu/libnsl-2.27.so
7f5b3466f000-7f5b34670000 rw-p 00017000 08:12 9179883                    /lib/x86_64-linux-gnu/libnsl-2.27.so
7f5b34670000-7f5b34672000 rw-p 00000000 00:00 0 
7f5b34672000-7f5b3467d000 r-xp 00000000 08:12 9179900                    /lib/x86_64-linux-gnu/libnss_nis-2.27.so
7f5b3467d000-7f5b3487c000 ---p 0000b000 08:12 9179900                    /lib/x86_64-linux-gnu/libnss_nis-2.27.so
7f5b3487c000-7f5b3487d000 r--p 0000a000 08:12 9179900                    /lib/x86_64-linux-gnu/libnss_nis-2.27.so
7f5b3487d000-7f5b3487e000 rw-p 0000b000 08:12 9179900                    /lib/x86_64-linux-gnu/libnss_nis-2.27.so
7f5b3487e000-7f5b34886000 r-xp 00000000 08:12 9179885                    /lib/x86_64-linux-gnu/libnss_compat-2.27.so
7f5b34886000-7f5b34a86000 ---p 00008000 08:12 9179885                    /lib/x86_64-linux-gnu/libnss_compat-2.27.so
7f5b34a86000-7f5b34a87000 r--p 00008000 08:12 9179885                    /lib/x86_64-linux-gnu/libnss_compat-2.27.so
7f5b34a87000-7f5b34a88000 rw-p 00009000 08:12 9179885                    /lib/x86_64-linux-gnu/libnss_compat-2.27.so
7f5b34a88000-7f5b34ab1000 r-xp 00000000 08:12 677841                     /usr/lib/jvm/java-11-openjdk-amd64/lib/libjava.so
7f5b34ab1000-7f5b34cb0000 ---p 00029000 08:12 677841                     /usr/lib/jvm/java-11-openjdk-amd64/lib/libjava.so
7f5b34cb0000-7f5b34cb1000 r--p 00028000 08:12 677841                     /usr/lib/jvm/java-11-openjdk-amd64/lib/libjava.so
7f5b34cb1000-7f5b34cb3000 rw-p 00029000 08:12 677841                     /usr/lib/jvm/java-11-openjdk-amd64/lib/libjava.so
7f5b34cb3000-7f5b34cc0000 r-xp 00000000 08:12 677861                     /usr/lib/jvm/java-11-openjdk-amd64/lib/libverify.so
7f5b34cc0000-7f5b34ebf000 ---p 0000d000 08:12 677861                     /usr/lib/jvm/java-11-openjdk-amd64/lib/libverify.so
7f5b34ebf000-7f5b34ec1000 r--p 0000c000 08:12 677861                     /usr/lib/jvm/java-11-openjdk-amd64/lib/libverify.so
7f5b34ec1000-7f5b34ec2000 rw-p 0000e000 08:12 677861                     /usr/lib/jvm/java-11-openjdk-amd64/lib/libverify.so
7f5b34ec2000-7f5b34ec9000 r-xp 00000000 08:12 9179940                    /lib/x86_64-linux-gnu/librt-2.27.so
7f5b34ec9000-7f5b350c8000 ---p 00007000 08:12 9179940                    /lib/x86_64-linux-gnu/librt-2.27.so
7f5b350c8000-7f5b350c9000 r--p 00006000 08:12 9179940                    /lib/x86_64-linux-gnu/librt-2.27.so
7f5b350c9000-7f5b350ca000 rw-p 00007000 08:12 9179940                    /lib/x86_64-linux-gnu/librt-2.27.so
7f5b350ca000-7f5b350e1000 r-xp 00000000 08:12 9175322                    /lib/x86_64-linux-gnu/libgcc_s.so.1
7f5b350e1000-7f5b352e0000 ---p 00017000 08:12 9175322                    /lib/x86_64-linux-gnu/libgcc_s.so.1
7f5b352e0000-7f5b352e1000 r--p 00016000 08:12 9175322                    /lib/x86_64-linux-gnu/libgcc_s.so.1
7f5b352e1000-7f5b352e2000 rw-p 00017000 08:12 9175322                    /lib/x86_64-linux-gnu/libgcc_s.so.1
7f5b352e2000-7f5b3547f000 r-xp 00000000 08:12 9179862                    /lib/x86_64-linux-gnu/libm-2.27.so
7f5b3547f000-7f5b3567e000 ---p 0019d000 08:12 9179862                    /lib/x86_64-linux-gnu/libm-2.27.so
7f5b3567e000-7f5b3567f000 r--p 0019c000 08:12 9179862                    /lib/x86_64-linux-gnu/libm-2.27.so
7f5b3567f000-7f5b35680000 rw-p 0019d000 08:12 9179862                    /lib/x86_64-linux-gnu/libm-2.27.so
7f5b35680000-7f5b357f9000 r-xp 00000000 08:12 14811192                   /usr/lib/x86_64-linux-gnu/libstdc++.so.6.0.25
7f5b357f9000-7f5b359f9000 ---p 00179000 08:12 14811192                   /usr/lib/x86_64-linux-gnu/libstdc++.so.6.0.25
7f5b359f9000-7f5b35a03000 r--p 00179000 08:12 14811192                   /usr/lib/x86_64-linux-gnu/libstdc++.so.6.0.25
7f5b35a03000-7f5b35a05000 rw-p 00183000 08:12 14811192                   /usr/lib/x86_64-linux-gnu/libstdc++.so.6.0.25
7f5b35a05000-7f5b35a09000 rw-p 00000000 00:00 0 
7f5b35a09000-7f5b36ad1000 r-xp 00000000 08:12 677866                     /usr/lib/jvm/java-11-openjdk-amd64/lib/server/libjvm.so
7f5b36ad1000-7f5b36cd1000 ---p 010c8000 08:12 677866                     /usr/lib/jvm/java-11-openjdk-amd64/lib/server/libjvm.so
7f5b36cd1000-7f5b36d8e000 r--p 010c8000 08:12 677866                     /usr/lib/jvm/java-11-openjdk-amd64/lib/server/libjvm.so
7f5b36d8e000-7f5b36dc7000 rw-p 01185000 08:12 677866                     /usr/lib/jvm/java-11-openjdk-amd64/lib/server/libjvm.so
7f5b36dc7000-7f5b36e1d000 rw-p 00000000 00:00 0 
7f5b36e1d000-7f5b36e37000 r-xp 00000000 08:12 9179932                    /lib/x86_64-linux-gnu/libpthread-2.27.so
7f5b36e37000-7f5b37036000 ---p 0001a000 08:12 9179932                    /lib/x86_64-linux-gnu/libpthread-2.27.so
7f5b37036000-7f5b37037000 r--p 00019000 08:12 9179932                    /lib/x86_64-linux-gnu/libpthread-2.27.so
7f5b37037000-7f5b37038000 rw-p 0001a000 08:12 9179932                    /lib/x86_64-linux-gnu/libpthread-2.27.so
7f5b37038000-7f5b3703c000 rw-p 00000000 00:00 0 
7f5b3703c000-7f5b3703f000 r-xp 00000000 08:12 9179822                    /lib/x86_64-linux-gnu/libdl-2.27.so
7f5b3703f000-7f5b3723e000 ---p 00003000 08:12 9179822                    /lib/x86_64-linux-gnu/libdl-2.27.so
7f5b3723e000-7f5b3723f000 r--p 00002000 08:12 9179822                    /lib/x86_64-linux-gnu/libdl-2.27.so
7f5b3723f000-7f5b37240000 rw-p 00003000 08:12 9179822                    /lib/x86_64-linux-gnu/libdl-2.27.so
7f5b37240000-7f5b3725c000 r-xp 00000000 08:12 9179971                    /lib/x86_64-linux-gnu/libz.so.1.2.11
7f5b3725c000-7f5b3745b000 ---p 0001c000 08:12 9179971                    /lib/x86_64-linux-gnu/libz.so.1.2.11
7f5b3745b000-7f5b3745c000 r--p 0001b000 08:12 9179971                    /lib/x86_64-linux-gnu/libz.so.1.2.11
7f5b3745c000-7f5b3745d000 rw-p 0001c000 08:12 9179971                    /lib/x86_64-linux-gnu/libz.so.1.2.11
7f5b3745d000-7f5b37644000 r-xp 00000000 08:12 9179799                    /lib/x86_64-linux-gnu/libc-2.27.so
7f5b37644000-7f5b37844000 ---p 001e7000 08:12 9179799                    /lib/x86_64-linux-gnu/libc-2.27.so
7f5b37844000-7f5b37848000 r--p 001e7000 08:12 9179799                    /lib/x86_64-linux-gnu/libc-2.27.so
7f5b37848000-7f5b3784a000 rw-p 001eb000 08:12 9179799                    /lib/x86_64-linux-gnu/libc-2.27.so
7f5b3784a000-7f5b3784e000 rw-p 00000000 00:00 0 
7f5b3784e000-7f5b3785d000 r-xp 00000000 08:12 677826                     /usr/lib/jvm/java-11-openjdk-amd64/lib/jli/libjli.so
7f5b3785d000-7f5b37a5d000 ---p 0000f000 08:12 677826                     /usr/lib/jvm/java-11-openjdk-amd64/lib/jli/libjli.so
7f5b37a5d000-7f5b37a5e000 r--p 0000f000 08:12 677826                     /usr/lib/jvm/java-11-openjdk-amd64/lib/jli/libjli.so
7f5b37a5e000-7f5b37a5f000 rw-p 00010000 08:12 677826                     /usr/lib/jvm/java-11-openjdk-amd64/lib/jli/libjli.so
7f5b37a5f000-7f5b37a86000 r-xp 00000000 08:12 9179771                    /lib/x86_64-linux-gnu/ld-2.27.so
7f5b37abe000-7f5b37b5b000 rw-p 00000000 00:00 0 
7f5b37b5b000-7f5b37b5f000 ---p 00000000 00:00 0 
7f5b37b5f000-7f5b37c5e000 rw-p 00000000 00:00 0 
7f5b37c6c000-7f5b37c71000 rw-p 00000000 00:00 0 
7f5b37c71000-7f5b37c78000 ---p 00000000 00:00 0 
7f5b37c78000-7f5b37c7a000 r--s 00007000 08:12 134994                     /usr/share/java/java-atk-wrapper.jar
7f5b37c7a000-7f5b37c82000 rw-s 00000000 08:12 4604484                    /tmp/hsperfdata_coldchip/26661
7f5b37c82000-7f5b37c83000 ---p 00000000 00:00 0 
7f5b37c83000-7f5b37c84000 r--p 00000000 00:00 0 
7f5b37c84000-7f5b37c86000 rw-p 00000000 00:00 0 
7f5b37c86000-7f5b37c87000 r--p 00027000 08:12 9179771                    /lib/x86_64-linux-gnu/ld-2.27.so
7f5b37c87000-7f5b37c88000 rw-p 00028000 08:12 9179771                    /lib/x86_64-linux-gnu/ld-2.27.so
7f5b37c88000-7f5b37c89000 rw-p 00000000 00:00 0 
7ffe5b2b9000-7ffe5b2da000 rw-p 00000000 00:00 0                          [stack]
7ffe5b3a8000-7ffe5b3ab000 r--p 00000000 00:00 0                          [vvar]
7ffe5b3ab000-7ffe5b3ad000 r-xp 00000000 00:00 0                          [vdso]
ffffffffff600000-ffffffffff601000 r-xp 00000000 00:00 0                  [vsyscall]


VM Arguments:
java_command: Build/server.jar
java_class_path (initial): Build/server.jar
Launcher Type: SUN_STANDARD

[Global flags]
     intx CICompilerCount                          = 3                                         {product} {ergonomic}
     uint ConcGCThreads                            = 1                                         {product} {ergonomic}
     uint G1ConcRefinementThreads                  = 4                                         {product} {ergonomic}
   size_t G1HeapRegionSize                         = 1048576                                   {product} {ergonomic}
    uintx GCDrainStackTargetSize                   = 64                                        {product} {ergonomic}
   size_t InitialHeapSize                          = 130023424                                 {product} {ergonomic}
   size_t MarkStackSize                            = 4194304                                   {product} {ergonomic}
   size_t MaxHeapSize                              = 2057306112                                {product} {ergonomic}
   size_t MaxNewSize                               = 1234173952                                {product} {ergonomic}
   size_t MinHeapDeltaBytes                        = 1048576                                   {product} {ergonomic}
    uintx NonNMethodCodeHeapSize                   = 5830092                                {pd product} {ergonomic}
    uintx NonProfiledCodeHeapSize                  = 122914074                              {pd product} {ergonomic}
    uintx ProfiledCodeHeapSize                     = 122914074                              {pd product} {ergonomic}
    uintx ReservedCodeCacheSize                    = 251658240                              {pd product} {ergonomic}
     bool SegmentedCodeCache                       = true                                      {product} {ergonomic}
     bool UseCompressedClassPointers               = true                                 {lp64_product} {ergonomic}
     bool UseCompressedOops                        = true                                 {lp64_product} {ergonomic}
     bool UseG1GC                                  = true                                      {product} {ergonomic}

Logging:
Log output configuration:
 #0: stdout all=warning uptime,level,tags
 #1: stderr all=off uptime,level,tags

Environment Variables:
PATH=/home/coldchip/google-cloud-sdk/bin:/home/coldchip/.local/bin:/home/coldchip/bin:/usr/local/sbin:/usr/local/bin:/usr/sbin:/usr/bin:/sbin:/bin:/usr/games:/usr/local/games:/snap/bin
USERNAME=coldchip
SHELL=/bin/bash
DISPLAY=:0

Signal Handlers:
SIGSEGV: [libjvm.so+0xde2f90], sa_mask[0]=11111111011111111101111111111110, sa_flags=SA_RESTART|SA_SIGINFO
SIGBUS: [libjvm.so+0xde2f90], sa_mask[0]=11111111011111111101111111111110, sa_flags=SA_RESTART|SA_SIGINFO
SIGFPE: [libjvm.so+0xde2f90], sa_mask[0]=11111111011111111101111111111110, sa_flags=SA_RESTART|SA_SIGINFO
SIGPIPE: [libjvm.so+0xbb85d0], sa_mask[0]=11111111011111111101111111111110, sa_flags=SA_RESTART|SA_SIGINFO
SIGXFSZ: [libjvm.so+0xbb85d0], sa_mask[0]=11111111011111111101111111111110, sa_flags=SA_RESTART|SA_SIGINFO
SIGILL: [libjvm.so+0xde2f90], sa_mask[0]=11111111011111111101111111111110, sa_flags=SA_RESTART|SA_SIGINFO
SIGUSR2: [libjvm.so+0xbb8470], sa_mask[0]=00000000000000000000000000000000, sa_flags=SA_RESTART|SA_SIGINFO
SIGHUP: [libjvm.so+0xbb87d0], sa_mask[0]=11111111011111111101111111111110, sa_flags=SA_RESTART|SA_SIGINFO
SIGINT: [libjvm.so+0xbb87d0], sa_mask[0]=11111111011111111101111111111110, sa_flags=SA_RESTART|SA_SIGINFO
SIGTERM: [libjvm.so+0xbb87d0], sa_mask[0]=11111111011111111101111111111110, sa_flags=SA_RESTART|SA_SIGINFO
SIGQUIT: [libjvm.so+0xbb87d0], sa_mask[0]=11111111011111111101111111111110, sa_flags=SA_RESTART|SA_SIGINFO


---------------  S Y S T E M  ---------------

OS:DISTRIB_ID=Ubuntu
DISTRIB_RELEASE=18.04
DISTRIB_CODENAME=bionic
DISTRIB_DESCRIPTION="Ubuntu 18.04.1 LTS"
uname:Linux 4.15.0-51-generic #55-Ubuntu SMP Wed May 15 14:27:21 UTC 2019 x86_64
libc:glibc 2.27 NPTL 2.27 
rlimit: STACK 8192k, CORE 0k, NPROC 30768, NOFILE 4096, AS infinity, DATA infinity, FSIZE infinity
load average:2.91 2.30 2.41

/proc/meminfo:
MemTotal:        8032224 kB
MemFree:         3277268 kB
MemAvailable:    5010220 kB
Buffers:          261644 kB
Cached:          1976180 kB
SwapCached:            0 kB
Active:          2986460 kB
Inactive:        1336564 kB
Active(anon):    2086840 kB
Inactive(anon):   396440 kB
Active(file):     899620 kB
Inactive(file):   940124 kB
Unevictable:         504 kB
Mlocked:             504 kB
SwapTotal:       2097148 kB
SwapFree:        2097148 kB
Dirty:              2100 kB
Writeback:           220 kB
AnonPages:       2085828 kB
Mapped:           725256 kB
Shmem:            397956 kB
Slab:             269608 kB
SReclaimable:     198992 kB
SUnreclaim:        70616 kB
KernelStack:       15072 kB
PageTables:        72064 kB
NFS_Unstable:          0 kB
Bounce:                0 kB
WritebackTmp:          0 kB
CommitLimit:     6113260 kB
Committed_AS:   10154920 kB
VmallocTotal:   34359738367 kB
VmallocUsed:           0 kB
VmallocChunk:          0 kB
HardwareCorrupted:     0 kB
AnonHugePages:         0 kB
ShmemHugePages:        0 kB
ShmemPmdMapped:        0 kB
CmaTotal:              0 kB
CmaFree:               0 kB
HugePages_Total:       0
HugePages_Free:        0
HugePages_Rsvd:        0
HugePages_Surp:        0
Hugepagesize:       2048 kB
DirectMap4k:      259772 kB
DirectMap2M:     7993344 kB


/proc/sys/kernel/threads-max (system-wide limit on the number of threads):
61536


/proc/sys/vm/max_map_count (maximum number of memory map areas a process may have):
65530


/proc/sys/kernel/pid_max (system-wide limit on number of process identifiers):
32768



container (cgroup) information:
container_type: cgroupv1
cpu_cpuset_cpus: 0-3
cpu_memory_nodes: 0
active_processor_count: 4
cpu_quota: -1
cpu_period: 100000
cpu_shares: -1
memory_limit_in_bytes: -1
memory_and_swap_limit_in_bytes: -2
memory_soft_limit_in_bytes: -1
memory_usage_in_bytes: 4427735040
memory_max_usage_in_bytes: 0


CPU:total 4 (initial active 4) (2 cores per cpu, 2 threads per core) family 6 model 58 stepping 9, cmov, cx8, fxsr, mmx, sse, sse2, sse3, ssse3, sse4.1, sse4.2, popcnt, avx, aes, clmul, erms, ht, tsc, tscinvbit, tscinv
CPU Model and flags from /proc/cpuinfo:
model name	: Intel(R) Core(TM) i7-3520M CPU @ 2.90GHz
flags		: fpu vme de pse tsc msr pae mce cx8 apic sep mtrr pge mca cmov pat pse36 clflush dts acpi mmx fxsr sse sse2 ss ht tm pbe syscall nx rdtscp lm constant_tsc arch_perfmon pebs bts rep_good nopl xtopology nonstop_tsc cpuid aperfmperf pni pclmulqdq dtes64 monitor ds_cpl vmx smx est tm2 ssse3 cx16 xtpr pdcm pcid sse4_1 sse4_2 x2apic popcnt tsc_deadline_timer aes xsave avx f16c rdrand lahf_lm cpuid_fault epb pti ssbd ibrs ibpb stibp tpr_shadow vnmi flexpriority ept vpid fsgsbase smep erms xsaveopt dtherm ida arat pln pts md_clear flush_l1d

Memory: 4k page, physical 8032224k(3277268k free), swap 2097148k(2097148k free)

vm_info: OpenJDK 64-Bit Server VM (11.0.3+7-Ubuntu-1ubuntu218.04.1) for linux-amd64 JRE (11.0.3+7-Ubuntu-1ubuntu218.04.1), built on Apr 23 2019 18:34:35 by "buildd" with gcc 7.3.0

END.
